ERROR - 2023-10-18 03:14:06 --> Error connecting to the database: mysqli_sql_exception: No connection could be made because the target machine actively refused it in E:\xampp\htdocs\Codeigniter_project\system\Database\MySQLi\Connection.php:184
Stack trace:
#0 E:\xampp\htdocs\Codeigniter_project\system\Database\MySQLi\Connection.php(184): mysqli->real_connect('localhost', 'root', Object(SensitiveParameterValue), 'bachelor_point', 3306, '', 0)
#1 E:\xampp\htdocs\Codeigniter_project\system\Database\BaseConnection.php(391): CodeIgniter\Database\MySQLi\Connection->connect(false)
#2 E:\xampp\htdocs\Codeigniter_project\system\Database\BaseConnection.php(574): CodeIgniter\Database\BaseConnection->initialize()
#3 E:\xampp\htdocs\Codeigniter_project\system\Database\BaseBuilder.php(1615): CodeIgniter\Database\BaseConnection->query('SELECT *\nFROM `...', Array, false)
#4 E:\xampp\htdocs\Codeigniter_project\system\Model.php(871): CodeIgniter\Database\BaseBuilder->get()
#5 E:\xampp\htdocs\Codeigniter_project\app\Controllers\DashboardController.php(15): CodeIgniter\Model->__call('get', Array)
#6 E:\xampp\htdocs\Codeigniter_project\system\CodeIgniter.php(919): App\Controllers\DashboardController->index()
#7 E:\xampp\htdocs\Codeigniter_project\system\CodeIgniter.php(494): CodeIgniter\CodeIgniter->runController(Object(App\Controllers\DashboardController))
#8 E:\xampp\htdocs\Codeigniter_project\system\CodeIgniter.php(353): CodeIgniter\CodeIgniter->handleRequest(NULL, Object(Config\Cache), false)
#9 E:\xampp\htdocs\Codeigniter_project\public\index.php(79): CodeIgniter\CodeIgniter->run()
#10 E:\xampp\htdocs\Codeigniter_project\system\Commands\Server\rewrite.php(47): require_once('E:\\xampp\\htdocs...')
#11 {main}

Next CodeIgniter\Database\Exceptions\DatabaseException: No connection could be made because the target machine actively refused it in E:\xampp\htdocs\Codeigniter_project\system\Database\MySQLi\Connection.php:229
Stack trace:
#0 E:\xampp\htdocs\Codeigniter_project\system\Database\BaseConnection.php(391): CodeIgniter\Database\MySQLi\Connection->connect(false)
#1 E:\xampp\htdocs\Codeigniter_project\system\Database\BaseConnection.php(574): CodeIgniter\Database\BaseConnection->initialize()
#2 E:\xampp\htdocs\Codeigniter_project\system\Database\BaseBuilder.php(1615): CodeIgniter\Database\BaseConnection->query('SELECT *\nFROM `...', Array, false)
#3 E:\xampp\htdocs\Codeigniter_project\system\Model.php(871): CodeIgniter\Database\BaseBuilder->get()
#4 E:\xampp\htdocs\Codeigniter_project\app\Controllers\DashboardController.php(15): CodeIgniter\Model->__call('get', Array)
#5 E:\xampp\htdocs\Codeigniter_project\system\CodeIgniter.php(919): App\Controllers\DashboardController->index()
#6 E:\xampp\htdocs\Codeigniter_project\system\CodeIgniter.php(494): CodeIgniter\CodeIgniter->runController(Object(App\Controllers\DashboardController))
#7 E:\xampp\htdocs\Codeigniter_project\system\CodeIgniter.php(353): CodeIgniter\CodeIgniter->handleRequest(NULL, Object(Config\Cache), false)
#8 E:\xampp\htdocs\Codeigniter_project\public\index.php(79): CodeIgniter\CodeIgniter->run()
#9 E:\xampp\htdocs\Codeigniter_project\system\Commands\Server\rewrite.php(47): require_once('E:\\xampp\\htdocs...')
#10 {main}
CRITICAL - 2023-10-18 03:14:06 --> Unable to connect to the database.
Main connection [MySQLi]: No connection could be made because the target machine actively refused it
in SYSTEMPATH\Database\BaseConnection.php on line 427.
 1 SYSTEMPATH\Database\BaseConnection.php(574): CodeIgniter\Database\BaseConnection->initialize()
 2 SYSTEMPATH\Database\BaseBuilder.php(1615): CodeIgniter\Database\BaseConnection->query('SELECT *
FROM `member`', [], false)
 3 SYSTEMPATH\Model.php(871): CodeIgniter\Database\BaseBuilder->get()
 4 APPPATH\Controllers\DashboardController.php(15): CodeIgniter\Model->__call('get', [])
 5 SYSTEMPATH\CodeIgniter.php(919): App\Controllers\DashboardController->index()
 6 SYSTEMPATH\CodeIgniter.php(494): CodeIgniter\CodeIgniter->runController(Object(App\Controllers\DashboardController))
 7 SYSTEMPATH\CodeIgniter.php(353): CodeIgniter\CodeIgniter->handleRequest(null, Object(Config\Cache), false)
 8 FCPATH\index.php(79): CodeIgniter\CodeIgniter->run()
 9 SYSTEMPATH\Commands\Server\rewrite.php(47): require_once('E:\\xampp\\htdocs\\Codeigniter_project\\public\\index.php')
CRITICAL - 2023-10-18 03:20:36 --> Undefined variable $meal_I
in APPPATH\Views\pages\reports\indivisual.php on line 74.
 1 APPPATH\Views\pages\reports\indivisual.php(74): CodeIgniter\Debug\Exceptions->errorHandler(2, 'Undefined variable $meal_I', 'E:\\xampp\\htdocs\\Codeigniter_project\\app\\Views\\pages\\reports\\indivisual.php', 74)
 2 SYSTEMPATH\View\View.php(226): include('E:\\xampp\\htdocs\\Codeigniter_project\\app\\Views\\pages\\reports\\indivisual.php')
 3 SYSTEMPATH\View\View.php(229): CodeIgniter\View\View->CodeIgniter\View\{closure}()
 4 SYSTEMPATH\Common.php(1188): CodeIgniter\View\View->render('pages/reports/indivisual', [], true)
 5 APPPATH\Controllers\ReportsController.php(61): view('pages/reports/indivisual', [...])
 6 SYSTEMPATH\CodeIgniter.php(919): App\Controllers\ReportsController->Edit('1')
 7 SYSTEMPATH\CodeIgniter.php(494): CodeIgniter\CodeIgniter->runController(Object(App\Controllers\ReportsController))
 8 SYSTEMPATH\CodeIgniter.php(353): CodeIgniter\CodeIgniter->handleRequest(null, Object(Config\Cache), false)
 9 FCPATH\index.php(79): CodeIgniter\CodeIgniter->run()
10 SYSTEMPATH\Commands\Server\rewrite.php(47): require_once('E:\\xampp\\htdocs\\Codeigniter_project\\public\\index.php')
ERROR - 2023-10-18 03:43:07 --> mysqli_sql_exception: Not unique table/alias: 'member' in E:\xampp\htdocs\Codeigniter_project\system\Database\MySQLi\Connection.php:306
Stack trace:
#0 E:\xampp\htdocs\Codeigniter_project\system\Database\MySQLi\Connection.php(306): mysqli->query('SELECT *\nFROM `...', 0)
#1 E:\xampp\htdocs\Codeigniter_project\system\Database\BaseConnection.php(692): CodeIgniter\Database\MySQLi\Connection->execute('SELECT *\nFROM `...')
#2 E:\xampp\htdocs\Codeigniter_project\system\Database\BaseConnection.php(606): CodeIgniter\Database\BaseConnection->simpleQuery('SELECT *\nFROM `...')
#3 E:\xampp\htdocs\Codeigniter_project\system\Database\BaseBuilder.php(1615): CodeIgniter\Database\BaseConnection->query('SELECT *\nFROM `...', Array, false)
#4 E:\xampp\htdocs\Codeigniter_project\system\Model.php(264): CodeIgniter\Database\BaseBuilder->get()
#5 E:\xampp\htdocs\Codeigniter_project\system\BaseModel.php(662): CodeIgniter\Model->doFirst()
#6 E:\xampp\htdocs\Codeigniter_project\app\Controllers\ReportsController.php(40): CodeIgniter\BaseModel->first()
#7 E:\xampp\htdocs\Codeigniter_project\system\CodeIgniter.php(919): App\Controllers\ReportsController->Edit('1')
#8 E:\xampp\htdocs\Codeigniter_project\system\CodeIgniter.php(494): CodeIgniter\CodeIgniter->runController(Object(App\Controllers\ReportsController))
#9 E:\xampp\htdocs\Codeigniter_project\system\CodeIgniter.php(353): CodeIgniter\CodeIgniter->handleRequest(NULL, Object(Config\Cache), false)
#10 E:\xampp\htdocs\Codeigniter_project\public\index.php(79): CodeIgniter\CodeIgniter->run()
#11 E:\xampp\htdocs\Codeigniter_project\system\Commands\Server\rewrite.php(47): require_once('E:\\xampp\\htdocs...')
#12 {main}
CRITICAL - 2023-10-18 03:43:07 --> Not unique table/alias: 'member'
in SYSTEMPATH\Database\BaseConnection.php on line 646.
 1 SYSTEMPATH\Database\BaseBuilder.php(1615): CodeIgniter\Database\BaseConnection->query('SELECT *
FROM `member`
JOIN `member` ON `member`.`id` = `meal`.`member_id`
WHERE `id` = :id:
 LIMIT 1', [...], false)
 2 SYSTEMPATH\Model.php(264): CodeIgniter\Database\BaseBuilder->get()
 3 SYSTEMPATH\BaseModel.php(662): CodeIgniter\Model->doFirst()
 4 APPPATH\Controllers\ReportsController.php(40): CodeIgniter\BaseModel->first()
 5 SYSTEMPATH\CodeIgniter.php(919): App\Controllers\ReportsController->Edit('1')
 6 SYSTEMPATH\CodeIgniter.php(494): CodeIgniter\CodeIgniter->runController(Object(App\Controllers\ReportsController))
 7 SYSTEMPATH\CodeIgniter.php(353): CodeIgniter\CodeIgniter->handleRequest(null, Object(Config\Cache), false)
 8 FCPATH\index.php(79): CodeIgniter\CodeIgniter->run()
 9 SYSTEMPATH\Commands\Server\rewrite.php(47): require_once('E:\\xampp\\htdocs\\Codeigniter_project\\public\\index.php')
CRITICAL - 2023-10-18 03:45:48 --> Undefined variable $memberI
in APPPATH\Views\pages\reports\indivisual.php on line 49.
 1 APPPATH\Views\pages\reports\indivisual.php(49): CodeIgniter\Debug\Exceptions->errorHandler(2, 'Undefined variable $memberI', 'E:\\xampp\\htdocs\\Codeigniter_project\\app\\Views\\pages\\reports\\indivisual.php', 49)
 2 SYSTEMPATH\View\View.php(226): include('E:\\xampp\\htdocs\\Codeigniter_project\\app\\Views\\pages\\reports\\indivisual.php')
 3 SYSTEMPATH\View\View.php(229): CodeIgniter\View\View->CodeIgniter\View\{closure}()
 4 SYSTEMPATH\Common.php(1188): CodeIgniter\View\View->render('pages/reports/indivisual', [], true)
 5 APPPATH\Controllers\ReportsController.php(79): view('pages/reports/indivisual', [...])
 6 SYSTEMPATH\CodeIgniter.php(919): App\Controllers\ReportsController->Edit('1')
 7 SYSTEMPATH\CodeIgniter.php(494): CodeIgniter\CodeIgniter->runController(Object(App\Controllers\ReportsController))
 8 SYSTEMPATH\CodeIgniter.php(353): CodeIgniter\CodeIgniter->handleRequest(null, Object(Config\Cache), false)
 9 FCPATH\index.php(79): CodeIgniter\CodeIgniter->run()
10 SYSTEMPATH\Commands\Server\rewrite.php(47): require_once('E:\\xampp\\htdocs\\Codeigniter_project\\public\\index.php')
CRITICAL - 2023-10-18 03:45:49 --> Undefined variable $memberI
in APPPATH\Views\pages\reports\indivisual.php on line 49.
 1 APPPATH\Views\pages\reports\indivisual.php(49): CodeIgniter\Debug\Exceptions->errorHandler(2, 'Undefined variable $memberI', 'E:\\xampp\\htdocs\\Codeigniter_project\\app\\Views\\pages\\reports\\indivisual.php', 49)
 2 SYSTEMPATH\View\View.php(226): include('E:\\xampp\\htdocs\\Codeigniter_project\\app\\Views\\pages\\reports\\indivisual.php')
 3 SYSTEMPATH\View\View.php(229): CodeIgniter\View\View->CodeIgniter\View\{closure}()
 4 SYSTEMPATH\Common.php(1188): CodeIgniter\View\View->render('pages/reports/indivisual', [], true)
 5 APPPATH\Controllers\ReportsController.php(79): view('pages/reports/indivisual', [...])
 6 SYSTEMPATH\CodeIgniter.php(919): App\Controllers\ReportsController->Edit('1')
 7 SYSTEMPATH\CodeIgniter.php(494): CodeIgniter\CodeIgniter->runController(Object(App\Controllers\ReportsController))
 8 SYSTEMPATH\CodeIgniter.php(353): CodeIgniter\CodeIgniter->handleRequest(null, Object(Config\Cache), false)
 9 FCPATH\index.php(79): CodeIgniter\CodeIgniter->run()
10 SYSTEMPATH\Commands\Server\rewrite.php(47): require_once('E:\\xampp\\htdocs\\Codeigniter_project\\public\\index.php')
CRITICAL - 2023-10-18 03:46:59 --> Undefined variable $memberI
in APPPATH\Views\pages\reports\indivisual.php on line 49.
 1 APPPATH\Views\pages\reports\indivisual.php(49): CodeIgniter\Debug\Exceptions->errorHandler(2, 'Undefined variable $memberI', 'E:\\xampp\\htdocs\\Codeigniter_project\\app\\Views\\pages\\reports\\indivisual.php', 49)
 2 SYSTEMPATH\View\View.php(226): include('E:\\xampp\\htdocs\\Codeigniter_project\\app\\Views\\pages\\reports\\indivisual.php')
 3 SYSTEMPATH\View\View.php(229): CodeIgniter\View\View->CodeIgniter\View\{closure}()
 4 SYSTEMPATH\Common.php(1188): CodeIgniter\View\View->render('pages/reports/indivisual', [], true)
 5 APPPATH\Controllers\ReportsController.php(79): view('pages/reports/indivisual', [...])
 6 SYSTEMPATH\CodeIgniter.php(919): App\Controllers\ReportsController->Edit('1')
 7 SYSTEMPATH\CodeIgniter.php(494): CodeIgniter\CodeIgniter->runController(Object(App\Controllers\ReportsController))
 8 SYSTEMPATH\CodeIgniter.php(353): CodeIgniter\CodeIgniter->handleRequest(null, Object(Config\Cache), false)
 9 FCPATH\index.php(79): CodeIgniter\CodeIgniter->run()
10 SYSTEMPATH\Commands\Server\rewrite.php(47): require_once('E:\\xampp\\htdocs\\Codeigniter_project\\public\\index.php')
CRITICAL - 2023-10-18 03:47:00 --> Undefined variable $memberI
in APPPATH\Views\pages\reports\indivisual.php on line 49.
 1 APPPATH\Views\pages\reports\indivisual.php(49): CodeIgniter\Debug\Exceptions->errorHandler(2, 'Undefined variable $memberI', 'E:\\xampp\\htdocs\\Codeigniter_project\\app\\Views\\pages\\reports\\indivisual.php', 49)
 2 SYSTEMPATH\View\View.php(226): include('E:\\xampp\\htdocs\\Codeigniter_project\\app\\Views\\pages\\reports\\indivisual.php')
 3 SYSTEMPATH\View\View.php(229): CodeIgniter\View\View->CodeIgniter\View\{closure}()
 4 SYSTEMPATH\Common.php(1188): CodeIgniter\View\View->render('pages/reports/indivisual', [], true)
 5 APPPATH\Controllers\ReportsController.php(79): view('pages/reports/indivisual', [...])
 6 SYSTEMPATH\CodeIgniter.php(919): App\Controllers\ReportsController->Edit('1')
 7 SYSTEMPATH\CodeIgniter.php(494): CodeIgniter\CodeIgniter->runController(Object(App\Controllers\ReportsController))
 8 SYSTEMPATH\CodeIgniter.php(353): CodeIgniter\CodeIgniter->handleRequest(null, Object(Config\Cache), false)
 9 FCPATH\index.php(79): CodeIgniter\CodeIgniter->run()
10 SYSTEMPATH\Commands\Server\rewrite.php(47): require_once('E:\\xampp\\htdocs\\Codeigniter_project\\public\\index.php')
CRITICAL - 2023-10-18 03:47:00 --> Undefined variable $memberI
in APPPATH\Views\pages\reports\indivisual.php on line 49.
 1 APPPATH\Views\pages\reports\indivisual.php(49): CodeIgniter\Debug\Exceptions->errorHandler(2, 'Undefined variable $memberI', 'E:\\xampp\\htdocs\\Codeigniter_project\\app\\Views\\pages\\reports\\indivisual.php', 49)
 2 SYSTEMPATH\View\View.php(226): include('E:\\xampp\\htdocs\\Codeigniter_project\\app\\Views\\pages\\reports\\indivisual.php')
 3 SYSTEMPATH\View\View.php(229): CodeIgniter\View\View->CodeIgniter\View\{closure}()
 4 SYSTEMPATH\Common.php(1188): CodeIgniter\View\View->render('pages/reports/indivisual', [], true)
 5 APPPATH\Controllers\ReportsController.php(79): view('pages/reports/indivisual', [...])
 6 SYSTEMPATH\CodeIgniter.php(919): App\Controllers\ReportsController->Edit('1')
 7 SYSTEMPATH\CodeIgniter.php(494): CodeIgniter\CodeIgniter->runController(Object(App\Controllers\ReportsController))
 8 SYSTEMPATH\CodeIgniter.php(353): CodeIgniter\CodeIgniter->handleRequest(null, Object(Config\Cache), false)
 9 FCPATH\index.php(79): CodeIgniter\CodeIgniter->run()
10 SYSTEMPATH\Commands\Server\rewrite.php(47): require_once('E:\\xampp\\htdocs\\Codeigniter_project\\public\\index.php')
CRITICAL - 2023-10-18 03:47:01 --> Undefined variable $memberI
in APPPATH\Views\pages\reports\indivisual.php on line 49.
 1 APPPATH\Views\pages\reports\indivisual.php(49): CodeIgniter\Debug\Exceptions->errorHandler(2, 'Undefined variable $memberI', 'E:\\xampp\\htdocs\\Codeigniter_project\\app\\Views\\pages\\reports\\indivisual.php', 49)
 2 SYSTEMPATH\View\View.php(226): include('E:\\xampp\\htdocs\\Codeigniter_project\\app\\Views\\pages\\reports\\indivisual.php')
 3 SYSTEMPATH\View\View.php(229): CodeIgniter\View\View->CodeIgniter\View\{closure}()
 4 SYSTEMPATH\Common.php(1188): CodeIgniter\View\View->render('pages/reports/indivisual', [], true)
 5 APPPATH\Controllers\ReportsController.php(79): view('pages/reports/indivisual', [...])
 6 SYSTEMPATH\CodeIgniter.php(919): App\Controllers\ReportsController->Edit('1')
 7 SYSTEMPATH\CodeIgniter.php(494): CodeIgniter\CodeIgniter->runController(Object(App\Controllers\ReportsController))
 8 SYSTEMPATH\CodeIgniter.php(353): CodeIgniter\CodeIgniter->handleRequest(null, Object(Config\Cache), false)
 9 FCPATH\index.php(79): CodeIgniter\CodeIgniter->run()
10 SYSTEMPATH\Commands\Server\rewrite.php(47): require_once('E:\\xampp\\htdocs\\Codeigniter_project\\public\\index.php')
CRITICAL - 2023-10-18 03:47:01 --> Undefined variable $memberI
in APPPATH\Views\pages\reports\indivisual.php on line 49.
 1 APPPATH\Views\pages\reports\indivisual.php(49): CodeIgniter\Debug\Exceptions->errorHandler(2, 'Undefined variable $memberI', 'E:\\xampp\\htdocs\\Codeigniter_project\\app\\Views\\pages\\reports\\indivisual.php', 49)
 2 SYSTEMPATH\View\View.php(226): include('E:\\xampp\\htdocs\\Codeigniter_project\\app\\Views\\pages\\reports\\indivisual.php')
 3 SYSTEMPATH\View\View.php(229): CodeIgniter\View\View->CodeIgniter\View\{closure}()
 4 SYSTEMPATH\Common.php(1188): CodeIgniter\View\View->render('pages/reports/indivisual', [], true)
 5 APPPATH\Controllers\ReportsController.php(79): view('pages/reports/indivisual', [...])
 6 SYSTEMPATH\CodeIgniter.php(919): App\Controllers\ReportsController->Edit('1')
 7 SYSTEMPATH\CodeIgniter.php(494): CodeIgniter\CodeIgniter->runController(Object(App\Controllers\ReportsController))
 8 SYSTEMPATH\CodeIgniter.php(353): CodeIgniter\CodeIgniter->handleRequest(null, Object(Config\Cache), false)
 9 FCPATH\index.php(79): CodeIgniter\CodeIgniter->run()
10 SYSTEMPATH\Commands\Server\rewrite.php(47): require_once('E:\\xampp\\htdocs\\Codeigniter_project\\public\\index.php')
CRITICAL - 2023-10-18 03:47:01 --> Undefined variable $memberI
in APPPATH\Views\pages\reports\indivisual.php on line 49.
 1 APPPATH\Views\pages\reports\indivisual.php(49): CodeIgniter\Debug\Exceptions->errorHandler(2, 'Undefined variable $memberI', 'E:\\xampp\\htdocs\\Codeigniter_project\\app\\Views\\pages\\reports\\indivisual.php', 49)
 2 SYSTEMPATH\View\View.php(226): include('E:\\xampp\\htdocs\\Codeigniter_project\\app\\Views\\pages\\reports\\indivisual.php')
 3 SYSTEMPATH\View\View.php(229): CodeIgniter\View\View->CodeIgniter\View\{closure}()
 4 SYSTEMPATH\Common.php(1188): CodeIgniter\View\View->render('pages/reports/indivisual', [], true)
 5 APPPATH\Controllers\ReportsController.php(79): view('pages/reports/indivisual', [...])
 6 SYSTEMPATH\CodeIgniter.php(919): App\Controllers\ReportsController->Edit('1')
 7 SYSTEMPATH\CodeIgniter.php(494): CodeIgniter\CodeIgniter->runController(Object(App\Controllers\ReportsController))
 8 SYSTEMPATH\CodeIgniter.php(353): CodeIgniter\CodeIgniter->handleRequest(null, Object(Config\Cache), false)
 9 FCPATH\index.php(79): CodeIgniter\CodeIgniter->run()
10 SYSTEMPATH\Commands\Server\rewrite.php(47): require_once('E:\\xampp\\htdocs\\Codeigniter_project\\public\\index.php')
CRITICAL - 2023-10-18 03:47:01 --> Undefined variable $memberI
in APPPATH\Views\pages\reports\indivisual.php on line 49.
 1 APPPATH\Views\pages\reports\indivisual.php(49): CodeIgniter\Debug\Exceptions->errorHandler(2, 'Undefined variable $memberI', 'E:\\xampp\\htdocs\\Codeigniter_project\\app\\Views\\pages\\reports\\indivisual.php', 49)
 2 SYSTEMPATH\View\View.php(226): include('E:\\xampp\\htdocs\\Codeigniter_project\\app\\Views\\pages\\reports\\indivisual.php')
 3 SYSTEMPATH\View\View.php(229): CodeIgniter\View\View->CodeIgniter\View\{closure}()
 4 SYSTEMPATH\Common.php(1188): CodeIgniter\View\View->render('pages/reports/indivisual', [], true)
 5 APPPATH\Controllers\ReportsController.php(79): view('pages/reports/indivisual', [...])
 6 SYSTEMPATH\CodeIgniter.php(919): App\Controllers\ReportsController->Edit('1')
 7 SYSTEMPATH\CodeIgniter.php(494): CodeIgniter\CodeIgniter->runController(Object(App\Controllers\ReportsController))
 8 SYSTEMPATH\CodeIgniter.php(353): CodeIgniter\CodeIgniter->handleRequest(null, Object(Config\Cache), false)
 9 FCPATH\index.php(79): CodeIgniter\CodeIgniter->run()
10 SYSTEMPATH\Commands\Server\rewrite.php(47): require_once('E:\\xampp\\htdocs\\Codeigniter_project\\public\\index.php')
CRITICAL - 2023-10-18 03:47:02 --> Undefined variable $memberI
in APPPATH\Views\pages\reports\indivisual.php on line 49.
 1 APPPATH\Views\pages\reports\indivisual.php(49): CodeIgniter\Debug\Exceptions->errorHandler(2, 'Undefined variable $memberI', 'E:\\xampp\\htdocs\\Codeigniter_project\\app\\Views\\pages\\reports\\indivisual.php', 49)
 2 SYSTEMPATH\View\View.php(226): include('E:\\xampp\\htdocs\\Codeigniter_project\\app\\Views\\pages\\reports\\indivisual.php')
 3 SYSTEMPATH\View\View.php(229): CodeIgniter\View\View->CodeIgniter\View\{closure}()
 4 SYSTEMPATH\Common.php(1188): CodeIgniter\View\View->render('pages/reports/indivisual', [], true)
 5 APPPATH\Controllers\ReportsController.php(79): view('pages/reports/indivisual', [...])
 6 SYSTEMPATH\CodeIgniter.php(919): App\Controllers\ReportsController->Edit('1')
 7 SYSTEMPATH\CodeIgniter.php(494): CodeIgniter\CodeIgniter->runController(Object(App\Controllers\ReportsController))
 8 SYSTEMPATH\CodeIgniter.php(353): CodeIgniter\CodeIgniter->handleRequest(null, Object(Config\Cache), false)
 9 FCPATH\index.php(79): CodeIgniter\CodeIgniter->run()
10 SYSTEMPATH\Commands\Server\rewrite.php(47): require_once('E:\\xampp\\htdocs\\Codeigniter_project\\public\\index.php')
CRITICAL - 2023-10-18 03:49:14 --> Undefined variable $memberI
in APPPATH\Views\pages\reports\indivisual.php on line 49.
 1 APPPATH\Views\pages\reports\indivisual.php(49): CodeIgniter\Debug\Exceptions->errorHandler(2, 'Undefined variable $memberI', 'E:\\xampp\\htdocs\\Codeigniter_project\\app\\Views\\pages\\reports\\indivisual.php', 49)
 2 SYSTEMPATH\View\View.php(226): include('E:\\xampp\\htdocs\\Codeigniter_project\\app\\Views\\pages\\reports\\indivisual.php')
 3 SYSTEMPATH\View\View.php(229): CodeIgniter\View\View->CodeIgniter\View\{closure}()
 4 SYSTEMPATH\Common.php(1188): CodeIgniter\View\View->render('pages/reports/indivisual', [], true)
 5 APPPATH\Controllers\ReportsController.php(79): view('pages/reports/indivisual', [...])
 6 SYSTEMPATH\CodeIgniter.php(919): App\Controllers\ReportsController->Edit('3')
 7 SYSTEMPATH\CodeIgniter.php(494): CodeIgniter\CodeIgniter->runController(Object(App\Controllers\ReportsController))
 8 SYSTEMPATH\CodeIgniter.php(353): CodeIgniter\CodeIgniter->handleRequest(null, Object(Config\Cache), false)
 9 FCPATH\index.php(79): CodeIgniter\CodeIgniter->run()
10 SYSTEMPATH\Commands\Server\rewrite.php(47): require_once('E:\\xampp\\htdocs\\Codeigniter_project\\public\\index.php')
CRITICAL - 2023-10-18 03:50:25 --> Undefined variable $memberI
in APPPATH\Views\pages\reports\indivisual.php on line 49.
 1 APPPATH\Views\pages\reports\indivisual.php(49): CodeIgniter\Debug\Exceptions->errorHandler(2, 'Undefined variable $memberI', 'E:\\xampp\\htdocs\\Codeigniter_project\\app\\Views\\pages\\reports\\indivisual.php', 49)
 2 SYSTEMPATH\View\View.php(226): include('E:\\xampp\\htdocs\\Codeigniter_project\\app\\Views\\pages\\reports\\indivisual.php')
 3 SYSTEMPATH\View\View.php(229): CodeIgniter\View\View->CodeIgniter\View\{closure}()
 4 SYSTEMPATH\Common.php(1188): CodeIgniter\View\View->render('pages/reports/indivisual', [], true)
 5 APPPATH\Controllers\ReportsController.php(78): view('pages/reports/indivisual', [...])
 6 SYSTEMPATH\CodeIgniter.php(919): App\Controllers\ReportsController->Edit('3')
 7 SYSTEMPATH\CodeIgniter.php(494): CodeIgniter\CodeIgniter->runController(Object(App\Controllers\ReportsController))
 8 SYSTEMPATH\CodeIgniter.php(353): CodeIgniter\CodeIgniter->handleRequest(null, Object(Config\Cache), false)
 9 FCPATH\index.php(79): CodeIgniter\CodeIgniter->run()
10 SYSTEMPATH\Commands\Server\rewrite.php(47): require_once('E:\\xampp\\htdocs\\Codeigniter_project\\public\\index.php')
CRITICAL - 2023-10-18 03:53:04 --> Undefined variable $meal_I
in APPPATH\Views\pages\reports\indivisual.php on line 64.
 1 APPPATH\Views\pages\reports\indivisual.php(64): CodeIgniter\Debug\Exceptions->errorHandler(2, 'Undefined variable $meal_I', 'E:\\xampp\\htdocs\\Codeigniter_project\\app\\Views\\pages\\reports\\indivisual.php', 64)
 2 SYSTEMPATH\View\View.php(226): include('E:\\xampp\\htdocs\\Codeigniter_project\\app\\Views\\pages\\reports\\indivisual.php')
 3 SYSTEMPATH\View\View.php(229): CodeIgniter\View\View->CodeIgniter\View\{closure}()
 4 SYSTEMPATH\Common.php(1188): CodeIgniter\View\View->render('pages/reports/indivisual', [], true)
 5 APPPATH\Controllers\ReportsController.php(78): view('pages/reports/indivisual', [...])
 6 SYSTEMPATH\CodeIgniter.php(919): App\Controllers\ReportsController->Edit('3')
 7 SYSTEMPATH\CodeIgniter.php(494): CodeIgniter\CodeIgniter->runController(Object(App\Controllers\ReportsController))
 8 SYSTEMPATH\CodeIgniter.php(353): CodeIgniter\CodeIgniter->handleRequest(null, Object(Config\Cache), false)
 9 FCPATH\index.php(79): CodeIgniter\CodeIgniter->run()
10 SYSTEMPATH\Commands\Server\rewrite.php(47): require_once('E:\\xampp\\htdocs\\Codeigniter_project\\public\\index.php')
CRITICAL - 2023-10-18 03:53:06 --> Undefined variable $meal_I
in APPPATH\Views\pages\reports\indivisual.php on line 64.
 1 APPPATH\Views\pages\reports\indivisual.php(64): CodeIgniter\Debug\Exceptions->errorHandler(2, 'Undefined variable $meal_I', 'E:\\xampp\\htdocs\\Codeigniter_project\\app\\Views\\pages\\reports\\indivisual.php', 64)
 2 SYSTEMPATH\View\View.php(226): include('E:\\xampp\\htdocs\\Codeigniter_project\\app\\Views\\pages\\reports\\indivisual.php')
 3 SYSTEMPATH\View\View.php(229): CodeIgniter\View\View->CodeIgniter\View\{closure}()
 4 SYSTEMPATH\Common.php(1188): CodeIgniter\View\View->render('pages/reports/indivisual', [], true)
 5 APPPATH\Controllers\ReportsController.php(78): view('pages/reports/indivisual', [...])
 6 SYSTEMPATH\CodeIgniter.php(919): App\Controllers\ReportsController->Edit('3')
 7 SYSTEMPATH\CodeIgniter.php(494): CodeIgniter\CodeIgniter->runController(Object(App\Controllers\ReportsController))
 8 SYSTEMPATH\CodeIgniter.php(353): CodeIgniter\CodeIgniter->handleRequest(null, Object(Config\Cache), false)
 9 FCPATH\index.php(79): CodeIgniter\CodeIgniter->run()
10 SYSTEMPATH\Commands\Server\rewrite.php(47): require_once('E:\\xampp\\htdocs\\Codeigniter_project\\public\\index.php')
CRITICAL - 2023-10-18 03:53:41 --> Undefined variable $memberI
in APPPATH\Views\pages\reports\indivisual.php on line 49.
 1 APPPATH\Views\pages\reports\indivisual.php(49): CodeIgniter\Debug\Exceptions->errorHandler(2, 'Undefined variable $memberI', 'E:\\xampp\\htdocs\\Codeigniter_project\\app\\Views\\pages\\reports\\indivisual.php', 49)
 2 SYSTEMPATH\View\View.php(226): include('E:\\xampp\\htdocs\\Codeigniter_project\\app\\Views\\pages\\reports\\indivisual.php')
 3 SYSTEMPATH\View\View.php(229): CodeIgniter\View\View->CodeIgniter\View\{closure}()
 4 SYSTEMPATH\Common.php(1188): CodeIgniter\View\View->render('pages/reports/indivisual', [], true)
 5 APPPATH\Controllers\ReportsController.php(78): view('pages/reports/indivisual', [...])
 6 SYSTEMPATH\CodeIgniter.php(919): App\Controllers\ReportsController->Edit('3')
 7 SYSTEMPATH\CodeIgniter.php(494): CodeIgniter\CodeIgniter->runController(Object(App\Controllers\ReportsController))
 8 SYSTEMPATH\CodeIgniter.php(353): CodeIgniter\CodeIgniter->handleRequest(null, Object(Config\Cache), false)
 9 FCPATH\index.php(79): CodeIgniter\CodeIgniter->run()
10 SYSTEMPATH\Commands\Server\rewrite.php(47): require_once('E:\\xampp\\htdocs\\Codeigniter_project\\public\\index.php')
CRITICAL - 2023-10-18 03:54:35 --> Array to string conversion
in APPPATH\Views\pages\reports\indivisual.php on line 49.
 1 APPPATH\Views\pages\reports\indivisual.php(49): CodeIgniter\Debug\Exceptions->errorHandler(2, 'Array to string conversion', 'E:\\xampp\\htdocs\\Codeigniter_project\\app\\Views\\pages\\reports\\indivisual.php', 49)
 2 SYSTEMPATH\View\View.php(226): include('E:\\xampp\\htdocs\\Codeigniter_project\\app\\Views\\pages\\reports\\indivisual.php')
 3 SYSTEMPATH\View\View.php(229): CodeIgniter\View\View->CodeIgniter\View\{closure}()
 4 SYSTEMPATH\Common.php(1188): CodeIgniter\View\View->render('pages/reports/indivisual', [], true)
 5 APPPATH\Controllers\ReportsController.php(72): view('pages/reports/indivisual', [...])
 6 SYSTEMPATH\CodeIgniter.php(919): App\Controllers\ReportsController->Edit('3')
 7 SYSTEMPATH\CodeIgniter.php(494): CodeIgniter\CodeIgniter->runController(Object(App\Controllers\ReportsController))
 8 SYSTEMPATH\CodeIgniter.php(353): CodeIgniter\CodeIgniter->handleRequest(null, Object(Config\Cache), false)
 9 FCPATH\index.php(79): CodeIgniter\CodeIgniter->run()
10 SYSTEMPATH\Commands\Server\rewrite.php(47): require_once('E:\\xampp\\htdocs\\Codeigniter_project\\public\\index.php')
INFO - 2023-10-18 07:40:45 --> Session: Class initialized using 'CodeIgniter\Session\Handlers\FileHandler' driver.
INFO - 2023-10-18 07:45:22 --> Session: Class initialized using 'CodeIgniter\Session\Handlers\FileHandler' driver.
INFO - 2023-10-18 07:45:24 --> Session: Class initialized using 'CodeIgniter\Session\Handlers\FileHandler' driver.
INFO - 2023-10-18 07:45:34 --> Session: Class initialized using 'CodeIgniter\Session\Handlers\FileHandler' driver.
INFO - 2023-10-18 07:45:35 --> Session: Class initialized using 'CodeIgniter\Session\Handlers\FileHandler' driver.
INFO - 2023-10-18 07:45:36 --> Session: Class initialized using 'CodeIgniter\Session\Handlers\FileHandler' driver.
INFO - 2023-10-18 07:45:37 --> Session: Class initialized using 'CodeIgniter\Session\Handlers\FileHandler' driver.
INFO - 2023-10-18 07:45:38 --> Session: Class initialized using 'CodeIgniter\Session\Handlers\FileHandler' driver.
INFO - 2023-10-18 07:45:38 --> Session: Class initialized using 'CodeIgniter\Session\Handlers\FileHandler' driver.
INFO - 2023-10-18 07:47:09 --> Session: Class initialized using 'CodeIgniter\Session\Handlers\FileHandler' driver.
INFO - 2023-10-18 07:47:10 --> Session: Class initialized using 'CodeIgniter\Session\Handlers\FileHandler' driver.
INFO - 2023-10-18 07:47:11 --> Session: Class initialized using 'CodeIgniter\Session\Handlers\FileHandler' driver.
INFO - 2023-10-18 07:47:12 --> Session: Class initialized using 'CodeIgniter\Session\Handlers\FileHandler' driver.
INFO - 2023-10-18 07:47:12 --> Session: Class initialized using 'CodeIgniter\Session\Handlers\FileHandler' driver.
INFO - 2023-10-18 07:47:13 --> Session: Class initialized using 'CodeIgniter\Session\Handlers\FileHandler' driver.
INFO - 2023-10-18 07:47:13 --> Session: Class initialized using 'CodeIgniter\Session\Handlers\FileHandler' driver.
INFO - 2023-10-18 07:47:17 --> Session: Class initialized using 'CodeIgniter\Session\Handlers\FileHandler' driver.
INFO - 2023-10-18 07:47:23 --> Session: Class initialized using 'CodeIgniter\Session\Handlers\FileHandler' driver.
INFO - 2023-10-18 07:48:13 --> Session: Class initialized using 'CodeIgniter\Session\Handlers\FileHandler' driver.
INFO - 2023-10-18 07:48:15 --> Session: Class initialized using 'CodeIgniter\Session\Handlers\FileHandler' driver.
INFO - 2023-10-18 07:48:20 --> Session: Class initialized using 'CodeIgniter\Session\Handlers\FileHandler' driver.
INFO - 2023-10-18 07:48:21 --> Session: Class initialized using 'CodeIgniter\Session\Handlers\FileHandler' driver.
INFO - 2023-10-18 07:48:29 --> Session: Class initialized using 'CodeIgniter\Session\Handlers\FileHandler' driver.
INFO - 2023-10-18 07:48:35 --> Session: Class initialized using 'CodeIgniter\Session\Handlers\FileHandler' driver.
INFO - 2023-10-18 07:50:38 --> Session: Class initialized using 'CodeIgniter\Session\Handlers\FileHandler' driver.
CRITICAL - 2023-10-18 08:00:06 --> Trying to access array offset on value of type null
in APPPATH\Views\pages\reports\indivisual.php on line 44.
 1 APPPATH\Views\pages\reports\indivisual.php(44): CodeIgniter\Debug\Exceptions->errorHandler(2, 'Trying to access array offset on value of type null', 'E:\\xampp\\htdocs\\Codeigniter_project\\app\\Views\\pages\\reports\\indivisual.php', 44)
 2 SYSTEMPATH\View\View.php(226): include('E:\\xampp\\htdocs\\Codeigniter_project\\app\\Views\\pages\\reports\\indivisual.php')
 3 SYSTEMPATH\View\View.php(229): CodeIgniter\View\View->CodeIgniter\View\{closure}()
 4 SYSTEMPATH\Common.php(1188): CodeIgniter\View\View->render('pages/reports/indivisual', [], true)
 5 APPPATH\Controllers\ReportsController.php(72): view('pages/reports/indivisual', [...])
 6 SYSTEMPATH\CodeIgniter.php(919): App\Controllers\ReportsController->Edit('9')
 7 SYSTEMPATH\CodeIgniter.php(494): CodeIgniter\CodeIgniter->runController(Object(App\Controllers\ReportsController))
 8 SYSTEMPATH\CodeIgniter.php(353): CodeIgniter\CodeIgniter->handleRequest(null, Object(Config\Cache), false)
 9 FCPATH\index.php(79): CodeIgniter\CodeIgniter->run()
10 SYSTEMPATH\Commands\Server\rewrite.php(47): require_once('E:\\xampp\\htdocs\\Codeigniter_project\\public\\index.php')
CRITICAL - 2023-10-18 08:00:24 --> Trying to access array offset on value of type null
in APPPATH\Views\pages\reports\indivisual.php on line 44.
 1 APPPATH\Views\pages\reports\indivisual.php(44): CodeIgniter\Debug\Exceptions->errorHandler(2, 'Trying to access array offset on value of type null', 'E:\\xampp\\htdocs\\Codeigniter_project\\app\\Views\\pages\\reports\\indivisual.php', 44)
 2 SYSTEMPATH\View\View.php(226): include('E:\\xampp\\htdocs\\Codeigniter_project\\app\\Views\\pages\\reports\\indivisual.php')
 3 SYSTEMPATH\View\View.php(229): CodeIgniter\View\View->CodeIgniter\View\{closure}()
 4 SYSTEMPATH\Common.php(1188): CodeIgniter\View\View->render('pages/reports/indivisual', [], true)
 5 APPPATH\Controllers\ReportsController.php(72): view('pages/reports/indivisual', [...])
 6 SYSTEMPATH\CodeIgniter.php(919): App\Controllers\ReportsController->Edit('9')
 7 SYSTEMPATH\CodeIgniter.php(494): CodeIgniter\CodeIgniter->runController(Object(App\Controllers\ReportsController))
 8 SYSTEMPATH\CodeIgniter.php(353): CodeIgniter\CodeIgniter->handleRequest(null, Object(Config\Cache), false)
 9 FCPATH\index.php(79): CodeIgniter\CodeIgniter->run()
10 SYSTEMPATH\Commands\Server\rewrite.php(47): require_once('E:\\xampp\\htdocs\\Codeigniter_project\\public\\index.php')
CRITICAL - 2023-10-18 08:02:10 --> Trying to access array offset on value of type null
in APPPATH\Views\pages\reports\indivisual.php on line 44.
 1 APPPATH\Views\pages\reports\indivisual.php(44): CodeIgniter\Debug\Exceptions->errorHandler(2, 'Trying to access array offset on value of type null', 'E:\\xampp\\htdocs\\Codeigniter_project\\app\\Views\\pages\\reports\\indivisual.php', 44)
 2 SYSTEMPATH\View\View.php(226): include('E:\\xampp\\htdocs\\Codeigniter_project\\app\\Views\\pages\\reports\\indivisual.php')
 3 SYSTEMPATH\View\View.php(229): CodeIgniter\View\View->CodeIgniter\View\{closure}()
 4 SYSTEMPATH\Common.php(1188): CodeIgniter\View\View->render('pages/reports/indivisual', [], true)
 5 APPPATH\Controllers\ReportsController.php(72): view('pages/reports/indivisual', [...])
 6 SYSTEMPATH\CodeIgniter.php(919): App\Controllers\ReportsController->Edit('9')
 7 SYSTEMPATH\CodeIgniter.php(494): CodeIgniter\CodeIgniter->runController(Object(App\Controllers\ReportsController))
 8 SYSTEMPATH\CodeIgniter.php(353): CodeIgniter\CodeIgniter->handleRequest(null, Object(Config\Cache), false)
 9 FCPATH\index.php(79): CodeIgniter\CodeIgniter->run()
10 SYSTEMPATH\Commands\Server\rewrite.php(47): require_once('E:\\xampp\\htdocs\\Codeigniter_project\\public\\index.php')
CRITICAL - 2023-10-18 08:10:07 --> Trying to access array offset on value of type null
in APPPATH\Views\pages\reports\indivisual.php on line 44.
 1 APPPATH\Views\pages\reports\indivisual.php(44): CodeIgniter\Debug\Exceptions->errorHandler(2, 'Trying to access array offset on value of type null', 'E:\\xampp\\htdocs\\Codeigniter_project\\app\\Views\\pages\\reports\\indivisual.php', 44)
 2 SYSTEMPATH\View\View.php(226): include('E:\\xampp\\htdocs\\Codeigniter_project\\app\\Views\\pages\\reports\\indivisual.php')
 3 SYSTEMPATH\View\View.php(229): CodeIgniter\View\View->CodeIgniter\View\{closure}()
 4 SYSTEMPATH\Common.php(1188): CodeIgniter\View\View->render('pages/reports/indivisual', [], true)
 5 APPPATH\Controllers\ReportsController.php(72): view('pages/reports/indivisual', [...])
 6 SYSTEMPATH\CodeIgniter.php(919): App\Controllers\ReportsController->Edit('9')
 7 SYSTEMPATH\CodeIgniter.php(494): CodeIgniter\CodeIgniter->runController(Object(App\Controllers\ReportsController))
 8 SYSTEMPATH\CodeIgniter.php(353): CodeIgniter\CodeIgniter->handleRequest(null, Object(Config\Cache), false)
 9 FCPATH\index.php(79): CodeIgniter\CodeIgniter->run()
10 SYSTEMPATH\Commands\Server\rewrite.php(47): require_once('E:\\xampp\\htdocs\\Codeigniter_project\\public\\index.php')
