ERROR - 2023-10-05 03:31:57 --> mysqli_sql_exception: Column 'name' cannot be null in E:\xampp\htdocs\Codeigniter_project\system\Database\MySQLi\Connection.php:306
Stack trace:
#0 E:\xampp\htdocs\Codeigniter_project\system\Database\MySQLi\Connection.php(306): mysqli->query('INSERT INTO `me...', 0)
#1 E:\xampp\htdocs\Codeigniter_project\system\Database\BaseConnection.php(692): CodeIgniter\Database\MySQLi\Connection->execute('INSERT INTO `me...')
#2 E:\xampp\htdocs\Codeigniter_project\system\Database\BaseConnection.php(606): CodeIgniter\Database\BaseConnection->simpleQuery('INSERT INTO `me...')
#3 E:\xampp\htdocs\Codeigniter_project\system\Database\BaseBuilder.php(2308): CodeIgniter\Database\BaseConnection->query('INSERT INTO `me...', Array, false)
#4 E:\xampp\htdocs\Codeigniter_project\system\Model.php(319): CodeIgniter\Database\BaseBuilder->insert()
#5 E:\xampp\htdocs\Codeigniter_project\system\BaseModel.php(788): CodeIgniter\Model->doInsert(Array)
#6 E:\xampp\htdocs\Codeigniter_project\system\Model.php(715): CodeIgniter\BaseModel->insert(Array, false)
#7 E:\xampp\htdocs\Codeigniter_project\system\BaseModel.php(698): CodeIgniter\Model->insert(Array, false)
#8 E:\xampp\htdocs\Codeigniter_project\app\Controllers\MemberAdd.php(30): CodeIgniter\BaseModel->save(Array)
#9 E:\xampp\htdocs\Codeigniter_project\system\CodeIgniter.php(919): App\Controllers\MemberAdd->memberSignup()
#10 E:\xampp\htdocs\Codeigniter_project\system\CodeIgniter.php(494): CodeIgniter\CodeIgniter->runController(Object(App\Controllers\MemberAdd))
#11 E:\xampp\htdocs\Codeigniter_project\system\CodeIgniter.php(353): CodeIgniter\CodeIgniter->handleRequest(NULL, Object(Config\Cache), false)
#12 E:\xampp\htdocs\Codeigniter_project\public\index.php(79): CodeIgniter\CodeIgniter->run()
#13 {main}
CRITICAL - 2023-10-05 03:31:57 --> Column 'name' cannot be null
in SYSTEMPATH\Database\BaseConnection.php on line 646.
 1 SYSTEMPATH\Database\BaseBuilder.php(2308): CodeIgniter\Database\BaseConnection->query('INSERT INTO `member` (`name`, `email`, `password`, `address`, `gender`) VALUES (:name:, :email:, :password:, :address:, :gender:)', [...], false)
 2 SYSTEMPATH\Model.php(319): CodeIgniter\Database\BaseBuilder->insert()
 3 SYSTEMPATH\BaseModel.php(788): CodeIgniter\Model->doInsert([...])
 4 SYSTEMPATH\Model.php(715): CodeIgniter\BaseModel->insert([...], false)
 5 SYSTEMPATH\BaseModel.php(698): CodeIgniter\Model->insert([...], false)
 6 APPPATH\Controllers\MemberAdd.php(30): CodeIgniter\BaseModel->save([...])
 7 SYSTEMPATH\CodeIgniter.php(919): App\Controllers\MemberAdd->memberSignup()
 8 SYSTEMPATH\CodeIgniter.php(494): CodeIgniter\CodeIgniter->runController(Object(App\Controllers\MemberAdd))
 9 SYSTEMPATH\CodeIgniter.php(353): CodeIgniter\CodeIgniter->handleRequest(null, Object(Config\Cache), false)
10 FCPATH\index.php(79): CodeIgniter\CodeIgniter->run()
ERROR - 2023-10-05 03:33:05 --> mysqli_sql_exception: Column 'name' cannot be null in E:\xampp\htdocs\Codeigniter_project\system\Database\MySQLi\Connection.php:306
Stack trace:
#0 E:\xampp\htdocs\Codeigniter_project\system\Database\MySQLi\Connection.php(306): mysqli->query('INSERT INTO `me...', 0)
#1 E:\xampp\htdocs\Codeigniter_project\system\Database\BaseConnection.php(692): CodeIgniter\Database\MySQLi\Connection->execute('INSERT INTO `me...')
#2 E:\xampp\htdocs\Codeigniter_project\system\Database\BaseConnection.php(606): CodeIgniter\Database\BaseConnection->simpleQuery('INSERT INTO `me...')
#3 E:\xampp\htdocs\Codeigniter_project\system\Database\BaseBuilder.php(2308): CodeIgniter\Database\BaseConnection->query('INSERT INTO `me...', Array, false)
#4 E:\xampp\htdocs\Codeigniter_project\system\Model.php(319): CodeIgniter\Database\BaseBuilder->insert()
#5 E:\xampp\htdocs\Codeigniter_project\system\BaseModel.php(788): CodeIgniter\Model->doInsert(Array)
#6 E:\xampp\htdocs\Codeigniter_project\system\Model.php(715): CodeIgniter\BaseModel->insert(Array, false)
#7 E:\xampp\htdocs\Codeigniter_project\system\BaseModel.php(698): CodeIgniter\Model->insert(Array, false)
#8 E:\xampp\htdocs\Codeigniter_project\app\Controllers\MemberAdd.php(30): CodeIgniter\BaseModel->save(Array)
#9 E:\xampp\htdocs\Codeigniter_project\system\CodeIgniter.php(919): App\Controllers\MemberAdd->memberSignup()
#10 E:\xampp\htdocs\Codeigniter_project\system\CodeIgniter.php(494): CodeIgniter\CodeIgniter->runController(Object(App\Controllers\MemberAdd))
#11 E:\xampp\htdocs\Codeigniter_project\system\CodeIgniter.php(353): CodeIgniter\CodeIgniter->handleRequest(NULL, Object(Config\Cache), false)
#12 E:\xampp\htdocs\Codeigniter_project\public\index.php(79): CodeIgniter\CodeIgniter->run()
#13 {main}
CRITICAL - 2023-10-05 03:33:05 --> Column 'name' cannot be null
in SYSTEMPATH\Database\BaseConnection.php on line 646.
 1 SYSTEMPATH\Database\BaseBuilder.php(2308): CodeIgniter\Database\BaseConnection->query('INSERT INTO `member` (`name`, `email`, `password`, `address`, `gender`) VALUES (:name:, :email:, :password:, :address:, :gender:)', [...], false)
 2 SYSTEMPATH\Model.php(319): CodeIgniter\Database\BaseBuilder->insert()
 3 SYSTEMPATH\BaseModel.php(788): CodeIgniter\Model->doInsert([...])
 4 SYSTEMPATH\Model.php(715): CodeIgniter\BaseModel->insert([...], false)
 5 SYSTEMPATH\BaseModel.php(698): CodeIgniter\Model->insert([...], false)
 6 APPPATH\Controllers\MemberAdd.php(30): CodeIgniter\BaseModel->save([...])
 7 SYSTEMPATH\CodeIgniter.php(919): App\Controllers\MemberAdd->memberSignup()
 8 SYSTEMPATH\CodeIgniter.php(494): CodeIgniter\CodeIgniter->runController(Object(App\Controllers\MemberAdd))
 9 SYSTEMPATH\CodeIgniter.php(353): CodeIgniter\CodeIgniter->handleRequest(null, Object(Config\Cache), false)
10 FCPATH\index.php(79): CodeIgniter\CodeIgniter->run()
ERROR - 2023-10-05 03:36:05 --> mysqli_sql_exception: Column 'name' cannot be null in E:\xampp\htdocs\Codeigniter_project\system\Database\MySQLi\Connection.php:306
Stack trace:
#0 E:\xampp\htdocs\Codeigniter_project\system\Database\MySQLi\Connection.php(306): mysqli->query('INSERT INTO `me...', 0)
#1 E:\xampp\htdocs\Codeigniter_project\system\Database\BaseConnection.php(692): CodeIgniter\Database\MySQLi\Connection->execute('INSERT INTO `me...')
#2 E:\xampp\htdocs\Codeigniter_project\system\Database\BaseConnection.php(606): CodeIgniter\Database\BaseConnection->simpleQuery('INSERT INTO `me...')
#3 E:\xampp\htdocs\Codeigniter_project\system\Database\BaseBuilder.php(2308): CodeIgniter\Database\BaseConnection->query('INSERT INTO `me...', Array, false)
#4 E:\xampp\htdocs\Codeigniter_project\system\Model.php(319): CodeIgniter\Database\BaseBuilder->insert()
#5 E:\xampp\htdocs\Codeigniter_project\system\BaseModel.php(788): CodeIgniter\Model->doInsert(Array)
#6 E:\xampp\htdocs\Codeigniter_project\system\Model.php(715): CodeIgniter\BaseModel->insert(Array, false)
#7 E:\xampp\htdocs\Codeigniter_project\system\BaseModel.php(698): CodeIgniter\Model->insert(Array, false)
#8 E:\xampp\htdocs\Codeigniter_project\app\Controllers\MemberAdd.php(30): CodeIgniter\BaseModel->save(Array)
#9 E:\xampp\htdocs\Codeigniter_project\system\CodeIgniter.php(919): App\Controllers\MemberAdd->memberSignup()
#10 E:\xampp\htdocs\Codeigniter_project\system\CodeIgniter.php(494): CodeIgniter\CodeIgniter->runController(Object(App\Controllers\MemberAdd))
#11 E:\xampp\htdocs\Codeigniter_project\system\CodeIgniter.php(353): CodeIgniter\CodeIgniter->handleRequest(NULL, Object(Config\Cache), false)
#12 E:\xampp\htdocs\Codeigniter_project\public\index.php(79): CodeIgniter\CodeIgniter->run()
#13 {main}
CRITICAL - 2023-10-05 03:36:05 --> Column 'name' cannot be null
in SYSTEMPATH\Database\BaseConnection.php on line 646.
 1 SYSTEMPATH\Database\BaseBuilder.php(2308): CodeIgniter\Database\BaseConnection->query('INSERT INTO `member` (`name`, `email`, `password`, `address`, `gender`) VALUES (:name:, :email:, :password:, :address:, :gender:)', [...], false)
 2 SYSTEMPATH\Model.php(319): CodeIgniter\Database\BaseBuilder->insert()
 3 SYSTEMPATH\BaseModel.php(788): CodeIgniter\Model->doInsert([...])
 4 SYSTEMPATH\Model.php(715): CodeIgniter\BaseModel->insert([...], false)
 5 SYSTEMPATH\BaseModel.php(698): CodeIgniter\Model->insert([...], false)
 6 APPPATH\Controllers\MemberAdd.php(30): CodeIgniter\BaseModel->save([...])
 7 SYSTEMPATH\CodeIgniter.php(919): App\Controllers\MemberAdd->memberSignup()
 8 SYSTEMPATH\CodeIgniter.php(494): CodeIgniter\CodeIgniter->runController(Object(App\Controllers\MemberAdd))
 9 SYSTEMPATH\CodeIgniter.php(353): CodeIgniter\CodeIgniter->handleRequest(null, Object(Config\Cache), false)
10 FCPATH\index.php(79): CodeIgniter\CodeIgniter->run()
ERROR - 2023-10-05 03:37:47 --> mysqli_sql_exception: Column 'email' cannot be null in E:\xampp\htdocs\Codeigniter_project\system\Database\MySQLi\Connection.php:306
Stack trace:
#0 E:\xampp\htdocs\Codeigniter_project\system\Database\MySQLi\Connection.php(306): mysqli->query('INSERT INTO `me...', 0)
#1 E:\xampp\htdocs\Codeigniter_project\system\Database\BaseConnection.php(692): CodeIgniter\Database\MySQLi\Connection->execute('INSERT INTO `me...')
#2 E:\xampp\htdocs\Codeigniter_project\system\Database\BaseConnection.php(606): CodeIgniter\Database\BaseConnection->simpleQuery('INSERT INTO `me...')
#3 E:\xampp\htdocs\Codeigniter_project\system\Database\BaseBuilder.php(2308): CodeIgniter\Database\BaseConnection->query('INSERT INTO `me...', Array, false)
#4 E:\xampp\htdocs\Codeigniter_project\system\Model.php(319): CodeIgniter\Database\BaseBuilder->insert()
#5 E:\xampp\htdocs\Codeigniter_project\system\BaseModel.php(788): CodeIgniter\Model->doInsert(Array)
#6 E:\xampp\htdocs\Codeigniter_project\system\Model.php(715): CodeIgniter\BaseModel->insert(Array, false)
#7 E:\xampp\htdocs\Codeigniter_project\system\BaseModel.php(698): CodeIgniter\Model->insert(Array, false)
#8 E:\xampp\htdocs\Codeigniter_project\app\Controllers\MemberAdd.php(30): CodeIgniter\BaseModel->save(Array)
#9 E:\xampp\htdocs\Codeigniter_project\system\CodeIgniter.php(919): App\Controllers\MemberAdd->memberSignup()
#10 E:\xampp\htdocs\Codeigniter_project\system\CodeIgniter.php(494): CodeIgniter\CodeIgniter->runController(Object(App\Controllers\MemberAdd))
#11 E:\xampp\htdocs\Codeigniter_project\system\CodeIgniter.php(353): CodeIgniter\CodeIgniter->handleRequest(NULL, Object(Config\Cache), false)
#12 E:\xampp\htdocs\Codeigniter_project\public\index.php(79): CodeIgniter\CodeIgniter->run()
#13 {main}
CRITICAL - 2023-10-05 03:37:47 --> Column 'email' cannot be null
in SYSTEMPATH\Database\BaseConnection.php on line 646.
 1 SYSTEMPATH\Database\BaseBuilder.php(2308): CodeIgniter\Database\BaseConnection->query('INSERT INTO `member` (`name`, `email`, `password`, `address`, `gender`) VALUES (:name:, :email:, :password:, :address:, :gender:)', [...], false)
 2 SYSTEMPATH\Model.php(319): CodeIgniter\Database\BaseBuilder->insert()
 3 SYSTEMPATH\BaseModel.php(788): CodeIgniter\Model->doInsert([...])
 4 SYSTEMPATH\Model.php(715): CodeIgniter\BaseModel->insert([...], false)
 5 SYSTEMPATH\BaseModel.php(698): CodeIgniter\Model->insert([...], false)
 6 APPPATH\Controllers\MemberAdd.php(30): CodeIgniter\BaseModel->save([...])
 7 SYSTEMPATH\CodeIgniter.php(919): App\Controllers\MemberAdd->memberSignup()
 8 SYSTEMPATH\CodeIgniter.php(494): CodeIgniter\CodeIgniter->runController(Object(App\Controllers\MemberAdd))
 9 SYSTEMPATH\CodeIgniter.php(353): CodeIgniter\CodeIgniter->handleRequest(null, Object(Config\Cache), false)
10 FCPATH\index.php(79): CodeIgniter\CodeIgniter->run()
ERROR - 2023-10-05 03:38:39 --> mysqli_sql_exception: Column 'email' cannot be null in E:\xampp\htdocs\Codeigniter_project\system\Database\MySQLi\Connection.php:306
Stack trace:
#0 E:\xampp\htdocs\Codeigniter_project\system\Database\MySQLi\Connection.php(306): mysqli->query('INSERT INTO `me...', 0)
#1 E:\xampp\htdocs\Codeigniter_project\system\Database\BaseConnection.php(692): CodeIgniter\Database\MySQLi\Connection->execute('INSERT INTO `me...')
#2 E:\xampp\htdocs\Codeigniter_project\system\Database\BaseConnection.php(606): CodeIgniter\Database\BaseConnection->simpleQuery('INSERT INTO `me...')
#3 E:\xampp\htdocs\Codeigniter_project\system\Database\BaseBuilder.php(2308): CodeIgniter\Database\BaseConnection->query('INSERT INTO `me...', Array, false)
#4 E:\xampp\htdocs\Codeigniter_project\system\Model.php(319): CodeIgniter\Database\BaseBuilder->insert()
#5 E:\xampp\htdocs\Codeigniter_project\system\BaseModel.php(788): CodeIgniter\Model->doInsert(Array)
#6 E:\xampp\htdocs\Codeigniter_project\system\Model.php(715): CodeIgniter\BaseModel->insert(Array, false)
#7 E:\xampp\htdocs\Codeigniter_project\system\BaseModel.php(698): CodeIgniter\Model->insert(Array, false)
#8 E:\xampp\htdocs\Codeigniter_project\app\Controllers\MemberAdd.php(30): CodeIgniter\BaseModel->save(Array)
#9 E:\xampp\htdocs\Codeigniter_project\system\CodeIgniter.php(919): App\Controllers\MemberAdd->memberSignup()
#10 E:\xampp\htdocs\Codeigniter_project\system\CodeIgniter.php(494): CodeIgniter\CodeIgniter->runController(Object(App\Controllers\MemberAdd))
#11 E:\xampp\htdocs\Codeigniter_project\system\CodeIgniter.php(353): CodeIgniter\CodeIgniter->handleRequest(NULL, Object(Config\Cache), false)
#12 E:\xampp\htdocs\Codeigniter_project\public\index.php(79): CodeIgniter\CodeIgniter->run()
#13 {main}
CRITICAL - 2023-10-05 03:38:39 --> Column 'email' cannot be null
in SYSTEMPATH\Database\BaseConnection.php on line 646.
 1 SYSTEMPATH\Database\BaseBuilder.php(2308): CodeIgniter\Database\BaseConnection->query('INSERT INTO `member` (`name`, `email`, `password`, `address`, `gender`) VALUES (:name:, :email:, :password:, :address:, :gender:)', [...], false)
 2 SYSTEMPATH\Model.php(319): CodeIgniter\Database\BaseBuilder->insert()
 3 SYSTEMPATH\BaseModel.php(788): CodeIgniter\Model->doInsert([...])
 4 SYSTEMPATH\Model.php(715): CodeIgniter\BaseModel->insert([...], false)
 5 SYSTEMPATH\BaseModel.php(698): CodeIgniter\Model->insert([...], false)
 6 APPPATH\Controllers\MemberAdd.php(30): CodeIgniter\BaseModel->save([...])
 7 SYSTEMPATH\CodeIgniter.php(919): App\Controllers\MemberAdd->memberSignup()
 8 SYSTEMPATH\CodeIgniter.php(494): CodeIgniter\CodeIgniter->runController(Object(App\Controllers\MemberAdd))
 9 SYSTEMPATH\CodeIgniter.php(353): CodeIgniter\CodeIgniter->handleRequest(null, Object(Config\Cache), false)
10 FCPATH\index.php(79): CodeIgniter\CodeIgniter->run()
ERROR - 2023-10-05 03:42:18 --> mysqli_sql_exception: Column 'name' cannot be null in E:\xampp\htdocs\Codeigniter_project\system\Database\MySQLi\Connection.php:306
Stack trace:
#0 E:\xampp\htdocs\Codeigniter_project\system\Database\MySQLi\Connection.php(306): mysqli->query('INSERT INTO `me...', 0)
#1 E:\xampp\htdocs\Codeigniter_project\system\Database\BaseConnection.php(692): CodeIgniter\Database\MySQLi\Connection->execute('INSERT INTO `me...')
#2 E:\xampp\htdocs\Codeigniter_project\system\Database\BaseConnection.php(606): CodeIgniter\Database\BaseConnection->simpleQuery('INSERT INTO `me...')
#3 E:\xampp\htdocs\Codeigniter_project\system\Database\BaseBuilder.php(2308): CodeIgniter\Database\BaseConnection->query('INSERT INTO `me...', Array, false)
#4 E:\xampp\htdocs\Codeigniter_project\system\Model.php(319): CodeIgniter\Database\BaseBuilder->insert()
#5 E:\xampp\htdocs\Codeigniter_project\system\BaseModel.php(788): CodeIgniter\Model->doInsert(Array)
#6 E:\xampp\htdocs\Codeigniter_project\system\Model.php(715): CodeIgniter\BaseModel->insert(Array, false)
#7 E:\xampp\htdocs\Codeigniter_project\system\BaseModel.php(698): CodeIgniter\Model->insert(Array, false)
#8 E:\xampp\htdocs\Codeigniter_project\app\Controllers\MemberAdd.php(30): CodeIgniter\BaseModel->save(Array)
#9 E:\xampp\htdocs\Codeigniter_project\system\CodeIgniter.php(919): App\Controllers\MemberAdd->memberSignup()
#10 E:\xampp\htdocs\Codeigniter_project\system\CodeIgniter.php(494): CodeIgniter\CodeIgniter->runController(Object(App\Controllers\MemberAdd))
#11 E:\xampp\htdocs\Codeigniter_project\system\CodeIgniter.php(353): CodeIgniter\CodeIgniter->handleRequest(NULL, Object(Config\Cache), false)
#12 E:\xampp\htdocs\Codeigniter_project\public\index.php(79): CodeIgniter\CodeIgniter->run()
#13 {main}
CRITICAL - 2023-10-05 03:42:18 --> Column 'name' cannot be null
in SYSTEMPATH\Database\BaseConnection.php on line 646.
 1 SYSTEMPATH\Database\BaseBuilder.php(2308): CodeIgniter\Database\BaseConnection->query('INSERT INTO `member` (`name`, `email`, `password`, `address`, `gender`) VALUES (:name:, :email:, :password:, :address:, :gender:)', [...], false)
 2 SYSTEMPATH\Model.php(319): CodeIgniter\Database\BaseBuilder->insert()
 3 SYSTEMPATH\BaseModel.php(788): CodeIgniter\Model->doInsert([...])
 4 SYSTEMPATH\Model.php(715): CodeIgniter\BaseModel->insert([...], false)
 5 SYSTEMPATH\BaseModel.php(698): CodeIgniter\Model->insert([...], false)
 6 APPPATH\Controllers\MemberAdd.php(30): CodeIgniter\BaseModel->save([...])
 7 SYSTEMPATH\CodeIgniter.php(919): App\Controllers\MemberAdd->memberSignup()
 8 SYSTEMPATH\CodeIgniter.php(494): CodeIgniter\CodeIgniter->runController(Object(App\Controllers\MemberAdd))
 9 SYSTEMPATH\CodeIgniter.php(353): CodeIgniter\CodeIgniter->handleRequest(null, Object(Config\Cache), false)
10 FCPATH\index.php(79): CodeIgniter\CodeIgniter->run()
ERROR - 2023-10-05 03:44:33 --> mysqli_sql_exception: Column 'name' cannot be null in E:\xampp\htdocs\Codeigniter_project\system\Database\MySQLi\Connection.php:306
Stack trace:
#0 E:\xampp\htdocs\Codeigniter_project\system\Database\MySQLi\Connection.php(306): mysqli->query('INSERT INTO `me...', 0)
#1 E:\xampp\htdocs\Codeigniter_project\system\Database\BaseConnection.php(692): CodeIgniter\Database\MySQLi\Connection->execute('INSERT INTO `me...')
#2 E:\xampp\htdocs\Codeigniter_project\system\Database\BaseConnection.php(606): CodeIgniter\Database\BaseConnection->simpleQuery('INSERT INTO `me...')
#3 E:\xampp\htdocs\Codeigniter_project\system\Database\BaseBuilder.php(2308): CodeIgniter\Database\BaseConnection->query('INSERT INTO `me...', Array, false)
#4 E:\xampp\htdocs\Codeigniter_project\system\Model.php(319): CodeIgniter\Database\BaseBuilder->insert()
#5 E:\xampp\htdocs\Codeigniter_project\system\BaseModel.php(788): CodeIgniter\Model->doInsert(Array)
#6 E:\xampp\htdocs\Codeigniter_project\system\Model.php(715): CodeIgniter\BaseModel->insert(Array, false)
#7 E:\xampp\htdocs\Codeigniter_project\system\BaseModel.php(698): CodeIgniter\Model->insert(Array, false)
#8 E:\xampp\htdocs\Codeigniter_project\app\Controllers\MemberAdd.php(30): CodeIgniter\BaseModel->save(Array)
#9 E:\xampp\htdocs\Codeigniter_project\system\CodeIgniter.php(919): App\Controllers\MemberAdd->memberSignup()
#10 E:\xampp\htdocs\Codeigniter_project\system\CodeIgniter.php(494): CodeIgniter\CodeIgniter->runController(Object(App\Controllers\MemberAdd))
#11 E:\xampp\htdocs\Codeigniter_project\system\CodeIgniter.php(353): CodeIgniter\CodeIgniter->handleRequest(NULL, Object(Config\Cache), false)
#12 E:\xampp\htdocs\Codeigniter_project\public\index.php(79): CodeIgniter\CodeIgniter->run()
#13 {main}
CRITICAL - 2023-10-05 03:44:33 --> Column 'name' cannot be null
in SYSTEMPATH\Database\BaseConnection.php on line 646.
 1 SYSTEMPATH\Database\BaseBuilder.php(2308): CodeIgniter\Database\BaseConnection->query('INSERT INTO `member` (`name`, `email`, `password`, `address`, `gender`) VALUES (:name:, :email:, :password:, :address:, :gender:)', [...], false)
 2 SYSTEMPATH\Model.php(319): CodeIgniter\Database\BaseBuilder->insert()
 3 SYSTEMPATH\BaseModel.php(788): CodeIgniter\Model->doInsert([...])
 4 SYSTEMPATH\Model.php(715): CodeIgniter\BaseModel->insert([...], false)
 5 SYSTEMPATH\BaseModel.php(698): CodeIgniter\Model->insert([...], false)
 6 APPPATH\Controllers\MemberAdd.php(30): CodeIgniter\BaseModel->save([...])
 7 SYSTEMPATH\CodeIgniter.php(919): App\Controllers\MemberAdd->memberSignup()
 8 SYSTEMPATH\CodeIgniter.php(494): CodeIgniter\CodeIgniter->runController(Object(App\Controllers\MemberAdd))
 9 SYSTEMPATH\CodeIgniter.php(353): CodeIgniter\CodeIgniter->handleRequest(null, Object(Config\Cache), false)
10 FCPATH\index.php(79): CodeIgniter\CodeIgniter->run()
ERROR - 2023-10-05 03:45:05 --> mysqli_sql_exception: Column 'gender' cannot be null in E:\xampp\htdocs\Codeigniter_project\system\Database\MySQLi\Connection.php:306
Stack trace:
#0 E:\xampp\htdocs\Codeigniter_project\system\Database\MySQLi\Connection.php(306): mysqli->query('INSERT INTO `me...', 0)
#1 E:\xampp\htdocs\Codeigniter_project\system\Database\BaseConnection.php(692): CodeIgniter\Database\MySQLi\Connection->execute('INSERT INTO `me...')
#2 E:\xampp\htdocs\Codeigniter_project\system\Database\BaseConnection.php(606): CodeIgniter\Database\BaseConnection->simpleQuery('INSERT INTO `me...')
#3 E:\xampp\htdocs\Codeigniter_project\system\Database\BaseBuilder.php(2308): CodeIgniter\Database\BaseConnection->query('INSERT INTO `me...', Array, false)
#4 E:\xampp\htdocs\Codeigniter_project\system\Model.php(319): CodeIgniter\Database\BaseBuilder->insert()
#5 E:\xampp\htdocs\Codeigniter_project\system\BaseModel.php(788): CodeIgniter\Model->doInsert(Array)
#6 E:\xampp\htdocs\Codeigniter_project\system\Model.php(715): CodeIgniter\BaseModel->insert(Array, false)
#7 E:\xampp\htdocs\Codeigniter_project\system\BaseModel.php(698): CodeIgniter\Model->insert(Array, false)
#8 E:\xampp\htdocs\Codeigniter_project\app\Controllers\MemberAdd.php(30): CodeIgniter\BaseModel->save(Array)
#9 E:\xampp\htdocs\Codeigniter_project\system\CodeIgniter.php(919): App\Controllers\MemberAdd->memberSignup()
#10 E:\xampp\htdocs\Codeigniter_project\system\CodeIgniter.php(494): CodeIgniter\CodeIgniter->runController(Object(App\Controllers\MemberAdd))
#11 E:\xampp\htdocs\Codeigniter_project\system\CodeIgniter.php(353): CodeIgniter\CodeIgniter->handleRequest(NULL, Object(Config\Cache), false)
#12 E:\xampp\htdocs\Codeigniter_project\public\index.php(79): CodeIgniter\CodeIgniter->run()
#13 {main}
CRITICAL - 2023-10-05 03:45:05 --> Column 'gender' cannot be null
in SYSTEMPATH\Database\BaseConnection.php on line 646.
 1 SYSTEMPATH\Database\BaseBuilder.php(2308): CodeIgniter\Database\BaseConnection->query('INSERT INTO `member` (`name`, `email`, `password`, `address`, `gender`) VALUES (:name:, :email:, :password:, :address:, :gender:)', [...], false)
 2 SYSTEMPATH\Model.php(319): CodeIgniter\Database\BaseBuilder->insert()
 3 SYSTEMPATH\BaseModel.php(788): CodeIgniter\Model->doInsert([...])
 4 SYSTEMPATH\Model.php(715): CodeIgniter\BaseModel->insert([...], false)
 5 SYSTEMPATH\BaseModel.php(698): CodeIgniter\Model->insert([...], false)
 6 APPPATH\Controllers\MemberAdd.php(30): CodeIgniter\BaseModel->save([...])
 7 SYSTEMPATH\CodeIgniter.php(919): App\Controllers\MemberAdd->memberSignup()
 8 SYSTEMPATH\CodeIgniter.php(494): CodeIgniter\CodeIgniter->runController(Object(App\Controllers\MemberAdd))
 9 SYSTEMPATH\CodeIgniter.php(353): CodeIgniter\CodeIgniter->handleRequest(null, Object(Config\Cache), false)
10 FCPATH\index.php(79): CodeIgniter\CodeIgniter->run()
ERROR - 2023-10-05 03:53:26 --> mysqli_sql_exception: Column 'gender' cannot be null in E:\xampp\htdocs\Codeigniter_project\system\Database\MySQLi\Connection.php:306
Stack trace:
#0 E:\xampp\htdocs\Codeigniter_project\system\Database\MySQLi\Connection.php(306): mysqli->query('INSERT INTO `me...', 0)
#1 E:\xampp\htdocs\Codeigniter_project\system\Database\BaseConnection.php(692): CodeIgniter\Database\MySQLi\Connection->execute('INSERT INTO `me...')
#2 E:\xampp\htdocs\Codeigniter_project\system\Database\BaseConnection.php(606): CodeIgniter\Database\BaseConnection->simpleQuery('INSERT INTO `me...')
#3 E:\xampp\htdocs\Codeigniter_project\system\Database\BaseBuilder.php(2308): CodeIgniter\Database\BaseConnection->query('INSERT INTO `me...', Array, false)
#4 E:\xampp\htdocs\Codeigniter_project\system\Model.php(319): CodeIgniter\Database\BaseBuilder->insert()
#5 E:\xampp\htdocs\Codeigniter_project\system\BaseModel.php(788): CodeIgniter\Model->doInsert(Array)
#6 E:\xampp\htdocs\Codeigniter_project\system\Model.php(715): CodeIgniter\BaseModel->insert(Array, false)
#7 E:\xampp\htdocs\Codeigniter_project\system\BaseModel.php(698): CodeIgniter\Model->insert(Array, false)
#8 E:\xampp\htdocs\Codeigniter_project\app\Controllers\MemberAdd.php(30): CodeIgniter\BaseModel->save(Array)
#9 E:\xampp\htdocs\Codeigniter_project\system\CodeIgniter.php(919): App\Controllers\MemberAdd->memberSignup()
#10 E:\xampp\htdocs\Codeigniter_project\system\CodeIgniter.php(494): CodeIgniter\CodeIgniter->runController(Object(App\Controllers\MemberAdd))
#11 E:\xampp\htdocs\Codeigniter_project\system\CodeIgniter.php(353): CodeIgniter\CodeIgniter->handleRequest(NULL, Object(Config\Cache), false)
#12 E:\xampp\htdocs\Codeigniter_project\public\index.php(79): CodeIgniter\CodeIgniter->run()
#13 {main}
CRITICAL - 2023-10-05 03:53:26 --> Column 'gender' cannot be null
in SYSTEMPATH\Database\BaseConnection.php on line 646.
 1 SYSTEMPATH\Database\BaseBuilder.php(2308): CodeIgniter\Database\BaseConnection->query('INSERT INTO `member` (`name`, `email`, `password`, `address`, `gender`) VALUES (:name:, :email:, :password:, :address:, :gender:)', [...], false)
 2 SYSTEMPATH\Model.php(319): CodeIgniter\Database\BaseBuilder->insert()
 3 SYSTEMPATH\BaseModel.php(788): CodeIgniter\Model->doInsert([...])
 4 SYSTEMPATH\Model.php(715): CodeIgniter\BaseModel->insert([...], false)
 5 SYSTEMPATH\BaseModel.php(698): CodeIgniter\Model->insert([...], false)
 6 APPPATH\Controllers\MemberAdd.php(30): CodeIgniter\BaseModel->save([...])
 7 SYSTEMPATH\CodeIgniter.php(919): App\Controllers\MemberAdd->memberSignup()
 8 SYSTEMPATH\CodeIgniter.php(494): CodeIgniter\CodeIgniter->runController(Object(App\Controllers\MemberAdd))
 9 SYSTEMPATH\CodeIgniter.php(353): CodeIgniter\CodeIgniter->handleRequest(null, Object(Config\Cache), false)
10 FCPATH\index.php(79): CodeIgniter\CodeIgniter->run()
CRITICAL - 2023-10-05 04:18:17 --> Undefined variable $member
in APPPATH\Views\memberView.php on line 294.
 1 APPPATH\Views\memberView.php(294): CodeIgniter\Debug\Exceptions->errorHandler(2, 'Undefined variable $member', 'E:\\xampp\\htdocs\\Codeigniter_project\\app\\Views\\memberView.php', 294)
 2 SYSTEMPATH\View\View.php(226): include('E:\\xampp\\htdocs\\Codeigniter_project\\app\\Views\\memberView.php')
 3 SYSTEMPATH\View\View.php(229): CodeIgniter\View\View->CodeIgniter\View\{closure}()
 4 SYSTEMPATH\Common.php(1188): CodeIgniter\View\View->render('memberView', [], true)
 5 APPPATH\Controllers\MemberAdd.php(14): view('memberView')
 6 SYSTEMPATH\CodeIgniter.php(919): App\Controllers\MemberAdd->memberview()
 7 SYSTEMPATH\CodeIgniter.php(494): CodeIgniter\CodeIgniter->runController(Object(App\Controllers\MemberAdd))
 8 SYSTEMPATH\CodeIgniter.php(353): CodeIgniter\CodeIgniter->handleRequest(null, Object(Config\Cache), false)
 9 FCPATH\index.php(79): CodeIgniter\CodeIgniter->run()
CRITICAL - 2023-10-05 04:18:24 --> Undefined variable $member
in APPPATH\Views\memberView.php on line 294.
 1 APPPATH\Views\memberView.php(294): CodeIgniter\Debug\Exceptions->errorHandler(2, 'Undefined variable $member', 'E:\\xampp\\htdocs\\Codeigniter_project\\app\\Views\\memberView.php', 294)
 2 SYSTEMPATH\View\View.php(226): include('E:\\xampp\\htdocs\\Codeigniter_project\\app\\Views\\memberView.php')
 3 SYSTEMPATH\View\View.php(229): CodeIgniter\View\View->CodeIgniter\View\{closure}()
 4 SYSTEMPATH\Common.php(1188): CodeIgniter\View\View->render('memberView', [], true)
 5 APPPATH\Controllers\MemberAdd.php(14): view('memberView')
 6 SYSTEMPATH\CodeIgniter.php(919): App\Controllers\MemberAdd->memberview()
 7 SYSTEMPATH\CodeIgniter.php(494): CodeIgniter\CodeIgniter->runController(Object(App\Controllers\MemberAdd))
 8 SYSTEMPATH\CodeIgniter.php(353): CodeIgniter\CodeIgniter->handleRequest(null, Object(Config\Cache), false)
 9 FCPATH\index.php(79): CodeIgniter\CodeIgniter->run()
CRITICAL - 2023-10-05 04:21:18 --> Undefined variable $signup
in APPPATH\Views\memberView.php on line 294.
 1 APPPATH\Views\memberView.php(294): CodeIgniter\Debug\Exceptions->errorHandler(2, 'Undefined variable $signup', 'E:\\xampp\\htdocs\\Codeigniter_project\\app\\Views\\memberView.php', 294)
 2 SYSTEMPATH\View\View.php(226): include('E:\\xampp\\htdocs\\Codeigniter_project\\app\\Views\\memberView.php')
 3 SYSTEMPATH\View\View.php(229): CodeIgniter\View\View->CodeIgniter\View\{closure}()
 4 SYSTEMPATH\Common.php(1188): CodeIgniter\View\View->render('memberView', [], true)
 5 APPPATH\Controllers\MemberAdd.php(14): view('memberView')
 6 SYSTEMPATH\CodeIgniter.php(919): App\Controllers\MemberAdd->memberview()
 7 SYSTEMPATH\CodeIgniter.php(494): CodeIgniter\CodeIgniter->runController(Object(App\Controllers\MemberAdd))
 8 SYSTEMPATH\CodeIgniter.php(353): CodeIgniter\CodeIgniter->handleRequest(null, Object(Config\Cache), false)
 9 FCPATH\index.php(79): CodeIgniter\CodeIgniter->run()
CRITICAL - 2023-10-05 04:21:20 --> Undefined variable $signup
in APPPATH\Views\memberView.php on line 294.
 1 APPPATH\Views\memberView.php(294): CodeIgniter\Debug\Exceptions->errorHandler(2, 'Undefined variable $signup', 'E:\\xampp\\htdocs\\Codeigniter_project\\app\\Views\\memberView.php', 294)
 2 SYSTEMPATH\View\View.php(226): include('E:\\xampp\\htdocs\\Codeigniter_project\\app\\Views\\memberView.php')
 3 SYSTEMPATH\View\View.php(229): CodeIgniter\View\View->CodeIgniter\View\{closure}()
 4 SYSTEMPATH\Common.php(1188): CodeIgniter\View\View->render('memberView', [], true)
 5 APPPATH\Controllers\MemberAdd.php(14): view('memberView')
 6 SYSTEMPATH\CodeIgniter.php(919): App\Controllers\MemberAdd->memberview()
 7 SYSTEMPATH\CodeIgniter.php(494): CodeIgniter\CodeIgniter->runController(Object(App\Controllers\MemberAdd))
 8 SYSTEMPATH\CodeIgniter.php(353): CodeIgniter\CodeIgniter->handleRequest(null, Object(Config\Cache), false)
 9 FCPATH\index.php(79): CodeIgniter\CodeIgniter->run()
CRITICAL - 2023-10-05 04:21:20 --> Undefined variable $signup
in APPPATH\Views\memberView.php on line 294.
 1 APPPATH\Views\memberView.php(294): CodeIgniter\Debug\Exceptions->errorHandler(2, 'Undefined variable $signup', 'E:\\xampp\\htdocs\\Codeigniter_project\\app\\Views\\memberView.php', 294)
 2 SYSTEMPATH\View\View.php(226): include('E:\\xampp\\htdocs\\Codeigniter_project\\app\\Views\\memberView.php')
 3 SYSTEMPATH\View\View.php(229): CodeIgniter\View\View->CodeIgniter\View\{closure}()
 4 SYSTEMPATH\Common.php(1188): CodeIgniter\View\View->render('memberView', [], true)
 5 APPPATH\Controllers\MemberAdd.php(14): view('memberView')
 6 SYSTEMPATH\CodeIgniter.php(919): App\Controllers\MemberAdd->memberview()
 7 SYSTEMPATH\CodeIgniter.php(494): CodeIgniter\CodeIgniter->runController(Object(App\Controllers\MemberAdd))
 8 SYSTEMPATH\CodeIgniter.php(353): CodeIgniter\CodeIgniter->handleRequest(null, Object(Config\Cache), false)
 9 FCPATH\index.php(79): CodeIgniter\CodeIgniter->run()
CRITICAL - 2023-10-05 04:24:24 --> Undefined variable $member
in APPPATH\Views\memberView.php on line 294.
 1 APPPATH\Views\memberView.php(294): CodeIgniter\Debug\Exceptions->errorHandler(2, 'Undefined variable $member', 'E:\\xampp\\htdocs\\Codeigniter_project\\app\\Views\\memberView.php', 294)
 2 SYSTEMPATH\View\View.php(226): include('E:\\xampp\\htdocs\\Codeigniter_project\\app\\Views\\memberView.php')
 3 SYSTEMPATH\View\View.php(229): CodeIgniter\View\View->CodeIgniter\View\{closure}()
 4 SYSTEMPATH\Common.php(1188): CodeIgniter\View\View->render('memberView', [], true)
 5 APPPATH\Controllers\MemberAdd.php(14): view('memberView')
 6 SYSTEMPATH\CodeIgniter.php(919): App\Controllers\MemberAdd->memberview()
 7 SYSTEMPATH\CodeIgniter.php(494): CodeIgniter\CodeIgniter->runController(Object(App\Controllers\MemberAdd))
 8 SYSTEMPATH\CodeIgniter.php(353): CodeIgniter\CodeIgniter->handleRequest(null, Object(Config\Cache), false)
 9 FCPATH\index.php(79): CodeIgniter\CodeIgniter->run()
CRITICAL - 2023-10-05 04:24:25 --> Undefined variable $member
in APPPATH\Views\memberView.php on line 294.
 1 APPPATH\Views\memberView.php(294): CodeIgniter\Debug\Exceptions->errorHandler(2, 'Undefined variable $member', 'E:\\xampp\\htdocs\\Codeigniter_project\\app\\Views\\memberView.php', 294)
 2 SYSTEMPATH\View\View.php(226): include('E:\\xampp\\htdocs\\Codeigniter_project\\app\\Views\\memberView.php')
 3 SYSTEMPATH\View\View.php(229): CodeIgniter\View\View->CodeIgniter\View\{closure}()
 4 SYSTEMPATH\Common.php(1188): CodeIgniter\View\View->render('memberView', [], true)
 5 APPPATH\Controllers\MemberAdd.php(14): view('memberView')
 6 SYSTEMPATH\CodeIgniter.php(919): App\Controllers\MemberAdd->memberview()
 7 SYSTEMPATH\CodeIgniter.php(494): CodeIgniter\CodeIgniter->runController(Object(App\Controllers\MemberAdd))
 8 SYSTEMPATH\CodeIgniter.php(353): CodeIgniter\CodeIgniter->handleRequest(null, Object(Config\Cache), false)
 9 FCPATH\index.php(79): CodeIgniter\CodeIgniter->run()
CRITICAL - 2023-10-05 04:24:26 --> Undefined variable $member
in APPPATH\Views\memberView.php on line 294.
 1 APPPATH\Views\memberView.php(294): CodeIgniter\Debug\Exceptions->errorHandler(2, 'Undefined variable $member', 'E:\\xampp\\htdocs\\Codeigniter_project\\app\\Views\\memberView.php', 294)
 2 SYSTEMPATH\View\View.php(226): include('E:\\xampp\\htdocs\\Codeigniter_project\\app\\Views\\memberView.php')
 3 SYSTEMPATH\View\View.php(229): CodeIgniter\View\View->CodeIgniter\View\{closure}()
 4 SYSTEMPATH\Common.php(1188): CodeIgniter\View\View->render('memberView', [], true)
 5 APPPATH\Controllers\MemberAdd.php(14): view('memberView')
 6 SYSTEMPATH\CodeIgniter.php(919): App\Controllers\MemberAdd->memberview()
 7 SYSTEMPATH\CodeIgniter.php(494): CodeIgniter\CodeIgniter->runController(Object(App\Controllers\MemberAdd))
 8 SYSTEMPATH\CodeIgniter.php(353): CodeIgniter\CodeIgniter->handleRequest(null, Object(Config\Cache), false)
 9 FCPATH\index.php(79): CodeIgniter\CodeIgniter->run()
CRITICAL - 2023-10-05 04:24:26 --> Undefined variable $member
in APPPATH\Views\memberView.php on line 294.
 1 APPPATH\Views\memberView.php(294): CodeIgniter\Debug\Exceptions->errorHandler(2, 'Undefined variable $member', 'E:\\xampp\\htdocs\\Codeigniter_project\\app\\Views\\memberView.php', 294)
 2 SYSTEMPATH\View\View.php(226): include('E:\\xampp\\htdocs\\Codeigniter_project\\app\\Views\\memberView.php')
 3 SYSTEMPATH\View\View.php(229): CodeIgniter\View\View->CodeIgniter\View\{closure}()
 4 SYSTEMPATH\Common.php(1188): CodeIgniter\View\View->render('memberView', [], true)
 5 APPPATH\Controllers\MemberAdd.php(14): view('memberView')
 6 SYSTEMPATH\CodeIgniter.php(919): App\Controllers\MemberAdd->memberview()
 7 SYSTEMPATH\CodeIgniter.php(494): CodeIgniter\CodeIgniter->runController(Object(App\Controllers\MemberAdd))
 8 SYSTEMPATH\CodeIgniter.php(353): CodeIgniter\CodeIgniter->handleRequest(null, Object(Config\Cache), false)
 9 FCPATH\index.php(79): CodeIgniter\CodeIgniter->run()
CRITICAL - 2023-10-05 04:24:27 --> Undefined variable $member
in APPPATH\Views\memberView.php on line 294.
 1 APPPATH\Views\memberView.php(294): CodeIgniter\Debug\Exceptions->errorHandler(2, 'Undefined variable $member', 'E:\\xampp\\htdocs\\Codeigniter_project\\app\\Views\\memberView.php', 294)
 2 SYSTEMPATH\View\View.php(226): include('E:\\xampp\\htdocs\\Codeigniter_project\\app\\Views\\memberView.php')
 3 SYSTEMPATH\View\View.php(229): CodeIgniter\View\View->CodeIgniter\View\{closure}()
 4 SYSTEMPATH\Common.php(1188): CodeIgniter\View\View->render('memberView', [], true)
 5 APPPATH\Controllers\MemberAdd.php(14): view('memberView')
 6 SYSTEMPATH\CodeIgniter.php(919): App\Controllers\MemberAdd->memberview()
 7 SYSTEMPATH\CodeIgniter.php(494): CodeIgniter\CodeIgniter->runController(Object(App\Controllers\MemberAdd))
 8 SYSTEMPATH\CodeIgniter.php(353): CodeIgniter\CodeIgniter->handleRequest(null, Object(Config\Cache), false)
 9 FCPATH\index.php(79): CodeIgniter\CodeIgniter->run()
CRITICAL - 2023-10-05 04:25:17 --> Undefined variable $member
in APPPATH\Views\memberView.php on line 294.
 1 APPPATH\Views\memberView.php(294): CodeIgniter\Debug\Exceptions->errorHandler(2, 'Undefined variable $member', 'E:\\xampp\\htdocs\\Codeigniter_project\\app\\Views\\memberView.php', 294)
 2 SYSTEMPATH\View\View.php(226): include('E:\\xampp\\htdocs\\Codeigniter_project\\app\\Views\\memberView.php')
 3 SYSTEMPATH\View\View.php(229): CodeIgniter\View\View->CodeIgniter\View\{closure}()
 4 SYSTEMPATH\Common.php(1188): CodeIgniter\View\View->render('memberView', [], true)
 5 APPPATH\Controllers\MemberAdd.php(14): view('memberView')
 6 SYSTEMPATH\CodeIgniter.php(919): App\Controllers\MemberAdd->memberview()
 7 SYSTEMPATH\CodeIgniter.php(494): CodeIgniter\CodeIgniter->runController(Object(App\Controllers\MemberAdd))
 8 SYSTEMPATH\CodeIgniter.php(353): CodeIgniter\CodeIgniter->handleRequest(null, Object(Config\Cache), false)
 9 FCPATH\index.php(79): CodeIgniter\CodeIgniter->run()
CRITICAL - 2023-10-05 04:25:24 --> Undefined variable $member
in APPPATH\Views\memberView.php on line 294.
 1 APPPATH\Views\memberView.php(294): CodeIgniter\Debug\Exceptions->errorHandler(2, 'Undefined variable $member', 'E:\\xampp\\htdocs\\Codeigniter_project\\app\\Views\\memberView.php', 294)
 2 SYSTEMPATH\View\View.php(226): include('E:\\xampp\\htdocs\\Codeigniter_project\\app\\Views\\memberView.php')
 3 SYSTEMPATH\View\View.php(229): CodeIgniter\View\View->CodeIgniter\View\{closure}()
 4 SYSTEMPATH\Common.php(1188): CodeIgniter\View\View->render('memberView', [], true)
 5 APPPATH\Controllers\MemberAdd.php(14): view('memberView')
 6 SYSTEMPATH\CodeIgniter.php(919): App\Controllers\MemberAdd->memberview()
 7 SYSTEMPATH\CodeIgniter.php(494): CodeIgniter\CodeIgniter->runController(Object(App\Controllers\MemberAdd))
 8 SYSTEMPATH\CodeIgniter.php(353): CodeIgniter\CodeIgniter->handleRequest(null, Object(Config\Cache), false)
 9 FCPATH\index.php(79): CodeIgniter\CodeIgniter->run()
CRITICAL - 2023-10-05 04:33:06 --> Undefined variable $member
in APPPATH\Views\memberView.php on line 294.
 1 APPPATH\Views\memberView.php(294): CodeIgniter\Debug\Exceptions->errorHandler(2, 'Undefined variable $member', 'E:\\xampp\\htdocs\\Codeigniter_project\\app\\Views\\memberView.php', 294)
 2 SYSTEMPATH\View\View.php(226): include('E:\\xampp\\htdocs\\Codeigniter_project\\app\\Views\\memberView.php')
 3 SYSTEMPATH\View\View.php(229): CodeIgniter\View\View->CodeIgniter\View\{closure}()
 4 SYSTEMPATH\Common.php(1188): CodeIgniter\View\View->render('memberView', [], true)
 5 APPPATH\Controllers\MemberAdd.php(14): view('memberView')
 6 SYSTEMPATH\CodeIgniter.php(919): App\Controllers\MemberAdd->memberview()
 7 SYSTEMPATH\CodeIgniter.php(494): CodeIgniter\CodeIgniter->runController(Object(App\Controllers\MemberAdd))
 8 SYSTEMPATH\CodeIgniter.php(353): CodeIgniter\CodeIgniter->handleRequest(null, Object(Config\Cache), false)
 9 FCPATH\index.php(79): CodeIgniter\CodeIgniter->run()
CRITICAL - 2023-10-05 08:00:54 --> The framework needs the following extension(s) installed and loaded: intl.
in SYSTEMPATH\CodeIgniter.php on line 246.
 1 SYSTEMPATH\CodeIgniter.php(246): CodeIgniter\Exceptions\FrameworkException::forMissingExtension('intl')
 2 SYSTEMPATH\CodeIgniter.php(210): CodeIgniter\CodeIgniter->resolvePlatformExtensions()
 3 ROOTPATH\spark(88): CodeIgniter\CodeIgniter->initialize()
CRITICAL - 2023-10-05 08:00:54 --> Uncaught Error: Class "Locale" not found in E:\xampp\htdocs\Codeigniter_project\system\I18n\TimeTrait.php:74
Stack trace:
#0 E:\xampp\htdocs\Codeigniter_project\system\I18n\TimeTrait.php(115): CodeIgniter\I18n\Time->__construct(NULL, NULL, NULL)
#1 E:\xampp\htdocs\Codeigniter_project\system\HTTP\ResponseTrait.php(468): CodeIgniter\I18n\Time::now()
#2 E:\xampp\htdocs\Codeigniter_project\system\HTTP\ResponseTrait.php(446): CodeIgniter\HTTP\Response->sendHeaders()
#3 E:\xampp\htdocs\Codeigniter_project\system\Debug\ExceptionHandler.php(78): CodeIgniter\HTTP\Response->send()
#4 E:\xampp\htdocs\Codeigniter_project\system\Debug\Exceptions.php(146): CodeIgniter\Debug\ExceptionHandler->handle(Object(CodeIgniter\Exceptions\FrameworkException), Object(CodeIgniter\HTTP\IncomingRequest), Object(CodeIgniter\HTTP\Response), 500, 1)
#5 [internal function]: CodeIgniter\Debug\Exceptions->exceptionHandler(Object(CodeIgniter\Exceptions\FrameworkException))
#6 {main}
  thrown
【Previous Exception】
CodeIgniter\Exceptions\FrameworkException
The framework needs the following extension(s) installed and loaded: intl.
#0 E:\xampp\htdocs\Codeigniter_project\system\CodeIgniter.php(246): CodeIgniter\Exceptions\FrameworkException::forMissingExtension('intl')
#1 E:\xampp\htdocs\Codeigniter_project\system\CodeIgniter.php(210): CodeIgniter\CodeIgniter->resolvePlatformExtensions()
#2 E:\xampp\htdocs\Codeigniter_project\spark(88): CodeIgniter\CodeIgniter->initialize()
#3 {main}
in SYSTEMPATH\I18n\TimeTrait.php on line 74.
 1 [internal function]: CodeIgniter\Debug\Exceptions->shutdownHandler()
CRITICAL - 2023-10-05 08:01:40 --> The framework needs the following extension(s) installed and loaded: intl.
in SYSTEMPATH\CodeIgniter.php on line 246.
 1 SYSTEMPATH\CodeIgniter.php(246): CodeIgniter\Exceptions\FrameworkException::forMissingExtension('intl')
 2 SYSTEMPATH\CodeIgniter.php(210): CodeIgniter\CodeIgniter->resolvePlatformExtensions()
 3 ROOTPATH\spark(88): CodeIgniter\CodeIgniter->initialize()
CRITICAL - 2023-10-05 08:01:40 --> Uncaught Error: Class "Locale" not found in E:\xampp\htdocs\Codeigniter_project\system\I18n\TimeTrait.php:74
Stack trace:
#0 E:\xampp\htdocs\Codeigniter_project\system\I18n\TimeTrait.php(115): CodeIgniter\I18n\Time->__construct(NULL, NULL, NULL)
#1 E:\xampp\htdocs\Codeigniter_project\system\HTTP\ResponseTrait.php(468): CodeIgniter\I18n\Time::now()
#2 E:\xampp\htdocs\Codeigniter_project\system\HTTP\ResponseTrait.php(446): CodeIgniter\HTTP\Response->sendHeaders()
#3 E:\xampp\htdocs\Codeigniter_project\system\Debug\ExceptionHandler.php(78): CodeIgniter\HTTP\Response->send()
#4 E:\xampp\htdocs\Codeigniter_project\system\Debug\Exceptions.php(146): CodeIgniter\Debug\ExceptionHandler->handle(Object(CodeIgniter\Exceptions\FrameworkException), Object(CodeIgniter\HTTP\IncomingRequest), Object(CodeIgniter\HTTP\Response), 500, 1)
#5 [internal function]: CodeIgniter\Debug\Exceptions->exceptionHandler(Object(CodeIgniter\Exceptions\FrameworkException))
#6 {main}
  thrown
【Previous Exception】
CodeIgniter\Exceptions\FrameworkException
The framework needs the following extension(s) installed and loaded: intl.
#0 E:\xampp\htdocs\Codeigniter_project\system\CodeIgniter.php(246): CodeIgniter\Exceptions\FrameworkException::forMissingExtension('intl')
#1 E:\xampp\htdocs\Codeigniter_project\system\CodeIgniter.php(210): CodeIgniter\CodeIgniter->resolvePlatformExtensions()
#2 E:\xampp\htdocs\Codeigniter_project\spark(88): CodeIgniter\CodeIgniter->initialize()
#3 {main}
in SYSTEMPATH\I18n\TimeTrait.php on line 74.
 1 [internal function]: CodeIgniter\Debug\Exceptions->shutdownHandler()
CRITICAL - 2023-10-05 08:04:20 --> The framework needs the following extension(s) installed and loaded: intl.
in SYSTEMPATH\CodeIgniter.php on line 246.
 1 SYSTEMPATH\CodeIgniter.php(246): CodeIgniter\Exceptions\FrameworkException::forMissingExtension('intl')
 2 SYSTEMPATH\CodeIgniter.php(210): CodeIgniter\CodeIgniter->resolvePlatformExtensions()
 3 ROOTPATH\spark(88): CodeIgniter\CodeIgniter->initialize()
CRITICAL - 2023-10-05 08:04:20 --> Uncaught Error: Class "Locale" not found in E:\xampp\htdocs\Codeigniter_project\system\I18n\TimeTrait.php:74
Stack trace:
#0 E:\xampp\htdocs\Codeigniter_project\system\I18n\TimeTrait.php(115): CodeIgniter\I18n\Time->__construct(NULL, NULL, NULL)
#1 E:\xampp\htdocs\Codeigniter_project\system\HTTP\ResponseTrait.php(468): CodeIgniter\I18n\Time::now()
#2 E:\xampp\htdocs\Codeigniter_project\system\HTTP\ResponseTrait.php(446): CodeIgniter\HTTP\Response->sendHeaders()
#3 E:\xampp\htdocs\Codeigniter_project\system\Debug\ExceptionHandler.php(78): CodeIgniter\HTTP\Response->send()
#4 E:\xampp\htdocs\Codeigniter_project\system\Debug\Exceptions.php(146): CodeIgniter\Debug\ExceptionHandler->handle(Object(CodeIgniter\Exceptions\FrameworkException), Object(CodeIgniter\HTTP\IncomingRequest), Object(CodeIgniter\HTTP\Response), 500, 1)
#5 [internal function]: CodeIgniter\Debug\Exceptions->exceptionHandler(Object(CodeIgniter\Exceptions\FrameworkException))
#6 {main}
  thrown
【Previous Exception】
CodeIgniter\Exceptions\FrameworkException
The framework needs the following extension(s) installed and loaded: intl.
#0 E:\xampp\htdocs\Codeigniter_project\system\CodeIgniter.php(246): CodeIgniter\Exceptions\FrameworkException::forMissingExtension('intl')
#1 E:\xampp\htdocs\Codeigniter_project\system\CodeIgniter.php(210): CodeIgniter\CodeIgniter->resolvePlatformExtensions()
#2 E:\xampp\htdocs\Codeigniter_project\spark(88): CodeIgniter\CodeIgniter->initialize()
#3 {main}
in SYSTEMPATH\I18n\TimeTrait.php on line 74.
 1 [internal function]: CodeIgniter\Debug\Exceptions->shutdownHandler()
CRITICAL - 2023-10-05 08:09:51 --> The framework needs the following extension(s) installed and loaded: intl.
in SYSTEMPATH\CodeIgniter.php on line 246.
 1 SYSTEMPATH\CodeIgniter.php(246): CodeIgniter\Exceptions\FrameworkException::forMissingExtension('intl')
 2 SYSTEMPATH\CodeIgniter.php(210): CodeIgniter\CodeIgniter->resolvePlatformExtensions()
 3 ROOTPATH\spark(88): CodeIgniter\CodeIgniter->initialize()
CRITICAL - 2023-10-05 08:09:51 --> Uncaught Error: Class "Locale" not found in E:\xampp\htdocs\Codeigniter_project\system\I18n\TimeTrait.php:74
Stack trace:
#0 E:\xampp\htdocs\Codeigniter_project\system\I18n\TimeTrait.php(115): CodeIgniter\I18n\Time->__construct(NULL, NULL, NULL)
#1 E:\xampp\htdocs\Codeigniter_project\system\HTTP\ResponseTrait.php(468): CodeIgniter\I18n\Time::now()
#2 E:\xampp\htdocs\Codeigniter_project\system\HTTP\ResponseTrait.php(446): CodeIgniter\HTTP\Response->sendHeaders()
#3 E:\xampp\htdocs\Codeigniter_project\system\Debug\ExceptionHandler.php(78): CodeIgniter\HTTP\Response->send()
#4 E:\xampp\htdocs\Codeigniter_project\system\Debug\Exceptions.php(146): CodeIgniter\Debug\ExceptionHandler->handle(Object(CodeIgniter\Exceptions\FrameworkException), Object(CodeIgniter\HTTP\IncomingRequest), Object(CodeIgniter\HTTP\Response), 500, 1)
#5 [internal function]: CodeIgniter\Debug\Exceptions->exceptionHandler(Object(CodeIgniter\Exceptions\FrameworkException))
#6 {main}
  thrown
【Previous Exception】
CodeIgniter\Exceptions\FrameworkException
The framework needs the following extension(s) installed and loaded: intl.
#0 E:\xampp\htdocs\Codeigniter_project\system\CodeIgniter.php(246): CodeIgniter\Exceptions\FrameworkException::forMissingExtension('intl')
#1 E:\xampp\htdocs\Codeigniter_project\system\CodeIgniter.php(210): CodeIgniter\CodeIgniter->resolvePlatformExtensions()
#2 E:\xampp\htdocs\Codeigniter_project\spark(88): CodeIgniter\CodeIgniter->initialize()
#3 {main}
in SYSTEMPATH\I18n\TimeTrait.php on line 74.
 1 [internal function]: CodeIgniter\Debug\Exceptions->shutdownHandler()
CRITICAL - 2023-10-05 08:19:21 --> The framework needs the following extension(s) installed and loaded: intl.
in SYSTEMPATH\CodeIgniter.php on line 246.
 1 SYSTEMPATH\CodeIgniter.php(246): CodeIgniter\Exceptions\FrameworkException::forMissingExtension('intl')
 2 SYSTEMPATH\CodeIgniter.php(210): CodeIgniter\CodeIgniter->resolvePlatformExtensions()
 3 ROOTPATH\spark(88): CodeIgniter\CodeIgniter->initialize()
CRITICAL - 2023-10-05 08:19:21 --> Uncaught Error: Class "Locale" not found in E:\xampp\htdocs\Codeigniter_project\system\I18n\TimeTrait.php:74
Stack trace:
#0 E:\xampp\htdocs\Codeigniter_project\system\I18n\TimeTrait.php(115): CodeIgniter\I18n\Time->__construct(NULL, NULL, NULL)
#1 E:\xampp\htdocs\Codeigniter_project\system\HTTP\ResponseTrait.php(468): CodeIgniter\I18n\Time::now()
#2 E:\xampp\htdocs\Codeigniter_project\system\HTTP\ResponseTrait.php(446): CodeIgniter\HTTP\Response->sendHeaders()
#3 E:\xampp\htdocs\Codeigniter_project\system\Debug\ExceptionHandler.php(78): CodeIgniter\HTTP\Response->send()
#4 E:\xampp\htdocs\Codeigniter_project\system\Debug\Exceptions.php(146): CodeIgniter\Debug\ExceptionHandler->handle(Object(CodeIgniter\Exceptions\FrameworkException), Object(CodeIgniter\HTTP\IncomingRequest), Object(CodeIgniter\HTTP\Response), 500, 1)
#5 [internal function]: CodeIgniter\Debug\Exceptions->exceptionHandler(Object(CodeIgniter\Exceptions\FrameworkException))
#6 {main}
  thrown
【Previous Exception】
CodeIgniter\Exceptions\FrameworkException
The framework needs the following extension(s) installed and loaded: intl.
#0 E:\xampp\htdocs\Codeigniter_project\system\CodeIgniter.php(246): CodeIgniter\Exceptions\FrameworkException::forMissingExtension('intl')
#1 E:\xampp\htdocs\Codeigniter_project\system\CodeIgniter.php(210): CodeIgniter\CodeIgniter->resolvePlatformExtensions()
#2 E:\xampp\htdocs\Codeigniter_project\spark(88): CodeIgniter\CodeIgniter->initialize()
#3 {main}
in SYSTEMPATH\I18n\TimeTrait.php on line 74.
 1 [internal function]: CodeIgniter\Debug\Exceptions->shutdownHandler()
CRITICAL - 2023-10-05 08:46:18 --> The framework needs the following extension(s) installed and loaded: intl.
in SYSTEMPATH\CodeIgniter.php on line 246.
 1 SYSTEMPATH\CodeIgniter.php(246): CodeIgniter\Exceptions\FrameworkException::forMissingExtension('intl')
 2 SYSTEMPATH\CodeIgniter.php(210): CodeIgniter\CodeIgniter->resolvePlatformExtensions()
 3 ROOTPATH\spark(88): CodeIgniter\CodeIgniter->initialize()
CRITICAL - 2023-10-05 08:46:18 --> Uncaught Error: Class "Locale" not found in E:\xampp\htdocs\Codeigniter_project\system\I18n\TimeTrait.php:74
Stack trace:
#0 E:\xampp\htdocs\Codeigniter_project\system\I18n\TimeTrait.php(115): CodeIgniter\I18n\Time->__construct(NULL, NULL, NULL)
#1 E:\xampp\htdocs\Codeigniter_project\system\HTTP\ResponseTrait.php(468): CodeIgniter\I18n\Time::now()
#2 E:\xampp\htdocs\Codeigniter_project\system\HTTP\ResponseTrait.php(446): CodeIgniter\HTTP\Response->sendHeaders()
#3 E:\xampp\htdocs\Codeigniter_project\system\Debug\ExceptionHandler.php(78): CodeIgniter\HTTP\Response->send()
#4 E:\xampp\htdocs\Codeigniter_project\system\Debug\Exceptions.php(146): CodeIgniter\Debug\ExceptionHandler->handle(Object(CodeIgniter\Exceptions\FrameworkException), Object(CodeIgniter\HTTP\IncomingRequest), Object(CodeIgniter\HTTP\Response), 500, 1)
#5 [internal function]: CodeIgniter\Debug\Exceptions->exceptionHandler(Object(CodeIgniter\Exceptions\FrameworkException))
#6 {main}
  thrown
【Previous Exception】
CodeIgniter\Exceptions\FrameworkException
The framework needs the following extension(s) installed and loaded: intl.
#0 E:\xampp\htdocs\Codeigniter_project\system\CodeIgniter.php(246): CodeIgniter\Exceptions\FrameworkException::forMissingExtension('intl')
#1 E:\xampp\htdocs\Codeigniter_project\system\CodeIgniter.php(210): CodeIgniter\CodeIgniter->resolvePlatformExtensions()
#2 E:\xampp\htdocs\Codeigniter_project\spark(88): CodeIgniter\CodeIgniter->initialize()
#3 {main}
in SYSTEMPATH\I18n\TimeTrait.php on line 74.
 1 [internal function]: CodeIgniter\Debug\Exceptions->shutdownHandler()
CRITICAL - 2023-10-05 08:46:22 --> The framework needs the following extension(s) installed and loaded: intl.
in SYSTEMPATH\CodeIgniter.php on line 246.
 1 SYSTEMPATH\CodeIgniter.php(246): CodeIgniter\Exceptions\FrameworkException::forMissingExtension('intl')
 2 SYSTEMPATH\CodeIgniter.php(210): CodeIgniter\CodeIgniter->resolvePlatformExtensions()
 3 ROOTPATH\spark(88): CodeIgniter\CodeIgniter->initialize()
CRITICAL - 2023-10-05 08:46:22 --> Uncaught Error: Class "Locale" not found in E:\xampp\htdocs\Codeigniter_project\system\I18n\TimeTrait.php:74
Stack trace:
#0 E:\xampp\htdocs\Codeigniter_project\system\I18n\TimeTrait.php(115): CodeIgniter\I18n\Time->__construct(NULL, NULL, NULL)
#1 E:\xampp\htdocs\Codeigniter_project\system\HTTP\ResponseTrait.php(468): CodeIgniter\I18n\Time::now()
#2 E:\xampp\htdocs\Codeigniter_project\system\HTTP\ResponseTrait.php(446): CodeIgniter\HTTP\Response->sendHeaders()
#3 E:\xampp\htdocs\Codeigniter_project\system\Debug\ExceptionHandler.php(78): CodeIgniter\HTTP\Response->send()
#4 E:\xampp\htdocs\Codeigniter_project\system\Debug\Exceptions.php(146): CodeIgniter\Debug\ExceptionHandler->handle(Object(CodeIgniter\Exceptions\FrameworkException), Object(CodeIgniter\HTTP\IncomingRequest), Object(CodeIgniter\HTTP\Response), 500, 1)
#5 [internal function]: CodeIgniter\Debug\Exceptions->exceptionHandler(Object(CodeIgniter\Exceptions\FrameworkException))
#6 {main}
  thrown
【Previous Exception】
CodeIgniter\Exceptions\FrameworkException
The framework needs the following extension(s) installed and loaded: intl.
#0 E:\xampp\htdocs\Codeigniter_project\system\CodeIgniter.php(246): CodeIgniter\Exceptions\FrameworkException::forMissingExtension('intl')
#1 E:\xampp\htdocs\Codeigniter_project\system\CodeIgniter.php(210): CodeIgniter\CodeIgniter->resolvePlatformExtensions()
#2 E:\xampp\htdocs\Codeigniter_project\spark(88): CodeIgniter\CodeIgniter->initialize()
#3 {main}
in SYSTEMPATH\I18n\TimeTrait.php on line 74.
 1 [internal function]: CodeIgniter\Debug\Exceptions->shutdownHandler()
CRITICAL - 2023-10-05 08:46:46 --> The framework needs the following extension(s) installed and loaded: intl.
in SYSTEMPATH\CodeIgniter.php on line 246.
 1 SYSTEMPATH\CodeIgniter.php(246): CodeIgniter\Exceptions\FrameworkException::forMissingExtension('intl')
 2 SYSTEMPATH\CodeIgniter.php(210): CodeIgniter\CodeIgniter->resolvePlatformExtensions()
 3 ROOTPATH\spark(88): CodeIgniter\CodeIgniter->initialize()
CRITICAL - 2023-10-05 08:46:46 --> Uncaught Error: Class "Locale" not found in E:\xampp\htdocs\Codeigniter_project\system\I18n\TimeTrait.php:74
Stack trace:
#0 E:\xampp\htdocs\Codeigniter_project\system\I18n\TimeTrait.php(115): CodeIgniter\I18n\Time->__construct(NULL, NULL, NULL)
#1 E:\xampp\htdocs\Codeigniter_project\system\HTTP\ResponseTrait.php(468): CodeIgniter\I18n\Time::now()
#2 E:\xampp\htdocs\Codeigniter_project\system\HTTP\ResponseTrait.php(446): CodeIgniter\HTTP\Response->sendHeaders()
#3 E:\xampp\htdocs\Codeigniter_project\system\Debug\ExceptionHandler.php(78): CodeIgniter\HTTP\Response->send()
#4 E:\xampp\htdocs\Codeigniter_project\system\Debug\Exceptions.php(146): CodeIgniter\Debug\ExceptionHandler->handle(Object(CodeIgniter\Exceptions\FrameworkException), Object(CodeIgniter\HTTP\IncomingRequest), Object(CodeIgniter\HTTP\Response), 500, 1)
#5 [internal function]: CodeIgniter\Debug\Exceptions->exceptionHandler(Object(CodeIgniter\Exceptions\FrameworkException))
#6 {main}
  thrown
【Previous Exception】
CodeIgniter\Exceptions\FrameworkException
The framework needs the following extension(s) installed and loaded: intl.
#0 E:\xampp\htdocs\Codeigniter_project\system\CodeIgniter.php(246): CodeIgniter\Exceptions\FrameworkException::forMissingExtension('intl')
#1 E:\xampp\htdocs\Codeigniter_project\system\CodeIgniter.php(210): CodeIgniter\CodeIgniter->resolvePlatformExtensions()
#2 E:\xampp\htdocs\Codeigniter_project\spark(88): CodeIgniter\CodeIgniter->initialize()
#3 {main}
in SYSTEMPATH\I18n\TimeTrait.php on line 74.
 1 [internal function]: CodeIgniter\Debug\Exceptions->shutdownHandler()
CRITICAL - 2023-10-05 09:07:41 --> The framework needs the following extension(s) installed and loaded: intl.
in SYSTEMPATH\CodeIgniter.php on line 246.
 1 SYSTEMPATH\CodeIgniter.php(246): CodeIgniter\Exceptions\FrameworkException::forMissingExtension('intl')
 2 SYSTEMPATH\CodeIgniter.php(210): CodeIgniter\CodeIgniter->resolvePlatformExtensions()
 3 ROOTPATH\spark(88): CodeIgniter\CodeIgniter->initialize()
CRITICAL - 2023-10-05 09:07:41 --> Uncaught Error: Class "Locale" not found in E:\xampp\htdocs\Codeigniter_project\system\I18n\TimeTrait.php:74
Stack trace:
#0 E:\xampp\htdocs\Codeigniter_project\system\I18n\TimeTrait.php(115): CodeIgniter\I18n\Time->__construct(NULL, NULL, NULL)
#1 E:\xampp\htdocs\Codeigniter_project\system\HTTP\ResponseTrait.php(468): CodeIgniter\I18n\Time::now()
#2 E:\xampp\htdocs\Codeigniter_project\system\HTTP\ResponseTrait.php(446): CodeIgniter\HTTP\Response->sendHeaders()
#3 E:\xampp\htdocs\Codeigniter_project\system\Debug\ExceptionHandler.php(78): CodeIgniter\HTTP\Response->send()
#4 E:\xampp\htdocs\Codeigniter_project\system\Debug\Exceptions.php(146): CodeIgniter\Debug\ExceptionHandler->handle(Object(CodeIgniter\Exceptions\FrameworkException), Object(CodeIgniter\HTTP\IncomingRequest), Object(CodeIgniter\HTTP\Response), 500, 1)
#5 [internal function]: CodeIgniter\Debug\Exceptions->exceptionHandler(Object(CodeIgniter\Exceptions\FrameworkException))
#6 {main}
  thrown
【Previous Exception】
CodeIgniter\Exceptions\FrameworkException
The framework needs the following extension(s) installed and loaded: intl.
#0 E:\xampp\htdocs\Codeigniter_project\system\CodeIgniter.php(246): CodeIgniter\Exceptions\FrameworkException::forMissingExtension('intl')
#1 E:\xampp\htdocs\Codeigniter_project\system\CodeIgniter.php(210): CodeIgniter\CodeIgniter->resolvePlatformExtensions()
#2 E:\xampp\htdocs\Codeigniter_project\spark(88): CodeIgniter\CodeIgniter->initialize()
#3 {main}
in SYSTEMPATH\I18n\TimeTrait.php on line 74.
 1 [internal function]: CodeIgniter\Debug\Exceptions->shutdownHandler()
