CRITICAL - 2023-10-17 16:11:57 --> Undefined variable $mealSum
in APPPATH\Views\pages\reports\indivisual.php on line 58.
 1 APPPATH\Views\pages\reports\indivisual.php(58): CodeIgniter\Debug\Exceptions->errorHandler(2, 'Undefined variable $mealSum', 'D:\\xampp\\htdocs\\Codeigniter_project\\app\\Views\\pages\\reports\\indivisual.php', 58)
 2 SYSTEMPATH\View\View.php(226): include('D:\\xampp\\htdocs\\Codeigniter_project\\app\\Views\\pages\\reports\\indivisual.php')
 3 SYSTEMPATH\View\View.php(229): CodeIgniter\View\View->CodeIgniter\View\{closure}()
 4 SYSTEMPATH\Common.php(1188): CodeIgniter\View\View->render('pages/reports/indivisual', [], true)
 5 APPPATH\Controllers\ReportsController.php(40): view('pages/reports/indivisual', [...])
 6 SYSTEMPATH\CodeIgniter.php(919): App\Controllers\ReportsController->reportI()
 7 SYSTEMPATH\CodeIgniter.php(494): CodeIgniter\CodeIgniter->runController(Object(App\Controllers\ReportsController))
 8 SYSTEMPATH\CodeIgniter.php(353): CodeIgniter\CodeIgniter->handleRequest(null, Object(Config\Cache), false)
 9 FCPATH\index.php(79): CodeIgniter\CodeIgniter->run()
10 SYSTEMPATH\Commands\Server\rewrite.php(47): require_once('D:\\xampp\\htdocs\\Codeigniter_project\\public\\index.php')
ERROR - 2023-10-17 16:27:57 --> mysqli_sql_exception: Unknown column '$memberSum' in 'field list' in D:\xampp\htdocs\Codeigniter_project\system\Database\MySQLi\Connection.php:306
Stack trace:
#0 D:\xampp\htdocs\Codeigniter_project\system\Database\MySQLi\Connection.php(306): mysqli->query('SELECT sum(rent...', 0)
#1 D:\xampp\htdocs\Codeigniter_project\system\Database\BaseConnection.php(692): CodeIgniter\Database\MySQLi\Connection->execute('SELECT sum(rent...')
#2 D:\xampp\htdocs\Codeigniter_project\system\Database\BaseConnection.php(606): CodeIgniter\Database\BaseConnection->simpleQuery('SELECT sum(rent...')
#3 D:\xampp\htdocs\Codeigniter_project\system\Database\BaseBuilder.php(1615): CodeIgniter\Database\BaseConnection->query('SELECT sum(rent...', Array, false)
#4 D:\xampp\htdocs\Codeigniter_project\system\Model.php(264): CodeIgniter\Database\BaseBuilder->get()
#5 D:\xampp\htdocs\Codeigniter_project\system\BaseModel.php(662): CodeIgniter\Model->doFirst()
#6 D:\xampp\htdocs\Codeigniter_project\app\Controllers\ReportsController.php(58): CodeIgniter\BaseModel->first()
#7 D:\xampp\htdocs\Codeigniter_project\system\CodeIgniter.php(919): App\Controllers\ReportsController->Edit('1')
#8 D:\xampp\htdocs\Codeigniter_project\system\CodeIgniter.php(494): CodeIgniter\CodeIgniter->runController(Object(App\Controllers\ReportsController))
#9 D:\xampp\htdocs\Codeigniter_project\system\CodeIgniter.php(353): CodeIgniter\CodeIgniter->handleRequest(NULL, Object(Config\Cache), false)
#10 D:\xampp\htdocs\Codeigniter_project\public\index.php(79): CodeIgniter\CodeIgniter->run()
#11 D:\xampp\htdocs\Codeigniter_project\system\Commands\Server\rewrite.php(47): require_once('D:\\xampp\\htdocs...')
#12 {main}
CRITICAL - 2023-10-17 16:27:57 --> Unknown column '$memberSum' in 'field list'
in SYSTEMPATH\Database\BaseConnection.php on line 646.
 1 SYSTEMPATH\Database\BaseBuilder.php(1615): CodeIgniter\Database\BaseConnection->query('SELECT sum(rent + gas + current + wifi + bua + city)/$memberSum as sumQuantities
FROM `house_rent`
 LIMIT 1', [], false)
 2 SYSTEMPATH\Model.php(264): CodeIgniter\Database\BaseBuilder->get()
 3 SYSTEMPATH\BaseModel.php(662): CodeIgniter\Model->doFirst()
 4 APPPATH\Controllers\ReportsController.php(58): CodeIgniter\BaseModel->first()
 5 SYSTEMPATH\CodeIgniter.php(919): App\Controllers\ReportsController->Edit('1')
 6 SYSTEMPATH\CodeIgniter.php(494): CodeIgniter\CodeIgniter->runController(Object(App\Controllers\ReportsController))
 7 SYSTEMPATH\CodeIgniter.php(353): CodeIgniter\CodeIgniter->handleRequest(null, Object(Config\Cache), false)
 8 FCPATH\index.php(79): CodeIgniter\CodeIgniter->run()
 9 SYSTEMPATH\Commands\Server\rewrite.php(47): require_once('D:\\xampp\\htdocs\\Codeigniter_project\\public\\index.php')
ERROR - 2023-10-17 16:28:16 --> mysqli_sql_exception: Unknown column '$memberSum' in 'field list' in D:\xampp\htdocs\Codeigniter_project\system\Database\MySQLi\Connection.php:306
Stack trace:
#0 D:\xampp\htdocs\Codeigniter_project\system\Database\MySQLi\Connection.php(306): mysqli->query('SELECT sum(rent...', 0)
#1 D:\xampp\htdocs\Codeigniter_project\system\Database\BaseConnection.php(692): CodeIgniter\Database\MySQLi\Connection->execute('SELECT sum(rent...')
#2 D:\xampp\htdocs\Codeigniter_project\system\Database\BaseConnection.php(606): CodeIgniter\Database\BaseConnection->simpleQuery('SELECT sum(rent...')
#3 D:\xampp\htdocs\Codeigniter_project\system\Database\BaseBuilder.php(1615): CodeIgniter\Database\BaseConnection->query('SELECT sum(rent...', Array, false)
#4 D:\xampp\htdocs\Codeigniter_project\system\Model.php(264): CodeIgniter\Database\BaseBuilder->get()
#5 D:\xampp\htdocs\Codeigniter_project\system\BaseModel.php(662): CodeIgniter\Model->doFirst()
#6 D:\xampp\htdocs\Codeigniter_project\app\Controllers\ReportsController.php(58): CodeIgniter\BaseModel->first()
#7 D:\xampp\htdocs\Codeigniter_project\system\CodeIgniter.php(919): App\Controllers\ReportsController->Edit('1')
#8 D:\xampp\htdocs\Codeigniter_project\system\CodeIgniter.php(494): CodeIgniter\CodeIgniter->runController(Object(App\Controllers\ReportsController))
#9 D:\xampp\htdocs\Codeigniter_project\system\CodeIgniter.php(353): CodeIgniter\CodeIgniter->handleRequest(NULL, Object(Config\Cache), false)
#10 D:\xampp\htdocs\Codeigniter_project\public\index.php(79): CodeIgniter\CodeIgniter->run()
#11 D:\xampp\htdocs\Codeigniter_project\system\Commands\Server\rewrite.php(47): require_once('D:\\xampp\\htdocs...')
#12 {main}
CRITICAL - 2023-10-17 16:28:16 --> Unknown column '$memberSum' in 'field list'
in SYSTEMPATH\Database\BaseConnection.php on line 646.
 1 SYSTEMPATH\Database\BaseBuilder.php(1615): CodeIgniter\Database\BaseConnection->query('SELECT sum(rent + gas + current + wifi + bua + city)/$memberSum as sumQuantities
FROM `house_rent`
 LIMIT 1', [], false)
 2 SYSTEMPATH\Model.php(264): CodeIgniter\Database\BaseBuilder->get()
 3 SYSTEMPATH\BaseModel.php(662): CodeIgniter\Model->doFirst()
 4 APPPATH\Controllers\ReportsController.php(58): CodeIgniter\BaseModel->first()
 5 SYSTEMPATH\CodeIgniter.php(919): App\Controllers\ReportsController->Edit('1')
 6 SYSTEMPATH\CodeIgniter.php(494): CodeIgniter\CodeIgniter->runController(Object(App\Controllers\ReportsController))
 7 SYSTEMPATH\CodeIgniter.php(353): CodeIgniter\CodeIgniter->handleRequest(null, Object(Config\Cache), false)
 8 FCPATH\index.php(79): CodeIgniter\CodeIgniter->run()
 9 SYSTEMPATH\Commands\Server\rewrite.php(47): require_once('D:\\xampp\\htdocs\\Codeigniter_project\\public\\index.php')
ERROR - 2023-10-17 16:29:21 --> mysqli_sql_exception: Unknown column '$memberSum' in 'field list' in D:\xampp\htdocs\Codeigniter_project\system\Database\MySQLi\Connection.php:306
Stack trace:
#0 D:\xampp\htdocs\Codeigniter_project\system\Database\MySQLi\Connection.php(306): mysqli->query('SELECT sum((ren...', 0)
#1 D:\xampp\htdocs\Codeigniter_project\system\Database\BaseConnection.php(692): CodeIgniter\Database\MySQLi\Connection->execute('SELECT sum((ren...')
#2 D:\xampp\htdocs\Codeigniter_project\system\Database\BaseConnection.php(606): CodeIgniter\Database\BaseConnection->simpleQuery('SELECT sum((ren...')
#3 D:\xampp\htdocs\Codeigniter_project\system\Database\BaseBuilder.php(1615): CodeIgniter\Database\BaseConnection->query('SELECT sum((ren...', Array, false)
#4 D:\xampp\htdocs\Codeigniter_project\system\Model.php(264): CodeIgniter\Database\BaseBuilder->get()
#5 D:\xampp\htdocs\Codeigniter_project\system\BaseModel.php(662): CodeIgniter\Model->doFirst()
#6 D:\xampp\htdocs\Codeigniter_project\app\Controllers\ReportsController.php(58): CodeIgniter\BaseModel->first()
#7 D:\xampp\htdocs\Codeigniter_project\system\CodeIgniter.php(919): App\Controllers\ReportsController->Edit('1')
#8 D:\xampp\htdocs\Codeigniter_project\system\CodeIgniter.php(494): CodeIgniter\CodeIgniter->runController(Object(App\Controllers\ReportsController))
#9 D:\xampp\htdocs\Codeigniter_project\system\CodeIgniter.php(353): CodeIgniter\CodeIgniter->handleRequest(NULL, Object(Config\Cache), false)
#10 D:\xampp\htdocs\Codeigniter_project\public\index.php(79): CodeIgniter\CodeIgniter->run()
#11 D:\xampp\htdocs\Codeigniter_project\system\Commands\Server\rewrite.php(47): require_once('D:\\xampp\\htdocs...')
#12 {main}
CRITICAL - 2023-10-17 16:29:21 --> Unknown column '$memberSum' in 'field list'
in SYSTEMPATH\Database\BaseConnection.php on line 646.
 1 SYSTEMPATH\Database\BaseBuilder.php(1615): CodeIgniter\Database\BaseConnection->query('SELECT sum((rent + gas + current + wifi + bua + city)/$memberSum) as sumQuantities
FROM `house_rent`
 LIMIT 1', [], false)
 2 SYSTEMPATH\Model.php(264): CodeIgniter\Database\BaseBuilder->get()
 3 SYSTEMPATH\BaseModel.php(662): CodeIgniter\Model->doFirst()
 4 APPPATH\Controllers\ReportsController.php(58): CodeIgniter\BaseModel->first()
 5 SYSTEMPATH\CodeIgniter.php(919): App\Controllers\ReportsController->Edit('1')
 6 SYSTEMPATH\CodeIgniter.php(494): CodeIgniter\CodeIgniter->runController(Object(App\Controllers\ReportsController))
 7 SYSTEMPATH\CodeIgniter.php(353): CodeIgniter\CodeIgniter->handleRequest(null, Object(Config\Cache), false)
 8 FCPATH\index.php(79): CodeIgniter\CodeIgniter->run()
 9 SYSTEMPATH\Commands\Server\rewrite.php(47): require_once('D:\\xampp\\htdocs\\Codeigniter_project\\public\\index.php')
CRITICAL - 2023-10-17 16:30:09 --> Undefined variable $memberSum
in APPPATH\Controllers\ReportsController.php on line 58.
 1 APPPATH\Controllers\ReportsController.php(58): CodeIgniter\Debug\Exceptions->errorHandler(2, 'Undefined variable $memberSum', 'D:\\xampp\\htdocs\\Codeigniter_project\\app\\Controllers\\ReportsController.php', 58)
 2 SYSTEMPATH\CodeIgniter.php(919): App\Controllers\ReportsController->Edit('1')
 3 SYSTEMPATH\CodeIgniter.php(494): CodeIgniter\CodeIgniter->runController(Object(App\Controllers\ReportsController))
 4 SYSTEMPATH\CodeIgniter.php(353): CodeIgniter\CodeIgniter->handleRequest(null, Object(Config\Cache), false)
 5 FCPATH\index.php(79): CodeIgniter\CodeIgniter->run()
 6 SYSTEMPATH\Commands\Server\rewrite.php(47): require_once('D:\\xampp\\htdocs\\Codeigniter_project\\public\\index.php')
CRITICAL - 2023-10-17 16:30:35 --> Undefined variable $memberSum
in APPPATH\Controllers\ReportsController.php on line 58.
 1 APPPATH\Controllers\ReportsController.php(58): CodeIgniter\Debug\Exceptions->errorHandler(2, 'Undefined variable $memberSum', 'D:\\xampp\\htdocs\\Codeigniter_project\\app\\Controllers\\ReportsController.php', 58)
 2 SYSTEMPATH\CodeIgniter.php(919): App\Controllers\ReportsController->Edit('1')
 3 SYSTEMPATH\CodeIgniter.php(494): CodeIgniter\CodeIgniter->runController(Object(App\Controllers\ReportsController))
 4 SYSTEMPATH\CodeIgniter.php(353): CodeIgniter\CodeIgniter->handleRequest(null, Object(Config\Cache), false)
 5 FCPATH\index.php(79): CodeIgniter\CodeIgniter->run()
 6 SYSTEMPATH\Commands\Server\rewrite.php(47): require_once('D:\\xampp\\htdocs\\Codeigniter_project\\public\\index.php')
ERROR - 2023-10-17 16:30:59 --> mysqli_sql_exception: You have an error in your SQL syntax; check the manual that corresponds to your MariaDB server version for the right syntax to use near ') as sumQuantities/$memberSum
FROM `house_rent`
 LIMIT 1' at line 1 in D:\xampp\htdocs\Codeigniter_project\system\Database\MySQLi\Connection.php:306
Stack trace:
#0 D:\xampp\htdocs\Codeigniter_project\system\Database\MySQLi\Connection.php(306): mysqli->query('SELECT sum(rent...', 0)
#1 D:\xampp\htdocs\Codeigniter_project\system\Database\BaseConnection.php(692): CodeIgniter\Database\MySQLi\Connection->execute('SELECT sum(rent...')
#2 D:\xampp\htdocs\Codeigniter_project\system\Database\BaseConnection.php(606): CodeIgniter\Database\BaseConnection->simpleQuery('SELECT sum(rent...')
#3 D:\xampp\htdocs\Codeigniter_project\system\Database\BaseBuilder.php(1615): CodeIgniter\Database\BaseConnection->query('SELECT sum(rent...', Array, false)
#4 D:\xampp\htdocs\Codeigniter_project\system\Model.php(264): CodeIgniter\Database\BaseBuilder->get()
#5 D:\xampp\htdocs\Codeigniter_project\system\BaseModel.php(662): CodeIgniter\Model->doFirst()
#6 D:\xampp\htdocs\Codeigniter_project\app\Controllers\ReportsController.php(58): CodeIgniter\BaseModel->first()
#7 D:\xampp\htdocs\Codeigniter_project\system\CodeIgniter.php(919): App\Controllers\ReportsController->Edit('1')
#8 D:\xampp\htdocs\Codeigniter_project\system\CodeIgniter.php(494): CodeIgniter\CodeIgniter->runController(Object(App\Controllers\ReportsController))
#9 D:\xampp\htdocs\Codeigniter_project\system\CodeIgniter.php(353): CodeIgniter\CodeIgniter->handleRequest(NULL, Object(Config\Cache), false)
#10 D:\xampp\htdocs\Codeigniter_project\public\index.php(79): CodeIgniter\CodeIgniter->run()
#11 D:\xampp\htdocs\Codeigniter_project\system\Commands\Server\rewrite.php(47): require_once('D:\\xampp\\htdocs...')
#12 {main}
CRITICAL - 2023-10-17 16:30:59 --> You have an error in your SQL syntax; check the manual that corresponds to your MariaDB server version for the right syntax to use near ') as sumQuantities/$memberSum
FROM `house_rent`
 LIMIT 1' at line 1
in SYSTEMPATH\Database\BaseConnection.php on line 646.
 1 SYSTEMPATH\Database\BaseBuilder.php(1615): CodeIgniter\Database\BaseConnection->query('SELECT sum(rent + gas + current + wifi + bua + city)) as sumQuantities/$memberSum
FROM `house_rent`
 LIMIT 1', [], false)
 2 SYSTEMPATH\Model.php(264): CodeIgniter\Database\BaseBuilder->get()
 3 SYSTEMPATH\BaseModel.php(662): CodeIgniter\Model->doFirst()
 4 APPPATH\Controllers\ReportsController.php(58): CodeIgniter\BaseModel->first()
 5 SYSTEMPATH\CodeIgniter.php(919): App\Controllers\ReportsController->Edit('1')
 6 SYSTEMPATH\CodeIgniter.php(494): CodeIgniter\CodeIgniter->runController(Object(App\Controllers\ReportsController))
 7 SYSTEMPATH\CodeIgniter.php(353): CodeIgniter\CodeIgniter->handleRequest(null, Object(Config\Cache), false)
 8 FCPATH\index.php(79): CodeIgniter\CodeIgniter->run()
 9 SYSTEMPATH\Commands\Server\rewrite.php(47): require_once('D:\\xampp\\htdocs\\Codeigniter_project\\public\\index.php')
CRITICAL - 2023-10-17 16:31:34 --> Undefined variable $memberSum
in APPPATH\Controllers\ReportsController.php on line 58.
 1 APPPATH\Controllers\ReportsController.php(58): CodeIgniter\Debug\Exceptions->errorHandler(2, 'Undefined variable $memberSum', 'D:\\xampp\\htdocs\\Codeigniter_project\\app\\Controllers\\ReportsController.php', 58)
 2 SYSTEMPATH\CodeIgniter.php(919): App\Controllers\ReportsController->Edit('1')
 3 SYSTEMPATH\CodeIgniter.php(494): CodeIgniter\CodeIgniter->runController(Object(App\Controllers\ReportsController))
 4 SYSTEMPATH\CodeIgniter.php(353): CodeIgniter\CodeIgniter->handleRequest(null, Object(Config\Cache), false)
 5 FCPATH\index.php(79): CodeIgniter\CodeIgniter->run()
 6 SYSTEMPATH\Commands\Server\rewrite.php(47): require_once('D:\\xampp\\htdocs\\Codeigniter_project\\public\\index.php')
ERROR - 2023-10-17 16:32:51 --> mysqli_sql_exception: You have an error in your SQL syntax; check the manual that corresponds to your MariaDB server version for the right syntax to use near ') as sumQuantities
FROM `house_rent`
 LIMIT 1' at line 1 in D:\xampp\htdocs\Codeigniter_project\system\Database\MySQLi\Connection.php:306
Stack trace:
#0 D:\xampp\htdocs\Codeigniter_project\system\Database\MySQLi\Connection.php(306): mysqli->query('SELECT sum(rent...', 0)
#1 D:\xampp\htdocs\Codeigniter_project\system\Database\BaseConnection.php(692): CodeIgniter\Database\MySQLi\Connection->execute('SELECT sum(rent...')
#2 D:\xampp\htdocs\Codeigniter_project\system\Database\BaseConnection.php(606): CodeIgniter\Database\BaseConnection->simpleQuery('SELECT sum(rent...')
#3 D:\xampp\htdocs\Codeigniter_project\system\Database\BaseBuilder.php(1615): CodeIgniter\Database\BaseConnection->query('SELECT sum(rent...', Array, false)
#4 D:\xampp\htdocs\Codeigniter_project\system\Model.php(264): CodeIgniter\Database\BaseBuilder->get()
#5 D:\xampp\htdocs\Codeigniter_project\system\BaseModel.php(662): CodeIgniter\Model->doFirst()
#6 D:\xampp\htdocs\Codeigniter_project\app\Controllers\ReportsController.php(58): CodeIgniter\BaseModel->first()
#7 D:\xampp\htdocs\Codeigniter_project\system\CodeIgniter.php(919): App\Controllers\ReportsController->Edit('1')
#8 D:\xampp\htdocs\Codeigniter_project\system\CodeIgniter.php(494): CodeIgniter\CodeIgniter->runController(Object(App\Controllers\ReportsController))
#9 D:\xampp\htdocs\Codeigniter_project\system\CodeIgniter.php(353): CodeIgniter\CodeIgniter->handleRequest(NULL, Object(Config\Cache), false)
#10 D:\xampp\htdocs\Codeigniter_project\public\index.php(79): CodeIgniter\CodeIgniter->run()
#11 D:\xampp\htdocs\Codeigniter_project\system\Commands\Server\rewrite.php(47): require_once('D:\\xampp\\htdocs...')
#12 {main}
CRITICAL - 2023-10-17 16:32:51 --> You have an error in your SQL syntax; check the manual that corresponds to your MariaDB server version for the right syntax to use near ') as sumQuantities
FROM `house_rent`
 LIMIT 1' at line 1
in SYSTEMPATH\Database\BaseConnection.php on line 646.
 1 SYSTEMPATH\Database\BaseBuilder.php(1615): CodeIgniter\Database\BaseConnection->query('SELECT sum(rent + gas + current + wifi + bua + city)) as sumQuantities
FROM `house_rent`
 LIMIT 1', [], false)
 2 SYSTEMPATH\Model.php(264): CodeIgniter\Database\BaseBuilder->get()
 3 SYSTEMPATH\BaseModel.php(662): CodeIgniter\Model->doFirst()
 4 APPPATH\Controllers\ReportsController.php(58): CodeIgniter\BaseModel->first()
 5 SYSTEMPATH\CodeIgniter.php(919): App\Controllers\ReportsController->Edit('1')
 6 SYSTEMPATH\CodeIgniter.php(494): CodeIgniter\CodeIgniter->runController(Object(App\Controllers\ReportsController))
 7 SYSTEMPATH\CodeIgniter.php(353): CodeIgniter\CodeIgniter->handleRequest(null, Object(Config\Cache), false)
 8 FCPATH\index.php(79): CodeIgniter\CodeIgniter->run()
 9 SYSTEMPATH\Commands\Server\rewrite.php(47): require_once('D:\\xampp\\htdocs\\Codeigniter_project\\public\\index.php')
CRITICAL - 2023-10-17 16:56:15 --> Undefined variable $member
in APPPATH\Views\pages\reports\indivisual.php on line 44.
 1 APPPATH\Views\pages\reports\indivisual.php(44): CodeIgniter\Debug\Exceptions->errorHandler(2, 'Undefined variable $member', 'D:\\xampp\\htdocs\\Codeigniter_project\\app\\Views\\pages\\reports\\indivisual.php', 44)
 2 SYSTEMPATH\View\View.php(226): include('D:\\xampp\\htdocs\\Codeigniter_project\\app\\Views\\pages\\reports\\indivisual.php')
 3 SYSTEMPATH\View\View.php(229): CodeIgniter\View\View->CodeIgniter\View\{closure}()
 4 SYSTEMPATH\Common.php(1188): CodeIgniter\View\View->render('pages/reports/indivisual', [], true)
 5 APPPATH\Controllers\ReportsController.php(66): view('pages/reports/indivisual', [...])
 6 SYSTEMPATH\CodeIgniter.php(919): App\Controllers\ReportsController->Edit('5')
 7 SYSTEMPATH\CodeIgniter.php(494): CodeIgniter\CodeIgniter->runController(Object(App\Controllers\ReportsController))
 8 SYSTEMPATH\CodeIgniter.php(353): CodeIgniter\CodeIgniter->handleRequest(null, Object(Config\Cache), false)
 9 FCPATH\index.php(79): CodeIgniter\CodeIgniter->run()
10 SYSTEMPATH\Commands\Server\rewrite.php(47): require_once('D:\\xampp\\htdocs\\Codeigniter_project\\public\\index.php')
CRITICAL - 2023-10-17 16:56:49 --> Trying to access array offset on value of type int
in APPPATH\Views\pages\reports\indivisual.php on line 44.
 1 APPPATH\Views\pages\reports\indivisual.php(44): CodeIgniter\Debug\Exceptions->errorHandler(2, 'Trying to access array offset on value of type int', 'D:\\xampp\\htdocs\\Codeigniter_project\\app\\Views\\pages\\reports\\indivisual.php', 44)
 2 SYSTEMPATH\View\View.php(226): include('D:\\xampp\\htdocs\\Codeigniter_project\\app\\Views\\pages\\reports\\indivisual.php')
 3 SYSTEMPATH\View\View.php(229): CodeIgniter\View\View->CodeIgniter\View\{closure}()
 4 SYSTEMPATH\Common.php(1188): CodeIgniter\View\View->render('pages/reports/indivisual', [], true)
 5 APPPATH\Controllers\ReportsController.php(66): view('pages/reports/indivisual', [...])
 6 SYSTEMPATH\CodeIgniter.php(919): App\Controllers\ReportsController->Edit('5')
 7 SYSTEMPATH\CodeIgniter.php(494): CodeIgniter\CodeIgniter->runController(Object(App\Controllers\ReportsController))
 8 SYSTEMPATH\CodeIgniter.php(353): CodeIgniter\CodeIgniter->handleRequest(null, Object(Config\Cache), false)
 9 FCPATH\index.php(79): CodeIgniter\CodeIgniter->run()
10 SYSTEMPATH\Commands\Server\rewrite.php(47): require_once('D:\\xampp\\htdocs\\Codeigniter_project\\public\\index.php')
CRITICAL - 2023-10-17 16:56:52 --> Trying to access array offset on value of type int
in APPPATH\Views\pages\reports\indivisual.php on line 44.
 1 APPPATH\Views\pages\reports\indivisual.php(44): CodeIgniter\Debug\Exceptions->errorHandler(2, 'Trying to access array offset on value of type int', 'D:\\xampp\\htdocs\\Codeigniter_project\\app\\Views\\pages\\reports\\indivisual.php', 44)
 2 SYSTEMPATH\View\View.php(226): include('D:\\xampp\\htdocs\\Codeigniter_project\\app\\Views\\pages\\reports\\indivisual.php')
 3 SYSTEMPATH\View\View.php(229): CodeIgniter\View\View->CodeIgniter\View\{closure}()
 4 SYSTEMPATH\Common.php(1188): CodeIgniter\View\View->render('pages/reports/indivisual', [], true)
 5 APPPATH\Controllers\ReportsController.php(66): view('pages/reports/indivisual', [...])
 6 SYSTEMPATH\CodeIgniter.php(919): App\Controllers\ReportsController->Edit('5')
 7 SYSTEMPATH\CodeIgniter.php(494): CodeIgniter\CodeIgniter->runController(Object(App\Controllers\ReportsController))
 8 SYSTEMPATH\CodeIgniter.php(353): CodeIgniter\CodeIgniter->handleRequest(null, Object(Config\Cache), false)
 9 FCPATH\index.php(79): CodeIgniter\CodeIgniter->run()
10 SYSTEMPATH\Commands\Server\rewrite.php(47): require_once('D:\\xampp\\htdocs\\Codeigniter_project\\public\\index.php')
CRITICAL - 2023-10-17 16:58:21 --> Undefined variable $member
in APPPATH\Views\pages\reports\indivisual.php on line 45.
 1 APPPATH\Views\pages\reports\indivisual.php(45): CodeIgniter\Debug\Exceptions->errorHandler(2, 'Undefined variable $member', 'D:\\xampp\\htdocs\\Codeigniter_project\\app\\Views\\pages\\reports\\indivisual.php', 45)
 2 SYSTEMPATH\View\View.php(226): include('D:\\xampp\\htdocs\\Codeigniter_project\\app\\Views\\pages\\reports\\indivisual.php')
 3 SYSTEMPATH\View\View.php(229): CodeIgniter\View\View->CodeIgniter\View\{closure}()
 4 SYSTEMPATH\Common.php(1188): CodeIgniter\View\View->render('pages/reports/indivisual', [], true)
 5 APPPATH\Controllers\ReportsController.php(66): view('pages/reports/indivisual', [...])
 6 SYSTEMPATH\CodeIgniter.php(919): App\Controllers\ReportsController->Edit('5')
 7 SYSTEMPATH\CodeIgniter.php(494): CodeIgniter\CodeIgniter->runController(Object(App\Controllers\ReportsController))
 8 SYSTEMPATH\CodeIgniter.php(353): CodeIgniter\CodeIgniter->handleRequest(null, Object(Config\Cache), false)
 9 FCPATH\index.php(79): CodeIgniter\CodeIgniter->run()
10 SYSTEMPATH\Commands\Server\rewrite.php(47): require_once('D:\\xampp\\htdocs\\Codeigniter_project\\public\\index.php')
CRITICAL - 2023-10-17 16:59:25 --> Undefined variable $member
in APPPATH\Views\pages\reports\indivisual.php on line 43.
 1 APPPATH\Views\pages\reports\indivisual.php(43): CodeIgniter\Debug\Exceptions->errorHandler(2, 'Undefined variable $member', 'D:\\xampp\\htdocs\\Codeigniter_project\\app\\Views\\pages\\reports\\indivisual.php', 43)
 2 SYSTEMPATH\View\View.php(226): include('D:\\xampp\\htdocs\\Codeigniter_project\\app\\Views\\pages\\reports\\indivisual.php')
 3 SYSTEMPATH\View\View.php(229): CodeIgniter\View\View->CodeIgniter\View\{closure}()
 4 SYSTEMPATH\Common.php(1188): CodeIgniter\View\View->render('pages/reports/indivisual', [], true)
 5 APPPATH\Controllers\ReportsController.php(66): view('pages/reports/indivisual', [...])
 6 SYSTEMPATH\CodeIgniter.php(919): App\Controllers\ReportsController->Edit('5')
 7 SYSTEMPATH\CodeIgniter.php(494): CodeIgniter\CodeIgniter->runController(Object(App\Controllers\ReportsController))
 8 SYSTEMPATH\CodeIgniter.php(353): CodeIgniter\CodeIgniter->handleRequest(null, Object(Config\Cache), false)
 9 FCPATH\index.php(79): CodeIgniter\CodeIgniter->run()
10 SYSTEMPATH\Commands\Server\rewrite.php(47): require_once('D:\\xampp\\htdocs\\Codeigniter_project\\public\\index.php')
CRITICAL - 2023-10-17 17:01:29 --> Undefined variable $member
in APPPATH\Views\pages\reports\indivisual.php on line 43.
 1 APPPATH\Views\pages\reports\indivisual.php(43): CodeIgniter\Debug\Exceptions->errorHandler(2, 'Undefined variable $member', 'D:\\xampp\\htdocs\\Codeigniter_project\\app\\Views\\pages\\reports\\indivisual.php', 43)
 2 SYSTEMPATH\View\View.php(226): include('D:\\xampp\\htdocs\\Codeigniter_project\\app\\Views\\pages\\reports\\indivisual.php')
 3 SYSTEMPATH\View\View.php(229): CodeIgniter\View\View->CodeIgniter\View\{closure}()
 4 SYSTEMPATH\Common.php(1188): CodeIgniter\View\View->render('pages/reports/indivisual', [], true)
 5 APPPATH\Controllers\ReportsController.php(66): view('pages/reports/indivisual', [...])
 6 SYSTEMPATH\CodeIgniter.php(919): App\Controllers\ReportsController->Edit('5')
 7 SYSTEMPATH\CodeIgniter.php(494): CodeIgniter\CodeIgniter->runController(Object(App\Controllers\ReportsController))
 8 SYSTEMPATH\CodeIgniter.php(353): CodeIgniter\CodeIgniter->handleRequest(null, Object(Config\Cache), false)
 9 FCPATH\index.php(79): CodeIgniter\CodeIgniter->run()
10 SYSTEMPATH\Commands\Server\rewrite.php(47): require_once('D:\\xampp\\htdocs\\Codeigniter_project\\public\\index.php')
CRITICAL - 2023-10-17 17:01:31 --> Undefined variable $member
in APPPATH\Views\pages\reports\indivisual.php on line 43.
 1 APPPATH\Views\pages\reports\indivisual.php(43): CodeIgniter\Debug\Exceptions->errorHandler(2, 'Undefined variable $member', 'D:\\xampp\\htdocs\\Codeigniter_project\\app\\Views\\pages\\reports\\indivisual.php', 43)
 2 SYSTEMPATH\View\View.php(226): include('D:\\xampp\\htdocs\\Codeigniter_project\\app\\Views\\pages\\reports\\indivisual.php')
 3 SYSTEMPATH\View\View.php(229): CodeIgniter\View\View->CodeIgniter\View\{closure}()
 4 SYSTEMPATH\Common.php(1188): CodeIgniter\View\View->render('pages/reports/indivisual', [], true)
 5 APPPATH\Controllers\ReportsController.php(66): view('pages/reports/indivisual', [...])
 6 SYSTEMPATH\CodeIgniter.php(919): App\Controllers\ReportsController->Edit('5')
 7 SYSTEMPATH\CodeIgniter.php(494): CodeIgniter\CodeIgniter->runController(Object(App\Controllers\ReportsController))
 8 SYSTEMPATH\CodeIgniter.php(353): CodeIgniter\CodeIgniter->handleRequest(null, Object(Config\Cache), false)
 9 FCPATH\index.php(79): CodeIgniter\CodeIgniter->run()
10 SYSTEMPATH\Commands\Server\rewrite.php(47): require_once('D:\\xampp\\htdocs\\Codeigniter_project\\public\\index.php')
CRITICAL - 2023-10-17 17:01:53 --> Undefined variable $memberI
in APPPATH\Views\pages\reports\indivisual.php on line 43.
 1 APPPATH\Views\pages\reports\indivisual.php(43): CodeIgniter\Debug\Exceptions->errorHandler(2, 'Undefined variable $memberI', 'D:\\xampp\\htdocs\\Codeigniter_project\\app\\Views\\pages\\reports\\indivisual.php', 43)
 2 SYSTEMPATH\View\View.php(226): include('D:\\xampp\\htdocs\\Codeigniter_project\\app\\Views\\pages\\reports\\indivisual.php')
 3 SYSTEMPATH\View\View.php(229): CodeIgniter\View\View->CodeIgniter\View\{closure}()
 4 SYSTEMPATH\Common.php(1188): CodeIgniter\View\View->render('pages/reports/indivisual', [], true)
 5 APPPATH\Controllers\ReportsController.php(66): view('pages/reports/indivisual', [...])
 6 SYSTEMPATH\CodeIgniter.php(919): App\Controllers\ReportsController->Edit('5')
 7 SYSTEMPATH\CodeIgniter.php(494): CodeIgniter\CodeIgniter->runController(Object(App\Controllers\ReportsController))
 8 SYSTEMPATH\CodeIgniter.php(353): CodeIgniter\CodeIgniter->handleRequest(null, Object(Config\Cache), false)
 9 FCPATH\index.php(79): CodeIgniter\CodeIgniter->run()
10 SYSTEMPATH\Commands\Server\rewrite.php(47): require_once('D:\\xampp\\htdocs\\Codeigniter_project\\public\\index.php')
CRITICAL - 2023-10-17 17:01:56 --> Undefined variable $memberI
in APPPATH\Views\pages\reports\indivisual.php on line 43.
 1 APPPATH\Views\pages\reports\indivisual.php(43): CodeIgniter\Debug\Exceptions->errorHandler(2, 'Undefined variable $memberI', 'D:\\xampp\\htdocs\\Codeigniter_project\\app\\Views\\pages\\reports\\indivisual.php', 43)
 2 SYSTEMPATH\View\View.php(226): include('D:\\xampp\\htdocs\\Codeigniter_project\\app\\Views\\pages\\reports\\indivisual.php')
 3 SYSTEMPATH\View\View.php(229): CodeIgniter\View\View->CodeIgniter\View\{closure}()
 4 SYSTEMPATH\Common.php(1188): CodeIgniter\View\View->render('pages/reports/indivisual', [], true)
 5 APPPATH\Controllers\ReportsController.php(66): view('pages/reports/indivisual', [...])
 6 SYSTEMPATH\CodeIgniter.php(919): App\Controllers\ReportsController->Edit('5')
 7 SYSTEMPATH\CodeIgniter.php(494): CodeIgniter\CodeIgniter->runController(Object(App\Controllers\ReportsController))
 8 SYSTEMPATH\CodeIgniter.php(353): CodeIgniter\CodeIgniter->handleRequest(null, Object(Config\Cache), false)
 9 FCPATH\index.php(79): CodeIgniter\CodeIgniter->run()
10 SYSTEMPATH\Commands\Server\rewrite.php(47): require_once('D:\\xampp\\htdocs\\Codeigniter_project\\public\\index.php')
CRITICAL - 2023-10-17 17:02:16 --> Undefined variable $memberI
in APPPATH\Views\pages\reports\indivisual.php on line 43.
 1 APPPATH\Views\pages\reports\indivisual.php(43): CodeIgniter\Debug\Exceptions->errorHandler(2, 'Undefined variable $memberI', 'D:\\xampp\\htdocs\\Codeigniter_project\\app\\Views\\pages\\reports\\indivisual.php', 43)
 2 SYSTEMPATH\View\View.php(226): include('D:\\xampp\\htdocs\\Codeigniter_project\\app\\Views\\pages\\reports\\indivisual.php')
 3 SYSTEMPATH\View\View.php(229): CodeIgniter\View\View->CodeIgniter\View\{closure}()
 4 SYSTEMPATH\Common.php(1188): CodeIgniter\View\View->render('pages/reports/indivisual', [], true)
 5 APPPATH\Controllers\ReportsController.php(66): view('pages/reports/indivisual', [...])
 6 SYSTEMPATH\CodeIgniter.php(919): App\Controllers\ReportsController->Edit('5')
 7 SYSTEMPATH\CodeIgniter.php(494): CodeIgniter\CodeIgniter->runController(Object(App\Controllers\ReportsController))
 8 SYSTEMPATH\CodeIgniter.php(353): CodeIgniter\CodeIgniter->handleRequest(null, Object(Config\Cache), false)
 9 FCPATH\index.php(79): CodeIgniter\CodeIgniter->run()
10 SYSTEMPATH\Commands\Server\rewrite.php(47): require_once('D:\\xampp\\htdocs\\Codeigniter_project\\public\\index.php')
CRITICAL - 2023-10-17 17:02:36 --> Undefined variable $memberI
in APPPATH\Views\pages\reports\indivisual.php on line 43.
 1 APPPATH\Views\pages\reports\indivisual.php(43): CodeIgniter\Debug\Exceptions->errorHandler(2, 'Undefined variable $memberI', 'D:\\xampp\\htdocs\\Codeigniter_project\\app\\Views\\pages\\reports\\indivisual.php', 43)
 2 SYSTEMPATH\View\View.php(226): include('D:\\xampp\\htdocs\\Codeigniter_project\\app\\Views\\pages\\reports\\indivisual.php')
 3 SYSTEMPATH\View\View.php(229): CodeIgniter\View\View->CodeIgniter\View\{closure}()
 4 SYSTEMPATH\Common.php(1188): CodeIgniter\View\View->render('pages/reports/indivisual', [], true)
 5 APPPATH\Controllers\ReportsController.php(66): view('pages/reports/indivisual', [...])
 6 SYSTEMPATH\CodeIgniter.php(919): App\Controllers\ReportsController->Edit('5')
 7 SYSTEMPATH\CodeIgniter.php(494): CodeIgniter\CodeIgniter->runController(Object(App\Controllers\ReportsController))
 8 SYSTEMPATH\CodeIgniter.php(353): CodeIgniter\CodeIgniter->handleRequest(null, Object(Config\Cache), false)
 9 FCPATH\index.php(79): CodeIgniter\CodeIgniter->run()
10 SYSTEMPATH\Commands\Server\rewrite.php(47): require_once('D:\\xampp\\htdocs\\Codeigniter_project\\public\\index.php')
CRITICAL - 2023-10-17 17:02:42 --> Undefined variable $memberI
in APPPATH\Views\pages\reports\indivisual.php on line 43.
 1 APPPATH\Views\pages\reports\indivisual.php(43): CodeIgniter\Debug\Exceptions->errorHandler(2, 'Undefined variable $memberI', 'D:\\xampp\\htdocs\\Codeigniter_project\\app\\Views\\pages\\reports\\indivisual.php', 43)
 2 SYSTEMPATH\View\View.php(226): include('D:\\xampp\\htdocs\\Codeigniter_project\\app\\Views\\pages\\reports\\indivisual.php')
 3 SYSTEMPATH\View\View.php(229): CodeIgniter\View\View->CodeIgniter\View\{closure}()
 4 SYSTEMPATH\Common.php(1188): CodeIgniter\View\View->render('pages/reports/indivisual', [], true)
 5 APPPATH\Controllers\ReportsController.php(66): view('pages/reports/indivisual', [...])
 6 SYSTEMPATH\CodeIgniter.php(919): App\Controllers\ReportsController->Edit('1')
 7 SYSTEMPATH\CodeIgniter.php(494): CodeIgniter\CodeIgniter->runController(Object(App\Controllers\ReportsController))
 8 SYSTEMPATH\CodeIgniter.php(353): CodeIgniter\CodeIgniter->handleRequest(null, Object(Config\Cache), false)
 9 FCPATH\index.php(79): CodeIgniter\CodeIgniter->run()
10 SYSTEMPATH\Commands\Server\rewrite.php(47): require_once('D:\\xampp\\htdocs\\Codeigniter_project\\public\\index.php')
CRITICAL - 2023-10-17 17:02:56 --> Undefined variable $memberI
in APPPATH\Views\pages\reports\indivisual.php on line 43.
 1 APPPATH\Views\pages\reports\indivisual.php(43): CodeIgniter\Debug\Exceptions->errorHandler(2, 'Undefined variable $memberI', 'D:\\xampp\\htdocs\\Codeigniter_project\\app\\Views\\pages\\reports\\indivisual.php', 43)
 2 SYSTEMPATH\View\View.php(226): include('D:\\xampp\\htdocs\\Codeigniter_project\\app\\Views\\pages\\reports\\indivisual.php')
 3 SYSTEMPATH\View\View.php(229): CodeIgniter\View\View->CodeIgniter\View\{closure}()
 4 SYSTEMPATH\Common.php(1188): CodeIgniter\View\View->render('pages/reports/indivisual', [], true)
 5 APPPATH\Controllers\ReportsController.php(66): view('pages/reports/indivisual', [...])
 6 SYSTEMPATH\CodeIgniter.php(919): App\Controllers\ReportsController->Edit('1')
 7 SYSTEMPATH\CodeIgniter.php(494): CodeIgniter\CodeIgniter->runController(Object(App\Controllers\ReportsController))
 8 SYSTEMPATH\CodeIgniter.php(353): CodeIgniter\CodeIgniter->handleRequest(null, Object(Config\Cache), false)
 9 FCPATH\index.php(79): CodeIgniter\CodeIgniter->run()
10 SYSTEMPATH\Commands\Server\rewrite.php(47): require_once('D:\\xampp\\htdocs\\Codeigniter_project\\public\\index.php')
CRITICAL - 2023-10-17 17:03:26 --> Undefined variable $member
in APPPATH\Views\pages\reports\indivisual.php on line 43.
 1 APPPATH\Views\pages\reports\indivisual.php(43): CodeIgniter\Debug\Exceptions->errorHandler(2, 'Undefined variable $member', 'D:\\xampp\\htdocs\\Codeigniter_project\\app\\Views\\pages\\reports\\indivisual.php', 43)
 2 SYSTEMPATH\View\View.php(226): include('D:\\xampp\\htdocs\\Codeigniter_project\\app\\Views\\pages\\reports\\indivisual.php')
 3 SYSTEMPATH\View\View.php(229): CodeIgniter\View\View->CodeIgniter\View\{closure}()
 4 SYSTEMPATH\Common.php(1188): CodeIgniter\View\View->render('pages/reports/indivisual', [], true)
 5 APPPATH\Controllers\ReportsController.php(66): view('pages/reports/indivisual', [...])
 6 SYSTEMPATH\CodeIgniter.php(919): App\Controllers\ReportsController->Edit('1')
 7 SYSTEMPATH\CodeIgniter.php(494): CodeIgniter\CodeIgniter->runController(Object(App\Controllers\ReportsController))
 8 SYSTEMPATH\CodeIgniter.php(353): CodeIgniter\CodeIgniter->handleRequest(null, Object(Config\Cache), false)
 9 FCPATH\index.php(79): CodeIgniter\CodeIgniter->run()
10 SYSTEMPATH\Commands\Server\rewrite.php(47): require_once('D:\\xampp\\htdocs\\Codeigniter_project\\public\\index.php')
CRITICAL - 2023-10-17 17:03:28 --> Undefined variable $member
in APPPATH\Views\pages\reports\indivisual.php on line 43.
 1 APPPATH\Views\pages\reports\indivisual.php(43): CodeIgniter\Debug\Exceptions->errorHandler(2, 'Undefined variable $member', 'D:\\xampp\\htdocs\\Codeigniter_project\\app\\Views\\pages\\reports\\indivisual.php', 43)
 2 SYSTEMPATH\View\View.php(226): include('D:\\xampp\\htdocs\\Codeigniter_project\\app\\Views\\pages\\reports\\indivisual.php')
 3 SYSTEMPATH\View\View.php(229): CodeIgniter\View\View->CodeIgniter\View\{closure}()
 4 SYSTEMPATH\Common.php(1188): CodeIgniter\View\View->render('pages/reports/indivisual', [], true)
 5 APPPATH\Controllers\ReportsController.php(66): view('pages/reports/indivisual', [...])
 6 SYSTEMPATH\CodeIgniter.php(919): App\Controllers\ReportsController->Edit('1')
 7 SYSTEMPATH\CodeIgniter.php(494): CodeIgniter\CodeIgniter->runController(Object(App\Controllers\ReportsController))
 8 SYSTEMPATH\CodeIgniter.php(353): CodeIgniter\CodeIgniter->handleRequest(null, Object(Config\Cache), false)
 9 FCPATH\index.php(79): CodeIgniter\CodeIgniter->run()
10 SYSTEMPATH\Commands\Server\rewrite.php(47): require_once('D:\\xampp\\htdocs\\Codeigniter_project\\public\\index.php')
CRITICAL - 2023-10-17 17:03:36 --> Undefined variable $member
in APPPATH\Views\pages\reports\indivisual.php on line 43.
 1 APPPATH\Views\pages\reports\indivisual.php(43): CodeIgniter\Debug\Exceptions->errorHandler(2, 'Undefined variable $member', 'D:\\xampp\\htdocs\\Codeigniter_project\\app\\Views\\pages\\reports\\indivisual.php', 43)
 2 SYSTEMPATH\View\View.php(226): include('D:\\xampp\\htdocs\\Codeigniter_project\\app\\Views\\pages\\reports\\indivisual.php')
 3 SYSTEMPATH\View\View.php(229): CodeIgniter\View\View->CodeIgniter\View\{closure}()
 4 SYSTEMPATH\Common.php(1188): CodeIgniter\View\View->render('pages/reports/indivisual', [], true)
 5 APPPATH\Controllers\ReportsController.php(66): view('pages/reports/indivisual', [...])
 6 SYSTEMPATH\CodeIgniter.php(919): App\Controllers\ReportsController->Edit('1')
 7 SYSTEMPATH\CodeIgniter.php(494): CodeIgniter\CodeIgniter->runController(Object(App\Controllers\ReportsController))
 8 SYSTEMPATH\CodeIgniter.php(353): CodeIgniter\CodeIgniter->handleRequest(null, Object(Config\Cache), false)
 9 FCPATH\index.php(79): CodeIgniter\CodeIgniter->run()
10 SYSTEMPATH\Commands\Server\rewrite.php(47): require_once('D:\\xampp\\htdocs\\Codeigniter_project\\public\\index.php')
CRITICAL - 2023-10-17 17:03:38 --> Undefined variable $member
in APPPATH\Views\pages\reports\indivisual.php on line 43.
 1 APPPATH\Views\pages\reports\indivisual.php(43): CodeIgniter\Debug\Exceptions->errorHandler(2, 'Undefined variable $member', 'D:\\xampp\\htdocs\\Codeigniter_project\\app\\Views\\pages\\reports\\indivisual.php', 43)
 2 SYSTEMPATH\View\View.php(226): include('D:\\xampp\\htdocs\\Codeigniter_project\\app\\Views\\pages\\reports\\indivisual.php')
 3 SYSTEMPATH\View\View.php(229): CodeIgniter\View\View->CodeIgniter\View\{closure}()
 4 SYSTEMPATH\Common.php(1188): CodeIgniter\View\View->render('pages/reports/indivisual', [], true)
 5 APPPATH\Controllers\ReportsController.php(66): view('pages/reports/indivisual', [...])
 6 SYSTEMPATH\CodeIgniter.php(919): App\Controllers\ReportsController->Edit('1')
 7 SYSTEMPATH\CodeIgniter.php(494): CodeIgniter\CodeIgniter->runController(Object(App\Controllers\ReportsController))
 8 SYSTEMPATH\CodeIgniter.php(353): CodeIgniter\CodeIgniter->handleRequest(null, Object(Config\Cache), false)
 9 FCPATH\index.php(79): CodeIgniter\CodeIgniter->run()
10 SYSTEMPATH\Commands\Server\rewrite.php(47): require_once('D:\\xampp\\htdocs\\Codeigniter_project\\public\\index.php')
CRITICAL - 2023-10-17 17:03:44 --> Undefined variable $member
in APPPATH\Views\pages\reports\indivisual.php on line 43.
 1 APPPATH\Views\pages\reports\indivisual.php(43): CodeIgniter\Debug\Exceptions->errorHandler(2, 'Undefined variable $member', 'D:\\xampp\\htdocs\\Codeigniter_project\\app\\Views\\pages\\reports\\indivisual.php', 43)
 2 SYSTEMPATH\View\View.php(226): include('D:\\xampp\\htdocs\\Codeigniter_project\\app\\Views\\pages\\reports\\indivisual.php')
 3 SYSTEMPATH\View\View.php(229): CodeIgniter\View\View->CodeIgniter\View\{closure}()
 4 SYSTEMPATH\Common.php(1188): CodeIgniter\View\View->render('pages/reports/indivisual', [], true)
 5 APPPATH\Controllers\ReportsController.php(66): view('pages/reports/indivisual', [...])
 6 SYSTEMPATH\CodeIgniter.php(919): App\Controllers\ReportsController->Edit('5')
 7 SYSTEMPATH\CodeIgniter.php(494): CodeIgniter\CodeIgniter->runController(Object(App\Controllers\ReportsController))
 8 SYSTEMPATH\CodeIgniter.php(353): CodeIgniter\CodeIgniter->handleRequest(null, Object(Config\Cache), false)
 9 FCPATH\index.php(79): CodeIgniter\CodeIgniter->run()
10 SYSTEMPATH\Commands\Server\rewrite.php(47): require_once('D:\\xampp\\htdocs\\Codeigniter_project\\public\\index.php')
CRITICAL - 2023-10-17 17:04:52 --> Undefined variable $member
in APPPATH\Views\pages\reports\indivisual.php on line 43.
 1 APPPATH\Views\pages\reports\indivisual.php(43): CodeIgniter\Debug\Exceptions->errorHandler(2, 'Undefined variable $member', 'D:\\xampp\\htdocs\\Codeigniter_project\\app\\Views\\pages\\reports\\indivisual.php', 43)
 2 SYSTEMPATH\View\View.php(226): include('D:\\xampp\\htdocs\\Codeigniter_project\\app\\Views\\pages\\reports\\indivisual.php')
 3 SYSTEMPATH\View\View.php(229): CodeIgniter\View\View->CodeIgniter\View\{closure}()
 4 SYSTEMPATH\Common.php(1188): CodeIgniter\View\View->render('pages/reports/indivisual', [], true)
 5 APPPATH\Controllers\ReportsController.php(66): view('pages/reports/indivisual', [...])
 6 SYSTEMPATH\CodeIgniter.php(919): App\Controllers\ReportsController->Edit('5')
 7 SYSTEMPATH\CodeIgniter.php(494): CodeIgniter\CodeIgniter->runController(Object(App\Controllers\ReportsController))
 8 SYSTEMPATH\CodeIgniter.php(353): CodeIgniter\CodeIgniter->handleRequest(null, Object(Config\Cache), false)
 9 FCPATH\index.php(79): CodeIgniter\CodeIgniter->run()
10 SYSTEMPATH\Commands\Server\rewrite.php(47): require_once('D:\\xampp\\htdocs\\Codeigniter_project\\public\\index.php')
CRITICAL - 2023-10-17 17:09:58 --> Undefined variable $memberI
in APPPATH\Views\pages\reports\indivisual.php on line 44.
 1 APPPATH\Views\pages\reports\indivisual.php(44): CodeIgniter\Debug\Exceptions->errorHandler(2, 'Undefined variable $memberI', 'D:\\xampp\\htdocs\\Codeigniter_project\\app\\Views\\pages\\reports\\indivisual.php', 44)
 2 SYSTEMPATH\View\View.php(226): include('D:\\xampp\\htdocs\\Codeigniter_project\\app\\Views\\pages\\reports\\indivisual.php')
 3 SYSTEMPATH\View\View.php(229): CodeIgniter\View\View->CodeIgniter\View\{closure}()
 4 SYSTEMPATH\Common.php(1188): CodeIgniter\View\View->render('pages/reports/indivisual', [], true)
 5 APPPATH\Controllers\ReportsController.php(66): view('pages/reports/indivisual', [...])
 6 SYSTEMPATH\CodeIgniter.php(919): App\Controllers\ReportsController->Edit('5')
 7 SYSTEMPATH\CodeIgniter.php(494): CodeIgniter\CodeIgniter->runController(Object(App\Controllers\ReportsController))
 8 SYSTEMPATH\CodeIgniter.php(353): CodeIgniter\CodeIgniter->handleRequest(null, Object(Config\Cache), false)
 9 FCPATH\index.php(79): CodeIgniter\CodeIgniter->run()
10 SYSTEMPATH\Commands\Server\rewrite.php(47): require_once('D:\\xampp\\htdocs\\Codeigniter_project\\public\\index.php')
CRITICAL - 2023-10-17 17:10:02 --> Undefined variable $memberI
in APPPATH\Views\pages\reports\indivisual.php on line 44.
 1 APPPATH\Views\pages\reports\indivisual.php(44): CodeIgniter\Debug\Exceptions->errorHandler(2, 'Undefined variable $memberI', 'D:\\xampp\\htdocs\\Codeigniter_project\\app\\Views\\pages\\reports\\indivisual.php', 44)
 2 SYSTEMPATH\View\View.php(226): include('D:\\xampp\\htdocs\\Codeigniter_project\\app\\Views\\pages\\reports\\indivisual.php')
 3 SYSTEMPATH\View\View.php(229): CodeIgniter\View\View->CodeIgniter\View\{closure}()
 4 SYSTEMPATH\Common.php(1188): CodeIgniter\View\View->render('pages/reports/indivisual', [], true)
 5 APPPATH\Controllers\ReportsController.php(66): view('pages/reports/indivisual', [...])
 6 SYSTEMPATH\CodeIgniter.php(919): App\Controllers\ReportsController->Edit('5')
 7 SYSTEMPATH\CodeIgniter.php(494): CodeIgniter\CodeIgniter->runController(Object(App\Controllers\ReportsController))
 8 SYSTEMPATH\CodeIgniter.php(353): CodeIgniter\CodeIgniter->handleRequest(null, Object(Config\Cache), false)
 9 FCPATH\index.php(79): CodeIgniter\CodeIgniter->run()
10 SYSTEMPATH\Commands\Server\rewrite.php(47): require_once('D:\\xampp\\htdocs\\Codeigniter_project\\public\\index.php')
CRITICAL - 2023-10-17 17:10:58 --> Undefined variable $memberI
in APPPATH\Views\pages\reports\indivisual.php on line 44.
 1 APPPATH\Views\pages\reports\indivisual.php(44): CodeIgniter\Debug\Exceptions->errorHandler(2, 'Undefined variable $memberI', 'D:\\xampp\\htdocs\\Codeigniter_project\\app\\Views\\pages\\reports\\indivisual.php', 44)
 2 SYSTEMPATH\View\View.php(226): include('D:\\xampp\\htdocs\\Codeigniter_project\\app\\Views\\pages\\reports\\indivisual.php')
 3 SYSTEMPATH\View\View.php(229): CodeIgniter\View\View->CodeIgniter\View\{closure}()
 4 SYSTEMPATH\Common.php(1188): CodeIgniter\View\View->render('pages/reports/indivisual', [], true)
 5 APPPATH\Controllers\ReportsController.php(66): view('pages/reports/indivisual', [...])
 6 SYSTEMPATH\CodeIgniter.php(919): App\Controllers\ReportsController->Edit('5')
 7 SYSTEMPATH\CodeIgniter.php(494): CodeIgniter\CodeIgniter->runController(Object(App\Controllers\ReportsController))
 8 SYSTEMPATH\CodeIgniter.php(353): CodeIgniter\CodeIgniter->handleRequest(null, Object(Config\Cache), false)
 9 FCPATH\index.php(79): CodeIgniter\CodeIgniter->run()
10 SYSTEMPATH\Commands\Server\rewrite.php(47): require_once('D:\\xampp\\htdocs\\Codeigniter_project\\public\\index.php')
CRITICAL - 2023-10-17 17:11:07 --> Undefined variable $memberI
in APPPATH\Views\pages\reports\indivisual.php on line 44.
 1 APPPATH\Views\pages\reports\indivisual.php(44): CodeIgniter\Debug\Exceptions->errorHandler(2, 'Undefined variable $memberI', 'D:\\xampp\\htdocs\\Codeigniter_project\\app\\Views\\pages\\reports\\indivisual.php', 44)
 2 SYSTEMPATH\View\View.php(226): include('D:\\xampp\\htdocs\\Codeigniter_project\\app\\Views\\pages\\reports\\indivisual.php')
 3 SYSTEMPATH\View\View.php(229): CodeIgniter\View\View->CodeIgniter\View\{closure}()
 4 SYSTEMPATH\Common.php(1188): CodeIgniter\View\View->render('pages/reports/indivisual', [], true)
 5 APPPATH\Controllers\ReportsController.php(66): view('pages/reports/indivisual', [...])
 6 SYSTEMPATH\CodeIgniter.php(919): App\Controllers\ReportsController->Edit('2')
 7 SYSTEMPATH\CodeIgniter.php(494): CodeIgniter\CodeIgniter->runController(Object(App\Controllers\ReportsController))
 8 SYSTEMPATH\CodeIgniter.php(353): CodeIgniter\CodeIgniter->handleRequest(null, Object(Config\Cache), false)
 9 FCPATH\index.php(79): CodeIgniter\CodeIgniter->run()
10 SYSTEMPATH\Commands\Server\rewrite.php(47): require_once('D:\\xampp\\htdocs\\Codeigniter_project\\public\\index.php')
CRITICAL - 2023-10-17 17:13:09 --> Undefined variable $memberI
in APPPATH\Views\pages\reports\indivisual.php on line 43.
 1 APPPATH\Views\pages\reports\indivisual.php(43): CodeIgniter\Debug\Exceptions->errorHandler(2, 'Undefined variable $memberI', 'D:\\xampp\\htdocs\\Codeigniter_project\\app\\Views\\pages\\reports\\indivisual.php', 43)
 2 SYSTEMPATH\View\View.php(226): include('D:\\xampp\\htdocs\\Codeigniter_project\\app\\Views\\pages\\reports\\indivisual.php')
 3 SYSTEMPATH\View\View.php(229): CodeIgniter\View\View->CodeIgniter\View\{closure}()
 4 SYSTEMPATH\Common.php(1188): CodeIgniter\View\View->render('pages/reports/indivisual', [], true)
 5 APPPATH\Controllers\ReportsController.php(66): view('pages/reports/indivisual', [...])
 6 SYSTEMPATH\CodeIgniter.php(919): App\Controllers\ReportsController->Edit('2')
 7 SYSTEMPATH\CodeIgniter.php(494): CodeIgniter\CodeIgniter->runController(Object(App\Controllers\ReportsController))
 8 SYSTEMPATH\CodeIgniter.php(353): CodeIgniter\CodeIgniter->handleRequest(null, Object(Config\Cache), false)
 9 FCPATH\index.php(79): CodeIgniter\CodeIgniter->run()
10 SYSTEMPATH\Commands\Server\rewrite.php(47): require_once('D:\\xampp\\htdocs\\Codeigniter_project\\public\\index.php')
CRITICAL - 2023-10-17 17:15:11 --> Undefined variable $memberI
in APPPATH\Views\pages\reports\indivisual.php on line 43.
 1 APPPATH\Views\pages\reports\indivisual.php(43): CodeIgniter\Debug\Exceptions->errorHandler(2, 'Undefined variable $memberI', 'D:\\xampp\\htdocs\\Codeigniter_project\\app\\Views\\pages\\reports\\indivisual.php', 43)
 2 SYSTEMPATH\View\View.php(226): include('D:\\xampp\\htdocs\\Codeigniter_project\\app\\Views\\pages\\reports\\indivisual.php')
 3 SYSTEMPATH\View\View.php(229): CodeIgniter\View\View->CodeIgniter\View\{closure}()
 4 SYSTEMPATH\Common.php(1188): CodeIgniter\View\View->render('pages/reports/indivisual', [], true)
 5 APPPATH\Controllers\ReportsController.php(66): view('pages/reports/indivisual', [...])
 6 SYSTEMPATH\CodeIgniter.php(919): App\Controllers\ReportsController->Edit('2')
 7 SYSTEMPATH\CodeIgniter.php(494): CodeIgniter\CodeIgniter->runController(Object(App\Controllers\ReportsController))
 8 SYSTEMPATH\CodeIgniter.php(353): CodeIgniter\CodeIgniter->handleRequest(null, Object(Config\Cache), false)
 9 FCPATH\index.php(79): CodeIgniter\CodeIgniter->run()
10 SYSTEMPATH\Commands\Server\rewrite.php(47): require_once('D:\\xampp\\htdocs\\Codeigniter_project\\public\\index.php')
CRITICAL - 2023-10-17 17:17:42 --> Undefined variable $memberI
in APPPATH\Views\pages\reports\indivisual.php on line 43.
 1 APPPATH\Views\pages\reports\indivisual.php(43): CodeIgniter\Debug\Exceptions->errorHandler(2, 'Undefined variable $memberI', 'D:\\xampp\\htdocs\\Codeigniter_project\\app\\Views\\pages\\reports\\indivisual.php', 43)
 2 SYSTEMPATH\View\View.php(226): include('D:\\xampp\\htdocs\\Codeigniter_project\\app\\Views\\pages\\reports\\indivisual.php')
 3 SYSTEMPATH\View\View.php(229): CodeIgniter\View\View->CodeIgniter\View\{closure}()
 4 SYSTEMPATH\Common.php(1188): CodeIgniter\View\View->render('pages/reports/indivisual', [], true)
 5 APPPATH\Controllers\ReportsController.php(66): view('pages/reports/indivisual', [...])
 6 SYSTEMPATH\CodeIgniter.php(919): App\Controllers\ReportsController->Edit('2')
 7 SYSTEMPATH\CodeIgniter.php(494): CodeIgniter\CodeIgniter->runController(Object(App\Controllers\ReportsController))
 8 SYSTEMPATH\CodeIgniter.php(353): CodeIgniter\CodeIgniter->handleRequest(null, Object(Config\Cache), false)
 9 FCPATH\index.php(79): CodeIgniter\CodeIgniter->run()
10 SYSTEMPATH\Commands\Server\rewrite.php(47): require_once('D:\\xampp\\htdocs\\Codeigniter_project\\public\\index.php')
CRITICAL - 2023-10-17 17:18:01 --> Undefined variable $member
in APPPATH\Views\pages\reports\indivisual.php on line 43.
 1 APPPATH\Views\pages\reports\indivisual.php(43): CodeIgniter\Debug\Exceptions->errorHandler(2, 'Undefined variable $member', 'D:\\xampp\\htdocs\\Codeigniter_project\\app\\Views\\pages\\reports\\indivisual.php', 43)
 2 SYSTEMPATH\View\View.php(226): include('D:\\xampp\\htdocs\\Codeigniter_project\\app\\Views\\pages\\reports\\indivisual.php')
 3 SYSTEMPATH\View\View.php(229): CodeIgniter\View\View->CodeIgniter\View\{closure}()
 4 SYSTEMPATH\Common.php(1188): CodeIgniter\View\View->render('pages/reports/indivisual', [], true)
 5 APPPATH\Controllers\ReportsController.php(66): view('pages/reports/indivisual', [...])
 6 SYSTEMPATH\CodeIgniter.php(919): App\Controllers\ReportsController->Edit('2')
 7 SYSTEMPATH\CodeIgniter.php(494): CodeIgniter\CodeIgniter->runController(Object(App\Controllers\ReportsController))
 8 SYSTEMPATH\CodeIgniter.php(353): CodeIgniter\CodeIgniter->handleRequest(null, Object(Config\Cache), false)
 9 FCPATH\index.php(79): CodeIgniter\CodeIgniter->run()
10 SYSTEMPATH\Commands\Server\rewrite.php(47): require_once('D:\\xampp\\htdocs\\Codeigniter_project\\public\\index.php')
CRITICAL - 2023-10-17 17:18:09 --> Undefined variable $memberI
in APPPATH\Views\pages\reports\indivisual.php on line 43.
 1 APPPATH\Views\pages\reports\indivisual.php(43): CodeIgniter\Debug\Exceptions->errorHandler(2, 'Undefined variable $memberI', 'D:\\xampp\\htdocs\\Codeigniter_project\\app\\Views\\pages\\reports\\indivisual.php', 43)
 2 SYSTEMPATH\View\View.php(226): include('D:\\xampp\\htdocs\\Codeigniter_project\\app\\Views\\pages\\reports\\indivisual.php')
 3 SYSTEMPATH\View\View.php(229): CodeIgniter\View\View->CodeIgniter\View\{closure}()
 4 SYSTEMPATH\Common.php(1188): CodeIgniter\View\View->render('pages/reports/indivisual', [], true)
 5 APPPATH\Controllers\ReportsController.php(66): view('pages/reports/indivisual', [...])
 6 SYSTEMPATH\CodeIgniter.php(919): App\Controllers\ReportsController->Edit('2')
 7 SYSTEMPATH\CodeIgniter.php(494): CodeIgniter\CodeIgniter->runController(Object(App\Controllers\ReportsController))
 8 SYSTEMPATH\CodeIgniter.php(353): CodeIgniter\CodeIgniter->handleRequest(null, Object(Config\Cache), false)
 9 FCPATH\index.php(79): CodeIgniter\CodeIgniter->run()
10 SYSTEMPATH\Commands\Server\rewrite.php(47): require_once('D:\\xampp\\htdocs\\Codeigniter_project\\public\\index.php')
CRITICAL - 2023-10-17 17:18:25 --> Undefined variable $memberI
in APPPATH\Views\pages\reports\indivisual.php on line 43.
 1 APPPATH\Views\pages\reports\indivisual.php(43): CodeIgniter\Debug\Exceptions->errorHandler(2, 'Undefined variable $memberI', 'D:\\xampp\\htdocs\\Codeigniter_project\\app\\Views\\pages\\reports\\indivisual.php', 43)
 2 SYSTEMPATH\View\View.php(226): include('D:\\xampp\\htdocs\\Codeigniter_project\\app\\Views\\pages\\reports\\indivisual.php')
 3 SYSTEMPATH\View\View.php(229): CodeIgniter\View\View->CodeIgniter\View\{closure}()
 4 SYSTEMPATH\Common.php(1188): CodeIgniter\View\View->render('pages/reports/indivisual', [], true)
 5 APPPATH\Controllers\ReportsController.php(66): view('pages/reports/indivisual', [...])
 6 SYSTEMPATH\CodeIgniter.php(919): App\Controllers\ReportsController->Edit('2')
 7 SYSTEMPATH\CodeIgniter.php(494): CodeIgniter\CodeIgniter->runController(Object(App\Controllers\ReportsController))
 8 SYSTEMPATH\CodeIgniter.php(353): CodeIgniter\CodeIgniter->handleRequest(null, Object(Config\Cache), false)
 9 FCPATH\index.php(79): CodeIgniter\CodeIgniter->run()
10 SYSTEMPATH\Commands\Server\rewrite.php(47): require_once('D:\\xampp\\htdocs\\Codeigniter_project\\public\\index.php')
CRITICAL - 2023-10-17 17:18:27 --> Undefined variable $memberI
in APPPATH\Views\pages\reports\indivisual.php on line 43.
 1 APPPATH\Views\pages\reports\indivisual.php(43): CodeIgniter\Debug\Exceptions->errorHandler(2, 'Undefined variable $memberI', 'D:\\xampp\\htdocs\\Codeigniter_project\\app\\Views\\pages\\reports\\indivisual.php', 43)
 2 SYSTEMPATH\View\View.php(226): include('D:\\xampp\\htdocs\\Codeigniter_project\\app\\Views\\pages\\reports\\indivisual.php')
 3 SYSTEMPATH\View\View.php(229): CodeIgniter\View\View->CodeIgniter\View\{closure}()
 4 SYSTEMPATH\Common.php(1188): CodeIgniter\View\View->render('pages/reports/indivisual', [], true)
 5 APPPATH\Controllers\ReportsController.php(66): view('pages/reports/indivisual', [...])
 6 SYSTEMPATH\CodeIgniter.php(919): App\Controllers\ReportsController->Edit('2')
 7 SYSTEMPATH\CodeIgniter.php(494): CodeIgniter\CodeIgniter->runController(Object(App\Controllers\ReportsController))
 8 SYSTEMPATH\CodeIgniter.php(353): CodeIgniter\CodeIgniter->handleRequest(null, Object(Config\Cache), false)
 9 FCPATH\index.php(79): CodeIgniter\CodeIgniter->run()
10 SYSTEMPATH\Commands\Server\rewrite.php(47): require_once('D:\\xampp\\htdocs\\Codeigniter_project\\public\\index.php')
CRITICAL - 2023-10-17 17:18:54 --> Undefined variable $memberI
in APPPATH\Views\pages\reports\indivisual.php on line 43.
 1 APPPATH\Views\pages\reports\indivisual.php(43): CodeIgniter\Debug\Exceptions->errorHandler(2, 'Undefined variable $memberI', 'D:\\xampp\\htdocs\\Codeigniter_project\\app\\Views\\pages\\reports\\indivisual.php', 43)
 2 SYSTEMPATH\View\View.php(226): include('D:\\xampp\\htdocs\\Codeigniter_project\\app\\Views\\pages\\reports\\indivisual.php')
 3 SYSTEMPATH\View\View.php(229): CodeIgniter\View\View->CodeIgniter\View\{closure}()
 4 SYSTEMPATH\Common.php(1188): CodeIgniter\View\View->render('pages/reports/indivisual', [], true)
 5 APPPATH\Controllers\ReportsController.php(66): view('pages/reports/indivisual', [...])
 6 SYSTEMPATH\CodeIgniter.php(919): App\Controllers\ReportsController->Edit('2')
 7 SYSTEMPATH\CodeIgniter.php(494): CodeIgniter\CodeIgniter->runController(Object(App\Controllers\ReportsController))
 8 SYSTEMPATH\CodeIgniter.php(353): CodeIgniter\CodeIgniter->handleRequest(null, Object(Config\Cache), false)
 9 FCPATH\index.php(79): CodeIgniter\CodeIgniter->run()
10 SYSTEMPATH\Commands\Server\rewrite.php(47): require_once('D:\\xampp\\htdocs\\Codeigniter_project\\public\\index.php')
CRITICAL - 2023-10-17 17:18:56 --> Undefined variable $memberI
in APPPATH\Views\pages\reports\indivisual.php on line 43.
 1 APPPATH\Views\pages\reports\indivisual.php(43): CodeIgniter\Debug\Exceptions->errorHandler(2, 'Undefined variable $memberI', 'D:\\xampp\\htdocs\\Codeigniter_project\\app\\Views\\pages\\reports\\indivisual.php', 43)
 2 SYSTEMPATH\View\View.php(226): include('D:\\xampp\\htdocs\\Codeigniter_project\\app\\Views\\pages\\reports\\indivisual.php')
 3 SYSTEMPATH\View\View.php(229): CodeIgniter\View\View->CodeIgniter\View\{closure}()
 4 SYSTEMPATH\Common.php(1188): CodeIgniter\View\View->render('pages/reports/indivisual', [], true)
 5 APPPATH\Controllers\ReportsController.php(66): view('pages/reports/indivisual', [...])
 6 SYSTEMPATH\CodeIgniter.php(919): App\Controllers\ReportsController->Edit('2')
 7 SYSTEMPATH\CodeIgniter.php(494): CodeIgniter\CodeIgniter->runController(Object(App\Controllers\ReportsController))
 8 SYSTEMPATH\CodeIgniter.php(353): CodeIgniter\CodeIgniter->handleRequest(null, Object(Config\Cache), false)
 9 FCPATH\index.php(79): CodeIgniter\CodeIgniter->run()
10 SYSTEMPATH\Commands\Server\rewrite.php(47): require_once('D:\\xampp\\htdocs\\Codeigniter_project\\public\\index.php')
CRITICAL - 2023-10-17 17:20:50 --> Division by zero
in APPPATH\Views\pages\reports\indivisual.php on line 89.
 1 SYSTEMPATH\View\View.php(226): include()
 2 SYSTEMPATH\View\View.php(229): CodeIgniter\View\View->CodeIgniter\View\{closure}()
 3 SYSTEMPATH\Common.php(1188): CodeIgniter\View\View->render('pages/reports/indivisual', [], true)
 4 APPPATH\Controllers\ReportsController.php(60): view('pages/reports/indivisual', [...])
 5 SYSTEMPATH\CodeIgniter.php(919): App\Controllers\ReportsController->Edit('2')
 6 SYSTEMPATH\CodeIgniter.php(494): CodeIgniter\CodeIgniter->runController(Object(App\Controllers\ReportsController))
 7 SYSTEMPATH\CodeIgniter.php(353): CodeIgniter\CodeIgniter->handleRequest(null, Object(Config\Cache), false)
 8 FCPATH\index.php(79): CodeIgniter\CodeIgniter->run()
 9 SYSTEMPATH\Commands\Server\rewrite.php(47): require_once('D:\\xampp\\htdocs\\Codeigniter_project\\public\\index.php')
CRITICAL - 2023-10-17 17:21:39 --> Undefined variable $memberI
in APPPATH\Views\pages\reports\indivisual.php on line 43.
 1 APPPATH\Views\pages\reports\indivisual.php(43): CodeIgniter\Debug\Exceptions->errorHandler(2, 'Undefined variable $memberI', 'D:\\xampp\\htdocs\\Codeigniter_project\\app\\Views\\pages\\reports\\indivisual.php', 43)
 2 SYSTEMPATH\View\View.php(226): include('D:\\xampp\\htdocs\\Codeigniter_project\\app\\Views\\pages\\reports\\indivisual.php')
 3 SYSTEMPATH\View\View.php(229): CodeIgniter\View\View->CodeIgniter\View\{closure}()
 4 SYSTEMPATH\Common.php(1188): CodeIgniter\View\View->render('pages/reports/indivisual', [], true)
 5 APPPATH\Controllers\ReportsController.php(66): view('pages/reports/indivisual', [...])
 6 SYSTEMPATH\CodeIgniter.php(919): App\Controllers\ReportsController->Edit('2')
 7 SYSTEMPATH\CodeIgniter.php(494): CodeIgniter\CodeIgniter->runController(Object(App\Controllers\ReportsController))
 8 SYSTEMPATH\CodeIgniter.php(353): CodeIgniter\CodeIgniter->handleRequest(null, Object(Config\Cache), false)
 9 FCPATH\index.php(79): CodeIgniter\CodeIgniter->run()
10 SYSTEMPATH\Commands\Server\rewrite.php(47): require_once('D:\\xampp\\htdocs\\Codeigniter_project\\public\\index.php')
CRITICAL - 2023-10-17 17:21:50 --> Undefined variable $memberI
in APPPATH\Views\pages\reports\indivisual.php on line 43.
 1 APPPATH\Views\pages\reports\indivisual.php(43): CodeIgniter\Debug\Exceptions->errorHandler(2, 'Undefined variable $memberI', 'D:\\xampp\\htdocs\\Codeigniter_project\\app\\Views\\pages\\reports\\indivisual.php', 43)
 2 SYSTEMPATH\View\View.php(226): include('D:\\xampp\\htdocs\\Codeigniter_project\\app\\Views\\pages\\reports\\indivisual.php')
 3 SYSTEMPATH\View\View.php(229): CodeIgniter\View\View->CodeIgniter\View\{closure}()
 4 SYSTEMPATH\Common.php(1188): CodeIgniter\View\View->render('pages/reports/indivisual', [], true)
 5 APPPATH\Controllers\ReportsController.php(66): view('pages/reports/indivisual', [...])
 6 SYSTEMPATH\CodeIgniter.php(919): App\Controllers\ReportsController->Edit('2')
 7 SYSTEMPATH\CodeIgniter.php(494): CodeIgniter\CodeIgniter->runController(Object(App\Controllers\ReportsController))
 8 SYSTEMPATH\CodeIgniter.php(353): CodeIgniter\CodeIgniter->handleRequest(null, Object(Config\Cache), false)
 9 FCPATH\index.php(79): CodeIgniter\CodeIgniter->run()
10 SYSTEMPATH\Commands\Server\rewrite.php(47): require_once('D:\\xampp\\htdocs\\Codeigniter_project\\public\\index.php')
CRITICAL - 2023-10-17 17:22:17 --> Undefined variable $memberI
in APPPATH\Views\pages\reports\indivisual.php on line 43.
 1 APPPATH\Views\pages\reports\indivisual.php(43): CodeIgniter\Debug\Exceptions->errorHandler(2, 'Undefined variable $memberI', 'D:\\xampp\\htdocs\\Codeigniter_project\\app\\Views\\pages\\reports\\indivisual.php', 43)
 2 SYSTEMPATH\View\View.php(226): include('D:\\xampp\\htdocs\\Codeigniter_project\\app\\Views\\pages\\reports\\indivisual.php')
 3 SYSTEMPATH\View\View.php(229): CodeIgniter\View\View->CodeIgniter\View\{closure}()
 4 SYSTEMPATH\Common.php(1188): CodeIgniter\View\View->render('pages/reports/indivisual', [], true)
 5 APPPATH\Controllers\ReportsController.php(66): view('pages/reports/indivisual', [...])
 6 SYSTEMPATH\CodeIgniter.php(919): App\Controllers\ReportsController->Edit('2')
 7 SYSTEMPATH\CodeIgniter.php(494): CodeIgniter\CodeIgniter->runController(Object(App\Controllers\ReportsController))
 8 SYSTEMPATH\CodeIgniter.php(353): CodeIgniter\CodeIgniter->handleRequest(null, Object(Config\Cache), false)
 9 FCPATH\index.php(79): CodeIgniter\CodeIgniter->run()
10 SYSTEMPATH\Commands\Server\rewrite.php(47): require_once('D:\\xampp\\htdocs\\Codeigniter_project\\public\\index.php')
CRITICAL - 2023-10-17 17:23:53 --> Undefined variable $memberI
in APPPATH\Views\pages\reports\indivisual.php on line 43.
 1 APPPATH\Views\pages\reports\indivisual.php(43): CodeIgniter\Debug\Exceptions->errorHandler(2, 'Undefined variable $memberI', 'D:\\xampp\\htdocs\\Codeigniter_project\\app\\Views\\pages\\reports\\indivisual.php', 43)
 2 SYSTEMPATH\View\View.php(226): include('D:\\xampp\\htdocs\\Codeigniter_project\\app\\Views\\pages\\reports\\indivisual.php')
 3 SYSTEMPATH\View\View.php(229): CodeIgniter\View\View->CodeIgniter\View\{closure}()
 4 SYSTEMPATH\Common.php(1188): CodeIgniter\View\View->render('pages/reports/indivisual', [], true)
 5 APPPATH\Controllers\ReportsController.php(66): view('pages/reports/indivisual', [...])
 6 SYSTEMPATH\CodeIgniter.php(919): App\Controllers\ReportsController->Edit('2')
 7 SYSTEMPATH\CodeIgniter.php(494): CodeIgniter\CodeIgniter->runController(Object(App\Controllers\ReportsController))
 8 SYSTEMPATH\CodeIgniter.php(353): CodeIgniter\CodeIgniter->handleRequest(null, Object(Config\Cache), false)
 9 FCPATH\index.php(79): CodeIgniter\CodeIgniter->run()
10 SYSTEMPATH\Commands\Server\rewrite.php(47): require_once('D:\\xampp\\htdocs\\Codeigniter_project\\public\\index.php')
CRITICAL - 2023-10-17 17:23:55 --> Undefined variable $memberI
in APPPATH\Views\pages\reports\indivisual.php on line 43.
 1 APPPATH\Views\pages\reports\indivisual.php(43): CodeIgniter\Debug\Exceptions->errorHandler(2, 'Undefined variable $memberI', 'D:\\xampp\\htdocs\\Codeigniter_project\\app\\Views\\pages\\reports\\indivisual.php', 43)
 2 SYSTEMPATH\View\View.php(226): include('D:\\xampp\\htdocs\\Codeigniter_project\\app\\Views\\pages\\reports\\indivisual.php')
 3 SYSTEMPATH\View\View.php(229): CodeIgniter\View\View->CodeIgniter\View\{closure}()
 4 SYSTEMPATH\Common.php(1188): CodeIgniter\View\View->render('pages/reports/indivisual', [], true)
 5 APPPATH\Controllers\ReportsController.php(66): view('pages/reports/indivisual', [...])
 6 SYSTEMPATH\CodeIgniter.php(919): App\Controllers\ReportsController->Edit('2')
 7 SYSTEMPATH\CodeIgniter.php(494): CodeIgniter\CodeIgniter->runController(Object(App\Controllers\ReportsController))
 8 SYSTEMPATH\CodeIgniter.php(353): CodeIgniter\CodeIgniter->handleRequest(null, Object(Config\Cache), false)
 9 FCPATH\index.php(79): CodeIgniter\CodeIgniter->run()
10 SYSTEMPATH\Commands\Server\rewrite.php(47): require_once('D:\\xampp\\htdocs\\Codeigniter_project\\public\\index.php')
CRITICAL - 2023-10-17 17:24:43 --> Undefined variable $memberI
in APPPATH\Views\pages\reports\indivisual.php on line 43.
 1 APPPATH\Views\pages\reports\indivisual.php(43): CodeIgniter\Debug\Exceptions->errorHandler(2, 'Undefined variable $memberI', 'D:\\xampp\\htdocs\\Codeigniter_project\\app\\Views\\pages\\reports\\indivisual.php', 43)
 2 SYSTEMPATH\View\View.php(226): include('D:\\xampp\\htdocs\\Codeigniter_project\\app\\Views\\pages\\reports\\indivisual.php')
 3 SYSTEMPATH\View\View.php(229): CodeIgniter\View\View->CodeIgniter\View\{closure}()
 4 SYSTEMPATH\Common.php(1188): CodeIgniter\View\View->render('pages/reports/indivisual', [], true)
 5 APPPATH\Controllers\ReportsController.php(66): view('pages/reports/indivisual', [...])
 6 SYSTEMPATH\CodeIgniter.php(919): App\Controllers\ReportsController->Edit('2')
 7 SYSTEMPATH\CodeIgniter.php(494): CodeIgniter\CodeIgniter->runController(Object(App\Controllers\ReportsController))
 8 SYSTEMPATH\CodeIgniter.php(353): CodeIgniter\CodeIgniter->handleRequest(null, Object(Config\Cache), false)
 9 FCPATH\index.php(79): CodeIgniter\CodeIgniter->run()
10 SYSTEMPATH\Commands\Server\rewrite.php(47): require_once('D:\\xampp\\htdocs\\Codeigniter_project\\public\\index.php')
CRITICAL - 2023-10-17 17:25:10 --> Undefined variable $memberI
in APPPATH\Views\pages\reports\indivisual.php on line 60.
 1 APPPATH\Views\pages\reports\indivisual.php(60): CodeIgniter\Debug\Exceptions->errorHandler(2, 'Undefined variable $memberI', 'D:\\xampp\\htdocs\\Codeigniter_project\\app\\Views\\pages\\reports\\indivisual.php', 60)
 2 SYSTEMPATH\View\View.php(226): include('D:\\xampp\\htdocs\\Codeigniter_project\\app\\Views\\pages\\reports\\indivisual.php')
 3 SYSTEMPATH\View\View.php(229): CodeIgniter\View\View->CodeIgniter\View\{closure}()
 4 SYSTEMPATH\Common.php(1188): CodeIgniter\View\View->render('pages/reports/indivisual', [], true)
 5 APPPATH\Controllers\ReportsController.php(66): view('pages/reports/indivisual', [...])
 6 SYSTEMPATH\CodeIgniter.php(919): App\Controllers\ReportsController->Edit('2')
 7 SYSTEMPATH\CodeIgniter.php(494): CodeIgniter\CodeIgniter->runController(Object(App\Controllers\ReportsController))
 8 SYSTEMPATH\CodeIgniter.php(353): CodeIgniter\CodeIgniter->handleRequest(null, Object(Config\Cache), false)
 9 FCPATH\index.php(79): CodeIgniter\CodeIgniter->run()
10 SYSTEMPATH\Commands\Server\rewrite.php(47): require_once('D:\\xampp\\htdocs\\Codeigniter_project\\public\\index.php')
CRITICAL - 2023-10-17 17:25:12 --> Undefined variable $memberI
in APPPATH\Views\pages\reports\indivisual.php on line 60.
 1 APPPATH\Views\pages\reports\indivisual.php(60): CodeIgniter\Debug\Exceptions->errorHandler(2, 'Undefined variable $memberI', 'D:\\xampp\\htdocs\\Codeigniter_project\\app\\Views\\pages\\reports\\indivisual.php', 60)
 2 SYSTEMPATH\View\View.php(226): include('D:\\xampp\\htdocs\\Codeigniter_project\\app\\Views\\pages\\reports\\indivisual.php')
 3 SYSTEMPATH\View\View.php(229): CodeIgniter\View\View->CodeIgniter\View\{closure}()
 4 SYSTEMPATH\Common.php(1188): CodeIgniter\View\View->render('pages/reports/indivisual', [], true)
 5 APPPATH\Controllers\ReportsController.php(66): view('pages/reports/indivisual', [...])
 6 SYSTEMPATH\CodeIgniter.php(919): App\Controllers\ReportsController->Edit('2')
 7 SYSTEMPATH\CodeIgniter.php(494): CodeIgniter\CodeIgniter->runController(Object(App\Controllers\ReportsController))
 8 SYSTEMPATH\CodeIgniter.php(353): CodeIgniter\CodeIgniter->handleRequest(null, Object(Config\Cache), false)
 9 FCPATH\index.php(79): CodeIgniter\CodeIgniter->run()
10 SYSTEMPATH\Commands\Server\rewrite.php(47): require_once('D:\\xampp\\htdocs\\Codeigniter_project\\public\\index.php')
CRITICAL - 2023-10-17 17:25:14 --> Undefined variable $memberI
in APPPATH\Views\pages\reports\indivisual.php on line 60.
 1 APPPATH\Views\pages\reports\indivisual.php(60): CodeIgniter\Debug\Exceptions->errorHandler(2, 'Undefined variable $memberI', 'D:\\xampp\\htdocs\\Codeigniter_project\\app\\Views\\pages\\reports\\indivisual.php', 60)
 2 SYSTEMPATH\View\View.php(226): include('D:\\xampp\\htdocs\\Codeigniter_project\\app\\Views\\pages\\reports\\indivisual.php')
 3 SYSTEMPATH\View\View.php(229): CodeIgniter\View\View->CodeIgniter\View\{closure}()
 4 SYSTEMPATH\Common.php(1188): CodeIgniter\View\View->render('pages/reports/indivisual', [], true)
 5 APPPATH\Controllers\ReportsController.php(66): view('pages/reports/indivisual', [...])
 6 SYSTEMPATH\CodeIgniter.php(919): App\Controllers\ReportsController->Edit('2')
 7 SYSTEMPATH\CodeIgniter.php(494): CodeIgniter\CodeIgniter->runController(Object(App\Controllers\ReportsController))
 8 SYSTEMPATH\CodeIgniter.php(353): CodeIgniter\CodeIgniter->handleRequest(null, Object(Config\Cache), false)
 9 FCPATH\index.php(79): CodeIgniter\CodeIgniter->run()
10 SYSTEMPATH\Commands\Server\rewrite.php(47): require_once('D:\\xampp\\htdocs\\Codeigniter_project\\public\\index.php')
CRITICAL - 2023-10-17 17:26:18 --> Undefined variable $memberI
in APPPATH\Views\pages\reports\indivisual.php on line 60.
 1 APPPATH\Views\pages\reports\indivisual.php(60): CodeIgniter\Debug\Exceptions->errorHandler(2, 'Undefined variable $memberI', 'D:\\xampp\\htdocs\\Codeigniter_project\\app\\Views\\pages\\reports\\indivisual.php', 60)
 2 SYSTEMPATH\View\View.php(226): include('D:\\xampp\\htdocs\\Codeigniter_project\\app\\Views\\pages\\reports\\indivisual.php')
 3 SYSTEMPATH\View\View.php(229): CodeIgniter\View\View->CodeIgniter\View\{closure}()
 4 SYSTEMPATH\Common.php(1188): CodeIgniter\View\View->render('pages/reports/indivisual', [], true)
 5 APPPATH\Controllers\ReportsController.php(66): view('pages/reports/indivisual', [...])
 6 SYSTEMPATH\CodeIgniter.php(919): App\Controllers\ReportsController->Edit('2')
 7 SYSTEMPATH\CodeIgniter.php(494): CodeIgniter\CodeIgniter->runController(Object(App\Controllers\ReportsController))
 8 SYSTEMPATH\CodeIgniter.php(353): CodeIgniter\CodeIgniter->handleRequest(null, Object(Config\Cache), false)
 9 FCPATH\index.php(79): CodeIgniter\CodeIgniter->run()
10 SYSTEMPATH\Commands\Server\rewrite.php(47): require_once('D:\\xampp\\htdocs\\Codeigniter_project\\public\\index.php')
CRITICAL - 2023-10-17 17:27:03 --> Undefined variable $member
in APPPATH\Views\pages\reports\indivisual.php on line 60.
 1 APPPATH\Views\pages\reports\indivisual.php(60): CodeIgniter\Debug\Exceptions->errorHandler(2, 'Undefined variable $member', 'D:\\xampp\\htdocs\\Codeigniter_project\\app\\Views\\pages\\reports\\indivisual.php', 60)
 2 SYSTEMPATH\View\View.php(226): include('D:\\xampp\\htdocs\\Codeigniter_project\\app\\Views\\pages\\reports\\indivisual.php')
 3 SYSTEMPATH\View\View.php(229): CodeIgniter\View\View->CodeIgniter\View\{closure}()
 4 SYSTEMPATH\Common.php(1188): CodeIgniter\View\View->render('pages/reports/indivisual', [], true)
 5 APPPATH\Controllers\ReportsController.php(66): view('pages/reports/indivisual', [...])
 6 SYSTEMPATH\CodeIgniter.php(919): App\Controllers\ReportsController->Edit('2')
 7 SYSTEMPATH\CodeIgniter.php(494): CodeIgniter\CodeIgniter->runController(Object(App\Controllers\ReportsController))
 8 SYSTEMPATH\CodeIgniter.php(353): CodeIgniter\CodeIgniter->handleRequest(null, Object(Config\Cache), false)
 9 FCPATH\index.php(79): CodeIgniter\CodeIgniter->run()
10 SYSTEMPATH\Commands\Server\rewrite.php(47): require_once('D:\\xampp\\htdocs\\Codeigniter_project\\public\\index.php')
CRITICAL - 2023-10-17 17:27:18 --> Undefined variable $member
in APPPATH\Views\pages\reports\indivisual.php on line 60.
 1 APPPATH\Views\pages\reports\indivisual.php(60): CodeIgniter\Debug\Exceptions->errorHandler(2, 'Undefined variable $member', 'D:\\xampp\\htdocs\\Codeigniter_project\\app\\Views\\pages\\reports\\indivisual.php', 60)
 2 SYSTEMPATH\View\View.php(226): include('D:\\xampp\\htdocs\\Codeigniter_project\\app\\Views\\pages\\reports\\indivisual.php')
 3 SYSTEMPATH\View\View.php(229): CodeIgniter\View\View->CodeIgniter\View\{closure}()
 4 SYSTEMPATH\Common.php(1188): CodeIgniter\View\View->render('pages/reports/indivisual', [], true)
 5 APPPATH\Controllers\ReportsController.php(66): view('pages/reports/indivisual', [...])
 6 SYSTEMPATH\CodeIgniter.php(919): App\Controllers\ReportsController->Edit('2')
 7 SYSTEMPATH\CodeIgniter.php(494): CodeIgniter\CodeIgniter->runController(Object(App\Controllers\ReportsController))
 8 SYSTEMPATH\CodeIgniter.php(353): CodeIgniter\CodeIgniter->handleRequest(null, Object(Config\Cache), false)
 9 FCPATH\index.php(79): CodeIgniter\CodeIgniter->run()
10 SYSTEMPATH\Commands\Server\rewrite.php(47): require_once('D:\\xampp\\htdocs\\Codeigniter_project\\public\\index.php')
CRITICAL - 2023-10-17 17:27:20 --> Undefined variable $member
in APPPATH\Views\pages\reports\indivisual.php on line 60.
 1 APPPATH\Views\pages\reports\indivisual.php(60): CodeIgniter\Debug\Exceptions->errorHandler(2, 'Undefined variable $member', 'D:\\xampp\\htdocs\\Codeigniter_project\\app\\Views\\pages\\reports\\indivisual.php', 60)
 2 SYSTEMPATH\View\View.php(226): include('D:\\xampp\\htdocs\\Codeigniter_project\\app\\Views\\pages\\reports\\indivisual.php')
 3 SYSTEMPATH\View\View.php(229): CodeIgniter\View\View->CodeIgniter\View\{closure}()
 4 SYSTEMPATH\Common.php(1188): CodeIgniter\View\View->render('pages/reports/indivisual', [], true)
 5 APPPATH\Controllers\ReportsController.php(66): view('pages/reports/indivisual', [...])
 6 SYSTEMPATH\CodeIgniter.php(919): App\Controllers\ReportsController->Edit('2')
 7 SYSTEMPATH\CodeIgniter.php(494): CodeIgniter\CodeIgniter->runController(Object(App\Controllers\ReportsController))
 8 SYSTEMPATH\CodeIgniter.php(353): CodeIgniter\CodeIgniter->handleRequest(null, Object(Config\Cache), false)
 9 FCPATH\index.php(79): CodeIgniter\CodeIgniter->run()
10 SYSTEMPATH\Commands\Server\rewrite.php(47): require_once('D:\\xampp\\htdocs\\Codeigniter_project\\public\\index.php')
CRITICAL - 2023-10-17 17:31:19 --> Division by zero
in APPPATH\Views\pages\reports\indivisual.php on line 89.
 1 SYSTEMPATH\View\View.php(226): include()
 2 SYSTEMPATH\View\View.php(229): CodeIgniter\View\View->CodeIgniter\View\{closure}()
 3 SYSTEMPATH\Common.php(1188): CodeIgniter\View\View->render('pages/reports/indivisual', [], true)
 4 APPPATH\Controllers\ReportsController.php(66): view('pages/reports/indivisual', [...])
 5 SYSTEMPATH\CodeIgniter.php(919): App\Controllers\ReportsController->Edit('2')
 6 SYSTEMPATH\CodeIgniter.php(494): CodeIgniter\CodeIgniter->runController(Object(App\Controllers\ReportsController))
 7 SYSTEMPATH\CodeIgniter.php(353): CodeIgniter\CodeIgniter->handleRequest(null, Object(Config\Cache), false)
 8 FCPATH\index.php(79): CodeIgniter\CodeIgniter->run()
 9 SYSTEMPATH\Commands\Server\rewrite.php(47): require_once('D:\\xampp\\htdocs\\Codeigniter_project\\public\\index.php')
CRITICAL - 2023-10-17 17:31:29 --> Division by zero
in APPPATH\Views\pages\reports\indivisual.php on line 89.
 1 SYSTEMPATH\View\View.php(226): include()
 2 SYSTEMPATH\View\View.php(229): CodeIgniter\View\View->CodeIgniter\View\{closure}()
 3 SYSTEMPATH\Common.php(1188): CodeIgniter\View\View->render('pages/reports/indivisual', [], true)
 4 APPPATH\Controllers\ReportsController.php(66): view('pages/reports/indivisual', [...])
 5 SYSTEMPATH\CodeIgniter.php(919): App\Controllers\ReportsController->Edit('1')
 6 SYSTEMPATH\CodeIgniter.php(494): CodeIgniter\CodeIgniter->runController(Object(App\Controllers\ReportsController))
 7 SYSTEMPATH\CodeIgniter.php(353): CodeIgniter\CodeIgniter->handleRequest(null, Object(Config\Cache), false)
 8 FCPATH\index.php(79): CodeIgniter\CodeIgniter->run()
 9 SYSTEMPATH\Commands\Server\rewrite.php(47): require_once('D:\\xampp\\htdocs\\Codeigniter_project\\public\\index.php')
CRITICAL - 2023-10-17 17:34:00 --> Undefined variable $memberI
in APPPATH\Views\pages\reports\indivisual.php on line 60.
 1 APPPATH\Views\pages\reports\indivisual.php(60): CodeIgniter\Debug\Exceptions->errorHandler(2, 'Undefined variable $memberI', 'D:\\xampp\\htdocs\\Codeigniter_project\\app\\Views\\pages\\reports\\indivisual.php', 60)
 2 SYSTEMPATH\View\View.php(226): include('D:\\xampp\\htdocs\\Codeigniter_project\\app\\Views\\pages\\reports\\indivisual.php')
 3 SYSTEMPATH\View\View.php(229): CodeIgniter\View\View->CodeIgniter\View\{closure}()
 4 SYSTEMPATH\Common.php(1188): CodeIgniter\View\View->render('pages/reports/indivisual', [], true)
 5 APPPATH\Controllers\ReportsController.php(69): view('pages/reports/indivisual', [...])
 6 SYSTEMPATH\CodeIgniter.php(919): App\Controllers\ReportsController->Edit('1')
 7 SYSTEMPATH\CodeIgniter.php(494): CodeIgniter\CodeIgniter->runController(Object(App\Controllers\ReportsController))
 8 SYSTEMPATH\CodeIgniter.php(353): CodeIgniter\CodeIgniter->handleRequest(null, Object(Config\Cache), false)
 9 FCPATH\index.php(79): CodeIgniter\CodeIgniter->run()
10 SYSTEMPATH\Commands\Server\rewrite.php(47): require_once('D:\\xampp\\htdocs\\Codeigniter_project\\public\\index.php')
CRITICAL - 2023-10-17 18:16:01 --> Undefined variable $data
in APPPATH\Controllers\ReportsController.php on line 86.
 1 APPPATH\Controllers\ReportsController.php(86): CodeIgniter\Debug\Exceptions->errorHandler(2, 'Undefined variable $data', 'D:\\xampp\\htdocs\\Codeigniter_project\\app\\Controllers\\ReportsController.php', 86)
 2 SYSTEMPATH\CodeIgniter.php(919): App\Controllers\ReportsController->abc()
 3 SYSTEMPATH\CodeIgniter.php(494): CodeIgniter\CodeIgniter->runController(Object(App\Controllers\ReportsController))
 4 SYSTEMPATH\CodeIgniter.php(353): CodeIgniter\CodeIgniter->handleRequest(null, Object(Config\Cache), false)
 5 FCPATH\index.php(79): CodeIgniter\CodeIgniter->run()
 6 SYSTEMPATH\Commands\Server\rewrite.php(47): require_once('D:\\xampp\\htdocs\\Codeigniter_project\\public\\index.php')
CRITICAL - 2023-10-17 18:16:40 --> Undefined variable $member_id
in APPPATH\Controllers\ReportsController.php on line 92.
 1 APPPATH\Controllers\ReportsController.php(92): CodeIgniter\Debug\Exceptions->errorHandler(2, 'Undefined variable $member_id', 'D:\\xampp\\htdocs\\Codeigniter_project\\app\\Controllers\\ReportsController.php', 92)
 2 SYSTEMPATH\CodeIgniter.php(919): App\Controllers\ReportsController->abc()
 3 SYSTEMPATH\CodeIgniter.php(494): CodeIgniter\CodeIgniter->runController(Object(App\Controllers\ReportsController))
 4 SYSTEMPATH\CodeIgniter.php(353): CodeIgniter\CodeIgniter->handleRequest(null, Object(Config\Cache), false)
 5 FCPATH\index.php(79): CodeIgniter\CodeIgniter->run()
 6 SYSTEMPATH\Commands\Server\rewrite.php(47): require_once('D:\\xampp\\htdocs\\Codeigniter_project\\public\\index.php')
CRITICAL - 2023-10-17 18:17:02 --> Updates are not allowed unless they contain a "where" or "like" clause.
in SYSTEMPATH\Model.php on line 380.
 1 SYSTEMPATH\BaseModel.php(949): CodeIgniter\Model->doUpdate(null, [...])
 2 SYSTEMPATH\Model.php(776): CodeIgniter\BaseModel->update(null, [...])
 3 APPPATH\Controllers\ReportsController.php(92): CodeIgniter\Model->update(null, [...])
 4 SYSTEMPATH\CodeIgniter.php(919): App\Controllers\ReportsController->abc()
 5 SYSTEMPATH\CodeIgniter.php(494): CodeIgniter\CodeIgniter->runController(Object(App\Controllers\ReportsController))
 6 SYSTEMPATH\CodeIgniter.php(353): CodeIgniter\CodeIgniter->handleRequest(null, Object(Config\Cache), false)
 7 FCPATH\index.php(79): CodeIgniter\CodeIgniter->run()
 8 SYSTEMPATH\Commands\Server\rewrite.php(47): require_once('D:\\xampp\\htdocs\\Codeigniter_project\\public\\index.php')
CRITICAL - 2023-10-17 18:17:54 --> Updates are not allowed unless they contain a "where" or "like" clause.
in SYSTEMPATH\Model.php on line 380.
 1 SYSTEMPATH\BaseModel.php(949): CodeIgniter\Model->doUpdate(null, [...])
 2 SYSTEMPATH\Model.php(776): CodeIgniter\BaseModel->update(null, [...])
 3 APPPATH\Controllers\ReportsController.php(92): CodeIgniter\Model->update(null, [...])
 4 SYSTEMPATH\CodeIgniter.php(919): App\Controllers\ReportsController->abc()
 5 SYSTEMPATH\CodeIgniter.php(494): CodeIgniter\CodeIgniter->runController(Object(App\Controllers\ReportsController))
 6 SYSTEMPATH\CodeIgniter.php(353): CodeIgniter\CodeIgniter->handleRequest(null, Object(Config\Cache), false)
 7 FCPATH\index.php(79): CodeIgniter\CodeIgniter->run()
 8 SYSTEMPATH\Commands\Server\rewrite.php(47): require_once('D:\\xampp\\htdocs\\Codeigniter_project\\public\\index.php')
CRITICAL - 2023-10-17 18:18:01 --> Undefined variable $memberI
in APPPATH\Views\pages\reports\indivisual.php on line 60.
 1 APPPATH\Views\pages\reports\indivisual.php(60): CodeIgniter\Debug\Exceptions->errorHandler(2, 'Undefined variable $memberI', 'D:\\xampp\\htdocs\\Codeigniter_project\\app\\Views\\pages\\reports\\indivisual.php', 60)
 2 SYSTEMPATH\View\View.php(226): include('D:\\xampp\\htdocs\\Codeigniter_project\\app\\Views\\pages\\reports\\indivisual.php')
 3 SYSTEMPATH\View\View.php(229): CodeIgniter\View\View->CodeIgniter\View\{closure}()
 4 SYSTEMPATH\Common.php(1188): CodeIgniter\View\View->render('pages/reports/indivisual', [], true)
 5 APPPATH\Controllers\ReportsController.php(69): view('pages/reports/indivisual', [...])
 6 SYSTEMPATH\CodeIgniter.php(919): App\Controllers\ReportsController->Edit('1')
 7 SYSTEMPATH\CodeIgniter.php(494): CodeIgniter\CodeIgniter->runController(Object(App\Controllers\ReportsController))
 8 SYSTEMPATH\CodeIgniter.php(353): CodeIgniter\CodeIgniter->handleRequest(null, Object(Config\Cache), false)
 9 FCPATH\index.php(79): CodeIgniter\CodeIgniter->run()
10 SYSTEMPATH\Commands\Server\rewrite.php(47): require_once('D:\\xampp\\htdocs\\Codeigniter_project\\public\\index.php')
CRITICAL - 2023-10-17 18:18:37 --> Undefined variable $memberI
in APPPATH\Views\pages\reports\indivisual.php on line 49.
 1 APPPATH\Views\pages\reports\indivisual.php(49): CodeIgniter\Debug\Exceptions->errorHandler(2, 'Undefined variable $memberI', 'D:\\xampp\\htdocs\\Codeigniter_project\\app\\Views\\pages\\reports\\indivisual.php', 49)
 2 SYSTEMPATH\View\View.php(226): include('D:\\xampp\\htdocs\\Codeigniter_project\\app\\Views\\pages\\reports\\indivisual.php')
 3 SYSTEMPATH\View\View.php(229): CodeIgniter\View\View->CodeIgniter\View\{closure}()
 4 SYSTEMPATH\Common.php(1188): CodeIgniter\View\View->render('pages/reports/indivisual', [], true)
 5 APPPATH\Controllers\ReportsController.php(69): view('pages/reports/indivisual', [...])
 6 SYSTEMPATH\CodeIgniter.php(919): App\Controllers\ReportsController->Edit('1')
 7 SYSTEMPATH\CodeIgniter.php(494): CodeIgniter\CodeIgniter->runController(Object(App\Controllers\ReportsController))
 8 SYSTEMPATH\CodeIgniter.php(353): CodeIgniter\CodeIgniter->handleRequest(null, Object(Config\Cache), false)
 9 FCPATH\index.php(79): CodeIgniter\CodeIgniter->run()
10 SYSTEMPATH\Commands\Server\rewrite.php(47): require_once('D:\\xampp\\htdocs\\Codeigniter_project\\public\\index.php')
CRITICAL - 2023-10-17 18:52:46 --> Undefined variable $depSum
in APPPATH\Views\pages\reports\indivisual.php on line 66.
 1 APPPATH\Views\pages\reports\indivisual.php(66): CodeIgniter\Debug\Exceptions->errorHandler(2, 'Undefined variable $depSum', 'D:\\xampp\\htdocs\\Codeigniter_project\\app\\Views\\pages\\reports\\indivisual.php', 66)
 2 SYSTEMPATH\View\View.php(226): include('D:\\xampp\\htdocs\\Codeigniter_project\\app\\Views\\pages\\reports\\indivisual.php')
 3 SYSTEMPATH\View\View.php(229): CodeIgniter\View\View->CodeIgniter\View\{closure}()
 4 SYSTEMPATH\Common.php(1188): CodeIgniter\View\View->render('pages/reports/indivisual', [], true)
 5 APPPATH\Controllers\ReportsController.php(73): view('pages/reports/indivisual', [...])
 6 SYSTEMPATH\CodeIgniter.php(919): App\Controllers\ReportsController->Edit('1')
 7 SYSTEMPATH\CodeIgniter.php(494): CodeIgniter\CodeIgniter->runController(Object(App\Controllers\ReportsController))
 8 SYSTEMPATH\CodeIgniter.php(353): CodeIgniter\CodeIgniter->handleRequest(null, Object(Config\Cache), false)
 9 FCPATH\index.php(79): CodeIgniter\CodeIgniter->run()
10 SYSTEMPATH\Commands\Server\rewrite.php(47): require_once('D:\\xampp\\htdocs\\Codeigniter_project\\public\\index.php')
