CRITICAL - 2023-10-16 15:15:36 --> Undefined variable $memberSum
in APPPATH\Views\pages\houseRent\rentView.php on line 68.
 1 APPPATH\Views\pages\houseRent\rentView.php(68): CodeIgniter\Debug\Exceptions->errorHandler(2, 'Undefined variable $memberSum', 'D:\\xampp\\htdocs\\Codeigniter_project\\app\\Views\\pages\\houseRent\\rentView.php', 68)
 2 SYSTEMPATH\View\View.php(226): include('D:\\xampp\\htdocs\\Codeigniter_project\\app\\Views\\pages\\houseRent\\rentView.php')
 3 SYSTEMPATH\View\View.php(229): CodeIgniter\View\View->CodeIgniter\View\{closure}()
 4 SYSTEMPATH\Common.php(1188): CodeIgniter\View\View->render('pages/houseRent/rentView', [], true)
 5 APPPATH\Controllers\RentController.php(33): view('pages/houseRent/rentView', [...])
 6 SYSTEMPATH\CodeIgniter.php(919): App\Controllers\RentController->fetchrent()
 7 SYSTEMPATH\CodeIgniter.php(494): CodeIgniter\CodeIgniter->runController(Object(App\Controllers\RentController))
 8 SYSTEMPATH\CodeIgniter.php(353): CodeIgniter\CodeIgniter->handleRequest(null, Object(Config\Cache), false)
 9 FCPATH\index.php(79): CodeIgniter\CodeIgniter->run()
10 SYSTEMPATH\Commands\Server\rewrite.php(47): require_once('D:\\xampp\\htdocs\\Codeigniter_project\\public\\index.php')
CRITICAL - 2023-10-16 15:16:07 --> Undefined variable $memberSum
in APPPATH\Views\pages\houseRent\rentView.php on line 68.
 1 APPPATH\Views\pages\houseRent\rentView.php(68): CodeIgniter\Debug\Exceptions->errorHandler(2, 'Undefined variable $memberSum', 'D:\\xampp\\htdocs\\Codeigniter_project\\app\\Views\\pages\\houseRent\\rentView.php', 68)
 2 SYSTEMPATH\View\View.php(226): include('D:\\xampp\\htdocs\\Codeigniter_project\\app\\Views\\pages\\houseRent\\rentView.php')
 3 SYSTEMPATH\View\View.php(229): CodeIgniter\View\View->CodeIgniter\View\{closure}()
 4 SYSTEMPATH\Common.php(1188): CodeIgniter\View\View->render('pages/houseRent/rentView', [], true)
 5 APPPATH\Controllers\RentController.php(34): view('pages/houseRent/rentView', [...])
 6 SYSTEMPATH\CodeIgniter.php(919): App\Controllers\RentController->fetchrent()
 7 SYSTEMPATH\CodeIgniter.php(494): CodeIgniter\CodeIgniter->runController(Object(App\Controllers\RentController))
 8 SYSTEMPATH\CodeIgniter.php(353): CodeIgniter\CodeIgniter->handleRequest(null, Object(Config\Cache), false)
 9 FCPATH\index.php(79): CodeIgniter\CodeIgniter->run()
10 SYSTEMPATH\Commands\Server\rewrite.php(47): require_once('D:\\xampp\\htdocs\\Codeigniter_project\\public\\index.php')
CRITICAL - 2023-10-16 15:16:08 --> Undefined variable $memberSum
in APPPATH\Views\pages\houseRent\rentView.php on line 68.
 1 APPPATH\Views\pages\houseRent\rentView.php(68): CodeIgniter\Debug\Exceptions->errorHandler(2, 'Undefined variable $memberSum', 'D:\\xampp\\htdocs\\Codeigniter_project\\app\\Views\\pages\\houseRent\\rentView.php', 68)
 2 SYSTEMPATH\View\View.php(226): include('D:\\xampp\\htdocs\\Codeigniter_project\\app\\Views\\pages\\houseRent\\rentView.php')
 3 SYSTEMPATH\View\View.php(229): CodeIgniter\View\View->CodeIgniter\View\{closure}()
 4 SYSTEMPATH\Common.php(1188): CodeIgniter\View\View->render('pages/houseRent/rentView', [], true)
 5 APPPATH\Controllers\RentController.php(34): view('pages/houseRent/rentView', [...])
 6 SYSTEMPATH\CodeIgniter.php(919): App\Controllers\RentController->fetchrent()
 7 SYSTEMPATH\CodeIgniter.php(494): CodeIgniter\CodeIgniter->runController(Object(App\Controllers\RentController))
 8 SYSTEMPATH\CodeIgniter.php(353): CodeIgniter\CodeIgniter->handleRequest(null, Object(Config\Cache), false)
 9 FCPATH\index.php(79): CodeIgniter\CodeIgniter->run()
10 SYSTEMPATH\Commands\Server\rewrite.php(47): require_once('D:\\xampp\\htdocs\\Codeigniter_project\\public\\index.php')
CRITICAL - 2023-10-16 15:16:26 --> Undefined variable $memberSum
in APPPATH\Views\pages\houseRent\rentView.php on line 68.
 1 APPPATH\Views\pages\houseRent\rentView.php(68): CodeIgniter\Debug\Exceptions->errorHandler(2, 'Undefined variable $memberSum', 'D:\\xampp\\htdocs\\Codeigniter_project\\app\\Views\\pages\\houseRent\\rentView.php', 68)
 2 SYSTEMPATH\View\View.php(226): include('D:\\xampp\\htdocs\\Codeigniter_project\\app\\Views\\pages\\houseRent\\rentView.php')
 3 SYSTEMPATH\View\View.php(229): CodeIgniter\View\View->CodeIgniter\View\{closure}()
 4 SYSTEMPATH\Common.php(1188): CodeIgniter\View\View->render('pages/houseRent/rentView', [], true)
 5 APPPATH\Controllers\RentController.php(34): view('pages/houseRent/rentView', [...])
 6 SYSTEMPATH\CodeIgniter.php(919): App\Controllers\RentController->fetchrent()
 7 SYSTEMPATH\CodeIgniter.php(494): CodeIgniter\CodeIgniter->runController(Object(App\Controllers\RentController))
 8 SYSTEMPATH\CodeIgniter.php(353): CodeIgniter\CodeIgniter->handleRequest(null, Object(Config\Cache), false)
 9 FCPATH\index.php(79): CodeIgniter\CodeIgniter->run()
10 SYSTEMPATH\Commands\Server\rewrite.php(47): require_once('D:\\xampp\\htdocs\\Codeigniter_project\\public\\index.php')
CRITICAL - 2023-10-16 15:18:53 --> Undefined variable $memberSum
in APPPATH\Views\pages\houseRent\rentView.php on line 68.
 1 APPPATH\Views\pages\houseRent\rentView.php(68): CodeIgniter\Debug\Exceptions->errorHandler(2, 'Undefined variable $memberSum', 'D:\\xampp\\htdocs\\Codeigniter_project\\app\\Views\\pages\\houseRent\\rentView.php', 68)
 2 SYSTEMPATH\View\View.php(226): include('D:\\xampp\\htdocs\\Codeigniter_project\\app\\Views\\pages\\houseRent\\rentView.php')
 3 SYSTEMPATH\View\View.php(229): CodeIgniter\View\View->CodeIgniter\View\{closure}()
 4 SYSTEMPATH\Common.php(1188): CodeIgniter\View\View->render('pages/houseRent/rentView', [], true)
 5 APPPATH\Controllers\RentController.php(37): view('pages/houseRent/rentView', [...])
 6 SYSTEMPATH\CodeIgniter.php(919): App\Controllers\RentController->fetchrent()
 7 SYSTEMPATH\CodeIgniter.php(494): CodeIgniter\CodeIgniter->runController(Object(App\Controllers\RentController))
 8 SYSTEMPATH\CodeIgniter.php(353): CodeIgniter\CodeIgniter->handleRequest(null, Object(Config\Cache), false)
 9 FCPATH\index.php(79): CodeIgniter\CodeIgniter->run()
10 SYSTEMPATH\Commands\Server\rewrite.php(47): require_once('D:\\xampp\\htdocs\\Codeigniter_project\\public\\index.php')
CRITICAL - 2023-10-16 15:18:59 --> Undefined variable $memberSum
in APPPATH\Views\pages\houseRent\rentView.php on line 68.
 1 APPPATH\Views\pages\houseRent\rentView.php(68): CodeIgniter\Debug\Exceptions->errorHandler(2, 'Undefined variable $memberSum', 'D:\\xampp\\htdocs\\Codeigniter_project\\app\\Views\\pages\\houseRent\\rentView.php', 68)
 2 SYSTEMPATH\View\View.php(226): include('D:\\xampp\\htdocs\\Codeigniter_project\\app\\Views\\pages\\houseRent\\rentView.php')
 3 SYSTEMPATH\View\View.php(229): CodeIgniter\View\View->CodeIgniter\View\{closure}()
 4 SYSTEMPATH\Common.php(1188): CodeIgniter\View\View->render('pages/houseRent/rentView', [], true)
 5 APPPATH\Controllers\RentController.php(37): view('pages/houseRent/rentView', [...])
 6 SYSTEMPATH\CodeIgniter.php(919): App\Controllers\RentController->fetchrent()
 7 SYSTEMPATH\CodeIgniter.php(494): CodeIgniter\CodeIgniter->runController(Object(App\Controllers\RentController))
 8 SYSTEMPATH\CodeIgniter.php(353): CodeIgniter\CodeIgniter->handleRequest(null, Object(Config\Cache), false)
 9 FCPATH\index.php(79): CodeIgniter\CodeIgniter->run()
10 SYSTEMPATH\Commands\Server\rewrite.php(47): require_once('D:\\xampp\\htdocs\\Codeigniter_project\\public\\index.php')
CRITICAL - 2023-10-16 15:19:01 --> Undefined variable $memberSum
in APPPATH\Views\pages\houseRent\rentView.php on line 68.
 1 APPPATH\Views\pages\houseRent\rentView.php(68): CodeIgniter\Debug\Exceptions->errorHandler(2, 'Undefined variable $memberSum', 'D:\\xampp\\htdocs\\Codeigniter_project\\app\\Views\\pages\\houseRent\\rentView.php', 68)
 2 SYSTEMPATH\View\View.php(226): include('D:\\xampp\\htdocs\\Codeigniter_project\\app\\Views\\pages\\houseRent\\rentView.php')
 3 SYSTEMPATH\View\View.php(229): CodeIgniter\View\View->CodeIgniter\View\{closure}()
 4 SYSTEMPATH\Common.php(1188): CodeIgniter\View\View->render('pages/houseRent/rentView', [], true)
 5 APPPATH\Controllers\RentController.php(37): view('pages/houseRent/rentView', [...])
 6 SYSTEMPATH\CodeIgniter.php(919): App\Controllers\RentController->fetchrent()
 7 SYSTEMPATH\CodeIgniter.php(494): CodeIgniter\CodeIgniter->runController(Object(App\Controllers\RentController))
 8 SYSTEMPATH\CodeIgniter.php(353): CodeIgniter\CodeIgniter->handleRequest(null, Object(Config\Cache), false)
 9 FCPATH\index.php(79): CodeIgniter\CodeIgniter->run()
10 SYSTEMPATH\Commands\Server\rewrite.php(47): require_once('D:\\xampp\\htdocs\\Codeigniter_project\\public\\index.php')
CRITICAL - 2023-10-16 17:50:48 --> Undefined variable $member
in APPPATH\Views\pages\reports\indivisual.php on line 48.
 1 APPPATH\Views\pages\reports\indivisual.php(48): CodeIgniter\Debug\Exceptions->errorHandler(2, 'Undefined variable $member', 'D:\\xampp\\htdocs\\Codeigniter_project\\app\\Views\\pages\\reports\\indivisual.php', 48)
 2 SYSTEMPATH\View\View.php(226): include('D:\\xampp\\htdocs\\Codeigniter_project\\app\\Views\\pages\\reports\\indivisual.php')
 3 SYSTEMPATH\View\View.php(229): CodeIgniter\View\View->CodeIgniter\View\{closure}()
 4 SYSTEMPATH\Common.php(1188): CodeIgniter\View\View->render('pages/reports/indivisual', [], true)
 5 APPPATH\Controllers\ReportsController.php(51): view('pages/reports/indivisual', [...])
 6 SYSTEMPATH\CodeIgniter.php(919): App\Controllers\ReportsController->Edit()
 7 SYSTEMPATH\CodeIgniter.php(494): CodeIgniter\CodeIgniter->runController(Object(App\Controllers\ReportsController))
 8 SYSTEMPATH\CodeIgniter.php(353): CodeIgniter\CodeIgniter->handleRequest(null, Object(Config\Cache), false)
 9 FCPATH\index.php(79): CodeIgniter\CodeIgniter->run()
10 SYSTEMPATH\Commands\Server\rewrite.php(47): require_once('D:\\xampp\\htdocs\\Codeigniter_project\\public\\index.php')
CRITICAL - 2023-10-16 17:50:52 --> Undefined variable $member
in APPPATH\Views\pages\reports\indivisual.php on line 48.
 1 APPPATH\Views\pages\reports\indivisual.php(48): CodeIgniter\Debug\Exceptions->errorHandler(2, 'Undefined variable $member', 'D:\\xampp\\htdocs\\Codeigniter_project\\app\\Views\\pages\\reports\\indivisual.php', 48)
 2 SYSTEMPATH\View\View.php(226): include('D:\\xampp\\htdocs\\Codeigniter_project\\app\\Views\\pages\\reports\\indivisual.php')
 3 SYSTEMPATH\View\View.php(229): CodeIgniter\View\View->CodeIgniter\View\{closure}()
 4 SYSTEMPATH\Common.php(1188): CodeIgniter\View\View->render('pages/reports/indivisual', [], true)
 5 APPPATH\Controllers\ReportsController.php(43): view('pages/reports/indivisual', [...])
 6 SYSTEMPATH\CodeIgniter.php(919): App\Controllers\ReportsController->reportI()
 7 SYSTEMPATH\CodeIgniter.php(494): CodeIgniter\CodeIgniter->runController(Object(App\Controllers\ReportsController))
 8 SYSTEMPATH\CodeIgniter.php(353): CodeIgniter\CodeIgniter->handleRequest(null, Object(Config\Cache), false)
 9 FCPATH\index.php(79): CodeIgniter\CodeIgniter->run()
10 SYSTEMPATH\Commands\Server\rewrite.php(47): require_once('D:\\xampp\\htdocs\\Codeigniter_project\\public\\index.php')
CRITICAL - 2023-10-16 17:51:06 --> Undefined variable $member
in APPPATH\Views\pages\reports\indivisual.php on line 48.
 1 APPPATH\Views\pages\reports\indivisual.php(48): CodeIgniter\Debug\Exceptions->errorHandler(2, 'Undefined variable $member', 'D:\\xampp\\htdocs\\Codeigniter_project\\app\\Views\\pages\\reports\\indivisual.php', 48)
 2 SYSTEMPATH\View\View.php(226): include('D:\\xampp\\htdocs\\Codeigniter_project\\app\\Views\\pages\\reports\\indivisual.php')
 3 SYSTEMPATH\View\View.php(229): CodeIgniter\View\View->CodeIgniter\View\{closure}()
 4 SYSTEMPATH\Common.php(1188): CodeIgniter\View\View->render('pages/reports/indivisual', [], true)
 5 APPPATH\Controllers\ReportsController.php(51): view('pages/reports/indivisual', [...])
 6 SYSTEMPATH\CodeIgniter.php(919): App\Controllers\ReportsController->Edit()
 7 SYSTEMPATH\CodeIgniter.php(494): CodeIgniter\CodeIgniter->runController(Object(App\Controllers\ReportsController))
 8 SYSTEMPATH\CodeIgniter.php(353): CodeIgniter\CodeIgniter->handleRequest(null, Object(Config\Cache), false)
 9 FCPATH\index.php(79): CodeIgniter\CodeIgniter->run()
10 SYSTEMPATH\Commands\Server\rewrite.php(47): require_once('D:\\xampp\\htdocs\\Codeigniter_project\\public\\index.php')
CRITICAL - 2023-10-16 17:51:36 --> Trying to access array offset on value of type null
in APPPATH\Views\pages\reports\indivisual.php on line 48.
 1 APPPATH\Views\pages\reports\indivisual.php(48): CodeIgniter\Debug\Exceptions->errorHandler(2, 'Trying to access array offset on value of type null', 'D:\\xampp\\htdocs\\Codeigniter_project\\app\\Views\\pages\\reports\\indivisual.php', 48)
 2 SYSTEMPATH\View\View.php(226): include('D:\\xampp\\htdocs\\Codeigniter_project\\app\\Views\\pages\\reports\\indivisual.php')
 3 SYSTEMPATH\View\View.php(229): CodeIgniter\View\View->CodeIgniter\View\{closure}()
 4 SYSTEMPATH\Common.php(1188): CodeIgniter\View\View->render('pages/reports/indivisual', [], true)
 5 APPPATH\Controllers\ReportsController.php(51): view('pages/reports/indivisual', [...])
 6 SYSTEMPATH\CodeIgniter.php(919): App\Controllers\ReportsController->Edit()
 7 SYSTEMPATH\CodeIgniter.php(494): CodeIgniter\CodeIgniter->runController(Object(App\Controllers\ReportsController))
 8 SYSTEMPATH\CodeIgniter.php(353): CodeIgniter\CodeIgniter->handleRequest(null, Object(Config\Cache), false)
 9 FCPATH\index.php(79): CodeIgniter\CodeIgniter->run()
10 SYSTEMPATH\Commands\Server\rewrite.php(47): require_once('D:\\xampp\\htdocs\\Codeigniter_project\\public\\index.php')
CRITICAL - 2023-10-16 17:51:56 --> Trying to access array offset on value of type null
in APPPATH\Views\pages\reports\indivisual.php on line 48.
 1 APPPATH\Views\pages\reports\indivisual.php(48): CodeIgniter\Debug\Exceptions->errorHandler(2, 'Trying to access array offset on value of type null', 'D:\\xampp\\htdocs\\Codeigniter_project\\app\\Views\\pages\\reports\\indivisual.php', 48)
 2 SYSTEMPATH\View\View.php(226): include('D:\\xampp\\htdocs\\Codeigniter_project\\app\\Views\\pages\\reports\\indivisual.php')
 3 SYSTEMPATH\View\View.php(229): CodeIgniter\View\View->CodeIgniter\View\{closure}()
 4 SYSTEMPATH\Common.php(1188): CodeIgniter\View\View->render('pages/reports/indivisual', [], true)
 5 APPPATH\Controllers\ReportsController.php(51): view('pages/reports/indivisual', [...])
 6 SYSTEMPATH\CodeIgniter.php(919): App\Controllers\ReportsController->Edit()
 7 SYSTEMPATH\CodeIgniter.php(494): CodeIgniter\CodeIgniter->runController(Object(App\Controllers\ReportsController))
 8 SYSTEMPATH\CodeIgniter.php(353): CodeIgniter\CodeIgniter->handleRequest(null, Object(Config\Cache), false)
 9 FCPATH\index.php(79): CodeIgniter\CodeIgniter->run()
10 SYSTEMPATH\Commands\Server\rewrite.php(47): require_once('D:\\xampp\\htdocs\\Codeigniter_project\\public\\index.php')
CRITICAL - 2023-10-16 17:51:59 --> Trying to access array offset on value of type null
in APPPATH\Views\pages\reports\indivisual.php on line 48.
 1 APPPATH\Views\pages\reports\indivisual.php(48): CodeIgniter\Debug\Exceptions->errorHandler(2, 'Trying to access array offset on value of type null', 'D:\\xampp\\htdocs\\Codeigniter_project\\app\\Views\\pages\\reports\\indivisual.php', 48)
 2 SYSTEMPATH\View\View.php(226): include('D:\\xampp\\htdocs\\Codeigniter_project\\app\\Views\\pages\\reports\\indivisual.php')
 3 SYSTEMPATH\View\View.php(229): CodeIgniter\View\View->CodeIgniter\View\{closure}()
 4 SYSTEMPATH\Common.php(1188): CodeIgniter\View\View->render('pages/reports/indivisual', [], true)
 5 APPPATH\Controllers\ReportsController.php(51): view('pages/reports/indivisual', [...])
 6 SYSTEMPATH\CodeIgniter.php(919): App\Controllers\ReportsController->Edit()
 7 SYSTEMPATH\CodeIgniter.php(494): CodeIgniter\CodeIgniter->runController(Object(App\Controllers\ReportsController))
 8 SYSTEMPATH\CodeIgniter.php(353): CodeIgniter\CodeIgniter->handleRequest(null, Object(Config\Cache), false)
 9 FCPATH\index.php(79): CodeIgniter\CodeIgniter->run()
10 SYSTEMPATH\Commands\Server\rewrite.php(47): require_once('D:\\xampp\\htdocs\\Codeigniter_project\\public\\index.php')
CRITICAL - 2023-10-16 17:52:04 --> Trying to access array offset on value of type null
in APPPATH\Views\pages\reports\indivisual.php on line 48.
 1 APPPATH\Views\pages\reports\indivisual.php(48): CodeIgniter\Debug\Exceptions->errorHandler(2, 'Trying to access array offset on value of type null', 'D:\\xampp\\htdocs\\Codeigniter_project\\app\\Views\\pages\\reports\\indivisual.php', 48)
 2 SYSTEMPATH\View\View.php(226): include('D:\\xampp\\htdocs\\Codeigniter_project\\app\\Views\\pages\\reports\\indivisual.php')
 3 SYSTEMPATH\View\View.php(229): CodeIgniter\View\View->CodeIgniter\View\{closure}()
 4 SYSTEMPATH\Common.php(1188): CodeIgniter\View\View->render('pages/reports/indivisual', [], true)
 5 APPPATH\Controllers\ReportsController.php(51): view('pages/reports/indivisual', [...])
 6 SYSTEMPATH\CodeIgniter.php(919): App\Controllers\ReportsController->Edit()
 7 SYSTEMPATH\CodeIgniter.php(494): CodeIgniter\CodeIgniter->runController(Object(App\Controllers\ReportsController))
 8 SYSTEMPATH\CodeIgniter.php(353): CodeIgniter\CodeIgniter->handleRequest(null, Object(Config\Cache), false)
 9 FCPATH\index.php(79): CodeIgniter\CodeIgniter->run()
10 SYSTEMPATH\Commands\Server\rewrite.php(47): require_once('D:\\xampp\\htdocs\\Codeigniter_project\\public\\index.php')
CRITICAL - 2023-10-16 17:53:24 --> Trying to access array offset on value of type null
in APPPATH\Views\pages\reports\indivisual.php on line 48.
 1 APPPATH\Views\pages\reports\indivisual.php(48): CodeIgniter\Debug\Exceptions->errorHandler(2, 'Trying to access array offset on value of type null', 'D:\\xampp\\htdocs\\Codeigniter_project\\app\\Views\\pages\\reports\\indivisual.php', 48)
 2 SYSTEMPATH\View\View.php(226): include('D:\\xampp\\htdocs\\Codeigniter_project\\app\\Views\\pages\\reports\\indivisual.php')
 3 SYSTEMPATH\View\View.php(229): CodeIgniter\View\View->CodeIgniter\View\{closure}()
 4 SYSTEMPATH\Common.php(1188): CodeIgniter\View\View->render('pages/reports/indivisual', [], true)
 5 APPPATH\Controllers\ReportsController.php(51): view('pages/reports/indivisual', [...])
 6 SYSTEMPATH\CodeIgniter.php(919): App\Controllers\ReportsController->Edit()
 7 SYSTEMPATH\CodeIgniter.php(494): CodeIgniter\CodeIgniter->runController(Object(App\Controllers\ReportsController))
 8 SYSTEMPATH\CodeIgniter.php(353): CodeIgniter\CodeIgniter->handleRequest(null, Object(Config\Cache), false)
 9 FCPATH\index.php(79): CodeIgniter\CodeIgniter->run()
10 SYSTEMPATH\Commands\Server\rewrite.php(47): require_once('D:\\xampp\\htdocs\\Codeigniter_project\\public\\index.php')
CRITICAL - 2023-10-16 17:54:08 --> Undefined variable $member
in APPPATH\Views\pages\reports\indivisual.php on line 48.
 1 APPPATH\Views\pages\reports\indivisual.php(48): CodeIgniter\Debug\Exceptions->errorHandler(2, 'Undefined variable $member', 'D:\\xampp\\htdocs\\Codeigniter_project\\app\\Views\\pages\\reports\\indivisual.php', 48)
 2 SYSTEMPATH\View\View.php(226): include('D:\\xampp\\htdocs\\Codeigniter_project\\app\\Views\\pages\\reports\\indivisual.php')
 3 SYSTEMPATH\View\View.php(229): CodeIgniter\View\View->CodeIgniter\View\{closure}()
 4 SYSTEMPATH\Common.php(1188): CodeIgniter\View\View->render('pages/reports/indivisual', [], true)
 5 APPPATH\Controllers\ReportsController.php(51): view('pages/reports/indivisual', [...])
 6 SYSTEMPATH\CodeIgniter.php(919): App\Controllers\ReportsController->Edit()
 7 SYSTEMPATH\CodeIgniter.php(494): CodeIgniter\CodeIgniter->runController(Object(App\Controllers\ReportsController))
 8 SYSTEMPATH\CodeIgniter.php(353): CodeIgniter\CodeIgniter->handleRequest(null, Object(Config\Cache), false)
 9 FCPATH\index.php(79): CodeIgniter\CodeIgniter->run()
10 SYSTEMPATH\Commands\Server\rewrite.php(47): require_once('D:\\xampp\\htdocs\\Codeigniter_project\\public\\index.php')
CRITICAL - 2023-10-16 17:54:33 --> Trying to access array offset on value of type null
in APPPATH\Views\pages\reports\indivisual.php on line 48.
 1 APPPATH\Views\pages\reports\indivisual.php(48): CodeIgniter\Debug\Exceptions->errorHandler(2, 'Trying to access array offset on value of type null', 'D:\\xampp\\htdocs\\Codeigniter_project\\app\\Views\\pages\\reports\\indivisual.php', 48)
 2 SYSTEMPATH\View\View.php(226): include('D:\\xampp\\htdocs\\Codeigniter_project\\app\\Views\\pages\\reports\\indivisual.php')
 3 SYSTEMPATH\View\View.php(229): CodeIgniter\View\View->CodeIgniter\View\{closure}()
 4 SYSTEMPATH\Common.php(1188): CodeIgniter\View\View->render('pages/reports/indivisual', [], true)
 5 APPPATH\Controllers\ReportsController.php(51): view('pages/reports/indivisual', [...])
 6 SYSTEMPATH\CodeIgniter.php(919): App\Controllers\ReportsController->Edit()
 7 SYSTEMPATH\CodeIgniter.php(494): CodeIgniter\CodeIgniter->runController(Object(App\Controllers\ReportsController))
 8 SYSTEMPATH\CodeIgniter.php(353): CodeIgniter\CodeIgniter->handleRequest(null, Object(Config\Cache), false)
 9 FCPATH\index.php(79): CodeIgniter\CodeIgniter->run()
10 SYSTEMPATH\Commands\Server\rewrite.php(47): require_once('D:\\xampp\\htdocs\\Codeigniter_project\\public\\index.php')
CRITICAL - 2023-10-16 18:08:21 --> Undefined variable $mealSum
in APPPATH\Views\pages\reports\indivisual.php on line 66.
 1 APPPATH\Views\pages\reports\indivisual.php(66): CodeIgniter\Debug\Exceptions->errorHandler(2, 'Undefined variable $mealSum', 'D:\\xampp\\htdocs\\Codeigniter_project\\app\\Views\\pages\\reports\\indivisual.php', 66)
 2 SYSTEMPATH\View\View.php(226): include('D:\\xampp\\htdocs\\Codeigniter_project\\app\\Views\\pages\\reports\\indivisual.php')
 3 SYSTEMPATH\View\View.php(229): CodeIgniter\View\View->CodeIgniter\View\{closure}()
 4 SYSTEMPATH\Common.php(1188): CodeIgniter\View\View->render('pages/reports/indivisual', [], true)
 5 APPPATH\Controllers\ReportsController.php(51): view('pages/reports/indivisual', [...])
 6 SYSTEMPATH\CodeIgniter.php(919): App\Controllers\ReportsController->Edit('1')
 7 SYSTEMPATH\CodeIgniter.php(494): CodeIgniter\CodeIgniter->runController(Object(App\Controllers\ReportsController))
 8 SYSTEMPATH\CodeIgniter.php(353): CodeIgniter\CodeIgniter->handleRequest(null, Object(Config\Cache), false)
 9 FCPATH\index.php(79): CodeIgniter\CodeIgniter->run()
10 SYSTEMPATH\Commands\Server\rewrite.php(47): require_once('D:\\xampp\\htdocs\\Codeigniter_project\\public\\index.php')
CRITICAL - 2023-10-16 18:08:58 --> Undefined variable $mealSum
in APPPATH\Views\pages\reports\indivisual.php on line 66.
 1 APPPATH\Views\pages\reports\indivisual.php(66): CodeIgniter\Debug\Exceptions->errorHandler(2, 'Undefined variable $mealSum', 'D:\\xampp\\htdocs\\Codeigniter_project\\app\\Views\\pages\\reports\\indivisual.php', 66)
 2 SYSTEMPATH\View\View.php(226): include('D:\\xampp\\htdocs\\Codeigniter_project\\app\\Views\\pages\\reports\\indivisual.php')
 3 SYSTEMPATH\View\View.php(229): CodeIgniter\View\View->CodeIgniter\View\{closure}()
 4 SYSTEMPATH\Common.php(1188): CodeIgniter\View\View->render('pages/reports/indivisual', [], true)
 5 APPPATH\Controllers\ReportsController.php(51): view('pages/reports/indivisual', [...])
 6 SYSTEMPATH\CodeIgniter.php(919): App\Controllers\ReportsController->Edit('1')
 7 SYSTEMPATH\CodeIgniter.php(494): CodeIgniter\CodeIgniter->runController(Object(App\Controllers\ReportsController))
 8 SYSTEMPATH\CodeIgniter.php(353): CodeIgniter\CodeIgniter->handleRequest(null, Object(Config\Cache), false)
 9 FCPATH\index.php(79): CodeIgniter\CodeIgniter->run()
10 SYSTEMPATH\Commands\Server\rewrite.php(47): require_once('D:\\xampp\\htdocs\\Codeigniter_project\\public\\index.php')
CRITICAL - 2023-10-16 18:08:59 --> Undefined variable $mealSum
in APPPATH\Views\pages\reports\indivisual.php on line 66.
 1 APPPATH\Views\pages\reports\indivisual.php(66): CodeIgniter\Debug\Exceptions->errorHandler(2, 'Undefined variable $mealSum', 'D:\\xampp\\htdocs\\Codeigniter_project\\app\\Views\\pages\\reports\\indivisual.php', 66)
 2 SYSTEMPATH\View\View.php(226): include('D:\\xampp\\htdocs\\Codeigniter_project\\app\\Views\\pages\\reports\\indivisual.php')
 3 SYSTEMPATH\View\View.php(229): CodeIgniter\View\View->CodeIgniter\View\{closure}()
 4 SYSTEMPATH\Common.php(1188): CodeIgniter\View\View->render('pages/reports/indivisual', [], true)
 5 APPPATH\Controllers\ReportsController.php(51): view('pages/reports/indivisual', [...])
 6 SYSTEMPATH\CodeIgniter.php(919): App\Controllers\ReportsController->Edit('1')
 7 SYSTEMPATH\CodeIgniter.php(494): CodeIgniter\CodeIgniter->runController(Object(App\Controllers\ReportsController))
 8 SYSTEMPATH\CodeIgniter.php(353): CodeIgniter\CodeIgniter->handleRequest(null, Object(Config\Cache), false)
 9 FCPATH\index.php(79): CodeIgniter\CodeIgniter->run()
10 SYSTEMPATH\Commands\Server\rewrite.php(47): require_once('D:\\xampp\\htdocs\\Codeigniter_project\\public\\index.php')
ERROR - 2023-10-16 18:15:48 --> mysqli_sql_exception: You have an error in your SQL syntax; check the manual that corresponds to your MariaDB server version for the right syntax to use near '[bfast] + [lunch] + [dinner]) as sumQuantities
FROM `meal`
 LIMIT 1' at line 1 in D:\xampp\htdocs\Codeigniter_project\system\Database\MySQLi\Connection.php:306
Stack trace:
#0 D:\xampp\htdocs\Codeigniter_project\system\Database\MySQLi\Connection.php(306): mysqli->query('SELECT ([bfast]...', 0)
#1 D:\xampp\htdocs\Codeigniter_project\system\Database\BaseConnection.php(692): CodeIgniter\Database\MySQLi\Connection->execute('SELECT ([bfast]...')
#2 D:\xampp\htdocs\Codeigniter_project\system\Database\BaseConnection.php(606): CodeIgniter\Database\BaseConnection->simpleQuery('SELECT ([bfast]...')
#3 D:\xampp\htdocs\Codeigniter_project\system\Database\BaseBuilder.php(1615): CodeIgniter\Database\BaseConnection->query('SELECT ([bfast]...', Array, false)
#4 D:\xampp\htdocs\Codeigniter_project\system\Model.php(264): CodeIgniter\Database\BaseBuilder->get()
#5 D:\xampp\htdocs\Codeigniter_project\system\BaseModel.php(662): CodeIgniter\Model->doFirst()
#6 D:\xampp\htdocs\Codeigniter_project\app\Controllers\ReportsController.php(50): CodeIgniter\BaseModel->first()
#7 D:\xampp\htdocs\Codeigniter_project\system\CodeIgniter.php(919): App\Controllers\ReportsController->Edit('1')
#8 D:\xampp\htdocs\Codeigniter_project\system\CodeIgniter.php(494): CodeIgniter\CodeIgniter->runController(Object(App\Controllers\ReportsController))
#9 D:\xampp\htdocs\Codeigniter_project\system\CodeIgniter.php(353): CodeIgniter\CodeIgniter->handleRequest(NULL, Object(Config\Cache), false)
#10 D:\xampp\htdocs\Codeigniter_project\public\index.php(79): CodeIgniter\CodeIgniter->run()
#11 D:\xampp\htdocs\Codeigniter_project\system\Commands\Server\rewrite.php(47): require_once('D:\\xampp\\htdocs...')
#12 {main}
CRITICAL - 2023-10-16 18:15:48 --> You have an error in your SQL syntax; check the manual that corresponds to your MariaDB server version for the right syntax to use near '[bfast] + [lunch] + [dinner]) as sumQuantities
FROM `meal`
 LIMIT 1' at line 1
in SYSTEMPATH\Database\BaseConnection.php on line 646.
 1 SYSTEMPATH\Database\BaseBuilder.php(1615): CodeIgniter\Database\BaseConnection->query('SELECT ([bfast] + [lunch] + [dinner]) as sumQuantities
FROM `meal`
 LIMIT 1', [], false)
 2 SYSTEMPATH\Model.php(264): CodeIgniter\Database\BaseBuilder->get()
 3 SYSTEMPATH\BaseModel.php(662): CodeIgniter\Model->doFirst()
 4 APPPATH\Controllers\ReportsController.php(50): CodeIgniter\BaseModel->first()
 5 SYSTEMPATH\CodeIgniter.php(919): App\Controllers\ReportsController->Edit('1')
 6 SYSTEMPATH\CodeIgniter.php(494): CodeIgniter\CodeIgniter->runController(Object(App\Controllers\ReportsController))
 7 SYSTEMPATH\CodeIgniter.php(353): CodeIgniter\CodeIgniter->handleRequest(null, Object(Config\Cache), false)
 8 FCPATH\index.php(79): CodeIgniter\CodeIgniter->run()
 9 SYSTEMPATH\Commands\Server\rewrite.php(47): require_once('D:\\xampp\\htdocs\\Codeigniter_project\\public\\index.php')
ERROR - 2023-10-16 18:16:04 --> mysqli_sql_exception: You have an error in your SQL syntax; check the manual that corresponds to your MariaDB server version for the right syntax to use near '[bfast] + [lunch] + [dinner]) as sumQuantities
FROM `meal`
 LIMIT 1' at line 1 in D:\xampp\htdocs\Codeigniter_project\system\Database\MySQLi\Connection.php:306
Stack trace:
#0 D:\xampp\htdocs\Codeigniter_project\system\Database\MySQLi\Connection.php(306): mysqli->query('SELECT sum([bfa...', 0)
#1 D:\xampp\htdocs\Codeigniter_project\system\Database\BaseConnection.php(692): CodeIgniter\Database\MySQLi\Connection->execute('SELECT sum([bfa...')
#2 D:\xampp\htdocs\Codeigniter_project\system\Database\BaseConnection.php(606): CodeIgniter\Database\BaseConnection->simpleQuery('SELECT sum([bfa...')
#3 D:\xampp\htdocs\Codeigniter_project\system\Database\BaseBuilder.php(1615): CodeIgniter\Database\BaseConnection->query('SELECT sum([bfa...', Array, false)
#4 D:\xampp\htdocs\Codeigniter_project\system\Model.php(264): CodeIgniter\Database\BaseBuilder->get()
#5 D:\xampp\htdocs\Codeigniter_project\system\BaseModel.php(662): CodeIgniter\Model->doFirst()
#6 D:\xampp\htdocs\Codeigniter_project\app\Controllers\ReportsController.php(50): CodeIgniter\BaseModel->first()
#7 D:\xampp\htdocs\Codeigniter_project\system\CodeIgniter.php(919): App\Controllers\ReportsController->Edit('1')
#8 D:\xampp\htdocs\Codeigniter_project\system\CodeIgniter.php(494): CodeIgniter\CodeIgniter->runController(Object(App\Controllers\ReportsController))
#9 D:\xampp\htdocs\Codeigniter_project\system\CodeIgniter.php(353): CodeIgniter\CodeIgniter->handleRequest(NULL, Object(Config\Cache), false)
#10 D:\xampp\htdocs\Codeigniter_project\public\index.php(79): CodeIgniter\CodeIgniter->run()
#11 D:\xampp\htdocs\Codeigniter_project\system\Commands\Server\rewrite.php(47): require_once('D:\\xampp\\htdocs...')
#12 {main}
CRITICAL - 2023-10-16 18:16:04 --> You have an error in your SQL syntax; check the manual that corresponds to your MariaDB server version for the right syntax to use near '[bfast] + [lunch] + [dinner]) as sumQuantities
FROM `meal`
 LIMIT 1' at line 1
in SYSTEMPATH\Database\BaseConnection.php on line 646.
 1 SYSTEMPATH\Database\BaseBuilder.php(1615): CodeIgniter\Database\BaseConnection->query('SELECT sum([bfast] + [lunch] + [dinner]) as sumQuantities
FROM `meal`
 LIMIT 1', [], false)
 2 SYSTEMPATH\Model.php(264): CodeIgniter\Database\BaseBuilder->get()
 3 SYSTEMPATH\BaseModel.php(662): CodeIgniter\Model->doFirst()
 4 APPPATH\Controllers\ReportsController.php(50): CodeIgniter\BaseModel->first()
 5 SYSTEMPATH\CodeIgniter.php(919): App\Controllers\ReportsController->Edit('1')
 6 SYSTEMPATH\CodeIgniter.php(494): CodeIgniter\CodeIgniter->runController(Object(App\Controllers\ReportsController))
 7 SYSTEMPATH\CodeIgniter.php(353): CodeIgniter\CodeIgniter->handleRequest(null, Object(Config\Cache), false)
 8 FCPATH\index.php(79): CodeIgniter\CodeIgniter->run()
 9 SYSTEMPATH\Commands\Server\rewrite.php(47): require_once('D:\\xampp\\htdocs\\Codeigniter_project\\public\\index.php')
ERROR - 2023-10-16 18:16:21 --> mysqli_sql_exception: Unknown column 'bfast + lunch + dinner' in 'field list' in D:\xampp\htdocs\Codeigniter_project\system\Database\MySQLi\Connection.php:306
Stack trace:
#0 D:\xampp\htdocs\Codeigniter_project\system\Database\MySQLi\Connection.php(306): mysqli->query('SELECT `bfast +...', 0)
#1 D:\xampp\htdocs\Codeigniter_project\system\Database\BaseConnection.php(692): CodeIgniter\Database\MySQLi\Connection->execute('SELECT `bfast +...')
#2 D:\xampp\htdocs\Codeigniter_project\system\Database\BaseConnection.php(606): CodeIgniter\Database\BaseConnection->simpleQuery('SELECT `bfast +...')
#3 D:\xampp\htdocs\Codeigniter_project\system\Database\BaseBuilder.php(1615): CodeIgniter\Database\BaseConnection->query('SELECT `bfast +...', Array, false)
#4 D:\xampp\htdocs\Codeigniter_project\system\Model.php(264): CodeIgniter\Database\BaseBuilder->get()
#5 D:\xampp\htdocs\Codeigniter_project\system\BaseModel.php(662): CodeIgniter\Model->doFirst()
#6 D:\xampp\htdocs\Codeigniter_project\app\Controllers\ReportsController.php(50): CodeIgniter\BaseModel->first()
#7 D:\xampp\htdocs\Codeigniter_project\system\CodeIgniter.php(919): App\Controllers\ReportsController->Edit('1')
#8 D:\xampp\htdocs\Codeigniter_project\system\CodeIgniter.php(494): CodeIgniter\CodeIgniter->runController(Object(App\Controllers\ReportsController))
#9 D:\xampp\htdocs\Codeigniter_project\system\CodeIgniter.php(353): CodeIgniter\CodeIgniter->handleRequest(NULL, Object(Config\Cache), false)
#10 D:\xampp\htdocs\Codeigniter_project\public\index.php(79): CodeIgniter\CodeIgniter->run()
#11 D:\xampp\htdocs\Codeigniter_project\system\Commands\Server\rewrite.php(47): require_once('D:\\xampp\\htdocs...')
#12 {main}
CRITICAL - 2023-10-16 18:16:21 --> Unknown column 'bfast + lunch + dinner' in 'field list'
in SYSTEMPATH\Database\BaseConnection.php on line 646.
 1 SYSTEMPATH\Database\BaseBuilder.php(1615): CodeIgniter\Database\BaseConnection->query('SELECT `bfast + lunch + dinner` as `sumQuantities`
FROM `meal`
 LIMIT 1', [], false)
 2 SYSTEMPATH\Model.php(264): CodeIgniter\Database\BaseBuilder->get()
 3 SYSTEMPATH\BaseModel.php(662): CodeIgniter\Model->doFirst()
 4 APPPATH\Controllers\ReportsController.php(50): CodeIgniter\BaseModel->first()
 5 SYSTEMPATH\CodeIgniter.php(919): App\Controllers\ReportsController->Edit('1')
 6 SYSTEMPATH\CodeIgniter.php(494): CodeIgniter\CodeIgniter->runController(Object(App\Controllers\ReportsController))
 7 SYSTEMPATH\CodeIgniter.php(353): CodeIgniter\CodeIgniter->handleRequest(null, Object(Config\Cache), false)
 8 FCPATH\index.php(79): CodeIgniter\CodeIgniter->run()
 9 SYSTEMPATH\Commands\Server\rewrite.php(47): require_once('D:\\xampp\\htdocs\\Codeigniter_project\\public\\index.php')
ERROR - 2023-10-16 18:27:56 --> mysqli_sql_exception: Unknown column 'quantity' in 'field list' in D:\xampp\htdocs\Codeigniter_project\system\Database\MySQLi\Connection.php:306
Stack trace:
#0 D:\xampp\htdocs\Codeigniter_project\system\Database\MySQLi\Connection.php(306): mysqli->query('SELECT sum(quan...', 0)
#1 D:\xampp\htdocs\Codeigniter_project\system\Database\BaseConnection.php(692): CodeIgniter\Database\MySQLi\Connection->execute('SELECT sum(quan...')
#2 D:\xampp\htdocs\Codeigniter_project\system\Database\BaseConnection.php(606): CodeIgniter\Database\BaseConnection->simpleQuery('SELECT sum(quan...')
#3 D:\xampp\htdocs\Codeigniter_project\system\Database\BaseBuilder.php(1615): CodeIgniter\Database\BaseConnection->query('SELECT sum(quan...', Array, false)
#4 D:\xampp\htdocs\Codeigniter_project\system\Model.php(264): CodeIgniter\Database\BaseBuilder->get()
#5 D:\xampp\htdocs\Codeigniter_project\system\BaseModel.php(662): CodeIgniter\Model->doFirst()
#6 D:\xampp\htdocs\Codeigniter_project\app\Controllers\ReportsController.php(50): CodeIgniter\BaseModel->first()
#7 D:\xampp\htdocs\Codeigniter_project\system\CodeIgniter.php(919): App\Controllers\ReportsController->Edit('1')
#8 D:\xampp\htdocs\Codeigniter_project\system\CodeIgniter.php(494): CodeIgniter\CodeIgniter->runController(Object(App\Controllers\ReportsController))
#9 D:\xampp\htdocs\Codeigniter_project\system\CodeIgniter.php(353): CodeIgniter\CodeIgniter->handleRequest(NULL, Object(Config\Cache), false)
#10 D:\xampp\htdocs\Codeigniter_project\public\index.php(79): CodeIgniter\CodeIgniter->run()
#11 D:\xampp\htdocs\Codeigniter_project\system\Commands\Server\rewrite.php(47): require_once('D:\\xampp\\htdocs...')
#12 {main}
CRITICAL - 2023-10-16 18:27:57 --> Unknown column 'quantity' in 'field list'
in SYSTEMPATH\Database\BaseConnection.php on line 646.
 1 SYSTEMPATH\Database\BaseBuilder.php(1615): CodeIgniter\Database\BaseConnection->query('SELECT sum(quantity) as sum
FROM `meal`
 LIMIT 1', [], false)
 2 SYSTEMPATH\Model.php(264): CodeIgniter\Database\BaseBuilder->get()
 3 SYSTEMPATH\BaseModel.php(662): CodeIgniter\Model->doFirst()
 4 APPPATH\Controllers\ReportsController.php(50): CodeIgniter\BaseModel->first()
 5 SYSTEMPATH\CodeIgniter.php(919): App\Controllers\ReportsController->Edit('1')
 6 SYSTEMPATH\CodeIgniter.php(494): CodeIgniter\CodeIgniter->runController(Object(App\Controllers\ReportsController))
 7 SYSTEMPATH\CodeIgniter.php(353): CodeIgniter\CodeIgniter->handleRequest(null, Object(Config\Cache), false)
 8 FCPATH\index.php(79): CodeIgniter\CodeIgniter->run()
 9 SYSTEMPATH\Commands\Server\rewrite.php(47): require_once('D:\\xampp\\htdocs\\Codeigniter_project\\public\\index.php')
ERROR - 2023-10-16 18:28:15 --> mysqli_sql_exception: Unknown column 'quantites' in 'field list' in D:\xampp\htdocs\Codeigniter_project\system\Database\MySQLi\Connection.php:306
Stack trace:
#0 D:\xampp\htdocs\Codeigniter_project\system\Database\MySQLi\Connection.php(306): mysqli->query('SELECT sum(quan...', 0)
#1 D:\xampp\htdocs\Codeigniter_project\system\Database\BaseConnection.php(692): CodeIgniter\Database\MySQLi\Connection->execute('SELECT sum(quan...')
#2 D:\xampp\htdocs\Codeigniter_project\system\Database\BaseConnection.php(606): CodeIgniter\Database\BaseConnection->simpleQuery('SELECT sum(quan...')
#3 D:\xampp\htdocs\Codeigniter_project\system\Database\BaseBuilder.php(1615): CodeIgniter\Database\BaseConnection->query('SELECT sum(quan...', Array, false)
#4 D:\xampp\htdocs\Codeigniter_project\system\Model.php(264): CodeIgniter\Database\BaseBuilder->get()
#5 D:\xampp\htdocs\Codeigniter_project\system\BaseModel.php(662): CodeIgniter\Model->doFirst()
#6 D:\xampp\htdocs\Codeigniter_project\app\Controllers\ReportsController.php(50): CodeIgniter\BaseModel->first()
#7 D:\xampp\htdocs\Codeigniter_project\system\CodeIgniter.php(919): App\Controllers\ReportsController->Edit('1')
#8 D:\xampp\htdocs\Codeigniter_project\system\CodeIgniter.php(494): CodeIgniter\CodeIgniter->runController(Object(App\Controllers\ReportsController))
#9 D:\xampp\htdocs\Codeigniter_project\system\CodeIgniter.php(353): CodeIgniter\CodeIgniter->handleRequest(NULL, Object(Config\Cache), false)
#10 D:\xampp\htdocs\Codeigniter_project\public\index.php(79): CodeIgniter\CodeIgniter->run()
#11 D:\xampp\htdocs\Codeigniter_project\system\Commands\Server\rewrite.php(47): require_once('D:\\xampp\\htdocs...')
#12 {main}
CRITICAL - 2023-10-16 18:28:15 --> Unknown column 'quantites' in 'field list'
in SYSTEMPATH\Database\BaseConnection.php on line 646.
 1 SYSTEMPATH\Database\BaseBuilder.php(1615): CodeIgniter\Database\BaseConnection->query('SELECT sum(quantites) as sum
FROM `meal`
 LIMIT 1', [], false)
 2 SYSTEMPATH\Model.php(264): CodeIgniter\Database\BaseBuilder->get()
 3 SYSTEMPATH\BaseModel.php(662): CodeIgniter\Model->doFirst()
 4 APPPATH\Controllers\ReportsController.php(50): CodeIgniter\BaseModel->first()
 5 SYSTEMPATH\CodeIgniter.php(919): App\Controllers\ReportsController->Edit('1')
 6 SYSTEMPATH\CodeIgniter.php(494): CodeIgniter\CodeIgniter->runController(Object(App\Controllers\ReportsController))
 7 SYSTEMPATH\CodeIgniter.php(353): CodeIgniter\CodeIgniter->handleRequest(null, Object(Config\Cache), false)
 8 FCPATH\index.php(79): CodeIgniter\CodeIgniter->run()
 9 SYSTEMPATH\Commands\Server\rewrite.php(47): require_once('D:\\xampp\\htdocs\\Codeigniter_project\\public\\index.php')
ERROR - 2023-10-16 18:30:15 --> mysqli_sql_exception: You have an error in your SQL syntax; check the manual that corresponds to your MariaDB server version for the right syntax to use near '[bfast] + [lunch] + [dinner]) as sumQuantities
FROM `meal`
 LIMIT 1' at line 1 in D:\xampp\htdocs\Codeigniter_project\system\Database\MySQLi\Connection.php:306
Stack trace:
#0 D:\xampp\htdocs\Codeigniter_project\system\Database\MySQLi\Connection.php(306): mysqli->query('SELECT sum([bfa...', 0)
#1 D:\xampp\htdocs\Codeigniter_project\system\Database\BaseConnection.php(692): CodeIgniter\Database\MySQLi\Connection->execute('SELECT sum([bfa...')
#2 D:\xampp\htdocs\Codeigniter_project\system\Database\BaseConnection.php(606): CodeIgniter\Database\BaseConnection->simpleQuery('SELECT sum([bfa...')
#3 D:\xampp\htdocs\Codeigniter_project\system\Database\BaseBuilder.php(1615): CodeIgniter\Database\BaseConnection->query('SELECT sum([bfa...', Array, false)
#4 D:\xampp\htdocs\Codeigniter_project\system\Model.php(264): CodeIgniter\Database\BaseBuilder->get()
#5 D:\xampp\htdocs\Codeigniter_project\system\BaseModel.php(662): CodeIgniter\Model->doFirst()
#6 D:\xampp\htdocs\Codeigniter_project\app\Controllers\ReportsController.php(50): CodeIgniter\BaseModel->first()
#7 D:\xampp\htdocs\Codeigniter_project\system\CodeIgniter.php(919): App\Controllers\ReportsController->Edit('1')
#8 D:\xampp\htdocs\Codeigniter_project\system\CodeIgniter.php(494): CodeIgniter\CodeIgniter->runController(Object(App\Controllers\ReportsController))
#9 D:\xampp\htdocs\Codeigniter_project\system\CodeIgniter.php(353): CodeIgniter\CodeIgniter->handleRequest(NULL, Object(Config\Cache), false)
#10 D:\xampp\htdocs\Codeigniter_project\public\index.php(79): CodeIgniter\CodeIgniter->run()
#11 D:\xampp\htdocs\Codeigniter_project\system\Commands\Server\rewrite.php(47): require_once('D:\\xampp\\htdocs...')
#12 {main}
CRITICAL - 2023-10-16 18:30:15 --> You have an error in your SQL syntax; check the manual that corresponds to your MariaDB server version for the right syntax to use near '[bfast] + [lunch] + [dinner]) as sumQuantities
FROM `meal`
 LIMIT 1' at line 1
in SYSTEMPATH\Database\BaseConnection.php on line 646.
 1 SYSTEMPATH\Database\BaseBuilder.php(1615): CodeIgniter\Database\BaseConnection->query('SELECT sum([bfast] + [lunch] + [dinner]) as sumQuantities
FROM `meal`
 LIMIT 1', [], false)
 2 SYSTEMPATH\Model.php(264): CodeIgniter\Database\BaseBuilder->get()
 3 SYSTEMPATH\BaseModel.php(662): CodeIgniter\Model->doFirst()
 4 APPPATH\Controllers\ReportsController.php(50): CodeIgniter\BaseModel->first()
 5 SYSTEMPATH\CodeIgniter.php(919): App\Controllers\ReportsController->Edit('1')
 6 SYSTEMPATH\CodeIgniter.php(494): CodeIgniter\CodeIgniter->runController(Object(App\Controllers\ReportsController))
 7 SYSTEMPATH\CodeIgniter.php(353): CodeIgniter\CodeIgniter->handleRequest(null, Object(Config\Cache), false)
 8 FCPATH\index.php(79): CodeIgniter\CodeIgniter->run()
 9 SYSTEMPATH\Commands\Server\rewrite.php(47): require_once('D:\\xampp\\htdocs\\Codeigniter_project\\public\\index.php')
ERROR - 2023-10-16 18:31:37 --> mysqli_sql_exception: You have an error in your SQL syntax; check the manual that corresponds to your MariaDB server version for the right syntax to use near '+ '[lunch]' + '[dinner]' as 'sumQuantities'
FROM `meal`
 LIMIT 1' at line 1 in D:\xampp\htdocs\Codeigniter_project\system\Database\MySQLi\Connection.php:306
Stack trace:
#0 D:\xampp\htdocs\Codeigniter_project\system\Database\MySQLi\Connection.php(306): mysqli->query('SELECT sum'[bfa...', 0)
#1 D:\xampp\htdocs\Codeigniter_project\system\Database\BaseConnection.php(692): CodeIgniter\Database\MySQLi\Connection->execute('SELECT sum'[bfa...')
#2 D:\xampp\htdocs\Codeigniter_project\system\Database\BaseConnection.php(606): CodeIgniter\Database\BaseConnection->simpleQuery('SELECT sum'[bfa...')
#3 D:\xampp\htdocs\Codeigniter_project\system\Database\BaseBuilder.php(1615): CodeIgniter\Database\BaseConnection->query('SELECT sum'[bfa...', Array, false)
#4 D:\xampp\htdocs\Codeigniter_project\system\Model.php(264): CodeIgniter\Database\BaseBuilder->get()
#5 D:\xampp\htdocs\Codeigniter_project\system\BaseModel.php(662): CodeIgniter\Model->doFirst()
#6 D:\xampp\htdocs\Codeigniter_project\app\Controllers\ReportsController.php(50): CodeIgniter\BaseModel->first()
#7 D:\xampp\htdocs\Codeigniter_project\system\CodeIgniter.php(919): App\Controllers\ReportsController->Edit('1')
#8 D:\xampp\htdocs\Codeigniter_project\system\CodeIgniter.php(494): CodeIgniter\CodeIgniter->runController(Object(App\Controllers\ReportsController))
#9 D:\xampp\htdocs\Codeigniter_project\system\CodeIgniter.php(353): CodeIgniter\CodeIgniter->handleRequest(NULL, Object(Config\Cache), false)
#10 D:\xampp\htdocs\Codeigniter_project\public\index.php(79): CodeIgniter\CodeIgniter->run()
#11 D:\xampp\htdocs\Codeigniter_project\system\Commands\Server\rewrite.php(47): require_once('D:\\xampp\\htdocs...')
#12 {main}
CRITICAL - 2023-10-16 18:31:37 --> You have an error in your SQL syntax; check the manual that corresponds to your MariaDB server version for the right syntax to use near '+ '[lunch]' + '[dinner]' as 'sumQuantities'
FROM `meal`
 LIMIT 1' at line 1
in SYSTEMPATH\Database\BaseConnection.php on line 646.
 1 SYSTEMPATH\Database\BaseBuilder.php(1615): CodeIgniter\Database\BaseConnection->query('SELECT sum\'[bfast]\' + \'[lunch]\' + \'[dinner]\' as \'sumQuantities\'
FROM `meal`
 LIMIT 1', [], false)
 2 SYSTEMPATH\Model.php(264): CodeIgniter\Database\BaseBuilder->get()
 3 SYSTEMPATH\BaseModel.php(662): CodeIgniter\Model->doFirst()
 4 APPPATH\Controllers\ReportsController.php(50): CodeIgniter\BaseModel->first()
 5 SYSTEMPATH\CodeIgniter.php(919): App\Controllers\ReportsController->Edit('1')
 6 SYSTEMPATH\CodeIgniter.php(494): CodeIgniter\CodeIgniter->runController(Object(App\Controllers\ReportsController))
 7 SYSTEMPATH\CodeIgniter.php(353): CodeIgniter\CodeIgniter->handleRequest(null, Object(Config\Cache), false)
 8 FCPATH\index.php(79): CodeIgniter\CodeIgniter->run()
 9 SYSTEMPATH\Commands\Server\rewrite.php(47): require_once('D:\\xampp\\htdocs\\Codeigniter_project\\public\\index.php')
CRITICAL - 2023-10-16 19:52:35 --> Undefined array key "sumQuantities"
in APPPATH\Controllers\ReportsController.php on line 51.
 1 APPPATH\Controllers\ReportsController.php(51): CodeIgniter\Debug\Exceptions->errorHandler(2, 'Undefined array key "sumQuantities"', 'D:\\xampp\\htdocs\\Codeigniter_project\\app\\Controllers\\ReportsController.php', 51)
 2 SYSTEMPATH\CodeIgniter.php(919): App\Controllers\ReportsController->Edit('1')
 3 SYSTEMPATH\CodeIgniter.php(494): CodeIgniter\CodeIgniter->runController(Object(App\Controllers\ReportsController))
 4 SYSTEMPATH\CodeIgniter.php(353): CodeIgniter\CodeIgniter->handleRequest(null, Object(Config\Cache), false)
 5 FCPATH\index.php(79): CodeIgniter\CodeIgniter->run()
 6 SYSTEMPATH\Commands\Server\rewrite.php(47): require_once('D:\\xampp\\htdocs\\Codeigniter_project\\public\\index.php')
CRITICAL - 2023-10-16 19:52:49 --> Undefined array key "sum"
in APPPATH\Controllers\ReportsController.php on line 51.
 1 APPPATH\Controllers\ReportsController.php(51): CodeIgniter\Debug\Exceptions->errorHandler(2, 'Undefined array key "sum"', 'D:\\xampp\\htdocs\\Codeigniter_project\\app\\Controllers\\ReportsController.php', 51)
 2 SYSTEMPATH\CodeIgniter.php(919): App\Controllers\ReportsController->Edit('1')
 3 SYSTEMPATH\CodeIgniter.php(494): CodeIgniter\CodeIgniter->runController(Object(App\Controllers\ReportsController))
 4 SYSTEMPATH\CodeIgniter.php(353): CodeIgniter\CodeIgniter->handleRequest(null, Object(Config\Cache), false)
 5 FCPATH\index.php(79): CodeIgniter\CodeIgniter->run()
 6 SYSTEMPATH\Commands\Server\rewrite.php(47): require_once('D:\\xampp\\htdocs\\Codeigniter_project\\public\\index.php')
ERROR - 2023-10-16 19:53:13 --> mysqli_sql_exception: You have an error in your SQL syntax; check the manual that corresponds to your MariaDB server version for the right syntax to use near '[bfast] + [lunch] + [dinner]) as 'sumQuantities'
FROM `meal`
 LIMIT 1' at line 1 in D:\xampp\htdocs\Codeigniter_project\system\Database\MySQLi\Connection.php:306
Stack trace:
#0 D:\xampp\htdocs\Codeigniter_project\system\Database\MySQLi\Connection.php(306): mysqli->query('SELECT sum([bfa...', 0)
#1 D:\xampp\htdocs\Codeigniter_project\system\Database\BaseConnection.php(692): CodeIgniter\Database\MySQLi\Connection->execute('SELECT sum([bfa...')
#2 D:\xampp\htdocs\Codeigniter_project\system\Database\BaseConnection.php(606): CodeIgniter\Database\BaseConnection->simpleQuery('SELECT sum([bfa...')
#3 D:\xampp\htdocs\Codeigniter_project\system\Database\BaseBuilder.php(1615): CodeIgniter\Database\BaseConnection->query('SELECT sum([bfa...', Array, false)
#4 D:\xampp\htdocs\Codeigniter_project\system\Model.php(264): CodeIgniter\Database\BaseBuilder->get()
#5 D:\xampp\htdocs\Codeigniter_project\system\BaseModel.php(662): CodeIgniter\Model->doFirst()
#6 D:\xampp\htdocs\Codeigniter_project\app\Controllers\ReportsController.php(50): CodeIgniter\BaseModel->first()
#7 D:\xampp\htdocs\Codeigniter_project\system\CodeIgniter.php(919): App\Controllers\ReportsController->Edit('1')
#8 D:\xampp\htdocs\Codeigniter_project\system\CodeIgniter.php(494): CodeIgniter\CodeIgniter->runController(Object(App\Controllers\ReportsController))
#9 D:\xampp\htdocs\Codeigniter_project\system\CodeIgniter.php(353): CodeIgniter\CodeIgniter->handleRequest(NULL, Object(Config\Cache), false)
#10 D:\xampp\htdocs\Codeigniter_project\public\index.php(79): CodeIgniter\CodeIgniter->run()
#11 D:\xampp\htdocs\Codeigniter_project\system\Commands\Server\rewrite.php(47): require_once('D:\\xampp\\htdocs...')
#12 {main}
CRITICAL - 2023-10-16 19:53:13 --> You have an error in your SQL syntax; check the manual that corresponds to your MariaDB server version for the right syntax to use near '[bfast] + [lunch] + [dinner]) as 'sumQuantities'
FROM `meal`
 LIMIT 1' at line 1
in SYSTEMPATH\Database\BaseConnection.php on line 646.
 1 SYSTEMPATH\Database\BaseBuilder.php(1615): CodeIgniter\Database\BaseConnection->query('SELECT sum([bfast] + [lunch] + [dinner]) as \'sumQuantities\'
FROM `meal`
 LIMIT 1', [], false)
 2 SYSTEMPATH\Model.php(264): CodeIgniter\Database\BaseBuilder->get()
 3 SYSTEMPATH\BaseModel.php(662): CodeIgniter\Model->doFirst()
 4 APPPATH\Controllers\ReportsController.php(50): CodeIgniter\BaseModel->first()
 5 SYSTEMPATH\CodeIgniter.php(919): App\Controllers\ReportsController->Edit('1')
 6 SYSTEMPATH\CodeIgniter.php(494): CodeIgniter\CodeIgniter->runController(Object(App\Controllers\ReportsController))
 7 SYSTEMPATH\CodeIgniter.php(353): CodeIgniter\CodeIgniter->handleRequest(null, Object(Config\Cache), false)
 8 FCPATH\index.php(79): CodeIgniter\CodeIgniter->run()
 9 SYSTEMPATH\Commands\Server\rewrite.php(47): require_once('D:\\xampp\\htdocs\\Codeigniter_project\\public\\index.php')
ERROR - 2023-10-16 19:54:09 --> mysqli_sql_exception: You have an error in your SQL syntax; check the manual that corresponds to your MariaDB server version for the right syntax to use near '[bfast] + [lunch] + [dinner]) as sumQuantities
FROM `meal`
 LIMIT 1' at line 1 in D:\xampp\htdocs\Codeigniter_project\system\Database\MySQLi\Connection.php:306
Stack trace:
#0 D:\xampp\htdocs\Codeigniter_project\system\Database\MySQLi\Connection.php(306): mysqli->query('SELECT sum([bfa...', 0)
#1 D:\xampp\htdocs\Codeigniter_project\system\Database\BaseConnection.php(692): CodeIgniter\Database\MySQLi\Connection->execute('SELECT sum([bfa...')
#2 D:\xampp\htdocs\Codeigniter_project\system\Database\BaseConnection.php(606): CodeIgniter\Database\BaseConnection->simpleQuery('SELECT sum([bfa...')
#3 D:\xampp\htdocs\Codeigniter_project\system\Database\BaseBuilder.php(1615): CodeIgniter\Database\BaseConnection->query('SELECT sum([bfa...', Array, false)
#4 D:\xampp\htdocs\Codeigniter_project\system\Model.php(264): CodeIgniter\Database\BaseBuilder->get()
#5 D:\xampp\htdocs\Codeigniter_project\system\BaseModel.php(662): CodeIgniter\Model->doFirst()
#6 D:\xampp\htdocs\Codeigniter_project\app\Controllers\ReportsController.php(50): CodeIgniter\BaseModel->first()
#7 D:\xampp\htdocs\Codeigniter_project\system\CodeIgniter.php(919): App\Controllers\ReportsController->Edit('1')
#8 D:\xampp\htdocs\Codeigniter_project\system\CodeIgniter.php(494): CodeIgniter\CodeIgniter->runController(Object(App\Controllers\ReportsController))
#9 D:\xampp\htdocs\Codeigniter_project\system\CodeIgniter.php(353): CodeIgniter\CodeIgniter->handleRequest(NULL, Object(Config\Cache), false)
#10 D:\xampp\htdocs\Codeigniter_project\public\index.php(79): CodeIgniter\CodeIgniter->run()
#11 D:\xampp\htdocs\Codeigniter_project\system\Commands\Server\rewrite.php(47): require_once('D:\\xampp\\htdocs...')
#12 {main}
CRITICAL - 2023-10-16 19:54:09 --> You have an error in your SQL syntax; check the manual that corresponds to your MariaDB server version for the right syntax to use near '[bfast] + [lunch] + [dinner]) as sumQuantities
FROM `meal`
 LIMIT 1' at line 1
in SYSTEMPATH\Database\BaseConnection.php on line 646.
 1 SYSTEMPATH\Database\BaseBuilder.php(1615): CodeIgniter\Database\BaseConnection->query('SELECT sum([bfast] + [lunch] + [dinner]) as sumQuantities
FROM `meal`
 LIMIT 1', [], false)
 2 SYSTEMPATH\Model.php(264): CodeIgniter\Database\BaseBuilder->get()
 3 SYSTEMPATH\BaseModel.php(662): CodeIgniter\Model->doFirst()
 4 APPPATH\Controllers\ReportsController.php(50): CodeIgniter\BaseModel->first()
 5 SYSTEMPATH\CodeIgniter.php(919): App\Controllers\ReportsController->Edit('1')
 6 SYSTEMPATH\CodeIgniter.php(494): CodeIgniter\CodeIgniter->runController(Object(App\Controllers\ReportsController))
 7 SYSTEMPATH\CodeIgniter.php(353): CodeIgniter\CodeIgniter->handleRequest(null, Object(Config\Cache), false)
 8 FCPATH\index.php(79): CodeIgniter\CodeIgniter->run()
 9 SYSTEMPATH\Commands\Server\rewrite.php(47): require_once('D:\\xampp\\htdocs\\Codeigniter_project\\public\\index.php')
CRITICAL - 2023-10-16 19:56:18 --> Call to a member function where() on null
in APPPATH\Controllers\ReportsController.php on line 50.
 1 SYSTEMPATH\CodeIgniter.php(919): App\Controllers\ReportsController->Edit('1')
 2 SYSTEMPATH\CodeIgniter.php(494): CodeIgniter\CodeIgniter->runController(Object(App\Controllers\ReportsController))
 3 SYSTEMPATH\CodeIgniter.php(353): CodeIgniter\CodeIgniter->handleRequest(null, Object(Config\Cache), false)
 4 FCPATH\index.php(79): CodeIgniter\CodeIgniter->run()
 5 SYSTEMPATH\Commands\Server\rewrite.php(47): require_once('D:\\xampp\\htdocs\\Codeigniter_project\\public\\index.php')
CRITICAL - 2023-10-16 19:56:41 --> Call to a member function where() on null
in APPPATH\Controllers\ReportsController.php on line 50.
 1 SYSTEMPATH\CodeIgniter.php(919): App\Controllers\ReportsController->Edit('1')
 2 SYSTEMPATH\CodeIgniter.php(494): CodeIgniter\CodeIgniter->runController(Object(App\Controllers\ReportsController))
 3 SYSTEMPATH\CodeIgniter.php(353): CodeIgniter\CodeIgniter->handleRequest(null, Object(Config\Cache), false)
 4 FCPATH\index.php(79): CodeIgniter\CodeIgniter->run()
 5 SYSTEMPATH\Commands\Server\rewrite.php(47): require_once('D:\\xampp\\htdocs\\Codeigniter_project\\public\\index.php')
CRITICAL - 2023-10-16 19:56:44 --> Call to a member function where() on null
in APPPATH\Controllers\ReportsController.php on line 50.
 1 SYSTEMPATH\CodeIgniter.php(919): App\Controllers\ReportsController->Edit('1')
 2 SYSTEMPATH\CodeIgniter.php(494): CodeIgniter\CodeIgniter->runController(Object(App\Controllers\ReportsController))
 3 SYSTEMPATH\CodeIgniter.php(353): CodeIgniter\CodeIgniter->handleRequest(null, Object(Config\Cache), false)
 4 FCPATH\index.php(79): CodeIgniter\CodeIgniter->run()
 5 SYSTEMPATH\Commands\Server\rewrite.php(47): require_once('D:\\xampp\\htdocs\\Codeigniter_project\\public\\index.php')
CRITICAL - 2023-10-16 19:56:44 --> Call to a member function where() on null
in APPPATH\Controllers\ReportsController.php on line 50.
 1 SYSTEMPATH\CodeIgniter.php(919): App\Controllers\ReportsController->Edit('1')
 2 SYSTEMPATH\CodeIgniter.php(494): CodeIgniter\CodeIgniter->runController(Object(App\Controllers\ReportsController))
 3 SYSTEMPATH\CodeIgniter.php(353): CodeIgniter\CodeIgniter->handleRequest(null, Object(Config\Cache), false)
 4 FCPATH\index.php(79): CodeIgniter\CodeIgniter->run()
 5 SYSTEMPATH\Commands\Server\rewrite.php(47): require_once('D:\\xampp\\htdocs\\Codeigniter_project\\public\\index.php')
CRITICAL - 2023-10-16 19:56:45 --> Call to a member function where() on null
in APPPATH\Controllers\ReportsController.php on line 50.
 1 SYSTEMPATH\CodeIgniter.php(919): App\Controllers\ReportsController->Edit('1')
 2 SYSTEMPATH\CodeIgniter.php(494): CodeIgniter\CodeIgniter->runController(Object(App\Controllers\ReportsController))
 3 SYSTEMPATH\CodeIgniter.php(353): CodeIgniter\CodeIgniter->handleRequest(null, Object(Config\Cache), false)
 4 FCPATH\index.php(79): CodeIgniter\CodeIgniter->run()
 5 SYSTEMPATH\Commands\Server\rewrite.php(47): require_once('D:\\xampp\\htdocs\\Codeigniter_project\\public\\index.php')
CRITICAL - 2023-10-16 19:56:53 --> Call to a member function where() on null
in APPPATH\Controllers\ReportsController.php on line 50.
 1 SYSTEMPATH\CodeIgniter.php(919): App\Controllers\ReportsController->Edit('1')
 2 SYSTEMPATH\CodeIgniter.php(494): CodeIgniter\CodeIgniter->runController(Object(App\Controllers\ReportsController))
 3 SYSTEMPATH\CodeIgniter.php(353): CodeIgniter\CodeIgniter->handleRequest(null, Object(Config\Cache), false)
 4 FCPATH\index.php(79): CodeIgniter\CodeIgniter->run()
 5 SYSTEMPATH\Commands\Server\rewrite.php(47): require_once('D:\\xampp\\htdocs\\Codeigniter_project\\public\\index.php')
ERROR - 2023-10-16 19:57:57 --> mysqli_sql_exception: Unknown column 'sum' in 'field list' in D:\xampp\htdocs\Codeigniter_project\system\Database\MySQLi\Connection.php:306
Stack trace:
#0 D:\xampp\htdocs\Codeigniter_project\system\Database\MySQLi\Connection.php(306): mysqli->query('SELECT sum*(bfa...', 0)
#1 D:\xampp\htdocs\Codeigniter_project\system\Database\BaseConnection.php(692): CodeIgniter\Database\MySQLi\Connection->execute('SELECT sum*(bfa...')
#2 D:\xampp\htdocs\Codeigniter_project\system\Database\BaseConnection.php(606): CodeIgniter\Database\BaseConnection->simpleQuery('SELECT sum*(bfa...')
#3 D:\xampp\htdocs\Codeigniter_project\system\Database\BaseBuilder.php(1615): CodeIgniter\Database\BaseConnection->query('SELECT sum*(bfa...', Array, false)
#4 D:\xampp\htdocs\Codeigniter_project\system\Model.php(264): CodeIgniter\Database\BaseBuilder->get()
#5 D:\xampp\htdocs\Codeigniter_project\system\BaseModel.php(662): CodeIgniter\Model->doFirst()
#6 D:\xampp\htdocs\Codeigniter_project\app\Controllers\ReportsController.php(50): CodeIgniter\BaseModel->first()
#7 D:\xampp\htdocs\Codeigniter_project\system\CodeIgniter.php(919): App\Controllers\ReportsController->Edit('1')
#8 D:\xampp\htdocs\Codeigniter_project\system\CodeIgniter.php(494): CodeIgniter\CodeIgniter->runController(Object(App\Controllers\ReportsController))
#9 D:\xampp\htdocs\Codeigniter_project\system\CodeIgniter.php(353): CodeIgniter\CodeIgniter->handleRequest(NULL, Object(Config\Cache), false)
#10 D:\xampp\htdocs\Codeigniter_project\public\index.php(79): CodeIgniter\CodeIgniter->run()
#11 D:\xampp\htdocs\Codeigniter_project\system\Commands\Server\rewrite.php(47): require_once('D:\\xampp\\htdocs...')
#12 {main}
CRITICAL - 2023-10-16 19:57:57 --> Unknown column 'sum' in 'field list'
in SYSTEMPATH\Database\BaseConnection.php on line 646.
 1 SYSTEMPATH\Database\BaseBuilder.php(1615): CodeIgniter\Database\BaseConnection->query('SELECT sum*(bfast + lunch + dinner) as sumQuantities
FROM `meal`
 LIMIT 1', [], false)
 2 SYSTEMPATH\Model.php(264): CodeIgniter\Database\BaseBuilder->get()
 3 SYSTEMPATH\BaseModel.php(662): CodeIgniter\Model->doFirst()
 4 APPPATH\Controllers\ReportsController.php(50): CodeIgniter\BaseModel->first()
 5 SYSTEMPATH\CodeIgniter.php(919): App\Controllers\ReportsController->Edit('1')
 6 SYSTEMPATH\CodeIgniter.php(494): CodeIgniter\CodeIgniter->runController(Object(App\Controllers\ReportsController))
 7 SYSTEMPATH\CodeIgniter.php(353): CodeIgniter\CodeIgniter->handleRequest(null, Object(Config\Cache), false)
 8 FCPATH\index.php(79): CodeIgniter\CodeIgniter->run()
 9 SYSTEMPATH\Commands\Server\rewrite.php(47): require_once('D:\\xampp\\htdocs\\Codeigniter_project\\public\\index.php')
CRITICAL - 2023-10-16 20:13:40 --> Cannot access offset of type string on string
in APPPATH\Views\pages\reports\indivisual.php on line 66.
 1 SYSTEMPATH\View\View.php(226): include()
 2 SYSTEMPATH\View\View.php(229): CodeIgniter\View\View->CodeIgniter\View\{closure}()
 3 SYSTEMPATH\Common.php(1188): CodeIgniter\View\View->render('pages/reports/indivisual', [], true)
 4 APPPATH\Controllers\ReportsController.php(49): view('pages/reports/indivisual', [...])
 5 SYSTEMPATH\CodeIgniter.php(919): App\Controllers\ReportsController->Edit('4')
 6 SYSTEMPATH\CodeIgniter.php(494): CodeIgniter\CodeIgniter->runController(Object(App\Controllers\ReportsController))
 7 SYSTEMPATH\CodeIgniter.php(353): CodeIgniter\CodeIgniter->handleRequest(null, Object(Config\Cache), false)
 8 FCPATH\index.php(79): CodeIgniter\CodeIgniter->run()
 9 SYSTEMPATH\Commands\Server\rewrite.php(47): require_once('D:\\xampp\\htdocs\\Codeigniter_project\\public\\index.php')
CRITICAL - 2023-10-16 20:14:04 --> Cannot access offset of type string on string
in APPPATH\Views\pages\reports\indivisual.php on line 66.
 1 SYSTEMPATH\View\View.php(226): include()
 2 SYSTEMPATH\View\View.php(229): CodeIgniter\View\View->CodeIgniter\View\{closure}()
 3 SYSTEMPATH\Common.php(1188): CodeIgniter\View\View->render('pages/reports/indivisual', [], true)
 4 APPPATH\Controllers\ReportsController.php(49): view('pages/reports/indivisual', [...])
 5 SYSTEMPATH\CodeIgniter.php(919): App\Controllers\ReportsController->Edit('4')
 6 SYSTEMPATH\CodeIgniter.php(494): CodeIgniter\CodeIgniter->runController(Object(App\Controllers\ReportsController))
 7 SYSTEMPATH\CodeIgniter.php(353): CodeIgniter\CodeIgniter->handleRequest(null, Object(Config\Cache), false)
 8 FCPATH\index.php(79): CodeIgniter\CodeIgniter->run()
 9 SYSTEMPATH\Commands\Server\rewrite.php(47): require_once('D:\\xampp\\htdocs\\Codeigniter_project\\public\\index.php')
CRITICAL - 2023-10-16 20:14:06 --> Cannot access offset of type string on string
in APPPATH\Views\pages\reports\indivisual.php on line 66.
 1 SYSTEMPATH\View\View.php(226): include()
 2 SYSTEMPATH\View\View.php(229): CodeIgniter\View\View->CodeIgniter\View\{closure}()
 3 SYSTEMPATH\Common.php(1188): CodeIgniter\View\View->render('pages/reports/indivisual', [], true)
 4 APPPATH\Controllers\ReportsController.php(49): view('pages/reports/indivisual', [...])
 5 SYSTEMPATH\CodeIgniter.php(919): App\Controllers\ReportsController->Edit('4')
 6 SYSTEMPATH\CodeIgniter.php(494): CodeIgniter\CodeIgniter->runController(Object(App\Controllers\ReportsController))
 7 SYSTEMPATH\CodeIgniter.php(353): CodeIgniter\CodeIgniter->handleRequest(null, Object(Config\Cache), false)
 8 FCPATH\index.php(79): CodeIgniter\CodeIgniter->run()
 9 SYSTEMPATH\Commands\Server\rewrite.php(47): require_once('D:\\xampp\\htdocs\\Codeigniter_project\\public\\index.php')
CRITICAL - 2023-10-16 20:14:21 --> Call to undefined function 48()
in APPPATH\Views\pages\reports\indivisual.php on line 66.
 1 SYSTEMPATH\View\View.php(226): include()
 2 SYSTEMPATH\View\View.php(229): CodeIgniter\View\View->CodeIgniter\View\{closure}()
 3 SYSTEMPATH\Common.php(1188): CodeIgniter\View\View->render('pages/reports/indivisual', [], true)
 4 APPPATH\Controllers\ReportsController.php(49): view('pages/reports/indivisual', [...])
 5 SYSTEMPATH\CodeIgniter.php(919): App\Controllers\ReportsController->Edit('4')
 6 SYSTEMPATH\CodeIgniter.php(494): CodeIgniter\CodeIgniter->runController(Object(App\Controllers\ReportsController))
 7 SYSTEMPATH\CodeIgniter.php(353): CodeIgniter\CodeIgniter->handleRequest(null, Object(Config\Cache), false)
 8 FCPATH\index.php(79): CodeIgniter\CodeIgniter->run()
 9 SYSTEMPATH\Commands\Server\rewrite.php(47): require_once('D:\\xampp\\htdocs\\Codeigniter_project\\public\\index.php')
CRITICAL - 2023-10-16 20:14:23 --> Call to undefined function 48()
in APPPATH\Views\pages\reports\indivisual.php on line 66.
 1 SYSTEMPATH\View\View.php(226): include()
 2 SYSTEMPATH\View\View.php(229): CodeIgniter\View\View->CodeIgniter\View\{closure}()
 3 SYSTEMPATH\Common.php(1188): CodeIgniter\View\View->render('pages/reports/indivisual', [], true)
 4 APPPATH\Controllers\ReportsController.php(49): view('pages/reports/indivisual', [...])
 5 SYSTEMPATH\CodeIgniter.php(919): App\Controllers\ReportsController->Edit('4')
 6 SYSTEMPATH\CodeIgniter.php(494): CodeIgniter\CodeIgniter->runController(Object(App\Controllers\ReportsController))
 7 SYSTEMPATH\CodeIgniter.php(353): CodeIgniter\CodeIgniter->handleRequest(null, Object(Config\Cache), false)
 8 FCPATH\index.php(79): CodeIgniter\CodeIgniter->run()
 9 SYSTEMPATH\Commands\Server\rewrite.php(47): require_once('D:\\xampp\\htdocs\\Codeigniter_project\\public\\index.php')
CRITICAL - 2023-10-16 20:14:48 --> Call to undefined function 48()
in APPPATH\Views\pages\reports\indivisual.php on line 66.
 1 SYSTEMPATH\View\View.php(226): include()
 2 SYSTEMPATH\View\View.php(229): CodeIgniter\View\View->CodeIgniter\View\{closure}()
 3 SYSTEMPATH\Common.php(1188): CodeIgniter\View\View->render('pages/reports/indivisual', [], true)
 4 APPPATH\Controllers\ReportsController.php(49): view('pages/reports/indivisual', [...])
 5 SYSTEMPATH\CodeIgniter.php(919): App\Controllers\ReportsController->Edit('4')
 6 SYSTEMPATH\CodeIgniter.php(494): CodeIgniter\CodeIgniter->runController(Object(App\Controllers\ReportsController))
 7 SYSTEMPATH\CodeIgniter.php(353): CodeIgniter\CodeIgniter->handleRequest(null, Object(Config\Cache), false)
 8 FCPATH\index.php(79): CodeIgniter\CodeIgniter->run()
 9 SYSTEMPATH\Commands\Server\rewrite.php(47): require_once('D:\\xampp\\htdocs\\Codeigniter_project\\public\\index.php')
CRITICAL - 2023-10-16 20:15:34 --> Call to undefined function 48()
in APPPATH\Views\pages\reports\indivisual.php on line 66.
 1 SYSTEMPATH\View\View.php(226): include()
 2 SYSTEMPATH\View\View.php(229): CodeIgniter\View\View->CodeIgniter\View\{closure}()
 3 SYSTEMPATH\Common.php(1188): CodeIgniter\View\View->render('pages/reports/indivisual', [], true)
 4 APPPATH\Controllers\ReportsController.php(49): view('pages/reports/indivisual', [...])
 5 SYSTEMPATH\CodeIgniter.php(919): App\Controllers\ReportsController->Edit('4')
 6 SYSTEMPATH\CodeIgniter.php(494): CodeIgniter\CodeIgniter->runController(Object(App\Controllers\ReportsController))
 7 SYSTEMPATH\CodeIgniter.php(353): CodeIgniter\CodeIgniter->handleRequest(null, Object(Config\Cache), false)
 8 FCPATH\index.php(79): CodeIgniter\CodeIgniter->run()
 9 SYSTEMPATH\Commands\Server\rewrite.php(47): require_once('D:\\xampp\\htdocs\\Codeigniter_project\\public\\index.php')
CRITICAL - 2023-10-16 20:15:35 --> Call to undefined function 48()
in APPPATH\Views\pages\reports\indivisual.php on line 66.
 1 SYSTEMPATH\View\View.php(226): include()
 2 SYSTEMPATH\View\View.php(229): CodeIgniter\View\View->CodeIgniter\View\{closure}()
 3 SYSTEMPATH\Common.php(1188): CodeIgniter\View\View->render('pages/reports/indivisual', [], true)
 4 APPPATH\Controllers\ReportsController.php(49): view('pages/reports/indivisual', [...])
 5 SYSTEMPATH\CodeIgniter.php(919): App\Controllers\ReportsController->Edit('4')
 6 SYSTEMPATH\CodeIgniter.php(494): CodeIgniter\CodeIgniter->runController(Object(App\Controllers\ReportsController))
 7 SYSTEMPATH\CodeIgniter.php(353): CodeIgniter\CodeIgniter->handleRequest(null, Object(Config\Cache), false)
 8 FCPATH\index.php(79): CodeIgniter\CodeIgniter->run()
 9 SYSTEMPATH\Commands\Server\rewrite.php(47): require_once('D:\\xampp\\htdocs\\Codeigniter_project\\public\\index.php')
CRITICAL - 2023-10-16 20:16:07 --> Undefined array key "sumQuantities"
in APPPATH\Controllers\ReportsController.php on line 45.
 1 APPPATH\Controllers\ReportsController.php(45): CodeIgniter\Debug\Exceptions->errorHandler(2, 'Undefined array key "sumQuantities"', 'D:\\xampp\\htdocs\\Codeigniter_project\\app\\Controllers\\ReportsController.php', 45)
 2 SYSTEMPATH\CodeIgniter.php(919): App\Controllers\ReportsController->Edit('4')
 3 SYSTEMPATH\CodeIgniter.php(494): CodeIgniter\CodeIgniter->runController(Object(App\Controllers\ReportsController))
 4 SYSTEMPATH\CodeIgniter.php(353): CodeIgniter\CodeIgniter->handleRequest(null, Object(Config\Cache), false)
 5 FCPATH\index.php(79): CodeIgniter\CodeIgniter->run()
 6 SYSTEMPATH\Commands\Server\rewrite.php(47): require_once('D:\\xampp\\htdocs\\Codeigniter_project\\public\\index.php')
ERROR - 2023-10-16 20:16:29 --> mysqli_sql_exception: Unknown column 'sum*' in 'field list' in D:\xampp\htdocs\Codeigniter_project\system\Database\MySQLi\Connection.php:306
Stack trace:
#0 D:\xampp\htdocs\Codeigniter_project\system\Database\MySQLi\Connection.php(306): mysqli->query('SELECT `sum*` a...', 0)
#1 D:\xampp\htdocs\Codeigniter_project\system\Database\BaseConnection.php(692): CodeIgniter\Database\MySQLi\Connection->execute('SELECT `sum*` a...')
#2 D:\xampp\htdocs\Codeigniter_project\system\Database\BaseConnection.php(606): CodeIgniter\Database\BaseConnection->simpleQuery('SELECT `sum*` a...')
#3 D:\xampp\htdocs\Codeigniter_project\system\Database\BaseBuilder.php(1615): CodeIgniter\Database\BaseConnection->query('SELECT `sum*` a...', Array, false)
#4 D:\xampp\htdocs\Codeigniter_project\system\Model.php(264): CodeIgniter\Database\BaseBuilder->get()
#5 D:\xampp\htdocs\Codeigniter_project\system\BaseModel.php(662): CodeIgniter\Model->doFirst()
#6 D:\xampp\htdocs\Codeigniter_project\app\Controllers\ReportsController.php(44): CodeIgniter\BaseModel->first()
#7 D:\xampp\htdocs\Codeigniter_project\system\CodeIgniter.php(919): App\Controllers\ReportsController->Edit('4')
#8 D:\xampp\htdocs\Codeigniter_project\system\CodeIgniter.php(494): CodeIgniter\CodeIgniter->runController(Object(App\Controllers\ReportsController))
#9 D:\xampp\htdocs\Codeigniter_project\system\CodeIgniter.php(353): CodeIgniter\CodeIgniter->handleRequest(NULL, Object(Config\Cache), false)
#10 D:\xampp\htdocs\Codeigniter_project\public\index.php(79): CodeIgniter\CodeIgniter->run()
#11 D:\xampp\htdocs\Codeigniter_project\system\Commands\Server\rewrite.php(47): require_once('D:\\xampp\\htdocs...')
#12 {main}
CRITICAL - 2023-10-16 20:16:29 --> Unknown column 'sum*' in 'field list'
in SYSTEMPATH\Database\BaseConnection.php on line 646.
 1 SYSTEMPATH\Database\BaseBuilder.php(1615): CodeIgniter\Database\BaseConnection->query('SELECT `sum*` as `sumQuantities`
FROM `meal`
 LIMIT 1', [], false)
 2 SYSTEMPATH\Model.php(264): CodeIgniter\Database\BaseBuilder->get()
 3 SYSTEMPATH\BaseModel.php(662): CodeIgniter\Model->doFirst()
 4 APPPATH\Controllers\ReportsController.php(44): CodeIgniter\BaseModel->first()
 5 SYSTEMPATH\CodeIgniter.php(919): App\Controllers\ReportsController->Edit('4')
 6 SYSTEMPATH\CodeIgniter.php(494): CodeIgniter\CodeIgniter->runController(Object(App\Controllers\ReportsController))
 7 SYSTEMPATH\CodeIgniter.php(353): CodeIgniter\CodeIgniter->handleRequest(null, Object(Config\Cache), false)
 8 FCPATH\index.php(79): CodeIgniter\CodeIgniter->run()
 9 SYSTEMPATH\Commands\Server\rewrite.php(47): require_once('D:\\xampp\\htdocs\\Codeigniter_project\\public\\index.php')
CRITICAL - 2023-10-16 20:16:51 --> Undefined variable $row
in APPPATH\Views\pages\reports\indivisual.php on line 66.
 1 APPPATH\Views\pages\reports\indivisual.php(66): CodeIgniter\Debug\Exceptions->errorHandler(2, 'Undefined variable $row', 'D:\\xampp\\htdocs\\Codeigniter_project\\app\\Views\\pages\\reports\\indivisual.php', 66)
 2 SYSTEMPATH\View\View.php(226): include('D:\\xampp\\htdocs\\Codeigniter_project\\app\\Views\\pages\\reports\\indivisual.php')
 3 SYSTEMPATH\View\View.php(229): CodeIgniter\View\View->CodeIgniter\View\{closure}()
 4 SYSTEMPATH\Common.php(1188): CodeIgniter\View\View->render('pages/reports/indivisual', [], true)
 5 APPPATH\Controllers\ReportsController.php(49): view('pages/reports/indivisual', [...])
 6 SYSTEMPATH\CodeIgniter.php(919): App\Controllers\ReportsController->Edit('4')
 7 SYSTEMPATH\CodeIgniter.php(494): CodeIgniter\CodeIgniter->runController(Object(App\Controllers\ReportsController))
 8 SYSTEMPATH\CodeIgniter.php(353): CodeIgniter\CodeIgniter->handleRequest(null, Object(Config\Cache), false)
 9 FCPATH\index.php(79): CodeIgniter\CodeIgniter->run()
10 SYSTEMPATH\Commands\Server\rewrite.php(47): require_once('D:\\xampp\\htdocs\\Codeigniter_project\\public\\index.php')
