CRITICAL - 2023-10-08 03:50:18 --> There is no data to insert.
in SYSTEMPATH\BaseModel.php on line 768.
 1 SYSTEMPATH\BaseModel.php(768): CodeIgniter\Database\Exceptions\DataException::forEmptyDataset('insert')
 2 SYSTEMPATH\Model.php(715): CodeIgniter\BaseModel->insert([], false)
 3 SYSTEMPATH\BaseModel.php(698): CodeIgniter\Model->insert([...], false)
 4 APPPATH\Controllers\HouseRent.php(24): CodeIgniter\BaseModel->save([...])
 5 SYSTEMPATH\CodeIgniter.php(919): App\Controllers\HouseRent->houseRent()
 6 SYSTEMPATH\CodeIgniter.php(494): CodeIgniter\CodeIgniter->runController(Object(App\Controllers\HouseRent))
 7 SYSTEMPATH\CodeIgniter.php(353): CodeIgniter\CodeIgniter->handleRequest(null, Object(Config\Cache), false)
 8 FCPATH\index.php(79): CodeIgniter\CodeIgniter->run()
 9 SYSTEMPATH\Commands\Server\rewrite.php(47): require_once('E:\\xampp\\htdocs\\Codeigniter_project\\public\\index.php')
CRITICAL - 2023-10-08 03:57:24 --> Call to undefined method App\Controllers\HouseRent::save()
in APPPATH\Controllers\HouseRent.php on line 24.
 1 SYSTEMPATH\CodeIgniter.php(919): App\Controllers\HouseRent->houseRent()
 2 SYSTEMPATH\CodeIgniter.php(494): CodeIgniter\CodeIgniter->runController(Object(App\Controllers\HouseRent))
 3 SYSTEMPATH\CodeIgniter.php(353): CodeIgniter\CodeIgniter->handleRequest(null, Object(Config\Cache), false)
 4 FCPATH\index.php(79): CodeIgniter\CodeIgniter->run()
 5 SYSTEMPATH\Commands\Server\rewrite.php(47): require_once('E:\\xampp\\htdocs\\Codeigniter_project\\public\\index.php')
CRITICAL - 2023-10-08 03:57:27 --> Call to undefined method App\Controllers\HouseRent::save()
in APPPATH\Controllers\HouseRent.php on line 24.
 1 SYSTEMPATH\CodeIgniter.php(919): App\Controllers\HouseRent->houseRent()
 2 SYSTEMPATH\CodeIgniter.php(494): CodeIgniter\CodeIgniter->runController(Object(App\Controllers\HouseRent))
 3 SYSTEMPATH\CodeIgniter.php(353): CodeIgniter\CodeIgniter->handleRequest(null, Object(Config\Cache), false)
 4 FCPATH\index.php(79): CodeIgniter\CodeIgniter->run()
 5 SYSTEMPATH\Commands\Server\rewrite.php(47): require_once('E:\\xampp\\htdocs\\Codeigniter_project\\public\\index.php')
CRITICAL - 2023-10-08 03:58:04 --> Class "App\Models\Rent" not found
in APPPATH\Controllers\HouseRent.php on line 14.
 1 SYSTEMPATH\CodeIgniter.php(919): App\Controllers\HouseRent->houseRent()
 2 SYSTEMPATH\CodeIgniter.php(494): CodeIgniter\CodeIgniter->runController(Object(App\Controllers\HouseRent))
 3 SYSTEMPATH\CodeIgniter.php(353): CodeIgniter\CodeIgniter->handleRequest(null, Object(Config\Cache), false)
 4 FCPATH\index.php(79): CodeIgniter\CodeIgniter->run()
 5 SYSTEMPATH\Commands\Server\rewrite.php(47): require_once('E:\\xampp\\htdocs\\Codeigniter_project\\public\\index.php')
CRITICAL - 2023-10-08 03:59:31 --> Class "App\Models\Rent" not found
in APPPATH\Controllers\HouseRent.php on line 14.
 1 SYSTEMPATH\CodeIgniter.php(919): App\Controllers\HouseRent->houseRent()
 2 SYSTEMPATH\CodeIgniter.php(494): CodeIgniter\CodeIgniter->runController(Object(App\Controllers\HouseRent))
 3 SYSTEMPATH\CodeIgniter.php(353): CodeIgniter\CodeIgniter->handleRequest(null, Object(Config\Cache), false)
 4 FCPATH\index.php(79): CodeIgniter\CodeIgniter->run()
 5 SYSTEMPATH\Commands\Server\rewrite.php(47): require_once('E:\\xampp\\htdocs\\Codeigniter_project\\public\\index.php')
CRITICAL - 2023-10-08 04:01:56 --> Class "App\Controllers\Rent" not found
in APPPATH\Controllers\HouseRent.php on line 14.
 1 SYSTEMPATH\CodeIgniter.php(919): App\Controllers\HouseRent->houseRent()
 2 SYSTEMPATH\CodeIgniter.php(494): CodeIgniter\CodeIgniter->runController(Object(App\Controllers\HouseRent))
 3 SYSTEMPATH\CodeIgniter.php(353): CodeIgniter\CodeIgniter->handleRequest(null, Object(Config\Cache), false)
 4 FCPATH\index.php(79): CodeIgniter\CodeIgniter->run()
 5 SYSTEMPATH\Commands\Server\rewrite.php(47): require_once('E:\\xampp\\htdocs\\Codeigniter_project\\public\\index.php')
CRITICAL - 2023-10-08 04:02:18 --> There is no data to insert.
in SYSTEMPATH\BaseModel.php on line 768.
 1 SYSTEMPATH\BaseModel.php(768): CodeIgniter\Database\Exceptions\DataException::forEmptyDataset('insert')
 2 SYSTEMPATH\Model.php(715): CodeIgniter\BaseModel->insert([], false)
 3 SYSTEMPATH\BaseModel.php(698): CodeIgniter\Model->insert([...], false)
 4 APPPATH\Controllers\HouseRent.php(24): CodeIgniter\BaseModel->save([...])
 5 SYSTEMPATH\CodeIgniter.php(919): App\Controllers\HouseRent->houseRent()
 6 SYSTEMPATH\CodeIgniter.php(494): CodeIgniter\CodeIgniter->runController(Object(App\Controllers\HouseRent))
 7 SYSTEMPATH\CodeIgniter.php(353): CodeIgniter\CodeIgniter->handleRequest(null, Object(Config\Cache), false)
 8 FCPATH\index.php(79): CodeIgniter\CodeIgniter->run()
 9 SYSTEMPATH\Commands\Server\rewrite.php(47): require_once('E:\\xampp\\htdocs\\Codeigniter_project\\public\\index.php')
CRITICAL - 2023-10-08 04:03:13 --> There is no data to insert.
in SYSTEMPATH\BaseModel.php on line 768.
 1 SYSTEMPATH\BaseModel.php(768): CodeIgniter\Database\Exceptions\DataException::forEmptyDataset('insert')
 2 SYSTEMPATH\Model.php(715): CodeIgniter\BaseModel->insert([], false)
 3 SYSTEMPATH\BaseModel.php(698): CodeIgniter\Model->insert([...], false)
 4 APPPATH\Controllers\HouseRent.php(24): CodeIgniter\BaseModel->save([...])
 5 SYSTEMPATH\CodeIgniter.php(919): App\Controllers\HouseRent->houseRent()
 6 SYSTEMPATH\CodeIgniter.php(494): CodeIgniter\CodeIgniter->runController(Object(App\Controllers\HouseRent))
 7 SYSTEMPATH\CodeIgniter.php(353): CodeIgniter\CodeIgniter->handleRequest(null, Object(Config\Cache), false)
 8 FCPATH\index.php(79): CodeIgniter\CodeIgniter->run()
 9 SYSTEMPATH\Commands\Server\rewrite.php(47): require_once('E:\\xampp\\htdocs\\Codeigniter_project\\public\\index.php')
CRITICAL - 2023-10-08 04:04:52 --> There is no data to insert.
in SYSTEMPATH\BaseModel.php on line 768.
 1 SYSTEMPATH\BaseModel.php(768): CodeIgniter\Database\Exceptions\DataException::forEmptyDataset('insert')
 2 SYSTEMPATH\Model.php(715): CodeIgniter\BaseModel->insert([], false)
 3 SYSTEMPATH\BaseModel.php(698): CodeIgniter\Model->insert([...], false)
 4 APPPATH\Controllers\HouseRent.php(24): CodeIgniter\BaseModel->save([...])
 5 SYSTEMPATH\CodeIgniter.php(919): App\Controllers\HouseRent->houseRent()
 6 SYSTEMPATH\CodeIgniter.php(494): CodeIgniter\CodeIgniter->runController(Object(App\Controllers\HouseRent))
 7 SYSTEMPATH\CodeIgniter.php(353): CodeIgniter\CodeIgniter->handleRequest(null, Object(Config\Cache), false)
 8 FCPATH\index.php(79): CodeIgniter\CodeIgniter->run()
 9 SYSTEMPATH\Commands\Server\rewrite.php(47): require_once('E:\\xampp\\htdocs\\Codeigniter_project\\public\\index.php')
ERROR - 2023-10-08 04:35:27 --> mysqli_sql_exception: Column 'rent' cannot be null in E:\xampp\htdocs\Codeigniter_project\system\Database\MySQLi\Connection.php:306
Stack trace:
#0 E:\xampp\htdocs\Codeigniter_project\system\Database\MySQLi\Connection.php(306): mysqli->query('INSERT INTO `ho...', 0)
#1 E:\xampp\htdocs\Codeigniter_project\system\Database\BaseConnection.php(692): CodeIgniter\Database\MySQLi\Connection->execute('INSERT INTO `ho...')
#2 E:\xampp\htdocs\Codeigniter_project\system\Database\BaseConnection.php(606): CodeIgniter\Database\BaseConnection->simpleQuery('INSERT INTO `ho...')
#3 E:\xampp\htdocs\Codeigniter_project\system\Database\BaseBuilder.php(2308): CodeIgniter\Database\BaseConnection->query('INSERT INTO `ho...', Array, false)
#4 E:\xampp\htdocs\Codeigniter_project\system\Model.php(319): CodeIgniter\Database\BaseBuilder->insert()
#5 E:\xampp\htdocs\Codeigniter_project\system\BaseModel.php(788): CodeIgniter\Model->doInsert(Array)
#6 E:\xampp\htdocs\Codeigniter_project\system\Model.php(715): CodeIgniter\BaseModel->insert(Array, false)
#7 E:\xampp\htdocs\Codeigniter_project\system\BaseModel.php(698): CodeIgniter\Model->insert(Array, false)
#8 E:\xampp\htdocs\Codeigniter_project\app\Controllers\HouseRentAdd.php(25): CodeIgniter\BaseModel->save(Array)
#9 E:\xampp\htdocs\Codeigniter_project\system\CodeIgniter.php(919): App\Controllers\HouseRentAdd->houseRent()
#10 E:\xampp\htdocs\Codeigniter_project\system\CodeIgniter.php(494): CodeIgniter\CodeIgniter->runController(Object(App\Controllers\HouseRentAdd))
#11 E:\xampp\htdocs\Codeigniter_project\system\CodeIgniter.php(353): CodeIgniter\CodeIgniter->handleRequest(NULL, Object(Config\Cache), false)
#12 E:\xampp\htdocs\Codeigniter_project\public\index.php(79): CodeIgniter\CodeIgniter->run()
#13 E:\xampp\htdocs\Codeigniter_project\system\Commands\Server\rewrite.php(47): require_once('E:\\xampp\\htdocs...')
#14 {main}
CRITICAL - 2023-10-08 04:35:27 --> Column 'rent' cannot be null
in SYSTEMPATH\Database\BaseConnection.php on line 646.
 1 SYSTEMPATH\Database\BaseBuilder.php(2308): CodeIgniter\Database\BaseConnection->query('INSERT INTO `house_rent` (`rent`, `gas`, `current`, `wifi`, `bua`, `city`) VALUES (:rent:, :gas:, :current:, :wifi:, :bua:, :city:)', [...], false)
 2 SYSTEMPATH\Model.php(319): CodeIgniter\Database\BaseBuilder->insert()
 3 SYSTEMPATH\BaseModel.php(788): CodeIgniter\Model->doInsert([...])
 4 SYSTEMPATH\Model.php(715): CodeIgniter\BaseModel->insert([...], false)
 5 SYSTEMPATH\BaseModel.php(698): CodeIgniter\Model->insert([...], false)
 6 APPPATH\Controllers\HouseRentAdd.php(25): CodeIgniter\BaseModel->save([...])
 7 SYSTEMPATH\CodeIgniter.php(919): App\Controllers\HouseRentAdd->houseRent()
 8 SYSTEMPATH\CodeIgniter.php(494): CodeIgniter\CodeIgniter->runController(Object(App\Controllers\HouseRentAdd))
 9 SYSTEMPATH\CodeIgniter.php(353): CodeIgniter\CodeIgniter->handleRequest(null, Object(Config\Cache), false)
10 FCPATH\index.php(79): CodeIgniter\CodeIgniter->run()
11 SYSTEMPATH\Commands\Server\rewrite.php(47): require_once('E:\\xampp\\htdocs\\Codeigniter_project\\public\\index.php')
ERROR - 2023-10-08 04:35:51 --> mysqli_sql_exception: Column 'rent' cannot be null in E:\xampp\htdocs\Codeigniter_project\system\Database\MySQLi\Connection.php:306
Stack trace:
#0 E:\xampp\htdocs\Codeigniter_project\system\Database\MySQLi\Connection.php(306): mysqli->query('INSERT INTO `ho...', 0)
#1 E:\xampp\htdocs\Codeigniter_project\system\Database\BaseConnection.php(692): CodeIgniter\Database\MySQLi\Connection->execute('INSERT INTO `ho...')
#2 E:\xampp\htdocs\Codeigniter_project\system\Database\BaseConnection.php(606): CodeIgniter\Database\BaseConnection->simpleQuery('INSERT INTO `ho...')
#3 E:\xampp\htdocs\Codeigniter_project\system\Database\BaseBuilder.php(2308): CodeIgniter\Database\BaseConnection->query('INSERT INTO `ho...', Array, false)
#4 E:\xampp\htdocs\Codeigniter_project\system\Model.php(319): CodeIgniter\Database\BaseBuilder->insert()
#5 E:\xampp\htdocs\Codeigniter_project\system\BaseModel.php(788): CodeIgniter\Model->doInsert(Array)
#6 E:\xampp\htdocs\Codeigniter_project\system\Model.php(715): CodeIgniter\BaseModel->insert(Array, false)
#7 E:\xampp\htdocs\Codeigniter_project\system\BaseModel.php(698): CodeIgniter\Model->insert(Array, false)
#8 E:\xampp\htdocs\Codeigniter_project\app\Controllers\HouseRentAdd.php(25): CodeIgniter\BaseModel->save(Array)
#9 E:\xampp\htdocs\Codeigniter_project\system\CodeIgniter.php(919): App\Controllers\HouseRentAdd->houseRent()
#10 E:\xampp\htdocs\Codeigniter_project\system\CodeIgniter.php(494): CodeIgniter\CodeIgniter->runController(Object(App\Controllers\HouseRentAdd))
#11 E:\xampp\htdocs\Codeigniter_project\system\CodeIgniter.php(353): CodeIgniter\CodeIgniter->handleRequest(NULL, Object(Config\Cache), false)
#12 E:\xampp\htdocs\Codeigniter_project\public\index.php(79): CodeIgniter\CodeIgniter->run()
#13 E:\xampp\htdocs\Codeigniter_project\system\Commands\Server\rewrite.php(47): require_once('E:\\xampp\\htdocs...')
#14 {main}
CRITICAL - 2023-10-08 04:35:51 --> Column 'rent' cannot be null
in SYSTEMPATH\Database\BaseConnection.php on line 646.
 1 SYSTEMPATH\Database\BaseBuilder.php(2308): CodeIgniter\Database\BaseConnection->query('INSERT INTO `house_rent` (`rent`, `gas`, `current`, `wifi`, `bua`, `city`) VALUES (:rent:, :gas:, :current:, :wifi:, :bua:, :city:)', [...], false)
 2 SYSTEMPATH\Model.php(319): CodeIgniter\Database\BaseBuilder->insert()
 3 SYSTEMPATH\BaseModel.php(788): CodeIgniter\Model->doInsert([...])
 4 SYSTEMPATH\Model.php(715): CodeIgniter\BaseModel->insert([...], false)
 5 SYSTEMPATH\BaseModel.php(698): CodeIgniter\Model->insert([...], false)
 6 APPPATH\Controllers\HouseRentAdd.php(25): CodeIgniter\BaseModel->save([...])
 7 SYSTEMPATH\CodeIgniter.php(919): App\Controllers\HouseRentAdd->houseRent()
 8 SYSTEMPATH\CodeIgniter.php(494): CodeIgniter\CodeIgniter->runController(Object(App\Controllers\HouseRentAdd))
 9 SYSTEMPATH\CodeIgniter.php(353): CodeIgniter\CodeIgniter->handleRequest(null, Object(Config\Cache), false)
10 FCPATH\index.php(79): CodeIgniter\CodeIgniter->run()
11 SYSTEMPATH\Commands\Server\rewrite.php(47): require_once('E:\\xampp\\htdocs\\Codeigniter_project\\public\\index.php')
ERROR - 2023-10-08 04:35:54 --> mysqli_sql_exception: Column 'rent' cannot be null in E:\xampp\htdocs\Codeigniter_project\system\Database\MySQLi\Connection.php:306
Stack trace:
#0 E:\xampp\htdocs\Codeigniter_project\system\Database\MySQLi\Connection.php(306): mysqli->query('INSERT INTO `ho...', 0)
#1 E:\xampp\htdocs\Codeigniter_project\system\Database\BaseConnection.php(692): CodeIgniter\Database\MySQLi\Connection->execute('INSERT INTO `ho...')
#2 E:\xampp\htdocs\Codeigniter_project\system\Database\BaseConnection.php(606): CodeIgniter\Database\BaseConnection->simpleQuery('INSERT INTO `ho...')
#3 E:\xampp\htdocs\Codeigniter_project\system\Database\BaseBuilder.php(2308): CodeIgniter\Database\BaseConnection->query('INSERT INTO `ho...', Array, false)
#4 E:\xampp\htdocs\Codeigniter_project\system\Model.php(319): CodeIgniter\Database\BaseBuilder->insert()
#5 E:\xampp\htdocs\Codeigniter_project\system\BaseModel.php(788): CodeIgniter\Model->doInsert(Array)
#6 E:\xampp\htdocs\Codeigniter_project\system\Model.php(715): CodeIgniter\BaseModel->insert(Array, false)
#7 E:\xampp\htdocs\Codeigniter_project\system\BaseModel.php(698): CodeIgniter\Model->insert(Array, false)
#8 E:\xampp\htdocs\Codeigniter_project\app\Controllers\HouseRentAdd.php(25): CodeIgniter\BaseModel->save(Array)
#9 E:\xampp\htdocs\Codeigniter_project\system\CodeIgniter.php(919): App\Controllers\HouseRentAdd->houseRent()
#10 E:\xampp\htdocs\Codeigniter_project\system\CodeIgniter.php(494): CodeIgniter\CodeIgniter->runController(Object(App\Controllers\HouseRentAdd))
#11 E:\xampp\htdocs\Codeigniter_project\system\CodeIgniter.php(353): CodeIgniter\CodeIgniter->handleRequest(NULL, Object(Config\Cache), false)
#12 E:\xampp\htdocs\Codeigniter_project\public\index.php(79): CodeIgniter\CodeIgniter->run()
#13 E:\xampp\htdocs\Codeigniter_project\system\Commands\Server\rewrite.php(47): require_once('E:\\xampp\\htdocs...')
#14 {main}
CRITICAL - 2023-10-08 04:35:54 --> Column 'rent' cannot be null
in SYSTEMPATH\Database\BaseConnection.php on line 646.
 1 SYSTEMPATH\Database\BaseBuilder.php(2308): CodeIgniter\Database\BaseConnection->query('INSERT INTO `house_rent` (`rent`, `gas`, `current`, `wifi`, `bua`, `city`) VALUES (:rent:, :gas:, :current:, :wifi:, :bua:, :city:)', [...], false)
 2 SYSTEMPATH\Model.php(319): CodeIgniter\Database\BaseBuilder->insert()
 3 SYSTEMPATH\BaseModel.php(788): CodeIgniter\Model->doInsert([...])
 4 SYSTEMPATH\Model.php(715): CodeIgniter\BaseModel->insert([...], false)
 5 SYSTEMPATH\BaseModel.php(698): CodeIgniter\Model->insert([...], false)
 6 APPPATH\Controllers\HouseRentAdd.php(25): CodeIgniter\BaseModel->save([...])
 7 SYSTEMPATH\CodeIgniter.php(919): App\Controllers\HouseRentAdd->houseRent()
 8 SYSTEMPATH\CodeIgniter.php(494): CodeIgniter\CodeIgniter->runController(Object(App\Controllers\HouseRentAdd))
 9 SYSTEMPATH\CodeIgniter.php(353): CodeIgniter\CodeIgniter->handleRequest(null, Object(Config\Cache), false)
10 FCPATH\index.php(79): CodeIgniter\CodeIgniter->run()
11 SYSTEMPATH\Commands\Server\rewrite.php(47): require_once('E:\\xampp\\htdocs\\Codeigniter_project\\public\\index.php')
CRITICAL - 2023-10-08 04:36:51 --> Undefined variable $rent
in APPPATH\Views\pages\houseRent\rentView.php on line 54.
 1 APPPATH\Views\pages\houseRent\rentView.php(54): CodeIgniter\Debug\Exceptions->errorHandler(2, 'Undefined variable $rent', 'E:\\xampp\\htdocs\\Codeigniter_project\\app\\Views\\pages\\houseRent\\rentView.php', 54)
 2 SYSTEMPATH\View\View.php(226): include('E:\\xampp\\htdocs\\Codeigniter_project\\app\\Views\\pages\\houseRent\\rentView.php')
 3 SYSTEMPATH\View\View.php(229): CodeIgniter\View\View->CodeIgniter\View\{closure}()
 4 SYSTEMPATH\Common.php(1188): CodeIgniter\View\View->render('pages/houseRent/rentView', [], true)
 5 APPPATH\Controllers\HouseRentAdd.php(33): view('pages/houseRent/rentView', [...])
 6 SYSTEMPATH\CodeIgniter.php(919): App\Controllers\HouseRentAdd->fetchrent()
 7 SYSTEMPATH\CodeIgniter.php(494): CodeIgniter\CodeIgniter->runController(Object(App\Controllers\HouseRentAdd))
 8 SYSTEMPATH\CodeIgniter.php(353): CodeIgniter\CodeIgniter->handleRequest(null, Object(Config\Cache), false)
 9 FCPATH\index.php(79): CodeIgniter\CodeIgniter->run()
10 SYSTEMPATH\Commands\Server\rewrite.php(47): require_once('E:\\xampp\\htdocs\\Codeigniter_project\\public\\index.php')
CRITICAL - 2023-10-08 04:36:57 --> Undefined variable $rent
in APPPATH\Views\pages\houseRent\rentView.php on line 54.
 1 APPPATH\Views\pages\houseRent\rentView.php(54): CodeIgniter\Debug\Exceptions->errorHandler(2, 'Undefined variable $rent', 'E:\\xampp\\htdocs\\Codeigniter_project\\app\\Views\\pages\\houseRent\\rentView.php', 54)
 2 SYSTEMPATH\View\View.php(226): include('E:\\xampp\\htdocs\\Codeigniter_project\\app\\Views\\pages\\houseRent\\rentView.php')
 3 SYSTEMPATH\View\View.php(229): CodeIgniter\View\View->CodeIgniter\View\{closure}()
 4 SYSTEMPATH\Common.php(1188): CodeIgniter\View\View->render('pages/houseRent/rentView', [], true)
 5 APPPATH\Controllers\HouseRentAdd.php(33): view('pages/houseRent/rentView', [...])
 6 SYSTEMPATH\CodeIgniter.php(919): App\Controllers\HouseRentAdd->fetchrent()
 7 SYSTEMPATH\CodeIgniter.php(494): CodeIgniter\CodeIgniter->runController(Object(App\Controllers\HouseRentAdd))
 8 SYSTEMPATH\CodeIgniter.php(353): CodeIgniter\CodeIgniter->handleRequest(null, Object(Config\Cache), false)
 9 FCPATH\index.php(79): CodeIgniter\CodeIgniter->run()
10 SYSTEMPATH\Commands\Server\rewrite.php(47): require_once('E:\\xampp\\htdocs\\Codeigniter_project\\public\\index.php')
CRITICAL - 2023-10-08 04:39:27 --> Undefined variable $rent
in APPPATH\Views\pages\houseRent\rentView.php on line 54.
 1 APPPATH\Views\pages\houseRent\rentView.php(54): CodeIgniter\Debug\Exceptions->errorHandler(2, 'Undefined variable $rent', 'E:\\xampp\\htdocs\\Codeigniter_project\\app\\Views\\pages\\houseRent\\rentView.php', 54)
 2 SYSTEMPATH\View\View.php(226): include('E:\\xampp\\htdocs\\Codeigniter_project\\app\\Views\\pages\\houseRent\\rentView.php')
 3 SYSTEMPATH\View\View.php(229): CodeIgniter\View\View->CodeIgniter\View\{closure}()
 4 SYSTEMPATH\Common.php(1188): CodeIgniter\View\View->render('pages/houseRent/rentView', [], true)
 5 APPPATH\Controllers\HouseRentAdd.php(33): view('pages/houseRent/rentView', [...])
 6 SYSTEMPATH\CodeIgniter.php(919): App\Controllers\HouseRentAdd->fetchrent()
 7 SYSTEMPATH\CodeIgniter.php(494): CodeIgniter\CodeIgniter->runController(Object(App\Controllers\HouseRentAdd))
 8 SYSTEMPATH\CodeIgniter.php(353): CodeIgniter\CodeIgniter->handleRequest(null, Object(Config\Cache), false)
 9 FCPATH\index.php(79): CodeIgniter\CodeIgniter->run()
10 SYSTEMPATH\Commands\Server\rewrite.php(47): require_once('E:\\xampp\\htdocs\\Codeigniter_project\\public\\index.php')
CRITICAL - 2023-10-08 04:44:53 --> Undefined variable $rent
in APPPATH\Views\pages\houseRent\rentView.php on line 54.
 1 APPPATH\Views\pages\houseRent\rentView.php(54): CodeIgniter\Debug\Exceptions->errorHandler(2, 'Undefined variable $rent', 'E:\\xampp\\htdocs\\Codeigniter_project\\app\\Views\\pages\\houseRent\\rentView.php', 54)
 2 SYSTEMPATH\View\View.php(226): include('E:\\xampp\\htdocs\\Codeigniter_project\\app\\Views\\pages\\houseRent\\rentView.php')
 3 SYSTEMPATH\View\View.php(229): CodeIgniter\View\View->CodeIgniter\View\{closure}()
 4 SYSTEMPATH\Common.php(1188): CodeIgniter\View\View->render('pages/houseRent/rentView', [], true)
 5 APPPATH\Controllers\HouseRentAdd.php(33): view('pages/houseRent/rentView', [...])
 6 SYSTEMPATH\CodeIgniter.php(919): App\Controllers\HouseRentAdd->fetchrent()
 7 SYSTEMPATH\CodeIgniter.php(494): CodeIgniter\CodeIgniter->runController(Object(App\Controllers\HouseRentAdd))
 8 SYSTEMPATH\CodeIgniter.php(353): CodeIgniter\CodeIgniter->handleRequest(null, Object(Config\Cache), false)
 9 FCPATH\index.php(79): CodeIgniter\CodeIgniter->run()
10 SYSTEMPATH\Commands\Server\rewrite.php(47): require_once('E:\\xampp\\htdocs\\Codeigniter_project\\public\\index.php')
CRITICAL - 2023-10-08 04:44:56 --> Undefined variable $rent
in APPPATH\Views\pages\houseRent\rentView.php on line 54.
 1 APPPATH\Views\pages\houseRent\rentView.php(54): CodeIgniter\Debug\Exceptions->errorHandler(2, 'Undefined variable $rent', 'E:\\xampp\\htdocs\\Codeigniter_project\\app\\Views\\pages\\houseRent\\rentView.php', 54)
 2 SYSTEMPATH\View\View.php(226): include('E:\\xampp\\htdocs\\Codeigniter_project\\app\\Views\\pages\\houseRent\\rentView.php')
 3 SYSTEMPATH\View\View.php(229): CodeIgniter\View\View->CodeIgniter\View\{closure}()
 4 SYSTEMPATH\Common.php(1188): CodeIgniter\View\View->render('pages/houseRent/rentView', [], true)
 5 APPPATH\Controllers\HouseRentAdd.php(33): view('pages/houseRent/rentView', [...])
 6 SYSTEMPATH\CodeIgniter.php(919): App\Controllers\HouseRentAdd->fetchrent()
 7 SYSTEMPATH\CodeIgniter.php(494): CodeIgniter\CodeIgniter->runController(Object(App\Controllers\HouseRentAdd))
 8 SYSTEMPATH\CodeIgniter.php(353): CodeIgniter\CodeIgniter->handleRequest(null, Object(Config\Cache), false)
 9 FCPATH\index.php(79): CodeIgniter\CodeIgniter->run()
10 SYSTEMPATH\Commands\Server\rewrite.php(47): require_once('E:\\xampp\\htdocs\\Codeigniter_project\\public\\index.php')
CRITICAL - 2023-10-08 04:46:32 --> Undefined variable $rent
in APPPATH\Views\pages\houseRent\rentView.php on line 54.
 1 APPPATH\Views\pages\houseRent\rentView.php(54): CodeIgniter\Debug\Exceptions->errorHandler(2, 'Undefined variable $rent', 'E:\\xampp\\htdocs\\Codeigniter_project\\app\\Views\\pages\\houseRent\\rentView.php', 54)
 2 SYSTEMPATH\View\View.php(226): include('E:\\xampp\\htdocs\\Codeigniter_project\\app\\Views\\pages\\houseRent\\rentView.php')
 3 SYSTEMPATH\View\View.php(229): CodeIgniter\View\View->CodeIgniter\View\{closure}()
 4 SYSTEMPATH\Common.php(1188): CodeIgniter\View\View->render('pages/houseRent/rentView', [], true)
 5 APPPATH\Controllers\HouseRentAdd.php(33): view('pages/houseRent/rentView', [...])
 6 SYSTEMPATH\CodeIgniter.php(919): App\Controllers\HouseRentAdd->fetchrent()
 7 SYSTEMPATH\CodeIgniter.php(494): CodeIgniter\CodeIgniter->runController(Object(App\Controllers\HouseRentAdd))
 8 SYSTEMPATH\CodeIgniter.php(353): CodeIgniter\CodeIgniter->handleRequest(null, Object(Config\Cache), false)
 9 FCPATH\index.php(79): CodeIgniter\CodeIgniter->run()
10 SYSTEMPATH\Commands\Server\rewrite.php(47): require_once('E:\\xampp\\htdocs\\Codeigniter_project\\public\\index.php')
CRITICAL - 2023-10-08 04:46:33 --> Undefined variable $rent
in APPPATH\Views\pages\houseRent\rentView.php on line 54.
 1 APPPATH\Views\pages\houseRent\rentView.php(54): CodeIgniter\Debug\Exceptions->errorHandler(2, 'Undefined variable $rent', 'E:\\xampp\\htdocs\\Codeigniter_project\\app\\Views\\pages\\houseRent\\rentView.php', 54)
 2 SYSTEMPATH\View\View.php(226): include('E:\\xampp\\htdocs\\Codeigniter_project\\app\\Views\\pages\\houseRent\\rentView.php')
 3 SYSTEMPATH\View\View.php(229): CodeIgniter\View\View->CodeIgniter\View\{closure}()
 4 SYSTEMPATH\Common.php(1188): CodeIgniter\View\View->render('pages/houseRent/rentView', [], true)
 5 APPPATH\Controllers\HouseRentAdd.php(33): view('pages/houseRent/rentView', [...])
 6 SYSTEMPATH\CodeIgniter.php(919): App\Controllers\HouseRentAdd->fetchrent()
 7 SYSTEMPATH\CodeIgniter.php(494): CodeIgniter\CodeIgniter->runController(Object(App\Controllers\HouseRentAdd))
 8 SYSTEMPATH\CodeIgniter.php(353): CodeIgniter\CodeIgniter->handleRequest(null, Object(Config\Cache), false)
 9 FCPATH\index.php(79): CodeIgniter\CodeIgniter->run()
10 SYSTEMPATH\Commands\Server\rewrite.php(47): require_once('E:\\xampp\\htdocs\\Codeigniter_project\\public\\index.php')
CRITICAL - 2023-10-08 04:46:33 --> Undefined variable $rent
in APPPATH\Views\pages\houseRent\rentView.php on line 54.
 1 APPPATH\Views\pages\houseRent\rentView.php(54): CodeIgniter\Debug\Exceptions->errorHandler(2, 'Undefined variable $rent', 'E:\\xampp\\htdocs\\Codeigniter_project\\app\\Views\\pages\\houseRent\\rentView.php', 54)
 2 SYSTEMPATH\View\View.php(226): include('E:\\xampp\\htdocs\\Codeigniter_project\\app\\Views\\pages\\houseRent\\rentView.php')
 3 SYSTEMPATH\View\View.php(229): CodeIgniter\View\View->CodeIgniter\View\{closure}()
 4 SYSTEMPATH\Common.php(1188): CodeIgniter\View\View->render('pages/houseRent/rentView', [], true)
 5 APPPATH\Controllers\HouseRentAdd.php(33): view('pages/houseRent/rentView', [...])
 6 SYSTEMPATH\CodeIgniter.php(919): App\Controllers\HouseRentAdd->fetchrent()
 7 SYSTEMPATH\CodeIgniter.php(494): CodeIgniter\CodeIgniter->runController(Object(App\Controllers\HouseRentAdd))
 8 SYSTEMPATH\CodeIgniter.php(353): CodeIgniter\CodeIgniter->handleRequest(null, Object(Config\Cache), false)
 9 FCPATH\index.php(79): CodeIgniter\CodeIgniter->run()
10 SYSTEMPATH\Commands\Server\rewrite.php(47): require_once('E:\\xampp\\htdocs\\Codeigniter_project\\public\\index.php')
CRITICAL - 2023-10-08 04:46:33 --> Undefined variable $rent
in APPPATH\Views\pages\houseRent\rentView.php on line 54.
 1 APPPATH\Views\pages\houseRent\rentView.php(54): CodeIgniter\Debug\Exceptions->errorHandler(2, 'Undefined variable $rent', 'E:\\xampp\\htdocs\\Codeigniter_project\\app\\Views\\pages\\houseRent\\rentView.php', 54)
 2 SYSTEMPATH\View\View.php(226): include('E:\\xampp\\htdocs\\Codeigniter_project\\app\\Views\\pages\\houseRent\\rentView.php')
 3 SYSTEMPATH\View\View.php(229): CodeIgniter\View\View->CodeIgniter\View\{closure}()
 4 SYSTEMPATH\Common.php(1188): CodeIgniter\View\View->render('pages/houseRent/rentView', [], true)
 5 APPPATH\Controllers\HouseRentAdd.php(33): view('pages/houseRent/rentView', [...])
 6 SYSTEMPATH\CodeIgniter.php(919): App\Controllers\HouseRentAdd->fetchrent()
 7 SYSTEMPATH\CodeIgniter.php(494): CodeIgniter\CodeIgniter->runController(Object(App\Controllers\HouseRentAdd))
 8 SYSTEMPATH\CodeIgniter.php(353): CodeIgniter\CodeIgniter->handleRequest(null, Object(Config\Cache), false)
 9 FCPATH\index.php(79): CodeIgniter\CodeIgniter->run()
10 SYSTEMPATH\Commands\Server\rewrite.php(47): require_once('E:\\xampp\\htdocs\\Codeigniter_project\\public\\index.php')
CRITICAL - 2023-10-08 04:46:34 --> Undefined variable $rent
in APPPATH\Views\pages\houseRent\rentView.php on line 54.
 1 APPPATH\Views\pages\houseRent\rentView.php(54): CodeIgniter\Debug\Exceptions->errorHandler(2, 'Undefined variable $rent', 'E:\\xampp\\htdocs\\Codeigniter_project\\app\\Views\\pages\\houseRent\\rentView.php', 54)
 2 SYSTEMPATH\View\View.php(226): include('E:\\xampp\\htdocs\\Codeigniter_project\\app\\Views\\pages\\houseRent\\rentView.php')
 3 SYSTEMPATH\View\View.php(229): CodeIgniter\View\View->CodeIgniter\View\{closure}()
 4 SYSTEMPATH\Common.php(1188): CodeIgniter\View\View->render('pages/houseRent/rentView', [], true)
 5 APPPATH\Controllers\HouseRentAdd.php(33): view('pages/houseRent/rentView', [...])
 6 SYSTEMPATH\CodeIgniter.php(919): App\Controllers\HouseRentAdd->fetchrent()
 7 SYSTEMPATH\CodeIgniter.php(494): CodeIgniter\CodeIgniter->runController(Object(App\Controllers\HouseRentAdd))
 8 SYSTEMPATH\CodeIgniter.php(353): CodeIgniter\CodeIgniter->handleRequest(null, Object(Config\Cache), false)
 9 FCPATH\index.php(79): CodeIgniter\CodeIgniter->run()
10 SYSTEMPATH\Commands\Server\rewrite.php(47): require_once('E:\\xampp\\htdocs\\Codeigniter_project\\public\\index.php')
CRITICAL - 2023-10-08 04:46:34 --> Undefined variable $rent
in APPPATH\Views\pages\houseRent\rentView.php on line 54.
 1 APPPATH\Views\pages\houseRent\rentView.php(54): CodeIgniter\Debug\Exceptions->errorHandler(2, 'Undefined variable $rent', 'E:\\xampp\\htdocs\\Codeigniter_project\\app\\Views\\pages\\houseRent\\rentView.php', 54)
 2 SYSTEMPATH\View\View.php(226): include('E:\\xampp\\htdocs\\Codeigniter_project\\app\\Views\\pages\\houseRent\\rentView.php')
 3 SYSTEMPATH\View\View.php(229): CodeIgniter\View\View->CodeIgniter\View\{closure}()
 4 SYSTEMPATH\Common.php(1188): CodeIgniter\View\View->render('pages/houseRent/rentView', [], true)
 5 APPPATH\Controllers\HouseRentAdd.php(33): view('pages/houseRent/rentView', [...])
 6 SYSTEMPATH\CodeIgniter.php(919): App\Controllers\HouseRentAdd->fetchrent()
 7 SYSTEMPATH\CodeIgniter.php(494): CodeIgniter\CodeIgniter->runController(Object(App\Controllers\HouseRentAdd))
 8 SYSTEMPATH\CodeIgniter.php(353): CodeIgniter\CodeIgniter->handleRequest(null, Object(Config\Cache), false)
 9 FCPATH\index.php(79): CodeIgniter\CodeIgniter->run()
10 SYSTEMPATH\Commands\Server\rewrite.php(47): require_once('E:\\xampp\\htdocs\\Codeigniter_project\\public\\index.php')
CRITICAL - 2023-10-08 04:47:44 --> Undefined variable $rent
in APPPATH\Views\pages\houseRent\rentView.php on line 54.
 1 APPPATH\Views\pages\houseRent\rentView.php(54): CodeIgniter\Debug\Exceptions->errorHandler(2, 'Undefined variable $rent', 'E:\\xampp\\htdocs\\Codeigniter_project\\app\\Views\\pages\\houseRent\\rentView.php', 54)
 2 SYSTEMPATH\View\View.php(226): include('E:\\xampp\\htdocs\\Codeigniter_project\\app\\Views\\pages\\houseRent\\rentView.php')
 3 SYSTEMPATH\View\View.php(229): CodeIgniter\View\View->CodeIgniter\View\{closure}()
 4 SYSTEMPATH\Common.php(1188): CodeIgniter\View\View->render('pages/houseRent/rentView', [], true)
 5 APPPATH\Controllers\HouseRentAdd.php(33): view('pages/houseRent/rentView', [...])
 6 SYSTEMPATH\CodeIgniter.php(919): App\Controllers\HouseRentAdd->fetchrent()
 7 SYSTEMPATH\CodeIgniter.php(494): CodeIgniter\CodeIgniter->runController(Object(App\Controllers\HouseRentAdd))
 8 SYSTEMPATH\CodeIgniter.php(353): CodeIgniter\CodeIgniter->handleRequest(null, Object(Config\Cache), false)
 9 FCPATH\index.php(79): CodeIgniter\CodeIgniter->run()
10 SYSTEMPATH\Commands\Server\rewrite.php(47): require_once('E:\\xampp\\htdocs\\Codeigniter_project\\public\\index.php')
CRITICAL - 2023-10-08 04:47:45 --> Undefined variable $rent
in APPPATH\Views\pages\houseRent\rentView.php on line 54.
 1 APPPATH\Views\pages\houseRent\rentView.php(54): CodeIgniter\Debug\Exceptions->errorHandler(2, 'Undefined variable $rent', 'E:\\xampp\\htdocs\\Codeigniter_project\\app\\Views\\pages\\houseRent\\rentView.php', 54)
 2 SYSTEMPATH\View\View.php(226): include('E:\\xampp\\htdocs\\Codeigniter_project\\app\\Views\\pages\\houseRent\\rentView.php')
 3 SYSTEMPATH\View\View.php(229): CodeIgniter\View\View->CodeIgniter\View\{closure}()
 4 SYSTEMPATH\Common.php(1188): CodeIgniter\View\View->render('pages/houseRent/rentView', [], true)
 5 APPPATH\Controllers\HouseRentAdd.php(33): view('pages/houseRent/rentView', [...])
 6 SYSTEMPATH\CodeIgniter.php(919): App\Controllers\HouseRentAdd->fetchrent()
 7 SYSTEMPATH\CodeIgniter.php(494): CodeIgniter\CodeIgniter->runController(Object(App\Controllers\HouseRentAdd))
 8 SYSTEMPATH\CodeIgniter.php(353): CodeIgniter\CodeIgniter->handleRequest(null, Object(Config\Cache), false)
 9 FCPATH\index.php(79): CodeIgniter\CodeIgniter->run()
10 SYSTEMPATH\Commands\Server\rewrite.php(47): require_once('E:\\xampp\\htdocs\\Codeigniter_project\\public\\index.php')
CRITICAL - 2023-10-08 04:47:45 --> Undefined variable $rent
in APPPATH\Views\pages\houseRent\rentView.php on line 54.
 1 APPPATH\Views\pages\houseRent\rentView.php(54): CodeIgniter\Debug\Exceptions->errorHandler(2, 'Undefined variable $rent', 'E:\\xampp\\htdocs\\Codeigniter_project\\app\\Views\\pages\\houseRent\\rentView.php', 54)
 2 SYSTEMPATH\View\View.php(226): include('E:\\xampp\\htdocs\\Codeigniter_project\\app\\Views\\pages\\houseRent\\rentView.php')
 3 SYSTEMPATH\View\View.php(229): CodeIgniter\View\View->CodeIgniter\View\{closure}()
 4 SYSTEMPATH\Common.php(1188): CodeIgniter\View\View->render('pages/houseRent/rentView', [], true)
 5 APPPATH\Controllers\HouseRentAdd.php(33): view('pages/houseRent/rentView', [...])
 6 SYSTEMPATH\CodeIgniter.php(919): App\Controllers\HouseRentAdd->fetchrent()
 7 SYSTEMPATH\CodeIgniter.php(494): CodeIgniter\CodeIgniter->runController(Object(App\Controllers\HouseRentAdd))
 8 SYSTEMPATH\CodeIgniter.php(353): CodeIgniter\CodeIgniter->handleRequest(null, Object(Config\Cache), false)
 9 FCPATH\index.php(79): CodeIgniter\CodeIgniter->run()
10 SYSTEMPATH\Commands\Server\rewrite.php(47): require_once('E:\\xampp\\htdocs\\Codeigniter_project\\public\\index.php')
CRITICAL - 2023-10-08 04:47:45 --> Undefined variable $rent
in APPPATH\Views\pages\houseRent\rentView.php on line 54.
 1 APPPATH\Views\pages\houseRent\rentView.php(54): CodeIgniter\Debug\Exceptions->errorHandler(2, 'Undefined variable $rent', 'E:\\xampp\\htdocs\\Codeigniter_project\\app\\Views\\pages\\houseRent\\rentView.php', 54)
 2 SYSTEMPATH\View\View.php(226): include('E:\\xampp\\htdocs\\Codeigniter_project\\app\\Views\\pages\\houseRent\\rentView.php')
 3 SYSTEMPATH\View\View.php(229): CodeIgniter\View\View->CodeIgniter\View\{closure}()
 4 SYSTEMPATH\Common.php(1188): CodeIgniter\View\View->render('pages/houseRent/rentView', [], true)
 5 APPPATH\Controllers\HouseRentAdd.php(33): view('pages/houseRent/rentView', [...])
 6 SYSTEMPATH\CodeIgniter.php(919): App\Controllers\HouseRentAdd->fetchrent()
 7 SYSTEMPATH\CodeIgniter.php(494): CodeIgniter\CodeIgniter->runController(Object(App\Controllers\HouseRentAdd))
 8 SYSTEMPATH\CodeIgniter.php(353): CodeIgniter\CodeIgniter->handleRequest(null, Object(Config\Cache), false)
 9 FCPATH\index.php(79): CodeIgniter\CodeIgniter->run()
10 SYSTEMPATH\Commands\Server\rewrite.php(47): require_once('E:\\xampp\\htdocs\\Codeigniter_project\\public\\index.php')
CRITICAL - 2023-10-08 04:47:46 --> Undefined variable $rent
in APPPATH\Views\pages\houseRent\rentView.php on line 54.
 1 APPPATH\Views\pages\houseRent\rentView.php(54): CodeIgniter\Debug\Exceptions->errorHandler(2, 'Undefined variable $rent', 'E:\\xampp\\htdocs\\Codeigniter_project\\app\\Views\\pages\\houseRent\\rentView.php', 54)
 2 SYSTEMPATH\View\View.php(226): include('E:\\xampp\\htdocs\\Codeigniter_project\\app\\Views\\pages\\houseRent\\rentView.php')
 3 SYSTEMPATH\View\View.php(229): CodeIgniter\View\View->CodeIgniter\View\{closure}()
 4 SYSTEMPATH\Common.php(1188): CodeIgniter\View\View->render('pages/houseRent/rentView', [], true)
 5 APPPATH\Controllers\HouseRentAdd.php(33): view('pages/houseRent/rentView', [...])
 6 SYSTEMPATH\CodeIgniter.php(919): App\Controllers\HouseRentAdd->fetchrent()
 7 SYSTEMPATH\CodeIgniter.php(494): CodeIgniter\CodeIgniter->runController(Object(App\Controllers\HouseRentAdd))
 8 SYSTEMPATH\CodeIgniter.php(353): CodeIgniter\CodeIgniter->handleRequest(null, Object(Config\Cache), false)
 9 FCPATH\index.php(79): CodeIgniter\CodeIgniter->run()
10 SYSTEMPATH\Commands\Server\rewrite.php(47): require_once('E:\\xampp\\htdocs\\Codeigniter_project\\public\\index.php')
CRITICAL - 2023-10-08 04:47:46 --> Undefined variable $rent
in APPPATH\Views\pages\houseRent\rentView.php on line 54.
 1 APPPATH\Views\pages\houseRent\rentView.php(54): CodeIgniter\Debug\Exceptions->errorHandler(2, 'Undefined variable $rent', 'E:\\xampp\\htdocs\\Codeigniter_project\\app\\Views\\pages\\houseRent\\rentView.php', 54)
 2 SYSTEMPATH\View\View.php(226): include('E:\\xampp\\htdocs\\Codeigniter_project\\app\\Views\\pages\\houseRent\\rentView.php')
 3 SYSTEMPATH\View\View.php(229): CodeIgniter\View\View->CodeIgniter\View\{closure}()
 4 SYSTEMPATH\Common.php(1188): CodeIgniter\View\View->render('pages/houseRent/rentView', [], true)
 5 APPPATH\Controllers\HouseRentAdd.php(33): view('pages/houseRent/rentView', [...])
 6 SYSTEMPATH\CodeIgniter.php(919): App\Controllers\HouseRentAdd->fetchrent()
 7 SYSTEMPATH\CodeIgniter.php(494): CodeIgniter\CodeIgniter->runController(Object(App\Controllers\HouseRentAdd))
 8 SYSTEMPATH\CodeIgniter.php(353): CodeIgniter\CodeIgniter->handleRequest(null, Object(Config\Cache), false)
 9 FCPATH\index.php(79): CodeIgniter\CodeIgniter->run()
10 SYSTEMPATH\Commands\Server\rewrite.php(47): require_once('E:\\xampp\\htdocs\\Codeigniter_project\\public\\index.php')
CRITICAL - 2023-10-08 04:57:07 --> Undefined variable $rent
in APPPATH\Views\pages\houseRent\rentView.php on line 54.
 1 APPPATH\Views\pages\houseRent\rentView.php(54): CodeIgniter\Debug\Exceptions->errorHandler(2, 'Undefined variable $rent', 'E:\\xampp\\htdocs\\Codeigniter_project\\app\\Views\\pages\\houseRent\\rentView.php', 54)
 2 SYSTEMPATH\View\View.php(226): include('E:\\xampp\\htdocs\\Codeigniter_project\\app\\Views\\pages\\houseRent\\rentView.php')
 3 SYSTEMPATH\View\View.php(229): CodeIgniter\View\View->CodeIgniter\View\{closure}()
 4 SYSTEMPATH\Common.php(1188): CodeIgniter\View\View->render('pages/houseRent/rentView', [], true)
 5 APPPATH\Controllers\HouseRentAdd.php(33): view('pages/houseRent/rentView', [...])
 6 SYSTEMPATH\CodeIgniter.php(919): App\Controllers\HouseRentAdd->fetchrent()
 7 SYSTEMPATH\CodeIgniter.php(494): CodeIgniter\CodeIgniter->runController(Object(App\Controllers\HouseRentAdd))
 8 SYSTEMPATH\CodeIgniter.php(353): CodeIgniter\CodeIgniter->handleRequest(null, Object(Config\Cache), false)
 9 FCPATH\index.php(79): CodeIgniter\CodeIgniter->run()
10 SYSTEMPATH\Commands\Server\rewrite.php(47): require_once('E:\\xampp\\htdocs\\Codeigniter_project\\public\\index.php')
CRITICAL - 2023-10-08 04:57:10 --> Undefined variable $rent
in APPPATH\Views\pages\houseRent\rentView.php on line 54.
 1 APPPATH\Views\pages\houseRent\rentView.php(54): CodeIgniter\Debug\Exceptions->errorHandler(2, 'Undefined variable $rent', 'E:\\xampp\\htdocs\\Codeigniter_project\\app\\Views\\pages\\houseRent\\rentView.php', 54)
 2 SYSTEMPATH\View\View.php(226): include('E:\\xampp\\htdocs\\Codeigniter_project\\app\\Views\\pages\\houseRent\\rentView.php')
 3 SYSTEMPATH\View\View.php(229): CodeIgniter\View\View->CodeIgniter\View\{closure}()
 4 SYSTEMPATH\Common.php(1188): CodeIgniter\View\View->render('pages/houseRent/rentView', [], true)
 5 APPPATH\Controllers\HouseRentAdd.php(33): view('pages/houseRent/rentView', [...])
 6 SYSTEMPATH\CodeIgniter.php(919): App\Controllers\HouseRentAdd->fetchrent()
 7 SYSTEMPATH\CodeIgniter.php(494): CodeIgniter\CodeIgniter->runController(Object(App\Controllers\HouseRentAdd))
 8 SYSTEMPATH\CodeIgniter.php(353): CodeIgniter\CodeIgniter->handleRequest(null, Object(Config\Cache), false)
 9 FCPATH\index.php(79): CodeIgniter\CodeIgniter->run()
10 SYSTEMPATH\Commands\Server\rewrite.php(47): require_once('E:\\xampp\\htdocs\\Codeigniter_project\\public\\index.php')
CRITICAL - 2023-10-08 04:59:24 --> Undefined variable $rent
in APPPATH\Views\pages\houseRent\rentView.php on line 54.
 1 APPPATH\Views\pages\houseRent\rentView.php(54): CodeIgniter\Debug\Exceptions->errorHandler(2, 'Undefined variable $rent', 'E:\\xampp\\htdocs\\Codeigniter_project\\app\\Views\\pages\\houseRent\\rentView.php', 54)
 2 SYSTEMPATH\View\View.php(226): include('E:\\xampp\\htdocs\\Codeigniter_project\\app\\Views\\pages\\houseRent\\rentView.php')
 3 SYSTEMPATH\View\View.php(229): CodeIgniter\View\View->CodeIgniter\View\{closure}()
 4 SYSTEMPATH\Common.php(1188): CodeIgniter\View\View->render('pages/houseRent/rentView', [], true)
 5 APPPATH\Controllers\HouseRentAdd.php(33): view('pages/houseRent/rentView', [...])
 6 SYSTEMPATH\CodeIgniter.php(919): App\Controllers\HouseRentAdd->fetchrent()
 7 SYSTEMPATH\CodeIgniter.php(494): CodeIgniter\CodeIgniter->runController(Object(App\Controllers\HouseRentAdd))
 8 SYSTEMPATH\CodeIgniter.php(353): CodeIgniter\CodeIgniter->handleRequest(null, Object(Config\Cache), false)
 9 FCPATH\index.php(79): CodeIgniter\CodeIgniter->run()
10 SYSTEMPATH\Commands\Server\rewrite.php(47): require_once('E:\\xampp\\htdocs\\Codeigniter_project\\public\\index.php')
CRITICAL - 2023-10-08 04:59:24 --> Undefined variable $rent
in APPPATH\Views\pages\houseRent\rentView.php on line 54.
 1 APPPATH\Views\pages\houseRent\rentView.php(54): CodeIgniter\Debug\Exceptions->errorHandler(2, 'Undefined variable $rent', 'E:\\xampp\\htdocs\\Codeigniter_project\\app\\Views\\pages\\houseRent\\rentView.php', 54)
 2 SYSTEMPATH\View\View.php(226): include('E:\\xampp\\htdocs\\Codeigniter_project\\app\\Views\\pages\\houseRent\\rentView.php')
 3 SYSTEMPATH\View\View.php(229): CodeIgniter\View\View->CodeIgniter\View\{closure}()
 4 SYSTEMPATH\Common.php(1188): CodeIgniter\View\View->render('pages/houseRent/rentView', [], true)
 5 APPPATH\Controllers\HouseRentAdd.php(33): view('pages/houseRent/rentView', [...])
 6 SYSTEMPATH\CodeIgniter.php(919): App\Controllers\HouseRentAdd->fetchrent()
 7 SYSTEMPATH\CodeIgniter.php(494): CodeIgniter\CodeIgniter->runController(Object(App\Controllers\HouseRentAdd))
 8 SYSTEMPATH\CodeIgniter.php(353): CodeIgniter\CodeIgniter->handleRequest(null, Object(Config\Cache), false)
 9 FCPATH\index.php(79): CodeIgniter\CodeIgniter->run()
10 SYSTEMPATH\Commands\Server\rewrite.php(47): require_once('E:\\xampp\\htdocs\\Codeigniter_project\\public\\index.php')
CRITICAL - 2023-10-08 04:59:24 --> Undefined variable $rent
in APPPATH\Views\pages\houseRent\rentView.php on line 54.
 1 APPPATH\Views\pages\houseRent\rentView.php(54): CodeIgniter\Debug\Exceptions->errorHandler(2, 'Undefined variable $rent', 'E:\\xampp\\htdocs\\Codeigniter_project\\app\\Views\\pages\\houseRent\\rentView.php', 54)
 2 SYSTEMPATH\View\View.php(226): include('E:\\xampp\\htdocs\\Codeigniter_project\\app\\Views\\pages\\houseRent\\rentView.php')
 3 SYSTEMPATH\View\View.php(229): CodeIgniter\View\View->CodeIgniter\View\{closure}()
 4 SYSTEMPATH\Common.php(1188): CodeIgniter\View\View->render('pages/houseRent/rentView', [], true)
 5 APPPATH\Controllers\HouseRentAdd.php(33): view('pages/houseRent/rentView', [...])
 6 SYSTEMPATH\CodeIgniter.php(919): App\Controllers\HouseRentAdd->fetchrent()
 7 SYSTEMPATH\CodeIgniter.php(494): CodeIgniter\CodeIgniter->runController(Object(App\Controllers\HouseRentAdd))
 8 SYSTEMPATH\CodeIgniter.php(353): CodeIgniter\CodeIgniter->handleRequest(null, Object(Config\Cache), false)
 9 FCPATH\index.php(79): CodeIgniter\CodeIgniter->run()
10 SYSTEMPATH\Commands\Server\rewrite.php(47): require_once('E:\\xampp\\htdocs\\Codeigniter_project\\public\\index.php')
CRITICAL - 2023-10-08 04:59:29 --> Undefined variable $rent
in APPPATH\Views\pages\houseRent\rentView.php on line 54.
 1 APPPATH\Views\pages\houseRent\rentView.php(54): CodeIgniter\Debug\Exceptions->errorHandler(2, 'Undefined variable $rent', 'E:\\xampp\\htdocs\\Codeigniter_project\\app\\Views\\pages\\houseRent\\rentView.php', 54)
 2 SYSTEMPATH\View\View.php(226): include('E:\\xampp\\htdocs\\Codeigniter_project\\app\\Views\\pages\\houseRent\\rentView.php')
 3 SYSTEMPATH\View\View.php(229): CodeIgniter\View\View->CodeIgniter\View\{closure}()
 4 SYSTEMPATH\Common.php(1188): CodeIgniter\View\View->render('pages/houseRent/rentView', [], true)
 5 APPPATH\Controllers\HouseRentAdd.php(33): view('pages/houseRent/rentView', [...])
 6 SYSTEMPATH\CodeIgniter.php(919): App\Controllers\HouseRentAdd->fetchrent()
 7 SYSTEMPATH\CodeIgniter.php(494): CodeIgniter\CodeIgniter->runController(Object(App\Controllers\HouseRentAdd))
 8 SYSTEMPATH\CodeIgniter.php(353): CodeIgniter\CodeIgniter->handleRequest(null, Object(Config\Cache), false)
 9 FCPATH\index.php(79): CodeIgniter\CodeIgniter->run()
10 SYSTEMPATH\Commands\Server\rewrite.php(47): require_once('E:\\xampp\\htdocs\\Codeigniter_project\\public\\index.php')
CRITICAL - 2023-10-08 04:59:35 --> Undefined variable $rent
in APPPATH\Views\pages\houseRent\rentView.php on line 54.
 1 APPPATH\Views\pages\houseRent\rentView.php(54): CodeIgniter\Debug\Exceptions->errorHandler(2, 'Undefined variable $rent', 'E:\\xampp\\htdocs\\Codeigniter_project\\app\\Views\\pages\\houseRent\\rentView.php', 54)
 2 SYSTEMPATH\View\View.php(226): include('E:\\xampp\\htdocs\\Codeigniter_project\\app\\Views\\pages\\houseRent\\rentView.php')
 3 SYSTEMPATH\View\View.php(229): CodeIgniter\View\View->CodeIgniter\View\{closure}()
 4 SYSTEMPATH\Common.php(1188): CodeIgniter\View\View->render('pages/houseRent/rentView', [], true)
 5 APPPATH\Controllers\HouseRentAdd.php(33): view('pages/houseRent/rentView', [...])
 6 SYSTEMPATH\CodeIgniter.php(919): App\Controllers\HouseRentAdd->fetchrent()
 7 SYSTEMPATH\CodeIgniter.php(494): CodeIgniter\CodeIgniter->runController(Object(App\Controllers\HouseRentAdd))
 8 SYSTEMPATH\CodeIgniter.php(353): CodeIgniter\CodeIgniter->handleRequest(null, Object(Config\Cache), false)
 9 FCPATH\index.php(79): CodeIgniter\CodeIgniter->run()
10 SYSTEMPATH\Commands\Server\rewrite.php(47): require_once('E:\\xampp\\htdocs\\Codeigniter_project\\public\\index.php')
CRITICAL - 2023-10-08 05:02:16 --> Undefined variable $rent
in APPPATH\Views\pages\houseRent\rentView.php on line 54.
 1 APPPATH\Views\pages\houseRent\rentView.php(54): CodeIgniter\Debug\Exceptions->errorHandler(2, 'Undefined variable $rent', 'E:\\xampp\\htdocs\\Codeigniter_project\\app\\Views\\pages\\houseRent\\rentView.php', 54)
 2 SYSTEMPATH\View\View.php(226): include('E:\\xampp\\htdocs\\Codeigniter_project\\app\\Views\\pages\\houseRent\\rentView.php')
 3 SYSTEMPATH\View\View.php(229): CodeIgniter\View\View->CodeIgniter\View\{closure}()
 4 SYSTEMPATH\Common.php(1188): CodeIgniter\View\View->render('pages/houseRent/rentView', [], true)
 5 APPPATH\Controllers\HouseRentAdd.php(33): view('pages/houseRent/rentView', [...])
 6 SYSTEMPATH\CodeIgniter.php(919): App\Controllers\HouseRentAdd->fetchrent()
 7 SYSTEMPATH\CodeIgniter.php(494): CodeIgniter\CodeIgniter->runController(Object(App\Controllers\HouseRentAdd))
 8 SYSTEMPATH\CodeIgniter.php(353): CodeIgniter\CodeIgniter->handleRequest(null, Object(Config\Cache), false)
 9 FCPATH\index.php(79): CodeIgniter\CodeIgniter->run()
10 SYSTEMPATH\Commands\Server\rewrite.php(47): require_once('E:\\xampp\\htdocs\\Codeigniter_project\\public\\index.php')
CRITICAL - 2023-10-08 05:02:58 --> Undefined variable $rent
in APPPATH\Views\pages\houseRent\rentView.php on line 55.
 1 APPPATH\Views\pages\houseRent\rentView.php(55): CodeIgniter\Debug\Exceptions->errorHandler(2, 'Undefined variable $rent', 'E:\\xampp\\htdocs\\Codeigniter_project\\app\\Views\\pages\\houseRent\\rentView.php', 55)
 2 SYSTEMPATH\View\View.php(226): include('E:\\xampp\\htdocs\\Codeigniter_project\\app\\Views\\pages\\houseRent\\rentView.php')
 3 SYSTEMPATH\View\View.php(229): CodeIgniter\View\View->CodeIgniter\View\{closure}()
 4 SYSTEMPATH\Common.php(1188): CodeIgniter\View\View->render('pages/houseRent/rentView', [], true)
 5 APPPATH\Controllers\HouseRentAdd.php(33): view('pages/houseRent/rentView', [...])
 6 SYSTEMPATH\CodeIgniter.php(919): App\Controllers\HouseRentAdd->fetchrent()
 7 SYSTEMPATH\CodeIgniter.php(494): CodeIgniter\CodeIgniter->runController(Object(App\Controllers\HouseRentAdd))
 8 SYSTEMPATH\CodeIgniter.php(353): CodeIgniter\CodeIgniter->handleRequest(null, Object(Config\Cache), false)
 9 FCPATH\index.php(79): CodeIgniter\CodeIgniter->run()
10 SYSTEMPATH\Commands\Server\rewrite.php(47): require_once('E:\\xampp\\htdocs\\Codeigniter_project\\public\\index.php')
CRITICAL - 2023-10-08 05:04:42 --> Undefined variable $house_rent
in APPPATH\Views\pages\houseRent\rentView.php on line 54.
 1 APPPATH\Views\pages\houseRent\rentView.php(54): CodeIgniter\Debug\Exceptions->errorHandler(2, 'Undefined variable $house_rent', 'E:\\xampp\\htdocs\\Codeigniter_project\\app\\Views\\pages\\houseRent\\rentView.php', 54)
 2 SYSTEMPATH\View\View.php(226): include('E:\\xampp\\htdocs\\Codeigniter_project\\app\\Views\\pages\\houseRent\\rentView.php')
 3 SYSTEMPATH\View\View.php(229): CodeIgniter\View\View->CodeIgniter\View\{closure}()
 4 SYSTEMPATH\Common.php(1188): CodeIgniter\View\View->render('pages/houseRent/rentView', [], true)
 5 APPPATH\Controllers\HouseRentAdd.php(33): view('pages/houseRent/rentView', [...])
 6 SYSTEMPATH\CodeIgniter.php(919): App\Controllers\HouseRentAdd->fetchrent()
 7 SYSTEMPATH\CodeIgniter.php(494): CodeIgniter\CodeIgniter->runController(Object(App\Controllers\HouseRentAdd))
 8 SYSTEMPATH\CodeIgniter.php(353): CodeIgniter\CodeIgniter->handleRequest(null, Object(Config\Cache), false)
 9 FCPATH\index.php(79): CodeIgniter\CodeIgniter->run()
10 SYSTEMPATH\Commands\Server\rewrite.php(47): require_once('E:\\xampp\\htdocs\\Codeigniter_project\\public\\index.php')
CRITICAL - 2023-10-08 05:15:12 --> Undefined variable $member
in APPPATH\Views\pages\houseRent\rentEdit.php on line 38.
 1 APPPATH\Views\pages\houseRent\rentEdit.php(38): CodeIgniter\Debug\Exceptions->errorHandler(2, 'Undefined variable $member', 'E:\\xampp\\htdocs\\Codeigniter_project\\app\\Views\\pages\\houseRent\\rentEdit.php', 38)
 2 SYSTEMPATH\View\View.php(226): include('E:\\xampp\\htdocs\\Codeigniter_project\\app\\Views\\pages\\houseRent\\rentEdit.php')
 3 SYSTEMPATH\View\View.php(229): CodeIgniter\View\View->CodeIgniter\View\{closure}()
 4 SYSTEMPATH\Common.php(1188): CodeIgniter\View\View->render('pages/houseRent/rentEdit', [], true)
 5 APPPATH\Controllers\HouseRentAdd.php(40): view('pages/houseRent/rentEdit', [...])
 6 SYSTEMPATH\CodeIgniter.php(919): App\Controllers\HouseRentAdd->Edit('1')
 7 SYSTEMPATH\CodeIgniter.php(494): CodeIgniter\CodeIgniter->runController(Object(App\Controllers\HouseRentAdd))
 8 SYSTEMPATH\CodeIgniter.php(353): CodeIgniter\CodeIgniter->handleRequest(null, Object(Config\Cache), false)
 9 FCPATH\index.php(79): CodeIgniter\CodeIgniter->run()
10 SYSTEMPATH\Commands\Server\rewrite.php(47): require_once('E:\\xampp\\htdocs\\Codeigniter_project\\public\\index.php')
CRITICAL - 2023-10-08 05:29:29 --> Class "App\Controllers\UserModel" not found
in APPPATH\Controllers\HouseRentAdd.php on line 62.
 1 SYSTEMPATH\CodeIgniter.php(919): App\Controllers\HouseRentAdd->delete('1')
 2 SYSTEMPATH\CodeIgniter.php(494): CodeIgniter\CodeIgniter->runController(Object(App\Controllers\HouseRentAdd))
 3 SYSTEMPATH\CodeIgniter.php(353): CodeIgniter\CodeIgniter->handleRequest(null, Object(Config\Cache), false)
 4 FCPATH\index.php(79): CodeIgniter\CodeIgniter->run()
 5 SYSTEMPATH\Commands\Server\rewrite.php(47): require_once('E:\\xampp\\htdocs\\Codeigniter_project\\public\\index.php')
CRITICAL - 2023-10-08 05:32:56 --> Invalid file: "pages/member/memberAdd.php"
in SYSTEMPATH\Exceptions\FrameworkException.php on line 39.
 1 SYSTEMPATH\View\View.php(214): CodeIgniter\Exceptions\FrameworkException::forInvalidFile('pages/member/memberAdd.php')
 2 SYSTEMPATH\Common.php(1188): CodeIgniter\View\View->render('pages/member/memberAdd', [], true)
 3 APPPATH\Controllers\MemberAdd.php(10): view('pages/member/memberAdd')
 4 SYSTEMPATH\CodeIgniter.php(919): App\Controllers\MemberAdd->index()
 5 SYSTEMPATH\CodeIgniter.php(494): CodeIgniter\CodeIgniter->runController(Object(App\Controllers\MemberAdd))
 6 SYSTEMPATH\CodeIgniter.php(353): CodeIgniter\CodeIgniter->handleRequest(null, Object(Config\Cache), false)
 7 FCPATH\index.php(79): CodeIgniter\CodeIgniter->run()
 8 SYSTEMPATH\Commands\Server\rewrite.php(47): require_once('E:\\xampp\\htdocs\\Codeigniter_project\\public\\index.php')
