CRITICAL - 2023-10-07 03:14:15 --> There is no data to update.
in SYSTEMPATH\BaseModel.php on line 1724.
 1 SYSTEMPATH\BaseModel.php(1724): CodeIgniter\Database\Exceptions\DataException::forEmptyDataset('update')
 2 SYSTEMPATH\BaseModel.php(916): CodeIgniter\BaseModel->transformDataToArray(null, 'update')
 3 SYSTEMPATH\Model.php(776): CodeIgniter\BaseModel->update([...], null)
 4 APPPATH\Controllers\MemberAdd.php(56): CodeIgniter\Model->update([...])
 5 SYSTEMPATH\CodeIgniter.php(919): App\Controllers\MemberAdd->update('1')
 6 SYSTEMPATH\CodeIgniter.php(494): CodeIgniter\CodeIgniter->runController(Object(App\Controllers\MemberAdd))
 7 SYSTEMPATH\CodeIgniter.php(353): CodeIgniter\CodeIgniter->handleRequest(null, Object(Config\Cache), false)
 8 FCPATH\index.php(79): CodeIgniter\CodeIgniter->run()
 9 SYSTEMPATH\Commands\Server\rewrite.php(47): require_once('E:\\xampp\\htdocs\\Codeigniter_project\\public\\index.php')
CRITICAL - 2023-10-07 04:32:17 --> Invalid file: "Backend/mainfooter.php"
in SYSTEMPATH\Exceptions\FrameworkException.php on line 39.
 1 SYSTEMPATH\View\View.php(214): CodeIgniter\Exceptions\FrameworkException::forInvalidFile('Backend/mainfooter.php')
 2 SYSTEMPATH\View\View.php(467): CodeIgniter\View\View->render('Backend/mainfooter', null, true)
 3 APPPATH\Views\dashboard.php(6): CodeIgniter\View\View->include('Backend/mainfooter')
 4 SYSTEMPATH\View\View.php(226): include('E:\\xampp\\htdocs\\Codeigniter_project\\app\\Views\\dashboard.php')
 5 SYSTEMPATH\View\View.php(229): CodeIgniter\View\View->CodeIgniter\View\{closure}()
 6 SYSTEMPATH\Common.php(1188): CodeIgniter\View\View->render('dashboard', [], true)
 7 APPPATH\Controllers\Dashboard.php(9): view('dashboard')
 8 SYSTEMPATH\CodeIgniter.php(919): App\Controllers\Dashboard->index()
 9 SYSTEMPATH\CodeIgniter.php(494): CodeIgniter\CodeIgniter->runController(Object(App\Controllers\Dashboard))
10 SYSTEMPATH\CodeIgniter.php(353): CodeIgniter\CodeIgniter->handleRequest(null, Object(Config\Cache), false)
11 FCPATH\index.php(79): CodeIgniter\CodeIgniter->run()
CRITICAL - 2023-10-07 04:32:47 --> Invalid file: "Backend/footer.php"
in SYSTEMPATH\Exceptions\FrameworkException.php on line 39.
 1 SYSTEMPATH\View\View.php(214): CodeIgniter\Exceptions\FrameworkException::forInvalidFile('Backend/footer.php')
 2 SYSTEMPATH\View\View.php(467): CodeIgniter\View\View->render('Backend/footer', null, true)
 3 APPPATH\Views\dashboard.php(6): CodeIgniter\View\View->include('Backend/footer')
 4 SYSTEMPATH\View\View.php(226): include('E:\\xampp\\htdocs\\Codeigniter_project\\app\\Views\\dashboard.php')
 5 SYSTEMPATH\View\View.php(229): CodeIgniter\View\View->CodeIgniter\View\{closure}()
 6 SYSTEMPATH\Common.php(1188): CodeIgniter\View\View->render('dashboard', [], true)
 7 APPPATH\Controllers\Dashboard.php(9): view('dashboard')
 8 SYSTEMPATH\CodeIgniter.php(919): App\Controllers\Dashboard->index()
 9 SYSTEMPATH\CodeIgniter.php(494): CodeIgniter\CodeIgniter->runController(Object(App\Controllers\Dashboard))
10 SYSTEMPATH\CodeIgniter.php(353): CodeIgniter\CodeIgniter->handleRequest(null, Object(Config\Cache), false)
11 FCPATH\index.php(79): CodeIgniter\CodeIgniter->run()
CRITICAL - 2023-10-07 04:32:48 --> Invalid file: "Backend/footer.php"
in SYSTEMPATH\Exceptions\FrameworkException.php on line 39.
 1 SYSTEMPATH\View\View.php(214): CodeIgniter\Exceptions\FrameworkException::forInvalidFile('Backend/footer.php')
 2 SYSTEMPATH\View\View.php(467): CodeIgniter\View\View->render('Backend/footer', null, true)
 3 APPPATH\Views\dashboard.php(6): CodeIgniter\View\View->include('Backend/footer')
 4 SYSTEMPATH\View\View.php(226): include('E:\\xampp\\htdocs\\Codeigniter_project\\app\\Views\\dashboard.php')
 5 SYSTEMPATH\View\View.php(229): CodeIgniter\View\View->CodeIgniter\View\{closure}()
 6 SYSTEMPATH\Common.php(1188): CodeIgniter\View\View->render('dashboard', [], true)
 7 APPPATH\Controllers\Dashboard.php(9): view('dashboard')
 8 SYSTEMPATH\CodeIgniter.php(919): App\Controllers\Dashboard->index()
 9 SYSTEMPATH\CodeIgniter.php(494): CodeIgniter\CodeIgniter->runController(Object(App\Controllers\Dashboard))
10 SYSTEMPATH\CodeIgniter.php(353): CodeIgniter\CodeIgniter->handleRequest(null, Object(Config\Cache), false)
11 FCPATH\index.php(79): CodeIgniter\CodeIgniter->run()
CRITICAL - 2023-10-07 04:32:48 --> Invalid file: "Backend/footer.php"
in SYSTEMPATH\Exceptions\FrameworkException.php on line 39.
 1 SYSTEMPATH\View\View.php(214): CodeIgniter\Exceptions\FrameworkException::forInvalidFile('Backend/footer.php')
 2 SYSTEMPATH\View\View.php(467): CodeIgniter\View\View->render('Backend/footer', null, true)
 3 APPPATH\Views\dashboard.php(6): CodeIgniter\View\View->include('Backend/footer')
 4 SYSTEMPATH\View\View.php(226): include('E:\\xampp\\htdocs\\Codeigniter_project\\app\\Views\\dashboard.php')
 5 SYSTEMPATH\View\View.php(229): CodeIgniter\View\View->CodeIgniter\View\{closure}()
 6 SYSTEMPATH\Common.php(1188): CodeIgniter\View\View->render('dashboard', [], true)
 7 APPPATH\Controllers\Dashboard.php(9): view('dashboard')
 8 SYSTEMPATH\CodeIgniter.php(919): App\Controllers\Dashboard->index()
 9 SYSTEMPATH\CodeIgniter.php(494): CodeIgniter\CodeIgniter->runController(Object(App\Controllers\Dashboard))
10 SYSTEMPATH\CodeIgniter.php(353): CodeIgniter\CodeIgniter->handleRequest(null, Object(Config\Cache), false)
11 FCPATH\index.php(79): CodeIgniter\CodeIgniter->run()
CRITICAL - 2023-10-07 04:32:49 --> Invalid file: "Backend/footer.php"
in SYSTEMPATH\Exceptions\FrameworkException.php on line 39.
 1 SYSTEMPATH\View\View.php(214): CodeIgniter\Exceptions\FrameworkException::forInvalidFile('Backend/footer.php')
 2 SYSTEMPATH\View\View.php(467): CodeIgniter\View\View->render('Backend/footer', null, true)
 3 APPPATH\Views\dashboard.php(6): CodeIgniter\View\View->include('Backend/footer')
 4 SYSTEMPATH\View\View.php(226): include('E:\\xampp\\htdocs\\Codeigniter_project\\app\\Views\\dashboard.php')
 5 SYSTEMPATH\View\View.php(229): CodeIgniter\View\View->CodeIgniter\View\{closure}()
 6 SYSTEMPATH\Common.php(1188): CodeIgniter\View\View->render('dashboard', [], true)
 7 APPPATH\Controllers\Dashboard.php(9): view('dashboard')
 8 SYSTEMPATH\CodeIgniter.php(919): App\Controllers\Dashboard->index()
 9 SYSTEMPATH\CodeIgniter.php(494): CodeIgniter\CodeIgniter->runController(Object(App\Controllers\Dashboard))
10 SYSTEMPATH\CodeIgniter.php(353): CodeIgniter\CodeIgniter->handleRequest(null, Object(Config\Cache), false)
11 FCPATH\index.php(79): CodeIgniter\CodeIgniter->run()
ERROR - 2023-10-07 05:16:54 --> mysqli_sql_exception: Column 'gender' cannot be null in E:\xampp\htdocs\Codeigniter_project\system\Database\MySQLi\Connection.php:306
Stack trace:
#0 E:\xampp\htdocs\Codeigniter_project\system\Database\MySQLi\Connection.php(306): mysqli->query('INSERT INTO `me...', 0)
#1 E:\xampp\htdocs\Codeigniter_project\system\Database\BaseConnection.php(692): CodeIgniter\Database\MySQLi\Connection->execute('INSERT INTO `me...')
#2 E:\xampp\htdocs\Codeigniter_project\system\Database\BaseConnection.php(606): CodeIgniter\Database\BaseConnection->simpleQuery('INSERT INTO `me...')
#3 E:\xampp\htdocs\Codeigniter_project\system\Database\BaseBuilder.php(2308): CodeIgniter\Database\BaseConnection->query('INSERT INTO `me...', Array, false)
#4 E:\xampp\htdocs\Codeigniter_project\system\Model.php(319): CodeIgniter\Database\BaseBuilder->insert()
#5 E:\xampp\htdocs\Codeigniter_project\system\BaseModel.php(788): CodeIgniter\Model->doInsert(Array)
#6 E:\xampp\htdocs\Codeigniter_project\system\Model.php(715): CodeIgniter\BaseModel->insert(Array, false)
#7 E:\xampp\htdocs\Codeigniter_project\system\BaseModel.php(698): CodeIgniter\Model->insert(Array, false)
#8 E:\xampp\htdocs\Codeigniter_project\app\Controllers\MemberAdd.php(26): CodeIgniter\BaseModel->save(Array)
#9 E:\xampp\htdocs\Codeigniter_project\system\CodeIgniter.php(919): App\Controllers\MemberAdd->memberSignup()
#10 E:\xampp\htdocs\Codeigniter_project\system\CodeIgniter.php(494): CodeIgniter\CodeIgniter->runController(Object(App\Controllers\MemberAdd))
#11 E:\xampp\htdocs\Codeigniter_project\system\CodeIgniter.php(353): CodeIgniter\CodeIgniter->handleRequest(NULL, Object(Config\Cache), false)
#12 E:\xampp\htdocs\Codeigniter_project\public\index.php(79): CodeIgniter\CodeIgniter->run()
#13 {main}
CRITICAL - 2023-10-07 05:16:54 --> Column 'gender' cannot be null
in SYSTEMPATH\Database\BaseConnection.php on line 646.
 1 SYSTEMPATH\Database\BaseBuilder.php(2308): CodeIgniter\Database\BaseConnection->query('INSERT INTO `member` (`name`, `email`, `password`, `address`, `gender`) VALUES (:name:, :email:, :password:, :address:, :gender:)', [...], false)
 2 SYSTEMPATH\Model.php(319): CodeIgniter\Database\BaseBuilder->insert()
 3 SYSTEMPATH\BaseModel.php(788): CodeIgniter\Model->doInsert([...])
 4 SYSTEMPATH\Model.php(715): CodeIgniter\BaseModel->insert([...], false)
 5 SYSTEMPATH\BaseModel.php(698): CodeIgniter\Model->insert([...], false)
 6 APPPATH\Controllers\MemberAdd.php(26): CodeIgniter\BaseModel->save([...])
 7 SYSTEMPATH\CodeIgniter.php(919): App\Controllers\MemberAdd->memberSignup()
 8 SYSTEMPATH\CodeIgniter.php(494): CodeIgniter\CodeIgniter->runController(Object(App\Controllers\MemberAdd))
 9 SYSTEMPATH\CodeIgniter.php(353): CodeIgniter\CodeIgniter->handleRequest(null, Object(Config\Cache), false)
10 FCPATH\index.php(79): CodeIgniter\CodeIgniter->run()
CRITICAL - 2023-10-07 05:57:45 --> There is no data to update.
in SYSTEMPATH\BaseModel.php on line 1724.
 1 SYSTEMPATH\BaseModel.php(1724): CodeIgniter\Database\Exceptions\DataException::forEmptyDataset('update')
 2 SYSTEMPATH\BaseModel.php(916): CodeIgniter\BaseModel->transformDataToArray(null, 'update')
 3 SYSTEMPATH\Model.php(776): CodeIgniter\BaseModel->update([...], null)
 4 APPPATH\Controllers\MemberAdd.php(56): CodeIgniter\Model->update([...])
 5 SYSTEMPATH\CodeIgniter.php(919): App\Controllers\MemberAdd->update('7')
 6 SYSTEMPATH\CodeIgniter.php(494): CodeIgniter\CodeIgniter->runController(Object(App\Controllers\MemberAdd))
 7 SYSTEMPATH\CodeIgniter.php(353): CodeIgniter\CodeIgniter->handleRequest(null, Object(Config\Cache), false)
 8 FCPATH\index.php(79): CodeIgniter\CodeIgniter->run()
 9 SYSTEMPATH\Commands\Server\rewrite.php(47): require_once('E:\\xampp\\htdocs\\Codeigniter_project\\public\\index.php')
CRITICAL - 2023-10-07 05:58:52 --> CodeIgniter\BaseModel::transformDataToArray(): Return value must be of type array, string returned
in SYSTEMPATH\BaseModel.php on line 1750.
 1 SYSTEMPATH\BaseModel.php(916): CodeIgniter\BaseModel->transformDataToArray('7', 'update')
 2 SYSTEMPATH\Model.php(776): CodeIgniter\BaseModel->update([...], '7')
 3 APPPATH\Controllers\MemberAdd.php(56): CodeIgniter\Model->update([...], '7')
 4 SYSTEMPATH\CodeIgniter.php(919): App\Controllers\MemberAdd->update('7')
 5 SYSTEMPATH\CodeIgniter.php(494): CodeIgniter\CodeIgniter->runController(Object(App\Controllers\MemberAdd))
 6 SYSTEMPATH\CodeIgniter.php(353): CodeIgniter\CodeIgniter->handleRequest(null, Object(Config\Cache), false)
 7 FCPATH\index.php(79): CodeIgniter\CodeIgniter->run()
 8 SYSTEMPATH\Commands\Server\rewrite.php(47): require_once('E:\\xampp\\htdocs\\Codeigniter_project\\public\\index.php')
CRITICAL - 2023-10-07 05:58:56 --> CodeIgniter\BaseModel::transformDataToArray(): Return value must be of type array, string returned
in SYSTEMPATH\BaseModel.php on line 1750.
 1 SYSTEMPATH\BaseModel.php(916): CodeIgniter\BaseModel->transformDataToArray('7', 'update')
 2 SYSTEMPATH\Model.php(776): CodeIgniter\BaseModel->update([...], '7')
 3 APPPATH\Controllers\MemberAdd.php(56): CodeIgniter\Model->update([...], '7')
 4 SYSTEMPATH\CodeIgniter.php(919): App\Controllers\MemberAdd->update('7')
 5 SYSTEMPATH\CodeIgniter.php(494): CodeIgniter\CodeIgniter->runController(Object(App\Controllers\MemberAdd))
 6 SYSTEMPATH\CodeIgniter.php(353): CodeIgniter\CodeIgniter->handleRequest(null, Object(Config\Cache), false)
 7 FCPATH\index.php(79): CodeIgniter\CodeIgniter->run()
 8 SYSTEMPATH\Commands\Server\rewrite.php(47): require_once('E:\\xampp\\htdocs\\Codeigniter_project\\public\\index.php')
