CRITICAL - 2023-10-12 09:01:52 --> Undefined variable $total
in APPPATH\Views\pages\meal\mealView.php on line 63.
 1 APPPATH\Views\pages\meal\mealView.php(63): CodeIgniter\Debug\Exceptions->errorHandler(2, 'Undefined variable $total', 'D:\\xampp\\htdocs\\Codeigniter_project\\app\\Views\\pages\\meal\\mealView.php', 63)
 2 SYSTEMPATH\View\View.php(226): include('D:\\xampp\\htdocs\\Codeigniter_project\\app\\Views\\pages\\meal\\mealView.php')
 3 SYSTEMPATH\View\View.php(229): CodeIgniter\View\View->CodeIgniter\View\{closure}()
 4 SYSTEMPATH\Common.php(1188): CodeIgniter\View\View->render('pages/meal/mealView', [], true)
 5 APPPATH\Controllers\MealController.php(33): view('pages/meal/mealView', [...])
 6 SYSTEMPATH\CodeIgniter.php(919): App\Controllers\MealController->fetchmeal()
 7 SYSTEMPATH\CodeIgniter.php(494): CodeIgniter\CodeIgniter->runController(Object(App\Controllers\MealController))
 8 SYSTEMPATH\CodeIgniter.php(353): CodeIgniter\CodeIgniter->handleRequest(null, Object(Config\Cache), false)
 9 FCPATH\index.php(79): CodeIgniter\CodeIgniter->run()
10 SYSTEMPATH\Commands\Server\rewrite.php(47): require_once('D:\\xampp\\htdocs\\Codeigniter_project\\public\\index.php')
CRITICAL - 2023-10-12 09:04:15 --> Array to string conversion
in APPPATH\Views\pages\meal\mealView.php on line 63.
 1 APPPATH\Views\pages\meal\mealView.php(63): CodeIgniter\Debug\Exceptions->errorHandler(2, 'Array to string conversion', 'D:\\xampp\\htdocs\\Codeigniter_project\\app\\Views\\pages\\meal\\mealView.php', 63)
 2 SYSTEMPATH\View\View.php(226): include('D:\\xampp\\htdocs\\Codeigniter_project\\app\\Views\\pages\\meal\\mealView.php')
 3 SYSTEMPATH\View\View.php(229): CodeIgniter\View\View->CodeIgniter\View\{closure}()
 4 SYSTEMPATH\Common.php(1188): CodeIgniter\View\View->render('pages/meal/mealView', [], true)
 5 APPPATH\Controllers\MealController.php(33): view('pages/meal/mealView', [...])
 6 SYSTEMPATH\CodeIgniter.php(919): App\Controllers\MealController->fetchmeal()
 7 SYSTEMPATH\CodeIgniter.php(494): CodeIgniter\CodeIgniter->runController(Object(App\Controllers\MealController))
 8 SYSTEMPATH\CodeIgniter.php(353): CodeIgniter\CodeIgniter->handleRequest(null, Object(Config\Cache), false)
 9 FCPATH\index.php(79): CodeIgniter\CodeIgniter->run()
10 SYSTEMPATH\Commands\Server\rewrite.php(47): require_once('D:\\xampp\\htdocs\\Codeigniter_project\\public\\index.php')
CRITICAL - 2023-10-12 09:05:01 --> Undefined array key "meal"
in APPPATH\Views\pages\meal\mealView.php on line 63.
 1 APPPATH\Views\pages\meal\mealView.php(63): CodeIgniter\Debug\Exceptions->errorHandler(2, 'Undefined array key "meal"', 'D:\\xampp\\htdocs\\Codeigniter_project\\app\\Views\\pages\\meal\\mealView.php', 63)
 2 SYSTEMPATH\View\View.php(226): include('D:\\xampp\\htdocs\\Codeigniter_project\\app\\Views\\pages\\meal\\mealView.php')
 3 SYSTEMPATH\View\View.php(229): CodeIgniter\View\View->CodeIgniter\View\{closure}()
 4 SYSTEMPATH\Common.php(1188): CodeIgniter\View\View->render('pages/meal/mealView', [], true)
 5 APPPATH\Controllers\MealController.php(33): view('pages/meal/mealView', [...])
 6 SYSTEMPATH\CodeIgniter.php(919): App\Controllers\MealController->fetchmeal()
 7 SYSTEMPATH\CodeIgniter.php(494): CodeIgniter\CodeIgniter->runController(Object(App\Controllers\MealController))
 8 SYSTEMPATH\CodeIgniter.php(353): CodeIgniter\CodeIgniter->handleRequest(null, Object(Config\Cache), false)
 9 FCPATH\index.php(79): CodeIgniter\CodeIgniter->run()
10 SYSTEMPATH\Commands\Server\rewrite.php(47): require_once('D:\\xampp\\htdocs\\Codeigniter_project\\public\\index.php')
CRITICAL - 2023-10-12 09:05:26 --> Undefined variable $total
in APPPATH\Views\pages\meal\mealView.php on line 63.
 1 APPPATH\Views\pages\meal\mealView.php(63): CodeIgniter\Debug\Exceptions->errorHandler(2, 'Undefined variable $total', 'D:\\xampp\\htdocs\\Codeigniter_project\\app\\Views\\pages\\meal\\mealView.php', 63)
 2 SYSTEMPATH\View\View.php(226): include('D:\\xampp\\htdocs\\Codeigniter_project\\app\\Views\\pages\\meal\\mealView.php')
 3 SYSTEMPATH\View\View.php(229): CodeIgniter\View\View->CodeIgniter\View\{closure}()
 4 SYSTEMPATH\Common.php(1188): CodeIgniter\View\View->render('pages/meal/mealView', [], true)
 5 APPPATH\Controllers\MealController.php(33): view('pages/meal/mealView', [...])
 6 SYSTEMPATH\CodeIgniter.php(919): App\Controllers\MealController->fetchmeal()
 7 SYSTEMPATH\CodeIgniter.php(494): CodeIgniter\CodeIgniter->runController(Object(App\Controllers\MealController))
 8 SYSTEMPATH\CodeIgniter.php(353): CodeIgniter\CodeIgniter->handleRequest(null, Object(Config\Cache), false)
 9 FCPATH\index.php(79): CodeIgniter\CodeIgniter->run()
10 SYSTEMPATH\Commands\Server\rewrite.php(47): require_once('D:\\xampp\\htdocs\\Codeigniter_project\\public\\index.php')
CRITICAL - 2023-10-12 09:05:28 --> Undefined variable $total
in APPPATH\Views\pages\meal\mealView.php on line 63.
 1 APPPATH\Views\pages\meal\mealView.php(63): CodeIgniter\Debug\Exceptions->errorHandler(2, 'Undefined variable $total', 'D:\\xampp\\htdocs\\Codeigniter_project\\app\\Views\\pages\\meal\\mealView.php', 63)
 2 SYSTEMPATH\View\View.php(226): include('D:\\xampp\\htdocs\\Codeigniter_project\\app\\Views\\pages\\meal\\mealView.php')
 3 SYSTEMPATH\View\View.php(229): CodeIgniter\View\View->CodeIgniter\View\{closure}()
 4 SYSTEMPATH\Common.php(1188): CodeIgniter\View\View->render('pages/meal/mealView', [], true)
 5 APPPATH\Controllers\MealController.php(33): view('pages/meal/mealView', [...])
 6 SYSTEMPATH\CodeIgniter.php(919): App\Controllers\MealController->fetchmeal()
 7 SYSTEMPATH\CodeIgniter.php(494): CodeIgniter\CodeIgniter->runController(Object(App\Controllers\MealController))
 8 SYSTEMPATH\CodeIgniter.php(353): CodeIgniter\CodeIgniter->handleRequest(null, Object(Config\Cache), false)
 9 FCPATH\index.php(79): CodeIgniter\CodeIgniter->run()
10 SYSTEMPATH\Commands\Server\rewrite.php(47): require_once('D:\\xampp\\htdocs\\Codeigniter_project\\public\\index.php')
CRITICAL - 2023-10-12 09:06:00 --> syntax error, unexpected token ";"
in APPPATH\Views\pages\meal\mealView.php on line 63.
 1 SYSTEMPATH\View\View.php(229): CodeIgniter\View\View->CodeIgniter\View\{closure}()
 2 SYSTEMPATH\Common.php(1188): CodeIgniter\View\View->render('pages/meal/mealView', [], true)
 3 APPPATH\Controllers\MealController.php(33): view('pages/meal/mealView', [...])
 4 SYSTEMPATH\CodeIgniter.php(919): App\Controllers\MealController->fetchmeal()
 5 SYSTEMPATH\CodeIgniter.php(494): CodeIgniter\CodeIgniter->runController(Object(App\Controllers\MealController))
 6 SYSTEMPATH\CodeIgniter.php(353): CodeIgniter\CodeIgniter->handleRequest(null, Object(Config\Cache), false)
 7 FCPATH\index.php(79): CodeIgniter\CodeIgniter->run()
 8 SYSTEMPATH\Commands\Server\rewrite.php(47): require_once('D:\\xampp\\htdocs\\Codeigniter_project\\public\\index.php')
CRITICAL - 2023-10-12 09:08:53 --> Undefined array key ""
in APPPATH\Views\pages\meal\mealView.php on line 61.
 1 APPPATH\Views\pages\meal\mealView.php(61): CodeIgniter\Debug\Exceptions->errorHandler(2, 'Undefined array key ""', 'D:\\xampp\\htdocs\\Codeigniter_project\\app\\Views\\pages\\meal\\mealView.php', 61)
 2 SYSTEMPATH\View\View.php(226): include('D:\\xampp\\htdocs\\Codeigniter_project\\app\\Views\\pages\\meal\\mealView.php')
 3 SYSTEMPATH\View\View.php(229): CodeIgniter\View\View->CodeIgniter\View\{closure}()
 4 SYSTEMPATH\Common.php(1188): CodeIgniter\View\View->render('pages/meal/mealView', [], true)
 5 APPPATH\Controllers\MealController.php(33): view('pages/meal/mealView', [...])
 6 SYSTEMPATH\CodeIgniter.php(919): App\Controllers\MealController->fetchmeal()
 7 SYSTEMPATH\CodeIgniter.php(494): CodeIgniter\CodeIgniter->runController(Object(App\Controllers\MealController))
 8 SYSTEMPATH\CodeIgniter.php(353): CodeIgniter\CodeIgniter->handleRequest(null, Object(Config\Cache), false)
 9 FCPATH\index.php(79): CodeIgniter\CodeIgniter->run()
10 SYSTEMPATH\Commands\Server\rewrite.php(47): require_once('D:\\xampp\\htdocs\\Codeigniter_project\\public\\index.php')
